Build started 2016/4/2 8:23:14.
     1>Project "D:\blenderDev\product\source\blender\editors\space_file\bf_editor_space_file.vcxproj" on node 3 (Build target(s)).
     1>CustomBuild:
         Building Custom Rule D:/blenderDev/blender/source/blender/editors/space_file/CMakeLists.txt
         CMake does not need to re-run because D:\blenderDev\product\source\blender\editors\space_file\CMakeFiles\generate.stamp is up-to-date.
       ClCompile:
         D:\Microsoft Visual Studio 12.0\VC\bin\x86_amd64\CL.exe /c /ID:\blenderDev\lib\win64_vc12\pthreads\include /ID:\blenderDev\blender\source\blender\editors\include /ID:\blenderDev\blender\source\blender\blenfont /ID:\blenderDev\blender\source\blender\blenkernel /ID:\blenderDev\blender\source\blender\blenlib /ID:\blenderDev\blender\source\blender\blenloader /ID:\blenderDev\blender\source\blender\blentranslation /ID:\blenderDev\blender\source\blender\imbuf /ID:\blenderDev\blender\source\blender\gpu /ID:\blenderDev\blender\source\blender\makesdna /ID:\blenderDev\blender\source\blender\makesrna /ID:\blenderDev\blender\source\blender\render\extern\include /ID:\blenderDev\blender\source\blender\windowmanager /ID:\blenderDev\blender\intern\atomic /ID:\blenderDev\blender\intern\guardedalloc /I"D:\blenderDev\blender\intern\glew-mx" /ID:\blenderDev\blender\extern\glew\include /Zi /nologo /W3 /WX- /MP /Od /Ob0 /D WIN32 /D _WINDOWS /D _DEBUG /D WIN32 /D _CRT_NONSTDC_NO_DEPRECATE /D _CRT_SECURE_NO_DEPRECATE /D _SCL_SECURE_NO_DEPRECATE /D _CONSOLE /D _LIB /D _ALLOW_KEYWORD_MACROS /D _WIN32_WINNT=0x600 /D OIIO_STATIC_BUILD /D __SSE__ /D __MMX__ /D __SSE2__ /D __LITTLE_ENDIAN__ /D WITH_OPENEXR /D WITH_OPENIMAGEIO /D WITH_TIFF /D WITH_OPENJPEG /D WITH_DDS /D WITH_CINEON /D WITH_HDR /D WITH_INTERNATIONAL /D WITH_GLU /D WITH_GL_PROFILE_COMPAT /D GLEW_STATIC /D GLEW_NO_ES /D WITH_FREESTYLE /D DEBUG /D _DEBUG /D "CMAKE_INTDIR=\"Debug\"" /D _MBCS /Gm- /RTC1 /MTd /GS /fp:precise /Zc:wchar_t /Zc:forScope /openmp /Fo"bf_editor_space_file.dir\Debug\\" /Fd"bf_editor_space_file.dir\Debug\vc120.pdb" /Gd /TC /wd4018 /wd4146 /wd4065 /wd4127 /wd4181 /wd4200 /wd4244 /wd4267 /wd4305 /wd4800 /errorReport:prompt /we4013 /we4431  /w34062 /J D:\blenderDev\blender\source\blender\editors\space_file\file_draw.c D:\blenderDev\blender\source\blender\editors\space_file\file_ops.c D:\blenderDev\blender\source\blender\editors\space_file\file_panels.c D:\blenderDev\blender\source\blender\editors\space_file\file_utils.c D:\blenderDev\blender\source\blender\editors\space_file\filelist.c D:\blenderDev\blender\source\blender\editors\space_file\filesel.c D:\blenderDev\blender\source\blender\editors\space_file\fsmenu.c D:\blenderDev\blender\source\blender\editors\space_file\space_file.c
         file_draw.c
         file_ops.c
         file_panels.c
         file_utils.c
         filelist.c
         filesel.c
         fsmenu.c
         space_file.c
       Lib:
         D:\Microsoft Visual Studio 12.0\VC\bin\x86_amd64\Lib.exe /OUT:"D:\blenderDev\product\lib\Debug\bf_editor_space_file.lib" /NOLOGO /MACHINE:X64  /ignore:4221 bf_editor_space_file.dir\Debug\file_draw.obj
         bf_editor_space_file.dir\Debug\file_ops.obj
         bf_editor_space_file.dir\Debug\file_panels.obj
         bf_editor_space_file.dir\Debug\file_utils.obj
         bf_editor_space_file.dir\Debug\filelist.obj
         bf_editor_space_file.dir\Debug\filesel.obj
         bf_editor_space_file.dir\Debug\fsmenu.obj
         bf_editor_space_file.dir\Debug\space_file.obj
         bf_editor_space_file.vcxproj -> D:\blenderDev\product\lib\Debug\bf_editor_space_file.lib
     1>Done Building Project "D:\blenderDev\product\source\blender\editors\space_file\bf_editor_space_file.vcxproj" (Build target(s)).

Build succeeded.

Time Elapsed 00:00:01.33
