Build started 2016/4/2 9:22:23.
     1>Project "D:\blenderDev\product\source\blender\gpu\bf_gpu.vcxproj" on node 2 (Build target(s)).
     1>CustomBuild:
         Building Custom Rule D:/blenderDev/blender/source/blender/gpu/CMakeLists.txt
         CMake does not need to re-run because D:\blenderDev\product\source\blender\gpu\CMakeFiles\generate.stamp is up-to-date.
         Generating shaders/gpu_shader_geometry.glsl.c
         Generating shaders/gpu_shader_smoke_frag.glsl.c
         Generating shaders/gpu_shader_smoke_vert.glsl.c
         Generating shaders/gpu_shader_material.glsl.c
         Generating shaders/gpu_shader_sep_gaussian_blur_frag.glsl.c
         Generating shaders/gpu_shader_sep_gaussian_blur_vert.glsl.c
         Generating shaders/gpu_shader_basic_frag.glsl.c
         Generating shaders/gpu_shader_basic_vert.glsl.c
         Generating shaders/gpu_shader_vertex.glsl.c
         Generating shaders/gpu_shader_vertex_world.glsl.c
         Generating shaders/gpu_shader_vsm_store_frag.glsl.c
         Generating shaders/gpu_shader_vsm_store_vert.glsl.c
         Generating shaders/gpu_shader_fx_vert.glsl.c
         Generating shaders/gpu_shader_fx_ssao_frag.glsl.c
         Generating shaders/gpu_shader_fx_dof_frag.glsl.c
         Generating shaders/gpu_shader_fx_dof_vert.glsl.c
         Generating shaders/gpu_shader_fx_dof_hq_frag.glsl.c
         Generating shaders/gpu_shader_fx_dof_hq_vert.glsl.c
         Generating shaders/gpu_shader_fx_dof_hq_geo.glsl.c
         Generating shaders/gpu_shader_fx_depth_resolve.glsl.c
         Generating shaders/gpu_shader_fx_lib.glsl.c
       ClCompile:
         D:\Microsoft Visual Studio 12.0\VC\bin\x86_amd64\CL.exe /c /ID:\blenderDev\lib\win64_vc12\pthreads\include /ID:\blenderDev\blender\source\blender\gpu /ID:\blenderDev\blender\source\blender\blenkernel /ID:\blenderDev\blender\source\blender\blenlib /ID:\blenderDev\blender\source\blender\bmesh /ID:\blenderDev\blender\source\blender\imbuf /ID:\blenderDev\blender\source\blender\makesdna /ID:\blenderDev\blender\source\blender\makesrna /ID:\blenderDev\blender\source\blender\nodes /ID:\blenderDev\blender\source\blender\nodes\intern /I"D:\blenderDev\blender\intern\glew-mx" /ID:\blenderDev\blender\intern\guardedalloc /ID:\blenderDev\blender\intern\smoke\extern /ID:\blenderDev\blender\extern\glew\include /Zi /nologo /W3 /WX- /MP /O2 /Ob1 /D WIN32 /D _WINDOWS /D NDEBUG /D WIN32 /D _CRT_NONSTDC_NO_DEPRECATE /D _CRT_SECURE_NO_DEPRECATE /D _SCL_SECURE_NO_DEPRECATE /D _CONSOLE /D _LIB /D _ALLOW_KEYWORD_MACROS /D _WIN32_WINNT=0x600 /D OIIO_STATIC_BUILD /D __SSE__ /D __MMX__ /D __SSE2__ /D __LITTLE_ENDIAN__ /D WITH_GAMEENGINE /D WITH_SMOKE /D WITH_GLU /D WITH_GL_PROFILE_COMPAT /D GLEW_STATIC /D GLEW_NO_ES /D WITH_DDS /D NDEBUG /D "CMAKE_INTDIR=\"RelWithDebInfo\"" /D _MBCS /Gm- /MT /GS /fp:precise /Zc:wchar_t /Zc:forScope /openmp /Fo"bf_gpu.dir\RelWithDebInfo\\" /Fd"bf_gpu.dir\RelWithDebInfo\vc120.pdb" /Gd /TC /wd4018 /wd4146 /wd4065 /wd4127 /wd4181 /wd4200 /wd4244 /wd4267 /wd4305 /wd4800 /errorReport:prompt /we4013 /we4431  /w34062 /J D:\blenderDev\blender\source\blender\gpu\intern\gpu_basic_shader.c D:\blenderDev\blender\source\blender\gpu\intern\gpu_buffers.c D:\blenderDev\blender\source\blender\gpu\intern\gpu_codegen.c D:\blenderDev\blender\source\blender\gpu\intern\gpu_compositing.c D:\blenderDev\blender\source\blender\gpu\intern\gpu_debug.c D:\blenderDev\blender\source\blender\gpu\intern\gpu_draw.c D:\blenderDev\blender\source\blender\gpu\intern\gpu_extensions.c D:\blenderDev\blender\source\blender\gpu\intern\gpu_framebuffer.c D:\blenderDev\blender\source\blender\gpu\intern\gpu_init_exit.c D:\blenderDev\blender\source\blender\gpu\intern\gpu_material.c D:\blenderDev\blender\source\blender\gpu\intern\gpu_select.c D:\blenderDev\blender\source\blender\gpu\intern\gpu_shader.c D:\blenderDev\blender\source\blender\gpu\intern\gpu_texture.c shaders\gpu_shader_geometry.glsl.c shaders\gpu_shader_smoke_frag.glsl.c shaders\gpu_shader_smoke_vert.glsl.c shaders\gpu_shader_material.glsl.c shaders\gpu_shader_sep_gaussian_blur_frag.glsl.c shaders\gpu_shader_sep_gaussian_blur_vert.glsl.c shaders\gpu_shader_basic_frag.glsl.c shaders\gpu_shader_basic_vert.glsl.c shaders\gpu_shader_vertex.glsl.c shaders\gpu_shader_vertex_world.glsl.c shaders\gpu_shader_vsm_store_frag.glsl.c shaders\gpu_shader_vsm_store_vert.glsl.c shaders\gpu_shader_fx_vert.glsl.c shaders\gpu_shader_fx_ssao_frag.glsl.c shaders\gpu_shader_fx_dof_frag.glsl.c shaders\gpu_shader_fx_dof_vert.glsl.c shaders\gpu_shader_fx_dof_hq_frag.glsl.c shaders\gpu_shader_fx_dof_hq_vert.glsl.c shaders\gpu_shader_fx_dof_hq_geo.glsl.c shaders\gpu_shader_fx_depth_resolve.glsl.c shaders\gpu_shader_fx_lib.glsl.c
         gpu_basic_shader.c
         gpu_buffers.c
         gpu_codegen.c
         gpu_compositing.c
         gpu_debug.c
         gpu_draw.c
         gpu_extensions.c
         gpu_framebuffer.c
         gpu_init_exit.c
         gpu_material.c
         gpu_select.c
         gpu_shader.c
         gpu_texture.c
         gpu_shader_geometry.glsl.c
         gpu_shader_smoke_frag.glsl.c
         gpu_shader_smoke_vert.glsl.c
         gpu_shader_material.glsl.c
         gpu_shader_sep_gaussian_blur_frag.glsl.c
         gpu_shader_sep_gaussian_blur_vert.glsl.c
         gpu_shader_basic_frag.glsl.c
         gpu_shader_basic_vert.glsl.c
         gpu_shader_vertex.glsl.c
         gpu_shader_vertex_world.glsl.c
         gpu_shader_vsm_store_frag.glsl.c
         gpu_shader_vsm_store_vert.glsl.c
         gpu_shader_fx_vert.glsl.c
         gpu_shader_fx_ssao_frag.glsl.c
         gpu_shader_fx_dof_frag.glsl.c
         gpu_shader_fx_dof_vert.glsl.c
         gpu_shader_fx_dof_hq_frag.glsl.c
         gpu_shader_fx_dof_hq_vert.glsl.c
         gpu_shader_fx_dof_hq_geo.glsl.c
         gpu_shader_fx_depth_resolve.glsl.c
         gpu_shader_fx_lib.glsl.c
       Lib:
         D:\Microsoft Visual Studio 12.0\VC\bin\x86_amd64\Lib.exe /OUT:"D:\blenderDev\product\lib\RelWithDebInfo\bf_gpu.lib" /NOLOGO /MACHINE:X64  /ignore:4221 bf_gpu.dir\RelWithDebInfo\gpu_basic_shader.obj
         bf_gpu.dir\RelWithDebInfo\gpu_buffers.obj
         bf_gpu.dir\RelWithDebInfo\gpu_codegen.obj
         bf_gpu.dir\RelWithDebInfo\gpu_compositing.obj
         bf_gpu.dir\RelWithDebInfo\gpu_debug.obj
         bf_gpu.dir\RelWithDebInfo\gpu_draw.obj
         bf_gpu.dir\RelWithDebInfo\gpu_extensions.obj
         bf_gpu.dir\RelWithDebInfo\gpu_framebuffer.obj
         bf_gpu.dir\RelWithDebInfo\gpu_init_exit.obj
         bf_gpu.dir\RelWithDebInfo\gpu_material.obj
         bf_gpu.dir\RelWithDebInfo\gpu_select.obj
         bf_gpu.dir\RelWithDebInfo\gpu_shader.obj
         bf_gpu.dir\RelWithDebInfo\gpu_texture.obj
         bf_gpu.dir\RelWithDebInfo\gpu_shader_geometry.glsl.obj
         bf_gpu.dir\RelWithDebInfo\gpu_shader_smoke_frag.glsl.obj
         bf_gpu.dir\RelWithDebInfo\gpu_shader_smoke_vert.glsl.obj
         bf_gpu.dir\RelWithDebInfo\gpu_shader_material.glsl.obj
         bf_gpu.dir\RelWithDebInfo\gpu_shader_sep_gaussian_blur_frag.glsl.obj
         bf_gpu.dir\RelWithDebInfo\gpu_shader_sep_gaussian_blur_vert.glsl.obj
         bf_gpu.dir\RelWithDebInfo\gpu_shader_basic_frag.glsl.obj
         bf_gpu.dir\RelWithDebInfo\gpu_shader_basic_vert.glsl.obj
         bf_gpu.dir\RelWithDebInfo\gpu_shader_vertex.glsl.obj
         bf_gpu.dir\RelWithDebInfo\gpu_shader_vertex_world.glsl.obj
         bf_gpu.dir\RelWithDebInfo\gpu_shader_vsm_store_frag.glsl.obj
         bf_gpu.dir\RelWithDebInfo\gpu_shader_vsm_store_vert.glsl.obj
         bf_gpu.dir\RelWithDebInfo\gpu_shader_fx_vert.glsl.obj
         bf_gpu.dir\RelWithDebInfo\gpu_shader_fx_ssao_frag.glsl.obj
         bf_gpu.dir\RelWithDebInfo\gpu_shader_fx_dof_frag.glsl.obj
         bf_gpu.dir\RelWithDebInfo\gpu_shader_fx_dof_vert.glsl.obj
         bf_gpu.dir\RelWithDebInfo\gpu_shader_fx_dof_hq_frag.glsl.obj
         bf_gpu.dir\RelWithDebInfo\gpu_shader_fx_dof_hq_vert.glsl.obj
         bf_gpu.dir\RelWithDebInfo\gpu_shader_fx_dof_hq_geo.glsl.obj
         bf_gpu.dir\RelWithDebInfo\gpu_shader_fx_depth_resolve.glsl.obj
         bf_gpu.dir\RelWithDebInfo\gpu_shader_fx_lib.glsl.obj
         bf_gpu.vcxproj -> D:\blenderDev\product\lib\RelWithDebInfo\bf_gpu.lib
     1>Done Building Project "D:\blenderDev\product\source\blender\gpu\bf_gpu.vcxproj" (Build target(s)).

Build succeeded.

Time Elapsed 00:00:03.05
