Build started 2016/4/2 8:25:04.
     1>Project "D:\blenderDev\product\intern\libmv\bf_intern_libmv.vcxproj" on node 5 (Build target(s)).
     1>CustomBuild:
         Building Custom Rule D:/blenderDev/blender/intern/libmv/CMakeLists.txt
         CMake does not need to re-run because D:\blenderDev\product\intern\libmv\CMakeFiles\generate.stamp is up-to-date.
       ClCompile:
         D:\Microsoft Visual Studio 12.0\VC\bin\x86_amd64\CL.exe /c /ID:\blenderDev\lib\win64_vc12\pthreads\include /ID:\blenderDev\blender\intern\libmv /ID:\blenderDev\blender\extern\gflags\src /ID:\blenderDev\blender\extern\glog\src /ID:\blenderDev\blender\extern\ceres\include /ID:\blenderDev\blender\extern\ceres\config /ID:\blenderDev\blender\intern\guardedalloc /ID:\blenderDev\blender\extern\Eigen3 /ID:\blenderDev\lib\win64_vc12\png\include /ID:\blenderDev\lib\win64_vc12\zlib\include /Zi /nologo /W3 /WX- /MP /Od /Ob0 /D WIN32 /D _WINDOWS /D _DEBUG /D WIN32 /D _CRT_NONSTDC_NO_DEPRECATE /D _CRT_SECURE_NO_DEPRECATE /D _SCL_SECURE_NO_DEPRECATE /D _CONSOLE /D _LIB /D _ALLOW_KEYWORD_MACROS /D _WIN32_WINNT=0x600 /D OIIO_STATIC_BUILD /D __SSE__ /D __MMX__ /D __SSE2__ /D __LITTLE_ENDIAN__ /D GFLAGS_DLL_DEFINE_FLAG= /D GFLAGS_DLL_DECLARE_FLAG= /D GFLAGS_DLL_DECL= /D GOOGLE_GLOG_DLL_DECL= /D CERES_STD_UNORDERED_MAP /D WITH_LIBMV_GUARDED_ALLOC /D LIBMV_NO_FAST_DETECTOR= /D DEBUG /D _DEBUG /D "CMAKE_INTDIR=\"Debug\"" /D _MBCS /Gm- /EHsc /RTC1 /MTd /GS /fp:precise /Zc:wchar_t /Zc:forScope /GR /openmp /Fo"bf_intern_libmv.dir\Debug\/intern/autotrack.cc.obj" /Fd"bf_intern_libmv.dir\Debug\vc120.pdb" /Gd /TP /wd4018 /wd4146 /wd4065 /wd4127 /wd4181 /wd4200 /wd4244 /wd4267 /wd4305 /wd4800 /errorReport:prompt /we4013 /we4431  /w34062 /J D:\blenderDev\blender\intern\libmv\intern\autotrack.cc
         autotrack.cc
         D:\Microsoft Visual Studio 12.0\VC\bin\x86_amd64\CL.exe /c /ID:\blenderDev\lib\win64_vc12\pthreads\include /ID:\blenderDev\blender\intern\libmv /ID:\blenderDev\blender\extern\gflags\src /ID:\blenderDev\blender\extern\glog\src /ID:\blenderDev\blender\extern\ceres\include /ID:\blenderDev\blender\extern\ceres\config /ID:\blenderDev\blender\intern\guardedalloc /ID:\blenderDev\blender\extern\Eigen3 /ID:\blenderDev\lib\win64_vc12\png\include /ID:\blenderDev\lib\win64_vc12\zlib\include /Zi /nologo /W3 /WX- /MP /Od /Ob0 /D WIN32 /D _WINDOWS /D _DEBUG /D WIN32 /D _CRT_NONSTDC_NO_DEPRECATE /D _CRT_SECURE_NO_DEPRECATE /D _SCL_SECURE_NO_DEPRECATE /D _CONSOLE /D _LIB /D _ALLOW_KEYWORD_MACROS /D _WIN32_WINNT=0x600 /D OIIO_STATIC_BUILD /D __SSE__ /D __MMX__ /D __SSE2__ /D __LITTLE_ENDIAN__ /D GFLAGS_DLL_DEFINE_FLAG= /D GFLAGS_DLL_DECLARE_FLAG= /D GFLAGS_DLL_DECL= /D GOOGLE_GLOG_DLL_DECL= /D CERES_STD_UNORDERED_MAP /D WITH_LIBMV_GUARDED_ALLOC /D LIBMV_NO_FAST_DETECTOR= /D DEBUG /D _DEBUG /D "CMAKE_INTDIR=\"Debug\"" /D _MBCS /Gm- /EHsc /RTC1 /MTd /GS /fp:precise /Zc:wchar_t /Zc:forScope /GR /openmp /Fo"bf_intern_libmv.dir\Debug\/intern/camera_intrinsics.cc.obj" /Fd"bf_intern_libmv.dir\Debug\vc120.pdb" /Gd /TP /wd4018 /wd4146 /wd4065 /wd4127 /wd4181 /wd4200 /wd4244 /wd4267 /wd4305 /wd4800 /errorReport:prompt /we4013 /we4431  /w34062 /J D:\blenderDev\blender\intern\libmv\intern\camera_intrinsics.cc
         camera_intrinsics.cc
         D:\Microsoft Visual Studio 12.0\VC\bin\x86_amd64\CL.exe /c /ID:\blenderDev\lib\win64_vc12\pthreads\include /ID:\blenderDev\blender\intern\libmv /ID:\blenderDev\blender\extern\gflags\src /ID:\blenderDev\blender\extern\glog\src /ID:\blenderDev\blender\extern\ceres\include /ID:\blenderDev\blender\extern\ceres\config /ID:\blenderDev\blender\intern\guardedalloc /ID:\blenderDev\blender\extern\Eigen3 /ID:\blenderDev\lib\win64_vc12\png\include /ID:\blenderDev\lib\win64_vc12\zlib\include /Zi /nologo /W3 /WX- /MP /Od /Ob0 /D WIN32 /D _WINDOWS /D _DEBUG /D WIN32 /D _CRT_NONSTDC_NO_DEPRECATE /D _CRT_SECURE_NO_DEPRECATE /D _SCL_SECURE_NO_DEPRECATE /D _CONSOLE /D _LIB /D _ALLOW_KEYWORD_MACROS /D _WIN32_WINNT=0x600 /D OIIO_STATIC_BUILD /D __SSE__ /D __MMX__ /D __SSE2__ /D __LITTLE_ENDIAN__ /D GFLAGS_DLL_DEFINE_FLAG= /D GFLAGS_DLL_DECLARE_FLAG= /D GFLAGS_DLL_DECL= /D GOOGLE_GLOG_DLL_DECL= /D CERES_STD_UNORDERED_MAP /D WITH_LIBMV_GUARDED_ALLOC /D LIBMV_NO_FAST_DETECTOR= /D DEBUG /D _DEBUG /D "CMAKE_INTDIR=\"Debug\"" /D _MBCS /Gm- /EHsc /RTC1 /MTd /GS /fp:precise /Zc:wchar_t /Zc:forScope /GR /openmp /Fo"bf_intern_libmv.dir\Debug\\" /Fd"bf_intern_libmv.dir\Debug\vc120.pdb" /Gd /TP /wd4018 /wd4146 /wd4065 /wd4127 /wd4181 /wd4200 /wd4244 /wd4267 /wd4305 /wd4800 /errorReport:prompt /we4013 /we4431  /w34062 /J D:\blenderDev\blender\intern\libmv\intern\detector.cc D:\blenderDev\blender\intern\libmv\intern\frame_accessor.cc D:\blenderDev\blender\intern\libmv\intern\image.cc D:\blenderDev\blender\intern\libmv\intern\logging.cc D:\blenderDev\blender\intern\libmv\intern\tracksN.cc D:\blenderDev\blender\intern\libmv\libmv\autotrack\predict_tracks.cc D:\blenderDev\blender\intern\libmv\libmv\base\aligned_malloc.cc D:\blenderDev\blender\intern\libmv\libmv\image\array_nd.cc D:\blenderDev\blender\intern\libmv\libmv\image\convolve.cc D:\blenderDev\blender\intern\libmv\libmv\multiview\conditioning.cc D:\blenderDev\blender\intern\libmv\libmv\multiview\euclidean_resection.cc D:\blenderDev\blender\intern\libmv\libmv\multiview\fundamental.cc D:\blenderDev\blender\intern\libmv\libmv\multiview\panography.cc D:\blenderDev\blender\intern\libmv\libmv\multiview\panography_kernel.cc D:\blenderDev\blender\intern\libmv\libmv\multiview\projection.cc D:\blenderDev\blender\intern\libmv\libmv\multiview\triangulation.cc D:\blenderDev\blender\intern\libmv\libmv\numeric\numeric.cc D:\blenderDev\blender\intern\libmv\libmv\numeric\poly.cc D:\blenderDev\blender\intern\libmv\libmv\simple_pipeline\bundle.cc D:\blenderDev\blender\intern\libmv\libmv\simple_pipeline\detect.cc D:\blenderDev\blender\intern\libmv\libmv\simple_pipeline\distortion_models.cc D:\blenderDev\blender\intern\libmv\libmv\simple_pipeline\initialize_reconstruction.cc D:\blenderDev\blender\intern\libmv\libmv\simple_pipeline\intersect.cc D:\blenderDev\blender\intern\libmv\libmv\simple_pipeline\keyframe_selection.cc D:\blenderDev\blender\intern\libmv\libmv\simple_pipeline\modal_solver.cc D:\blenderDev\blender\intern\libmv\libmv\simple_pipeline\pipeline.cc D:\blenderDev\blender\intern\libmv\libmv\simple_pipeline\reconstruction_scale.cc D:\blenderDev\blender\intern\libmv\libmv\simple_pipeline\resect.cc D:\blenderDev\blender\intern\libmv\libmv\tracking\brute_region_tracker.cc D:\blenderDev\blender\intern\libmv\libmv\tracking\hybrid_region_tracker.cc D:\blenderDev\blender\intern\libmv\libmv\tracking\klt_region_tracker.cc D:\blenderDev\blender\intern\libmv\libmv\tracking\pyramid_region_tracker.cc D:\blenderDev\blender\intern\libmv\libmv\tracking\retrack_region_tracker.cc D:\blenderDev\blender\intern\libmv\libmv\tracking\trklt_region_tracker.cc
         detector.cc
         frame_accessor.cc
         image.cc
         logging.cc
         tracksN.cc
         predict_tracks.cc
         aligned_malloc.cc
         array_nd.cc
         convolve.cc
         conditioning.cc
         euclidean_resection.cc
     1>D:\blenderDev\blender\intern\libmv\libmv\multiview\euclidean_resection.cc : warning C4819: The file contains a character that cannot be represented in the current code page (936). Save the file in Unicode format to prevent data loss
         fundamental.cc
     1>D:\blenderDev\blender\extern\ceres\include\ceres/types.h : warning C4819: The file contains a character that cannot be represented in the current code page (936). Save the file in Unicode format to prevent data loss (D:\blenderDev\blender\intern\libmv\libmv\multiview\fundamental.cc)
     1>D:\blenderDev\blender\extern\ceres\include\ceres/gradient_problem_solver.h : warning C4819: The file contains a character that cannot be represented in the current code page (936). Save the file in Unicode format to prevent data loss (D:\blenderDev\blender\intern\libmv\libmv\multiview\fundamental.cc)
     1>D:\blenderDev\blender\extern\ceres\include\ceres/solver.h : warning C4819: The file contains a character that cannot be represented in the current code page (936). Save the file in Unicode format to prevent data loss (D:\blenderDev\blender\intern\libmv\libmv\multiview\fundamental.cc)
         panography.cc
         panography_kernel.cc
         projection.cc
         triangulation.cc
         numeric.cc
         poly.cc
         bundle.cc
         detect.cc
     1>D:\blenderDev\blender\extern\ceres\include\ceres/types.h : warning C4819: The file contains a character that cannot be represented in the current code page (936). Save the file in Unicode format to prevent data loss (D:\blenderDev\blender\intern\libmv\libmv\simple_pipeline\bundle.cc)
     1>D:\blenderDev\blender\extern\ceres\include\ceres/gradient_problem_solver.h : warning C4819: The file contains a character that cannot be represented in the current code page (936). Save the file in Unicode format to prevent data loss (D:\blenderDev\blender\intern\libmv\libmv\simple_pipeline\bundle.cc)
     1>D:\blenderDev\blender\extern\ceres\include\ceres/solver.h : warning C4819: The file contains a character that cannot be represented in the current code page (936). Save the file in Unicode format to prevent data loss (D:\blenderDev\blender\intern\libmv\libmv\simple_pipeline\bundle.cc)
         distortion_models.cc
         initialize_reconstruction.cc
         intersect.cc
         keyframe_selection.cc
     1>D:\blenderDev\blender\extern\ceres\include\ceres/types.h : warning C4819: The file contains a character that cannot be represented in the current code page (936). Save the file in Unicode format to prevent data loss (D:\blenderDev\blender\intern\libmv\libmv\simple_pipeline\keyframe_selection.cc)
     1>D:\blenderDev\blender\extern\ceres\include\ceres/gradient_problem_solver.h : warning C4819: The file contains a character that cannot be represented in the current code page (936). Save the file in Unicode format to prevent data loss (D:\blenderDev\blender\intern\libmv\libmv\simple_pipeline\keyframe_selection.cc)
     1>D:\blenderDev\blender\extern\ceres\include\ceres/solver.h : warning C4819: The file contains a character that cannot be represented in the current code page (936). Save the file in Unicode format to prevent data loss (D:\blenderDev\blender\intern\libmv\libmv\simple_pipeline\keyframe_selection.cc)
         modal_solver.cc
     1>D:\blenderDev\blender\extern\ceres\include\ceres/types.h : warning C4819: The file contains a character that cannot be represented in the current code page (936). Save the file in Unicode format to prevent data loss (D:\blenderDev\blender\intern\libmv\libmv\simple_pipeline\modal_solver.cc)
     1>D:\blenderDev\blender\extern\ceres\include\ceres/gradient_problem_solver.h : warning C4819: The file contains a character that cannot be represented in the current code page (936). Save the file in Unicode format to prevent data loss (D:\blenderDev\blender\intern\libmv\libmv\simple_pipeline\modal_solver.cc)
     1>D:\blenderDev\blender\extern\ceres\include\ceres/solver.h : warning C4819: The file contains a character that cannot be represented in the current code page (936). Save the file in Unicode format to prevent data loss (D:\blenderDev\blender\intern\libmv\libmv\simple_pipeline\modal_solver.cc)
     1>D:\blenderDev\blender\extern\ceres\include\ceres/types.h : warning C4819: The file contains a character that cannot be represented in the current code page (936). Save the file in Unicode format to prevent data loss (D:\blenderDev\blender\intern\libmv\libmv\simple_pipeline\intersect.cc)
     1>D:\blenderDev\blender\extern\ceres\include\ceres/gradient_problem_solver.h : warning C4819: The file contains a character that cannot be represented in the current code page (936). Save the file in Unicode format to prevent data loss (D:\blenderDev\blender\intern\libmv\libmv\simple_pipeline\intersect.cc)
     1>D:\blenderDev\blender\extern\ceres\include\ceres/solver.h : warning C4819: The file contains a character that cannot be represented in the current code page (936). Save the file in Unicode format to prevent data loss (D:\blenderDev\blender\intern\libmv\libmv\simple_pipeline\intersect.cc)
         pipeline.cc
         reconstruction_scale.cc
         resect.cc
         brute_region_tracker.cc
         hybrid_region_tracker.cc
         klt_region_tracker.cc
         pyramid_region_tracker.cc
         retrack_region_tracker.cc
         trklt_region_tracker.cc
         D:\Microsoft Visual Studio 12.0\VC\bin\x86_amd64\CL.exe /c /ID:\blenderDev\lib\win64_vc12\pthreads\include /ID:\blenderDev\blender\intern\libmv /ID:\blenderDev\blender\extern\gflags\src /ID:\blenderDev\blender\extern\glog\src /ID:\blenderDev\blender\extern\ceres\include /ID:\blenderDev\blender\extern\ceres\config /ID:\blenderDev\blender\intern\guardedalloc /ID:\blenderDev\blender\extern\Eigen3 /ID:\blenderDev\lib\win64_vc12\png\include /ID:\blenderDev\lib\win64_vc12\zlib\include /Zi /nologo /W3 /WX- /MP /Od /Ob0 /D WIN32 /D _WINDOWS /D _DEBUG /D WIN32 /D _CRT_NONSTDC_NO_DEPRECATE /D _CRT_SECURE_NO_DEPRECATE /D _SCL_SECURE_NO_DEPRECATE /D _CONSOLE /D _LIB /D _ALLOW_KEYWORD_MACROS /D _WIN32_WINNT=0x600 /D OIIO_STATIC_BUILD /D __SSE__ /D __MMX__ /D __SSE2__ /D __LITTLE_ENDIAN__ /D GFLAGS_DLL_DEFINE_FLAG= /D GFLAGS_DLL_DECLARE_FLAG= /D GFLAGS_DLL_DECL= /D GOOGLE_GLOG_DLL_DECL= /D CERES_STD_UNORDERED_MAP /D WITH_LIBMV_GUARDED_ALLOC /D LIBMV_NO_FAST_DETECTOR= /D DEBUG /D _DEBUG /D "CMAKE_INTDIR=\"Debug\"" /D _MBCS /Gm- /EHsc /RTC1 /MTd /GS /fp:precise /Zc:wchar_t /Zc:forScope /GR /openmp /Fo"bf_intern_libmv.dir\Debug\/intern/homography.cc.obj" /Fd"bf_intern_libmv.dir\Debug\vc120.pdb" /Gd /TP /wd4018 /wd4146 /wd4065 /wd4127 /wd4181 /wd4200 /wd4244 /wd4267 /wd4305 /wd4800 /errorReport:prompt /we4013 /we4431  /w34062 /J D:\blenderDev\blender\intern\libmv\intern\homography.cc
         homography.cc
         D:\Microsoft Visual Studio 12.0\VC\bin\x86_amd64\CL.exe /c /ID:\blenderDev\lib\win64_vc12\pthreads\include /ID:\blenderDev\blender\intern\libmv /ID:\blenderDev\blender\extern\gflags\src /ID:\blenderDev\blender\extern\glog\src /ID:\blenderDev\blender\extern\ceres\include /ID:\blenderDev\blender\extern\ceres\config /ID:\blenderDev\blender\intern\guardedalloc /ID:\blenderDev\blender\extern\Eigen3 /ID:\blenderDev\lib\win64_vc12\png\include /ID:\blenderDev\lib\win64_vc12\zlib\include /Zi /nologo /W3 /WX- /MP /Od /Ob0 /D WIN32 /D _WINDOWS /D _DEBUG /D WIN32 /D _CRT_NONSTDC_NO_DEPRECATE /D _CRT_SECURE_NO_DEPRECATE /D _SCL_SECURE_NO_DEPRECATE /D _CONSOLE /D _LIB /D _ALLOW_KEYWORD_MACROS /D _WIN32_WINNT=0x600 /D OIIO_STATIC_BUILD /D __SSE__ /D __MMX__ /D __SSE2__ /D __LITTLE_ENDIAN__ /D GFLAGS_DLL_DEFINE_FLAG= /D GFLAGS_DLL_DECLARE_FLAG= /D GFLAGS_DLL_DECL= /D GOOGLE_GLOG_DLL_DECL= /D CERES_STD_UNORDERED_MAP /D WITH_LIBMV_GUARDED_ALLOC /D LIBMV_NO_FAST_DETECTOR= /D DEBUG /D _DEBUG /D "CMAKE_INTDIR=\"Debug\"" /D _MBCS /Gm- /EHsc /RTC1 /MTd /GS /fp:precise /Zc:wchar_t /Zc:forScope /GR /openmp /Fo"bf_intern_libmv.dir\Debug\/intern/reconstruction.cc.obj" /Fd"bf_intern_libmv.dir\Debug\vc120.pdb" /Gd /TP /wd4018 /wd4146 /wd4065 /wd4127 /wd4181 /wd4200 /wd4244 /wd4267 /wd4305 /wd4800 /errorReport:prompt /we4013 /we4431  /w34062 /J D:\blenderDev\blender\intern\libmv\intern\reconstruction.cc
         reconstruction.cc
         D:\Microsoft Visual Studio 12.0\VC\bin\x86_amd64\CL.exe /c /ID:\blenderDev\lib\win64_vc12\pthreads\include /ID:\blenderDev\blender\intern\libmv /ID:\blenderDev\blender\extern\gflags\src /ID:\blenderDev\blender\extern\glog\src /ID:\blenderDev\blender\extern\ceres\include /ID:\blenderDev\blender\extern\ceres\config /ID:\blenderDev\blender\intern\guardedalloc /ID:\blenderDev\blender\extern\Eigen3 /ID:\blenderDev\lib\win64_vc12\png\include /ID:\blenderDev\lib\win64_vc12\zlib\include /Zi /nologo /W3 /WX- /MP /Od /Ob0 /D WIN32 /D _WINDOWS /D _DEBUG /D WIN32 /D _CRT_NONSTDC_NO_DEPRECATE /D _CRT_SECURE_NO_DEPRECATE /D _SCL_SECURE_NO_DEPRECATE /D _CONSOLE /D _LIB /D _ALLOW_KEYWORD_MACROS /D _WIN32_WINNT=0x600 /D OIIO_STATIC_BUILD /D __SSE__ /D __MMX__ /D __SSE2__ /D __LITTLE_ENDIAN__ /D GFLAGS_DLL_DEFINE_FLAG= /D GFLAGS_DLL_DECLARE_FLAG= /D GFLAGS_DLL_DECL= /D GOOGLE_GLOG_DLL_DECL= /D CERES_STD_UNORDERED_MAP /D WITH_LIBMV_GUARDED_ALLOC /D LIBMV_NO_FAST_DETECTOR= /D DEBUG /D _DEBUG /D "CMAKE_INTDIR=\"Debug\"" /D _MBCS /Gm- /EHsc /RTC1 /MTd /GS /fp:precise /Zc:wchar_t /Zc:forScope /GR /openmp /Fo"bf_intern_libmv.dir\Debug\/intern/track_region.cc.obj" /Fd"bf_intern_libmv.dir\Debug\vc120.pdb" /Gd /TP /wd4018 /wd4146 /wd4065 /wd4127 /wd4181 /wd4200 /wd4244 /wd4267 /wd4305 /wd4800 /errorReport:prompt /we4013 /we4431  /w34062 /J D:\blenderDev\blender\intern\libmv\intern\track_region.cc
         track_region.cc
         D:\Microsoft Visual Studio 12.0\VC\bin\x86_amd64\CL.exe /c /ID:\blenderDev\lib\win64_vc12\pthreads\include /ID:\blenderDev\blender\intern\libmv /ID:\blenderDev\blender\extern\gflags\src /ID:\blenderDev\blender\extern\glog\src /ID:\blenderDev\blender\extern\ceres\include /ID:\blenderDev\blender\extern\ceres\config /ID:\blenderDev\blender\intern\guardedalloc /ID:\blenderDev\blender\extern\Eigen3 /ID:\blenderDev\lib\win64_vc12\png\include /ID:\blenderDev\lib\win64_vc12\zlib\include /Zi /nologo /W3 /WX- /MP /Od /Ob0 /D WIN32 /D _WINDOWS /D _DEBUG /D WIN32 /D _CRT_NONSTDC_NO_DEPRECATE /D _CRT_SECURE_NO_DEPRECATE /D _SCL_SECURE_NO_DEPRECATE /D _CONSOLE /D _LIB /D _ALLOW_KEYWORD_MACROS /D _WIN32_WINNT=0x600 /D OIIO_STATIC_BUILD /D __SSE__ /D __MMX__ /D __SSE2__ /D __LITTLE_ENDIAN__ /D GFLAGS_DLL_DEFINE_FLAG= /D GFLAGS_DLL_DECLARE_FLAG= /D GFLAGS_DLL_DECL= /D GOOGLE_GLOG_DLL_DECL= /D CERES_STD_UNORDERED_MAP /D WITH_LIBMV_GUARDED_ALLOC /D LIBMV_NO_FAST_DETECTOR= /D DEBUG /D _DEBUG /D "CMAKE_INTDIR=\"Debug\"" /D _MBCS /Gm- /EHsc /RTC1 /MTd /GS /fp:precise /Zc:wchar_t /Zc:forScope /GR /openmp /Fo"bf_intern_libmv.dir\Debug\/intern/tracks.cc.obj" /Fd"bf_intern_libmv.dir\Debug\vc120.pdb" /Gd /TP /wd4018 /wd4146 /wd4065 /wd4127 /wd4181 /wd4200 /wd4244 /wd4267 /wd4305 /wd4800 /errorReport:prompt /we4013 /we4431  /w34062 /J D:\blenderDev\blender\intern\libmv\intern\tracks.cc
         tracks.cc
         D:\Microsoft Visual Studio 12.0\VC\bin\x86_amd64\CL.exe /c /ID:\blenderDev\lib\win64_vc12\pthreads\include /ID:\blenderDev\blender\intern\libmv /ID:\blenderDev\blender\extern\gflags\src /ID:\blenderDev\blender\extern\glog\src /ID:\blenderDev\blender\extern\ceres\include /ID:\blenderDev\blender\extern\ceres\config /ID:\blenderDev\blender\intern\guardedalloc /ID:\blenderDev\blender\extern\Eigen3 /ID:\blenderDev\lib\win64_vc12\png\include /ID:\blenderDev\lib\win64_vc12\zlib\include /Zi /nologo /W3 /WX- /MP /Od /Ob0 /D WIN32 /D _WINDOWS /D _DEBUG /D WIN32 /D _CRT_NONSTDC_NO_DEPRECATE /D _CRT_SECURE_NO_DEPRECATE /D _SCL_SECURE_NO_DEPRECATE /D _CONSOLE /D _LIB /D _ALLOW_KEYWORD_MACROS /D _WIN32_WINNT=0x600 /D OIIO_STATIC_BUILD /D __SSE__ /D __MMX__ /D __SSE2__ /D __LITTLE_ENDIAN__ /D GFLAGS_DLL_DEFINE_FLAG= /D GFLAGS_DLL_DECLARE_FLAG= /D GFLAGS_DLL_DECL= /D GOOGLE_GLOG_DLL_DECL= /D CERES_STD_UNORDERED_MAP /D WITH_LIBMV_GUARDED_ALLOC /D LIBMV_NO_FAST_DETECTOR= /D DEBUG /D _DEBUG /D "CMAKE_INTDIR=\"Debug\"" /D _MBCS /Gm- /EHsc /RTC1 /MTd /GS /fp:precise /Zc:wchar_t /Zc:forScope /GR /openmp /Fo"bf_intern_libmv.dir\Debug\/libmv/autotrack/autotrack.cc.obj" /Fd"bf_intern_libmv.dir\Debug\vc120.pdb" /Gd /TP /wd4018 /wd4146 /wd4065 /wd4127 /wd4181 /wd4200 /wd4244 /wd4267 /wd4305 /wd4800 /errorReport:prompt /we4013 /we4431  /w34062 /J D:\blenderDev\blender\intern\libmv\libmv\autotrack\autotrack.cc
         autotrack.cc
         D:\Microsoft Visual Studio 12.0\VC\bin\x86_amd64\CL.exe /c /ID:\blenderDev\lib\win64_vc12\pthreads\include /ID:\blenderDev\blender\intern\libmv /ID:\blenderDev\blender\extern\gflags\src /ID:\blenderDev\blender\extern\glog\src /ID:\blenderDev\blender\extern\ceres\include /ID:\blenderDev\blender\extern\ceres\config /ID:\blenderDev\blender\intern\guardedalloc /ID:\blenderDev\blender\extern\Eigen3 /ID:\blenderDev\lib\win64_vc12\png\include /ID:\blenderDev\lib\win64_vc12\zlib\include /Zi /nologo /W3 /WX- /MP /Od /Ob0 /D WIN32 /D _WINDOWS /D _DEBUG /D WIN32 /D _CRT_NONSTDC_NO_DEPRECATE /D _CRT_SECURE_NO_DEPRECATE /D _SCL_SECURE_NO_DEPRECATE /D _CONSOLE /D _LIB /D _ALLOW_KEYWORD_MACROS /D _WIN32_WINNT=0x600 /D OIIO_STATIC_BUILD /D __SSE__ /D __MMX__ /D __SSE2__ /D __LITTLE_ENDIAN__ /D GFLAGS_DLL_DEFINE_FLAG= /D GFLAGS_DLL_DECLARE_FLAG= /D GFLAGS_DLL_DECL= /D GOOGLE_GLOG_DLL_DECL= /D CERES_STD_UNORDERED_MAP /D WITH_LIBMV_GUARDED_ALLOC /D LIBMV_NO_FAST_DETECTOR= /D DEBUG /D _DEBUG /D "CMAKE_INTDIR=\"Debug\"" /D _MBCS /Gm- /EHsc /RTC1 /MTd /GS /fp:precise /Zc:wchar_t /Zc:forScope /GR /openmp /Fo"bf_intern_libmv.dir\Debug\/libmv/autotrack/tracks.cc.obj" /Fd"bf_intern_libmv.dir\Debug\vc120.pdb" /Gd /TP /wd4018 /wd4146 /wd4065 /wd4127 /wd4181 /wd4200 /wd4244 /wd4267 /wd4305 /wd4800 /errorReport:prompt /we4013 /we4431  /w34062 /J D:\blenderDev\blender\intern\libmv\libmv\autotrack\tracks.cc
         tracks.cc
         D:\Microsoft Visual Studio 12.0\VC\bin\x86_amd64\CL.exe /c /ID:\blenderDev\lib\win64_vc12\pthreads\include /ID:\blenderDev\blender\intern\libmv /ID:\blenderDev\blender\extern\gflags\src /ID:\blenderDev\blender\extern\glog\src /ID:\blenderDev\blender\extern\ceres\include /ID:\blenderDev\blender\extern\ceres\config /ID:\blenderDev\blender\intern\guardedalloc /ID:\blenderDev\blender\extern\Eigen3 /ID:\blenderDev\lib\win64_vc12\png\include /ID:\blenderDev\lib\win64_vc12\zlib\include /Zi /nologo /W3 /WX- /MP /Od /Ob0 /D WIN32 /D _WINDOWS /D _DEBUG /D WIN32 /D _CRT_NONSTDC_NO_DEPRECATE /D _CRT_SECURE_NO_DEPRECATE /D _SCL_SECURE_NO_DEPRECATE /D _CONSOLE /D _LIB /D _ALLOW_KEYWORD_MACROS /D _WIN32_WINNT=0x600 /D OIIO_STATIC_BUILD /D __SSE__ /D __MMX__ /D __SSE2__ /D __LITTLE_ENDIAN__ /D GFLAGS_DLL_DEFINE_FLAG= /D GFLAGS_DLL_DECLARE_FLAG= /D GFLAGS_DLL_DECL= /D GOOGLE_GLOG_DLL_DECL= /D CERES_STD_UNORDERED_MAP /D WITH_LIBMV_GUARDED_ALLOC /D LIBMV_NO_FAST_DETECTOR= /D DEBUG /D _DEBUG /D "CMAKE_INTDIR=\"Debug\"" /D _MBCS /Gm- /EHsc /RTC1 /MTd /GS /fp:precise /Zc:wchar_t /Zc:forScope /GR /openmp /Fo"bf_intern_libmv.dir\Debug\/libmv/multiview/homography.cc.obj" /Fd"bf_intern_libmv.dir\Debug\vc120.pdb" /Gd /TP /wd4018 /wd4146 /wd4065 /wd4127 /wd4181 /wd4200 /wd4244 /wd4267 /wd4305 /wd4800 /errorReport:prompt /we4013 /we4431  /w34062 /J D:\blenderDev\blender\intern\libmv\libmv\multiview\homography.cc
         homography.cc
     1>D:\blenderDev\blender\extern\ceres\include\ceres/types.h : warning C4819: The file contains a character that cannot be represented in the current code page (936). Save the file in Unicode format to prevent data loss
     1>D:\blenderDev\blender\extern\ceres\include\ceres/gradient_problem_solver.h : warning C4819: The file contains a character that cannot be represented in the current code page (936). Save the file in Unicode format to prevent data loss
     1>D:\blenderDev\blender\extern\ceres\include\ceres/solver.h : warning C4819: The file contains a character that cannot be represented in the current code page (936). Save the file in Unicode format to prevent data loss
         D:\Microsoft Visual Studio 12.0\VC\bin\x86_amd64\CL.exe /c /ID:\blenderDev\lib\win64_vc12\pthreads\include /ID:\blenderDev\blender\intern\libmv /ID:\blenderDev\blender\extern\gflags\src /ID:\blenderDev\blender\extern\glog\src /ID:\blenderDev\blender\extern\ceres\include /ID:\blenderDev\blender\extern\ceres\config /ID:\blenderDev\blender\intern\guardedalloc /ID:\blenderDev\blender\extern\Eigen3 /ID:\blenderDev\lib\win64_vc12\png\include /ID:\blenderDev\lib\win64_vc12\zlib\include /Zi /nologo /W3 /WX- /MP /Od /Ob0 /D WIN32 /D _WINDOWS /D _DEBUG /D WIN32 /D _CRT_NONSTDC_NO_DEPRECATE /D _CRT_SECURE_NO_DEPRECATE /D _SCL_SECURE_NO_DEPRECATE /D _CONSOLE /D _LIB /D _ALLOW_KEYWORD_MACROS /D _WIN32_WINNT=0x600 /D OIIO_STATIC_BUILD /D __SSE__ /D __MMX__ /D __SSE2__ /D __LITTLE_ENDIAN__ /D GFLAGS_DLL_DEFINE_FLAG= /D GFLAGS_DLL_DECLARE_FLAG= /D GFLAGS_DLL_DECL= /D GOOGLE_GLOG_DLL_DECL= /D CERES_STD_UNORDERED_MAP /D WITH_LIBMV_GUARDED_ALLOC /D LIBMV_NO_FAST_DETECTOR= /D DEBUG /D _DEBUG /D "CMAKE_INTDIR=\"Debug\"" /D _MBCS /Gm- /EHsc /RTC1 /MTd /GS /fp:precise /Zc:wchar_t /Zc:forScope /GR /openmp /Fo"bf_intern_libmv.dir\Debug\/libmv/simple_pipeline/camera_intrinsics.cc.obj" /Fd"bf_intern_libmv.dir\Debug\vc120.pdb" /Gd /TP /wd4018 /wd4146 /wd4065 /wd4127 /wd4181 /wd4200 /wd4244 /wd4267 /wd4305 /wd4800 /errorReport:prompt /we4013 /we4431  /w34062 /J D:\blenderDev\blender\intern\libmv\libmv\simple_pipeline\camera_intrinsics.cc
         camera_intrinsics.cc
         D:\Microsoft Visual Studio 12.0\VC\bin\x86_amd64\CL.exe /c /ID:\blenderDev\lib\win64_vc12\pthreads\include /ID:\blenderDev\blender\intern\libmv /ID:\blenderDev\blender\extern\gflags\src /ID:\blenderDev\blender\extern\glog\src /ID:\blenderDev\blender\extern\ceres\include /ID:\blenderDev\blender\extern\ceres\config /ID:\blenderDev\blender\intern\guardedalloc /ID:\blenderDev\blender\extern\Eigen3 /ID:\blenderDev\lib\win64_vc12\png\include /ID:\blenderDev\lib\win64_vc12\zlib\include /Zi /nologo /W3 /WX- /MP /Od /Ob0 /D WIN32 /D _WINDOWS /D _DEBUG /D WIN32 /D _CRT_NONSTDC_NO_DEPRECATE /D _CRT_SECURE_NO_DEPRECATE /D _SCL_SECURE_NO_DEPRECATE /D _CONSOLE /D _LIB /D _ALLOW_KEYWORD_MACROS /D _WIN32_WINNT=0x600 /D OIIO_STATIC_BUILD /D __SSE__ /D __MMX__ /D __SSE2__ /D __LITTLE_ENDIAN__ /D GFLAGS_DLL_DEFINE_FLAG= /D GFLAGS_DLL_DECLARE_FLAG= /D GFLAGS_DLL_DECL= /D GOOGLE_GLOG_DLL_DECL= /D CERES_STD_UNORDERED_MAP /D WITH_LIBMV_GUARDED_ALLOC /D LIBMV_NO_FAST_DETECTOR= /D DEBUG /D _DEBUG /D "CMAKE_INTDIR=\"Debug\"" /D _MBCS /Gm- /EHsc /RTC1 /MTd /GS /fp:precise /Zc:wchar_t /Zc:forScope /GR /openmp /Fo"bf_intern_libmv.dir\Debug\/libmv/simple_pipeline/reconstruction.cc.obj" /Fd"bf_intern_libmv.dir\Debug\vc120.pdb" /Gd /TP /wd4018 /wd4146 /wd4065 /wd4127 /wd4181 /wd4200 /wd4244 /wd4267 /wd4305 /wd4800 /errorReport:prompt /we4013 /we4431  /w34062 /J D:\blenderDev\blender\intern\libmv\libmv\simple_pipeline\reconstruction.cc
         reconstruction.cc
         D:\Microsoft Visual Studio 12.0\VC\bin\x86_amd64\CL.exe /c /ID:\blenderDev\lib\win64_vc12\pthreads\include /ID:\blenderDev\blender\intern\libmv /ID:\blenderDev\blender\extern\gflags\src /ID:\blenderDev\blender\extern\glog\src /ID:\blenderDev\blender\extern\ceres\include /ID:\blenderDev\blender\extern\ceres\config /ID:\blenderDev\blender\intern\guardedalloc /ID:\blenderDev\blender\extern\Eigen3 /ID:\blenderDev\lib\win64_vc12\png\include /ID:\blenderDev\lib\win64_vc12\zlib\include /Zi /nologo /W3 /WX- /MP /Od /Ob0 /D WIN32 /D _WINDOWS /D _DEBUG /D WIN32 /D _CRT_NONSTDC_NO_DEPRECATE /D _CRT_SECURE_NO_DEPRECATE /D _SCL_SECURE_NO_DEPRECATE /D _CONSOLE /D _LIB /D _ALLOW_KEYWORD_MACROS /D _WIN32_WINNT=0x600 /D OIIO_STATIC_BUILD /D __SSE__ /D __MMX__ /D __SSE2__ /D __LITTLE_ENDIAN__ /D GFLAGS_DLL_DEFINE_FLAG= /D GFLAGS_DLL_DECLARE_FLAG= /D GFLAGS_DLL_DECL= /D GOOGLE_GLOG_DLL_DECL= /D CERES_STD_UNORDERED_MAP /D WITH_LIBMV_GUARDED_ALLOC /D LIBMV_NO_FAST_DETECTOR= /D DEBUG /D _DEBUG /D "CMAKE_INTDIR=\"Debug\"" /D _MBCS /Gm- /EHsc /RTC1 /MTd /GS /fp:precise /Zc:wchar_t /Zc:forScope /GR /openmp /Fo"bf_intern_libmv.dir\Debug\/libmv/simple_pipeline/tracks.cc.obj" /Fd"bf_intern_libmv.dir\Debug\vc120.pdb" /Gd /TP /wd4018 /wd4146 /wd4065 /wd4127 /wd4181 /wd4200 /wd4244 /wd4267 /wd4305 /wd4800 /errorReport:prompt /we4013 /we4431  /w34062 /J D:\blenderDev\blender\intern\libmv\libmv\simple_pipeline\tracks.cc
         tracks.cc
         D:\Microsoft Visual Studio 12.0\VC\bin\x86_amd64\CL.exe /c /ID:\blenderDev\lib\win64_vc12\pthreads\include /ID:\blenderDev\blender\intern\libmv /ID:\blenderDev\blender\extern\gflags\src /ID:\blenderDev\blender\extern\glog\src /ID:\blenderDev\blender\extern\ceres\include /ID:\blenderDev\blender\extern\ceres\config /ID:\blenderDev\blender\intern\guardedalloc /ID:\blenderDev\blender\extern\Eigen3 /ID:\blenderDev\lib\win64_vc12\png\include /ID:\blenderDev\lib\win64_vc12\zlib\include /Zi /nologo /W3 /WX- /MP /Od /Ob0 /D WIN32 /D _WINDOWS /D _DEBUG /D WIN32 /D _CRT_NONSTDC_NO_DEPRECATE /D _CRT_SECURE_NO_DEPRECATE /D _SCL_SECURE_NO_DEPRECATE /D _CONSOLE /D _LIB /D _ALLOW_KEYWORD_MACROS /D _WIN32_WINNT=0x600 /D OIIO_STATIC_BUILD /D __SSE__ /D __MMX__ /D __SSE2__ /D __LITTLE_ENDIAN__ /D GFLAGS_DLL_DEFINE_FLAG= /D GFLAGS_DLL_DECLARE_FLAG= /D GFLAGS_DLL_DECL= /D GOOGLE_GLOG_DLL_DECL= /D CERES_STD_UNORDERED_MAP /D WITH_LIBMV_GUARDED_ALLOC /D LIBMV_NO_FAST_DETECTOR= /D DEBUG /D _DEBUG /D "CMAKE_INTDIR=\"Debug\"" /D _MBCS /Gm- /EHsc /RTC1 /MTd /GS /fp:precise /Zc:wchar_t /Zc:forScope /GR /openmp /Fo"bf_intern_libmv.dir\Debug\/libmv/tracking/track_region.cc.obj" /Fd"bf_intern_libmv.dir\Debug\vc120.pdb" /Gd /TP /wd4018 /wd4146 /wd4065 /wd4127 /wd4181 /wd4200 /wd4244 /wd4267 /wd4305 /wd4800 /errorReport:prompt /we4013 /we4431  /w34062 /J D:\blenderDev\blender\intern\libmv\libmv\tracking\track_region.cc
         track_region.cc
     1>D:\blenderDev\blender\extern\ceres\include\ceres/types.h : warning C4819: The file contains a character that cannot be represented in the current code page (936). Save the file in Unicode format to prevent data loss
     1>D:\blenderDev\blender\extern\ceres\include\ceres/gradient_problem_solver.h : warning C4819: The file contains a character that cannot be represented in the current code page (936). Save the file in Unicode format to prevent data loss
     1>D:\blenderDev\blender\extern\ceres\include\ceres/solver.h : warning C4819: The file contains a character that cannot be represented in the current code page (936). Save the file in Unicode format to prevent data loss
       Lib:
         D:\Microsoft Visual Studio 12.0\VC\bin\x86_amd64\Lib.exe /OUT:"D:\blenderDev\product\lib\Debug\bf_intern_libmv.lib" /NOLOGO /MACHINE:X64  /ignore:4221 bf_intern_libmv.dir\Debug\detector.obj
         bf_intern_libmv.dir\Debug\frame_accessor.obj
         bf_intern_libmv.dir\Debug\image.obj
         bf_intern_libmv.dir\Debug\logging.obj
         bf_intern_libmv.dir\Debug\tracksN.obj
         bf_intern_libmv.dir\Debug\predict_tracks.obj
         bf_intern_libmv.dir\Debug\aligned_malloc.obj
         bf_intern_libmv.dir\Debug\array_nd.obj
         bf_intern_libmv.dir\Debug\convolve.obj
         bf_intern_libmv.dir\Debug\conditioning.obj
         bf_intern_libmv.dir\Debug\euclidean_resection.obj
         bf_intern_libmv.dir\Debug\fundamental.obj
         bf_intern_libmv.dir\Debug\panography.obj
         bf_intern_libmv.dir\Debug\panography_kernel.obj
         bf_intern_libmv.dir\Debug\projection.obj
         bf_intern_libmv.dir\Debug\triangulation.obj
         bf_intern_libmv.dir\Debug\numeric.obj
         bf_intern_libmv.dir\Debug\poly.obj
         bf_intern_libmv.dir\Debug\bundle.obj
         bf_intern_libmv.dir\Debug\detect.obj
         bf_intern_libmv.dir\Debug\distortion_models.obj
         bf_intern_libmv.dir\Debug\initialize_reconstruction.obj
         bf_intern_libmv.dir\Debug\intersect.obj
         bf_intern_libmv.dir\Debug\keyframe_selection.obj
         bf_intern_libmv.dir\Debug\modal_solver.obj
         bf_intern_libmv.dir\Debug\pipeline.obj
         bf_intern_libmv.dir\Debug\reconstruction_scale.obj
         bf_intern_libmv.dir\Debug\resect.obj
         bf_intern_libmv.dir\Debug\brute_region_tracker.obj
         bf_intern_libmv.dir\Debug\hybrid_region_tracker.obj
         bf_intern_libmv.dir\Debug\klt_region_tracker.obj
         bf_intern_libmv.dir\Debug\pyramid_region_tracker.obj
         bf_intern_libmv.dir\Debug\retrack_region_tracker.obj
         bf_intern_libmv.dir\Debug\trklt_region_tracker.obj
         bf_intern_libmv.dir\Debug\/intern/autotrack.cc.obj
         bf_intern_libmv.dir\Debug\/intern/camera_intrinsics.cc.obj
         bf_intern_libmv.dir\Debug\/intern/homography.cc.obj
         bf_intern_libmv.dir\Debug\/intern/reconstruction.cc.obj
         bf_intern_libmv.dir\Debug\/intern/track_region.cc.obj
         bf_intern_libmv.dir\Debug\/intern/tracks.cc.obj
         bf_intern_libmv.dir\Debug\/libmv/autotrack/autotrack.cc.obj
         bf_intern_libmv.dir\Debug\/libmv/autotrack/tracks.cc.obj
         bf_intern_libmv.dir\Debug\/libmv/multiview/homography.cc.obj
         bf_intern_libmv.dir\Debug\/libmv/simple_pipeline/camera_intrinsics.cc.obj
         bf_intern_libmv.dir\Debug\/libmv/simple_pipeline/reconstruction.cc.obj
         bf_intern_libmv.dir\Debug\/libmv/simple_pipeline/tracks.cc.obj
         bf_intern_libmv.dir\Debug\/libmv/tracking/track_region.cc.obj
         bf_intern_libmv.vcxproj -> D:\blenderDev\product\lib\Debug\bf_intern_libmv.lib
     1>Done Building Project "D:\blenderDev\product\intern\libmv\bf_intern_libmv.vcxproj" (Build target(s)).

Build succeeded.

Time Elapsed 00:05:51.01
