Build started 2016/4/2 8:22:09.
     1>Project "D:\blenderDev\product\source\blender\blenloader\bf_blenloader.vcxproj" on node 2 (Build target(s)).
     1>CustomBuild:
         Building Custom Rule D:/blenderDev/blender/source/blender/blenloader/CMakeLists.txt
         CMake does not need to re-run because D:\blenderDev\product\source\blender\blenloader\CMakeFiles\generate.stamp is up-to-date.
       ClCompile:
         D:\Microsoft Visual Studio 12.0\VC\bin\x86_amd64\CL.exe /c /ID:\blenderDev\lib\win64_vc12\pthreads\include /ID:\blenderDev\blender\source\blender\blenloader /ID:\blenderDev\blender\source\blender\blenfont /ID:\blenderDev\blender\source\blender\blenkernel /ID:\blenderDev\blender\source\blender\blenlib /ID:\blenderDev\blender\source\blender\blentranslation /ID:\blenderDev\blender\source\blender\imbuf /ID:\blenderDev\blender\source\blender\makesdna /ID:\blenderDev\blender\source\blender\makesrna /ID:\blenderDev\blender\source\blender\nodes /ID:\blenderDev\blender\source\blender\render\extern\include /ID:\blenderDev\blender\intern\guardedalloc /ID:\blenderDev\lib\win64_vc12\zlib\include /Zi /nologo /W3 /WX- /MP /Od /Ob0 /D WIN32 /D _WINDOWS /D _DEBUG /D WIN32 /D _CRT_NONSTDC_NO_DEPRECATE /D _CRT_SECURE_NO_DEPRECATE /D _SCL_SECURE_NO_DEPRECATE /D _CONSOLE /D _LIB /D _ALLOW_KEYWORD_MACROS /D _WIN32_WINNT=0x600 /D OIIO_STATIC_BUILD /D __SSE__ /D __MMX__ /D __SSE2__ /D __LITTLE_ENDIAN__ /D WITH_BUILDINFO /D WITH_INTERNATIONAL /D WITH_FFMPEG /D DEBUG /D _DEBUG /D "CMAKE_INTDIR=\"Debug\"" /D _MBCS /Gm- /RTC1 /MTd /GS /fp:precise /Zc:wchar_t /Zc:forScope /openmp /Fo"bf_blenloader.dir\Debug\\" /Fd"bf_blenloader.dir\Debug\vc120.pdb" /Gd /TC /wd4018 /wd4146 /wd4065 /wd4127 /wd4181 /wd4200 /wd4244 /wd4267 /wd4305 /wd4800 /errorReport:prompt /we4013 /we4431  /w34062 /J D:\blenderDev\blender\source\blender\blenloader\intern\readblenentry.c D:\blenderDev\blender\source\blender\blenloader\intern\readfile.c D:\blenderDev\blender\source\blender\blenloader\intern\runtime.c D:\blenderDev\blender\source\blender\blenloader\intern\undofile.c D:\blenderDev\blender\source\blender\blenloader\intern\versioning_250.c D:\blenderDev\blender\source\blender\blenloader\intern\versioning_260.c D:\blenderDev\blender\source\blender\blenloader\intern\versioning_270.c D:\blenderDev\blender\source\blender\blenloader\intern\versioning_defaults.c D:\blenderDev\blender\source\blender\blenloader\intern\versioning_legacy.c D:\blenderDev\blender\source\blender\blenloader\intern\writefile.c
         readblenentry.c
         readfile.c
         runtime.c
         undofile.c
         versioning_250.c
         versioning_260.c
         versioning_270.c
         versioning_defaults.c
         versioning_legacy.c
         writefile.c
       Lib:
         D:\Microsoft Visual Studio 12.0\VC\bin\x86_amd64\Lib.exe /OUT:"D:\blenderDev\product\lib\Debug\bf_blenloader.lib" /NOLOGO /MACHINE:X64  /ignore:4221 bf_blenloader.dir\Debug\readblenentry.obj
         bf_blenloader.dir\Debug\readfile.obj
         bf_blenloader.dir\Debug\runtime.obj
         bf_blenloader.dir\Debug\undofile.obj
         bf_blenloader.dir\Debug\versioning_250.obj
         bf_blenloader.dir\Debug\versioning_260.obj
         bf_blenloader.dir\Debug\versioning_270.obj
         bf_blenloader.dir\Debug\versioning_defaults.obj
         bf_blenloader.dir\Debug\versioning_legacy.obj
         bf_blenloader.dir\Debug\writefile.obj
         bf_blenloader.vcxproj -> D:\blenderDev\product\lib\Debug\bf_blenloader.lib
     1>Done Building Project "D:\blenderDev\product\source\blender\blenloader\bf_blenloader.vcxproj" (Build target(s)).

Build succeeded.

Time Elapsed 00:00:03.36
