Build started 2016/4/2 8:23:37.
     1>Project "D:\blenderDev\product\intern\audaspace\bf_intern_audaspace.vcxproj" on node 5 (Build target(s)).
     1>CustomBuild:
         Building Custom Rule D:/blenderDev/blender/intern/audaspace/CMakeLists.txt
         CMake does not need to re-run because D:\blenderDev\product\intern\audaspace\CMakeFiles\generate.stamp is up-to-date.
       ClCompile:
         D:\Microsoft Visual Studio 12.0\VC\bin\x86_amd64\CL.exe /c /ID:\blenderDev\lib\win64_vc12\pthreads\include /ID:\blenderDev\blender\intern\audaspace /ID:\blenderDev\blender\intern\audaspace\FX /ID:\blenderDev\blender\intern\audaspace\intern /ID:\blenderDev\blender\intern\ffmpeg /ID:\blenderDev\blender\intern\audaspace\ffmpeg /ID:\blenderDev\blender\intern\audaspace\SDL /ID:\blenderDev\blender\intern\audaspace\OpenAL /ID:\blenderDev\blender\intern\audaspace\Python /ID:\blenderDev\lib\win64_vc12\boost\include /ID:\blenderDev\lib\win64_vc12\ffmpeg\include /ID:\blenderDev\lib\win64_vc12\ffmpeg\include\msvc /ID:\blenderDev\lib\win64_vc12\sdl\include /ID:\blenderDev\lib\win64_vc12\openal\include /ID:\blenderDev\lib\win64_vc12\python\include\python3.5 /Zi /nologo /W3 /WX- /MP /Od /Ob0 /D WIN32 /D _WINDOWS /D _DEBUG /D WIN32 /D _CRT_NONSTDC_NO_DEPRECATE /D _CRT_SECURE_NO_DEPRECATE /D _SCL_SECURE_NO_DEPRECATE /D _CONSOLE /D _LIB /D _ALLOW_KEYWORD_MACROS /D _WIN32_WINNT=0x600 /D OIIO_STATIC_BUILD /D __SSE__ /D __MMX__ /D __SSE2__ /D __LITTLE_ENDIAN__ /D WITH_FFMPEG /D WITH_SDL /D WITH_OPENAL /D WITH_PYTHON /D DEBUG /D _DEBUG /D "CMAKE_INTDIR=\"Debug\"" /D _MBCS /Gm- /EHsc /RTC1 /MTd /GS /fp:precise /Zc:wchar_t /Zc:forScope /GR /openmp /Fo"bf_intern_audaspace.dir\Debug\\" /Fd"bf_intern_audaspace.dir\Debug\vc120.pdb" /Gd /TP /wd4018 /wd4146 /wd4065 /wd4127 /wd4181 /wd4200 /wd4244 /wd4267 /wd4305 /wd4800 /errorReport:prompt /we4013 /we4431  /w34062 /J D:\blenderDev\blender\intern\audaspace\FX\AUD_AccumulatorFactory.cpp D:\blenderDev\blender\intern\audaspace\FX\AUD_BandpassCalculator.cpp D:\blenderDev\blender\intern\audaspace\FX\AUD_BaseIIRFilterReader.cpp D:\blenderDev\blender\intern\audaspace\FX\AUD_ButterworthCalculator.cpp D:\blenderDev\blender\intern\audaspace\FX\AUD_ButterworthFactory.cpp D:\blenderDev\blender\intern\audaspace\FX\AUD_CallbackIIRFilterReader.cpp D:\blenderDev\blender\intern\audaspace\FX\AUD_DelayFactory.cpp D:\blenderDev\blender\intern\audaspace\FX\AUD_DelayReader.cpp D:\blenderDev\blender\intern\audaspace\FX\AUD_DoubleFactory.cpp D:\blenderDev\blender\intern\audaspace\FX\AUD_DoubleReader.cpp D:\blenderDev\blender\intern\audaspace\FX\AUD_DynamicIIRFilterFactory.cpp D:\blenderDev\blender\intern\audaspace\FX\AUD_DynamicIIRFilterReader.cpp D:\blenderDev\blender\intern\audaspace\FX\AUD_EffectFactory.cpp D:\blenderDev\blender\intern\audaspace\FX\AUD_EffectReader.cpp D:\blenderDev\blender\intern\audaspace\FX\AUD_EnvelopeFactory.cpp D:\blenderDev\blender\intern\audaspace\FX\AUD_FaderFactory.cpp D:\blenderDev\blender\intern\audaspace\FX\AUD_FaderReader.cpp D:\blenderDev\blender\intern\audaspace\FX\AUD_HighpassCalculator.cpp D:\blenderDev\blender\intern\audaspace\FX\AUD_HighpassFactory.cpp D:\blenderDev\blender\intern\audaspace\FX\AUD_IIRFilterFactory.cpp D:\blenderDev\blender\intern\audaspace\FX\AUD_IIRFilterReader.cpp D:\blenderDev\blender\intern\audaspace\FX\AUD_LimiterFactory.cpp D:\blenderDev\blender\intern\audaspace\FX\AUD_LimiterReader.cpp D:\blenderDev\blender\intern\audaspace\FX\AUD_LoopFactory.cpp D:\blenderDev\blender\intern\audaspace\FX\AUD_LoopReader.cpp D:\blenderDev\blender\intern\audaspace\FX\AUD_LowpassCalculator.cpp D:\blenderDev\blender\intern\audaspace\FX\AUD_LowpassFactory.cpp D:\blenderDev\blender\intern\audaspace\FX\AUD_PingPongFactory.cpp D:\blenderDev\blender\intern\audaspace\FX\AUD_PitchFactory.cpp D:\blenderDev\blender\intern\audaspace\FX\AUD_PitchReader.cpp D:\blenderDev\blender\intern\audaspace\FX\AUD_RectifyFactory.cpp D:\blenderDev\blender\intern\audaspace\FX\AUD_ReverseFactory.cpp D:\blenderDev\blender\intern\audaspace\FX\AUD_ReverseReader.cpp D:\blenderDev\blender\intern\audaspace\FX\AUD_SquareFactory.cpp D:\blenderDev\blender\intern\audaspace\FX\AUD_SumFactory.cpp D:\blenderDev\blender\intern\audaspace\FX\AUD_SuperposeFactory.cpp D:\blenderDev\blender\intern\audaspace\FX\AUD_SuperposeReader.cpp D:\blenderDev\blender\intern\audaspace\FX\AUD_VolumeFactory.cpp D:\blenderDev\blender\intern\audaspace\intern\AUD_AnimateableProperty.cpp D:\blenderDev\blender\intern\audaspace\intern\AUD_Buffer.cpp D:\blenderDev\blender\intern\audaspace\intern\AUD_BufferReader.cpp "D:\blenderDev\blender\intern\audaspace\intern\AUD_C-API.cpp" D:\blenderDev\blender\intern\audaspace\intern\AUD_ChannelMapperFactory.cpp D:\blenderDev\blender\intern\audaspace\intern\AUD_ChannelMapperReader.cpp D:\blenderDev\blender\intern\audaspace\intern\AUD_ConverterFactory.cpp D:\blenderDev\blender\intern\audaspace\intern\AUD_ConverterFunctions.cpp D:\blenderDev\blender\intern\audaspace\intern\AUD_ConverterReader.cpp D:\blenderDev\blender\intern\audaspace\intern\AUD_FileFactory.cpp D:\blenderDev\blender\intern\audaspace\intern\AUD_FileWriter.cpp D:\blenderDev\blender\intern\audaspace\intern\AUD_JOSResampleFactory.cpp D:\blenderDev\blender\intern\audaspace\intern\AUD_JOSResampleReader.cpp D:\blenderDev\blender\intern\audaspace\intern\AUD_LinearResampleFactory.cpp D:\blenderDev\blender\intern\audaspace\intern\AUD_LinearResampleReader.cpp D:\blenderDev\blender\intern\audaspace\intern\AUD_Mixer.cpp D:\blenderDev\blender\intern\audaspace\intern\AUD_MixerFactory.cpp D:\blenderDev\blender\intern\audaspace\intern\AUD_NULLDevice.cpp D:\blenderDev\blender\intern\audaspace\intern\AUD_ReadDevice.cpp D:\blenderDev\blender\intern\audaspace\intern\AUD_ResampleReader.cpp D:\blenderDev\blender\intern\audaspace\intern\AUD_Sequencer.cpp D:\blenderDev\blender\intern\audaspace\intern\AUD_SequencerEntry.cpp D:\blenderDev\blender\intern\audaspace\intern\AUD_SequencerFactory.cpp D:\blenderDev\blender\intern\audaspace\intern\AUD_SequencerHandle.cpp D:\blenderDev\blender\intern\audaspace\intern\AUD_SequencerReader.cpp D:\blenderDev\blender\intern\audaspace\intern\AUD_Set.cpp D:\blenderDev\blender\intern\audaspace\intern\AUD_SilenceFactory.cpp D:\blenderDev\blender\intern\audaspace\intern\AUD_SilenceReader.cpp D:\blenderDev\blender\intern\audaspace\intern\AUD_SinusFactory.cpp D:\blenderDev\blender\intern\audaspace\intern\AUD_SinusReader.cpp D:\blenderDev\blender\intern\audaspace\intern\AUD_SoftwareDevice.cpp D:\blenderDev\blender\intern\audaspace\intern\AUD_StreamBufferFactory.cpp D:\blenderDev\blender\intern\audaspace\ffmpeg\AUD_FFMPEGFactory.cpp D:\blenderDev\blender\intern\audaspace\ffmpeg\AUD_FFMPEGReader.cpp D:\blenderDev\blender\intern\audaspace\ffmpeg\AUD_FFMPEGWriter.cpp D:\blenderDev\blender\intern\audaspace\SDL\AUD_SDLDevice.cpp D:\blenderDev\blender\intern\audaspace\OpenAL\AUD_OpenALDevice.cpp D:\blenderDev\blender\intern\audaspace\Python\AUD_PyAPI.cpp
         AUD_AccumulatorFactory.cpp
         AUD_BandpassCalculator.cpp
         AUD_BaseIIRFilterReader.cpp
         AUD_ButterworthCalculator.cpp
         AUD_ButterworthFactory.cpp
         AUD_CallbackIIRFilterReader.cpp
         AUD_DelayFactory.cpp
         AUD_DelayReader.cpp
         AUD_DoubleFactory.cpp
         AUD_DoubleReader.cpp
         AUD_DynamicIIRFilterFactory.cpp
         AUD_DynamicIIRFilterReader.cpp
         AUD_EffectFactory.cpp
         AUD_EffectReader.cpp
         AUD_EnvelopeFactory.cpp
         AUD_FaderFactory.cpp
         AUD_FaderReader.cpp
         AUD_HighpassCalculator.cpp
         AUD_HighpassFactory.cpp
         AUD_IIRFilterFactory.cpp
         AUD_IIRFilterReader.cpp
         AUD_LimiterFactory.cpp
         AUD_LimiterReader.cpp
         AUD_LoopFactory.cpp
         AUD_LoopReader.cpp
         AUD_LowpassCalculator.cpp
         AUD_LowpassFactory.cpp
         AUD_PingPongFactory.cpp
         AUD_PitchFactory.cpp
         AUD_PitchReader.cpp
         AUD_RectifyFactory.cpp
         AUD_ReverseFactory.cpp
         AUD_ReverseReader.cpp
         AUD_SquareFactory.cpp
         AUD_SumFactory.cpp
         AUD_SuperposeFactory.cpp
         AUD_SuperposeReader.cpp
         AUD_VolumeFactory.cpp
         AUD_AnimateableProperty.cpp
         AUD_Buffer.cpp
         AUD_BufferReader.cpp
         AUD_C-API.cpp
         AUD_ChannelMapperFactory.cpp
         AUD_ChannelMapperReader.cpp
         AUD_ConverterFactory.cpp
         AUD_ConverterFunctions.cpp
         AUD_ConverterReader.cpp
         AUD_FileFactory.cpp
         AUD_FileWriter.cpp
         AUD_JOSResampleFactory.cpp
         AUD_JOSResampleReader.cpp
         AUD_LinearResampleFactory.cpp
         AUD_LinearResampleReader.cpp
         AUD_Mixer.cpp
         AUD_MixerFactory.cpp
         AUD_NULLDevice.cpp
         AUD_ReadDevice.cpp
         AUD_ResampleReader.cpp
         AUD_Sequencer.cpp
         AUD_SequencerEntry.cpp
         AUD_SequencerFactory.cpp
         AUD_SequencerHandle.cpp
         AUD_SequencerReader.cpp
         AUD_Set.cpp
         AUD_SilenceFactory.cpp
         AUD_SilenceReader.cpp
         AUD_SinusFactory.cpp
         AUD_SinusReader.cpp
         AUD_SoftwareDevice.cpp
         AUD_StreamBufferFactory.cpp
         AUD_FFMPEGFactory.cpp
         AUD_FFMPEGReader.cpp
         AUD_FFMPEGWriter.cpp
         AUD_SDLDevice.cpp
         AUD_OpenALDevice.cpp
         AUD_PyAPI.cpp
       Lib:
         D:\Microsoft Visual Studio 12.0\VC\bin\x86_amd64\Lib.exe /OUT:"D:\blenderDev\product\lib\Debug\bf_intern_audaspace.lib" /NOLOGO /MACHINE:X64  /ignore:4221 bf_intern_audaspace.dir\Debug\AUD_AccumulatorFactory.obj
         bf_intern_audaspace.dir\Debug\AUD_BandpassCalculator.obj
         bf_intern_audaspace.dir\Debug\AUD_BaseIIRFilterReader.obj
         bf_intern_audaspace.dir\Debug\AUD_ButterworthCalculator.obj
         bf_intern_audaspace.dir\Debug\AUD_ButterworthFactory.obj
         bf_intern_audaspace.dir\Debug\AUD_CallbackIIRFilterReader.obj
         bf_intern_audaspace.dir\Debug\AUD_DelayFactory.obj
         bf_intern_audaspace.dir\Debug\AUD_DelayReader.obj
         bf_intern_audaspace.dir\Debug\AUD_DoubleFactory.obj
         bf_intern_audaspace.dir\Debug\AUD_DoubleReader.obj
         bf_intern_audaspace.dir\Debug\AUD_DynamicIIRFilterFactory.obj
         bf_intern_audaspace.dir\Debug\AUD_DynamicIIRFilterReader.obj
         bf_intern_audaspace.dir\Debug\AUD_EffectFactory.obj
         bf_intern_audaspace.dir\Debug\AUD_EffectReader.obj
         bf_intern_audaspace.dir\Debug\AUD_EnvelopeFactory.obj
         bf_intern_audaspace.dir\Debug\AUD_FaderFactory.obj
         bf_intern_audaspace.dir\Debug\AUD_FaderReader.obj
         bf_intern_audaspace.dir\Debug\AUD_HighpassCalculator.obj
         bf_intern_audaspace.dir\Debug\AUD_HighpassFactory.obj
         bf_intern_audaspace.dir\Debug\AUD_IIRFilterFactory.obj
         bf_intern_audaspace.dir\Debug\AUD_IIRFilterReader.obj
         bf_intern_audaspace.dir\Debug\AUD_LimiterFactory.obj
         bf_intern_audaspace.dir\Debug\AUD_LimiterReader.obj
         bf_intern_audaspace.dir\Debug\AUD_LoopFactory.obj
         bf_intern_audaspace.dir\Debug\AUD_LoopReader.obj
         bf_intern_audaspace.dir\Debug\AUD_LowpassCalculator.obj
         bf_intern_audaspace.dir\Debug\AUD_LowpassFactory.obj
         bf_intern_audaspace.dir\Debug\AUD_PingPongFactory.obj
         bf_intern_audaspace.dir\Debug\AUD_PitchFactory.obj
         bf_intern_audaspace.dir\Debug\AUD_PitchReader.obj
         bf_intern_audaspace.dir\Debug\AUD_RectifyFactory.obj
         bf_intern_audaspace.dir\Debug\AUD_ReverseFactory.obj
         bf_intern_audaspace.dir\Debug\AUD_ReverseReader.obj
         bf_intern_audaspace.dir\Debug\AUD_SquareFactory.obj
         bf_intern_audaspace.dir\Debug\AUD_SumFactory.obj
         bf_intern_audaspace.dir\Debug\AUD_SuperposeFactory.obj
         bf_intern_audaspace.dir\Debug\AUD_SuperposeReader.obj
         bf_intern_audaspace.dir\Debug\AUD_VolumeFactory.obj
         bf_intern_audaspace.dir\Debug\AUD_AnimateableProperty.obj
         bf_intern_audaspace.dir\Debug\AUD_Buffer.obj
         bf_intern_audaspace.dir\Debug\AUD_BufferReader.obj
         "bf_intern_audaspace.dir\Debug\AUD_C-API.obj"
         bf_intern_audaspace.dir\Debug\AUD_ChannelMapperFactory.obj
         bf_intern_audaspace.dir\Debug\AUD_ChannelMapperReader.obj
         bf_intern_audaspace.dir\Debug\AUD_ConverterFactory.obj
         bf_intern_audaspace.dir\Debug\AUD_ConverterFunctions.obj
         bf_intern_audaspace.dir\Debug\AUD_ConverterReader.obj
         bf_intern_audaspace.dir\Debug\AUD_FileFactory.obj
         bf_intern_audaspace.dir\Debug\AUD_FileWriter.obj
         bf_intern_audaspace.dir\Debug\AUD_JOSResampleFactory.obj
         bf_intern_audaspace.dir\Debug\AUD_JOSResampleReader.obj
         bf_intern_audaspace.dir\Debug\AUD_LinearResampleFactory.obj
         bf_intern_audaspace.dir\Debug\AUD_LinearResampleReader.obj
         bf_intern_audaspace.dir\Debug\AUD_Mixer.obj
         bf_intern_audaspace.dir\Debug\AUD_MixerFactory.obj
         bf_intern_audaspace.dir\Debug\AUD_NULLDevice.obj
         bf_intern_audaspace.dir\Debug\AUD_ReadDevice.obj
         bf_intern_audaspace.dir\Debug\AUD_ResampleReader.obj
         bf_intern_audaspace.dir\Debug\AUD_Sequencer.obj
         bf_intern_audaspace.dir\Debug\AUD_SequencerEntry.obj
         bf_intern_audaspace.dir\Debug\AUD_SequencerFactory.obj
         bf_intern_audaspace.dir\Debug\AUD_SequencerHandle.obj
         bf_intern_audaspace.dir\Debug\AUD_SequencerReader.obj
         bf_intern_audaspace.dir\Debug\AUD_Set.obj
         bf_intern_audaspace.dir\Debug\AUD_SilenceFactory.obj
         bf_intern_audaspace.dir\Debug\AUD_SilenceReader.obj
         bf_intern_audaspace.dir\Debug\AUD_SinusFactory.obj
         bf_intern_audaspace.dir\Debug\AUD_SinusReader.obj
         bf_intern_audaspace.dir\Debug\AUD_SoftwareDevice.obj
         bf_intern_audaspace.dir\Debug\AUD_StreamBufferFactory.obj
         bf_intern_audaspace.dir\Debug\AUD_FFMPEGFactory.obj
         bf_intern_audaspace.dir\Debug\AUD_FFMPEGReader.obj
         bf_intern_audaspace.dir\Debug\AUD_FFMPEGWriter.obj
         bf_intern_audaspace.dir\Debug\AUD_SDLDevice.obj
         bf_intern_audaspace.dir\Debug\AUD_OpenALDevice.obj
         bf_intern_audaspace.dir\Debug\AUD_PyAPI.obj
         bf_intern_audaspace.vcxproj -> D:\blenderDev\product\lib\Debug\bf_intern_audaspace.lib
     1>Done Building Project "D:\blenderDev\product\intern\audaspace\bf_intern_audaspace.vcxproj" (Build target(s)).

Build succeeded.

Time Elapsed 00:00:47.33
