Build started 2016/4/2 8:24:46.
     1>Project "D:\blenderDev\product\intern\guardedalloc\bf_intern_guardedalloc.vcxproj" on node 5 (Build target(s)).
     1>CustomBuild:
         Building Custom Rule D:/blenderDev/blender/intern/guardedalloc/CMakeLists.txt
         CMake does not need to re-run because D:\blenderDev\product\intern\guardedalloc\CMakeFiles\generate.stamp is up-to-date.
       ClCompile:
         D:\Microsoft Visual Studio 12.0\VC\bin\x86_amd64\CL.exe /c /ID:\blenderDev\lib\win64_vc12\pthreads\include /ID:\blenderDev\blender\intern\guardedalloc /ID:\blenderDev\blender\intern\atomic /Zi /nologo /W3 /WX- /MP /Od /Ob0 /D WIN32 /D _WINDOWS /D _DEBUG /D WIN32 /D _CRT_NONSTDC_NO_DEPRECATE /D _CRT_SECURE_NO_DEPRECATE /D _SCL_SECURE_NO_DEPRECATE /D _CONSOLE /D _LIB /D _ALLOW_KEYWORD_MACROS /D _WIN32_WINNT=0x600 /D OIIO_STATIC_BUILD /D __SSE__ /D __MMX__ /D __SSE2__ /D __LITTLE_ENDIAN__ /D DEBUG /D _DEBUG /D "CMAKE_INTDIR=\"Debug\"" /D _MBCS /Gm- /RTC1 /MTd /GS /fp:precise /Zc:wchar_t /Zc:forScope /openmp /Fo"bf_intern_guardedalloc.dir\Debug\\" /Fd"bf_intern_guardedalloc.dir\Debug\vc120.pdb" /Gd /TC /wd4018 /wd4146 /wd4065 /wd4127 /wd4181 /wd4200 /wd4244 /wd4267 /wd4305 /wd4800 /errorReport:prompt /we4013 /we4431  /w34062 /J D:\blenderDev\blender\intern\guardedalloc\intern\mallocn.c D:\blenderDev\blender\intern\guardedalloc\intern\mallocn_guarded_impl.c D:\blenderDev\blender\intern\guardedalloc\intern\mallocn_lockfree_impl.c D:\blenderDev\blender\intern\guardedalloc\intern\mmap_win.c
         mallocn.c
         mallocn_guarded_impl.c
         mallocn_lockfree_impl.c
         mmap_win.c
       Lib:
         D:\Microsoft Visual Studio 12.0\VC\bin\x86_amd64\Lib.exe /OUT:"D:\blenderDev\product\lib\Debug\bf_intern_guardedalloc.lib" /NOLOGO /MACHINE:X64  /ignore:4221 bf_intern_guardedalloc.dir\Debug\mallocn.obj
         bf_intern_guardedalloc.dir\Debug\mallocn_guarded_impl.obj
         bf_intern_guardedalloc.dir\Debug\mallocn_lockfree_impl.obj
         bf_intern_guardedalloc.dir\Debug\mmap_win.obj
         bf_intern_guardedalloc.vcxproj -> D:\blenderDev\product\lib\Debug\bf_intern_guardedalloc.lib
     1>Done Building Project "D:\blenderDev\product\intern\guardedalloc\bf_intern_guardedalloc.vcxproj" (Build target(s)).

Build succeeded.

Time Elapsed 00:00:00.84
