Build started 2016/4/2 9:20:44.
     1>Project "D:\blenderDev\product\ZERO_CHECK.vcxproj" on node 2 (Build target(s)).
     1>CustomBuild:
         Checking Build System
         CMake does not need to re-run because D:/blenderDev/product/CMakeFiles/generate.stamp is up-to-date.
         CMake does not need to re-run because D:/blenderDev/product/intern/CMakeFiles/generate.stamp is up-to-date.
         CMake does not need to re-run because D:/blenderDev/product/intern/string/CMakeFiles/generate.stamp is up-to-date.
         CMake does not need to re-run because D:/blenderDev/product/intern/ghost/CMakeFiles/generate.stamp is up-to-date.
         CMake does not need to re-run because D:/blenderDev/product/intern/guardedalloc/CMakeFiles/generate.stamp is up-to-date.
         CMake does not need to re-run because D:/blenderDev/product/intern/libmv/CMakeFiles/generate.stamp is up-to-date.
         CMake does not need to re-run because D:/blenderDev/product/intern/memutil/CMakeFiles/generate.stamp is up-to-date.
         CMake does not need to re-run because D:/blenderDev/product/intern/opencolorio/CMakeFiles/generate.stamp is up-to-date.
         CMake does not need to re-run because D:/blenderDev/product/intern/mikktspace/CMakeFiles/generate.stamp is up-to-date.
         CMake does not need to re-run because D:/blenderDev/product/intern/glew-mx/CMakeFiles/generate.stamp is up-to-date.
         CMake does not need to re-run because D:/blenderDev/product/intern/eigen/CMakeFiles/generate.stamp is up-to-date.
         CMake does not need to re-run because D:/blenderDev/product/intern/audaspace/CMakeFiles/generate.stamp is up-to-date.
         CMake does not need to re-run because D:/blenderDev/product/intern/dualcon/CMakeFiles/generate.stamp is up-to-date.
         CMake does not need to re-run because D:/blenderDev/product/intern/elbeem/CMakeFiles/generate.stamp is up-to-date.
         CMake does not need to re-run because D:/blenderDev/product/intern/smoke/CMakeFiles/generate.stamp is up-to-date.
         CMake does not need to re-run because D:/blenderDev/product/intern/iksolver/CMakeFiles/generate.stamp is up-to-date.
         CMake does not need to re-run because D:/blenderDev/product/intern/itasc/CMakeFiles/generate.stamp is up-to-date.
         CMake does not need to re-run because D:/blenderDev/product/intern/moto/CMakeFiles/generate.stamp is up-to-date.
         CMake does not need to re-run because D:/blenderDev/product/intern/cycles/CMakeFiles/generate.stamp is up-to-date.
         CMake does not need to re-run because D:/blenderDev/product/intern/cycles/blender/CMakeFiles/generate.stamp is up-to-date.
         CMake does not need to re-run because D:/blenderDev/product/intern/cycles/bvh/CMakeFiles/generate.stamp is up-to-date.
         CMake does not need to re-run because D:/blenderDev/product/intern/cycles/device/CMakeFiles/generate.stamp is up-to-date.
         CMake does not need to re-run because D:/blenderDev/product/intern/cycles/doc/CMakeFiles/generate.stamp is up-to-date.
         CMake does not need to re-run because D:/blenderDev/product/intern/cycles/doc/license/CMakeFiles/generate.stamp is up-to-date.
         CMake does not need to re-run because D:/blenderDev/product/intern/cycles/kernel/CMakeFiles/generate.stamp is up-to-date.
         CMake does not need to re-run because D:/blenderDev/product/intern/cycles/kernel/osl/CMakeFiles/generate.stamp is up-to-date.
         CMake does not need to re-run because D:/blenderDev/product/intern/cycles/kernel/shaders/CMakeFiles/generate.stamp is up-to-date.
         CMake does not need to re-run because D:/blenderDev/product/intern/cycles/render/CMakeFiles/generate.stamp is up-to-date.
         CMake does not need to re-run because D:/blenderDev/product/intern/cycles/subd/CMakeFiles/generate.stamp is up-to-date.
         CMake does not need to re-run because D:/blenderDev/product/intern/cycles/util/CMakeFiles/generate.stamp is up-to-date.
         CMake does not need to re-run because D:/blenderDev/product/intern/locale/CMakeFiles/generate.stamp is up-to-date.
         CMake does not need to re-run because D:/blenderDev/product/intern/rigidbody/CMakeFiles/generate.stamp is up-to-date.
         CMake does not need to re-run because D:/blenderDev/product/intern/utfconv/CMakeFiles/generate.stamp is up-to-date.
         CMake does not need to re-run because D:/blenderDev/product/extern/CMakeFiles/generate.stamp is up-to-date.
         CMake does not need to re-run because D:/blenderDev/product/extern/rangetree/CMakeFiles/generate.stamp is up-to-date.
         CMake does not need to re-run because D:/blenderDev/product/extern/wcwidth/CMakeFiles/generate.stamp is up-to-date.
         CMake does not need to re-run because D:/blenderDev/product/extern/bullet2/CMakeFiles/generate.stamp is up-to-date.
         CMake does not need to re-run because D:/blenderDev/product/extern/glew/CMakeFiles/generate.stamp is up-to-date.
         CMake does not need to re-run because D:/blenderDev/product/extern/recastnavigation/CMakeFiles/generate.stamp is up-to-date.
         CMake does not need to re-run because D:/blenderDev/product/extern/libopenjpeg/CMakeFiles/generate.stamp is up-to-date.
         CMake does not need to re-run because D:/blenderDev/product/extern/lzo/CMakeFiles/generate.stamp is up-to-date.
         CMake does not need to re-run because D:/blenderDev/product/extern/lzma/CMakeFiles/generate.stamp is up-to-date.
         CMake does not need to re-run because D:/blenderDev/product/extern/clew/CMakeFiles/generate.stamp is up-to-date.
         CMake does not need to re-run because D:/blenderDev/product/extern/cuew/CMakeFiles/generate.stamp is up-to-date.
         CMake does not need to re-run because D:/blenderDev/product/extern/carve/CMakeFiles/generate.stamp is up-to-date.
         CMake does not need to re-run because D:/blenderDev/product/extern/ceres/CMakeFiles/generate.stamp is up-to-date.
         CMake does not need to re-run because D:/blenderDev/product/extern/gflags/CMakeFiles/generate.stamp is up-to-date.
         CMake does not need to re-run because D:/blenderDev/product/extern/glog/CMakeFiles/generate.stamp is up-to-date.
         CMake does not need to re-run because D:/blenderDev/product/source/CMakeFiles/generate.stamp is up-to-date.
         CMake does not need to re-run because D:/blenderDev/product/source/blender/CMakeFiles/generate.stamp is up-to-date.
         CMake does not need to re-run because D:/blenderDev/product/source/blender/datatoc/CMakeFiles/generate.stamp is up-to-date.
         CMake does not need to re-run because D:/blenderDev/product/source/blender/editors/CMakeFiles/generate.stamp is up-to-date.
         CMake does not need to re-run because D:/blenderDev/product/source/blender/editors/animation/CMakeFiles/generate.stamp is up-to-date.
         CMake does not need to re-run because D:/blenderDev/product/source/blender/editors/armature/CMakeFiles/generate.stamp is up-to-date.
         CMake does not need to re-run because D:/blenderDev/product/source/blender/editors/curve/CMakeFiles/generate.stamp is up-to-date.
         CMake does not need to re-run because D:/blenderDev/product/source/blender/editors/gpencil/CMakeFiles/generate.stamp is up-to-date.
         CMake does not need to re-run because D:/blenderDev/product/source/blender/editors/interface/CMakeFiles/generate.stamp is up-to-date.
         CMake does not need to re-run because D:/blenderDev/product/source/blender/editors/io/CMakeFiles/generate.stamp is up-to-date.
         CMake does not need to re-run because D:/blenderDev/product/source/blender/editors/mask/CMakeFiles/generate.stamp is up-to-date.
         CMake does not need to re-run because D:/blenderDev/product/source/blender/editors/mesh/CMakeFiles/generate.stamp is up-to-date.
         CMake does not need to re-run because D:/blenderDev/product/source/blender/editors/metaball/CMakeFiles/generate.stamp is up-to-date.
         CMake does not need to re-run because D:/blenderDev/product/source/blender/editors/object/CMakeFiles/generate.stamp is up-to-date.
         CMake does not need to re-run because D:/blenderDev/product/source/blender/editors/physics/CMakeFiles/generate.stamp is up-to-date.
         CMake does not need to re-run because D:/blenderDev/product/source/blender/editors/render/CMakeFiles/generate.stamp is up-to-date.
         CMake does not need to re-run because D:/blenderDev/product/source/blender/editors/screen/CMakeFiles/generate.stamp is up-to-date.
         CMake does not need to re-run because D:/blenderDev/product/source/blender/editors/sculpt_paint/CMakeFiles/generate.stamp is up-to-date.
         CMake does not need to re-run because D:/blenderDev/product/source/blender/editors/sound/CMakeFiles/generate.stamp is up-to-date.
         CMake does not need to re-run because D:/blenderDev/product/source/blender/editors/space_action/CMakeFiles/generate.stamp is up-to-date.
         CMake does not need to re-run because D:/blenderDev/product/source/blender/editors/space_api/CMakeFiles/generate.stamp is up-to-date.
         CMake does not need to re-run because D:/blenderDev/product/source/blender/editors/space_buttons/CMakeFiles/generate.stamp is up-to-date.
         CMake does not need to re-run because D:/blenderDev/product/source/blender/editors/space_clip/CMakeFiles/generate.stamp is up-to-date.
         CMake does not need to re-run because D:/blenderDev/product/source/blender/editors/space_console/CMakeFiles/generate.stamp is up-to-date.
         CMake does not need to re-run because D:/blenderDev/product/source/blender/editors/space_file/CMakeFiles/generate.stamp is up-to-date.
         CMake does not need to re-run because D:/blenderDev/product/source/blender/editors/space_graph/CMakeFiles/generate.stamp is up-to-date.
         CMake does not need to re-run because D:/blenderDev/product/source/blender/editors/space_image/CMakeFiles/generate.stamp is up-to-date.
         CMake does not need to re-run because D:/blenderDev/product/source/blender/editors/space_info/CMakeFiles/generate.stamp is up-to-date.
         CMake does not need to re-run because D:/blenderDev/product/source/blender/editors/space_logic/CMakeFiles/generate.stamp is up-to-date.
         CMake does not need to re-run because D:/blenderDev/product/source/blender/editors/space_nla/CMakeFiles/generate.stamp is up-to-date.
         CMake does not need to re-run because D:/blenderDev/product/source/blender/editors/space_node/CMakeFiles/generate.stamp is up-to-date.
         CMake does not need to re-run because D:/blenderDev/product/source/blender/editors/space_outliner/CMakeFiles/generate.stamp is up-to-date.
         CMake does not need to re-run because D:/blenderDev/product/source/blender/editors/space_script/CMakeFiles/generate.stamp is up-to-date.
         CMake does not need to re-run because D:/blenderDev/product/source/blender/editors/space_sequencer/CMakeFiles/generate.stamp is up-to-date.
         CMake does not need to re-run because D:/blenderDev/product/source/blender/editors/space_text/CMakeFiles/generate.stamp is up-to-date.
         CMake does not need to re-run because D:/blenderDev/product/source/blender/editors/space_time/CMakeFiles/generate.stamp is up-to-date.
         CMake does not need to re-run because D:/blenderDev/product/source/blender/editors/space_userpref/CMakeFiles/generate.stamp is up-to-date.
         CMake does not need to re-run because D:/blenderDev/product/source/blender/editors/space_view3d/CMakeFiles/generate.stamp is up-to-date.
         CMake does not need to re-run because D:/blenderDev/product/source/blender/editors/transform/CMakeFiles/generate.stamp is up-to-date.
         CMake does not need to re-run because D:/blenderDev/product/source/blender/editors/util/CMakeFiles/generate.stamp is up-to-date.
         CMake does not need to re-run because D:/blenderDev/product/source/blender/editors/uvedit/CMakeFiles/generate.stamp is up-to-date.
         CMake does not need to re-run because D:/blenderDev/product/source/blender/editors/datafiles/CMakeFiles/generate.stamp is up-to-date.
         CMake does not need to re-run because D:/blenderDev/product/source/blender/windowmanager/CMakeFiles/generate.stamp is up-to-date.
         CMake does not need to re-run because D:/blenderDev/product/source/blender/blenkernel/CMakeFiles/generate.stamp is up-to-date.
         CMake does not need to re-run because D:/blenderDev/product/source/blender/blenlib/CMakeFiles/generate.stamp is up-to-date.
         CMake does not need to re-run because D:/blenderDev/product/source/blender/bmesh/CMakeFiles/generate.stamp is up-to-date.
         CMake does not need to re-run because D:/blenderDev/product/source/blender/render/CMakeFiles/generate.stamp is up-to-date.
         CMake does not need to re-run because D:/blenderDev/product/source/blender/blenfont/CMakeFiles/generate.stamp is up-to-date.
         CMake does not need to re-run because D:/blenderDev/product/source/blender/blentranslation/CMakeFiles/generate.stamp is up-to-date.
         CMake does not need to re-run because D:/blenderDev/product/source/blender/blenloader/CMakeFiles/generate.stamp is up-to-date.
         CMake does not need to re-run because D:/blenderDev/product/source/blender/depsgraph/CMakeFiles/generate.stamp is up-to-date.
         CMake does not need to re-run because D:/blenderDev/product/source/blender/ikplugin/CMakeFiles/generate.stamp is up-to-date.
         CMake does not need to re-run because D:/blenderDev/product/source/blender/physics/CMakeFiles/generate.stamp is up-to-date.
         CMake does not need to re-run because D:/blenderDev/product/source/blender/gpu/CMakeFiles/generate.stamp is up-to-date.
         CMake does not need to re-run because D:/blenderDev/product/source/blender/imbuf/CMakeFiles/generate.stamp is up-to-date.
         CMake does not need to re-run because D:/blenderDev/product/source/blender/nodes/CMakeFiles/generate.stamp is up-to-date.
         CMake does not need to re-run because D:/blenderDev/product/source/blender/modifiers/CMakeFiles/generate.stamp is up-to-date.
         CMake does not need to re-run because D:/blenderDev/product/source/blender/makesdna/CMakeFiles/generate.stamp is up-to-date.
         CMake does not need to re-run because D:/blenderDev/product/source/blender/makesdna/intern/CMakeFiles/generate.stamp is up-to-date.
         CMake does not need to re-run because D:/blenderDev/product/source/blender/makesrna/CMakeFiles/generate.stamp is up-to-date.
         CMake does not need to re-run because D:/blenderDev/product/source/blender/makesrna/intern/CMakeFiles/generate.stamp is up-to-date.
         CMake does not need to re-run because D:/blenderDev/product/source/blender/compositor/CMakeFiles/generate.stamp is up-to-date.
         CMake does not need to re-run because D:/blenderDev/product/source/blender/imbuf/intern/openexr/CMakeFiles/generate.stamp is up-to-date.
         CMake does not need to re-run because D:/blenderDev/product/source/blender/imbuf/intern/oiio/CMakeFiles/generate.stamp is up-to-date.
         CMake does not need to re-run because D:/blenderDev/product/source/blender/imbuf/intern/dds/CMakeFiles/generate.stamp is up-to-date.
         CMake does not need to re-run because D:/blenderDev/product/source/blender/imbuf/intern/cineon/CMakeFiles/generate.stamp is up-to-date.
         CMake does not need to re-run because D:/blenderDev/product/source/blender/avi/CMakeFiles/generate.stamp is up-to-date.
         CMake does not need to re-run because D:/blenderDev/product/source/blender/python/CMakeFiles/generate.stamp is up-to-date.
         CMake does not need to re-run because D:/blenderDev/product/source/blender/python/intern/CMakeFiles/generate.stamp is up-to-date.
         CMake does not need to re-run because D:/blenderDev/product/source/blender/python/generic/CMakeFiles/generate.stamp is up-to-date.
         CMake does not need to re-run because D:/blenderDev/product/source/blender/python/mathutils/CMakeFiles/generate.stamp is up-to-date.
         CMake does not need to re-run because D:/blenderDev/product/source/blender/python/bmesh/CMakeFiles/generate.stamp is up-to-date.
         CMake does not need to re-run because D:/blenderDev/product/source/blender/collada/CMakeFiles/generate.stamp is up-to-date.
         CMake does not need to re-run because D:/blenderDev/product/source/blender/freestyle/CMakeFiles/generate.stamp is up-to-date.
         CMake does not need to re-run because D:/blenderDev/product/source/gameengine/CMakeFiles/generate.stamp is up-to-date.
         CMake does not need to re-run because D:/blenderDev/product/source/gameengine/BlenderRoutines/CMakeFiles/generate.stamp is up-to-date.
         CMake does not need to re-run because D:/blenderDev/product/source/gameengine/Converter/CMakeFiles/generate.stamp is up-to-date.
         CMake does not need to re-run because D:/blenderDev/product/source/gameengine/Expressions/CMakeFiles/generate.stamp is up-to-date.
         CMake does not need to re-run because D:/blenderDev/product/source/gameengine/GameLogic/CMakeFiles/generate.stamp is up-to-date.
         CMake does not need to re-run because D:/blenderDev/product/source/gameengine/Ketsji/CMakeFiles/generate.stamp is up-to-date.
         CMake does not need to re-run because D:/blenderDev/product/source/gameengine/Ketsji/KXNetwork/CMakeFiles/generate.stamp is up-to-date.
         CMake does not need to re-run because D:/blenderDev/product/source/gameengine/Network/CMakeFiles/generate.stamp is up-to-date.
         CMake does not need to re-run because D:/blenderDev/product/source/gameengine/Network/LoopBackNetwork/CMakeFiles/generate.stamp is up-to-date.
         CMake does not need to re-run because D:/blenderDev/product/source/gameengine/Physics/Dummy/CMakeFiles/generate.stamp is up-to-date.
         CMake does not need to re-run because D:/blenderDev/product/source/gameengine/Rasterizer/CMakeFiles/generate.stamp is up-to-date.
         CMake does not need to re-run because D:/blenderDev/product/source/gameengine/Rasterizer/RAS_OpenGLRasterizer/CMakeFiles/generate.stamp is up-to-date.
         CMake does not need to re-run because D:/blenderDev/product/source/gameengine/SceneGraph/CMakeFiles/generate.stamp is up-to-date.
         CMake does not need to re-run because D:/blenderDev/product/source/gameengine/Physics/Bullet/CMakeFiles/generate.stamp is up-to-date.
         CMake does not need to re-run because D:/blenderDev/product/source/gameengine/VideoTexture/CMakeFiles/generate.stamp is up-to-date.
         CMake does not need to re-run because D:/blenderDev/product/source/creator/CMakeFiles/generate.stamp is up-to-date.
         CMake does not need to re-run because D:/blenderDev/product/tests/CMakeFiles/generate.stamp is up-to-date.
         CMake does not need to re-run because D:/blenderDev/product/tests/python/CMakeFiles/generate.stamp is up-to-date.
         CMake does not need to re-run because D:/blenderDev/product/tests/gtests/CMakeFiles/generate.stamp is up-to-date.
     1>Done Building Project "D:\blenderDev\product\ZERO_CHECK.vcxproj" (Build target(s)).

Build succeeded.

Time Elapsed 00:00:00.58
