Build started 2016/4/2 9:26:15.
     1>Project "D:\blenderDev\product\source\blender\python\bmesh\bf_python_bmesh.vcxproj" on node 4 (Build target(s)).
     1>CustomBuild:
         Building Custom Rule D:/blenderDev/blender/source/blender/python/bmesh/CMakeLists.txt
         CMake does not need to re-run because D:\blenderDev\product\source\blender\python\bmesh\CMakeFiles\generate.stamp is up-to-date.
       ClCompile:
         D:\Microsoft Visual Studio 12.0\VC\bin\x86_amd64\CL.exe /c /ID:\blenderDev\lib\win64_vc12\pthreads\include /ID:\blenderDev\blender\source\blender\python\bmesh /ID:\blenderDev\blender\source\blender\bmesh /ID:\blenderDev\blender\source\blender\blenkernel /ID:\blenderDev\blender\source\blender\blenlib /ID:\blenderDev\blender\source\blender\makesdna /ID:\blenderDev\blender\intern\guardedalloc /ID:\blenderDev\lib\win64_vc12\python\include\python3.5 /Zi /nologo /W3 /WX- /MP /O2 /Ob1 /D WIN32 /D _WINDOWS /D NDEBUG /D WIN32 /D _CRT_NONSTDC_NO_DEPRECATE /D _CRT_SECURE_NO_DEPRECATE /D _SCL_SECURE_NO_DEPRECATE /D _CONSOLE /D _LIB /D _ALLOW_KEYWORD_MACROS /D _WIN32_WINNT=0x600 /D OIIO_STATIC_BUILD /D __SSE__ /D __MMX__ /D __SSE2__ /D __LITTLE_ENDIAN__ /D WITH_FREESTYLE /D NDEBUG /D "CMAKE_INTDIR=\"RelWithDebInfo\"" /D _MBCS /Gm- /MT /GS /fp:precise /Zc:wchar_t /Zc:forScope /openmp /Fo"bf_python_bmesh.dir\RelWithDebInfo\\" /Fd"bf_python_bmesh.dir\RelWithDebInfo\vc120.pdb" /Gd /TC /wd4018 /wd4146 /wd4065 /wd4127 /wd4181 /wd4200 /wd4244 /wd4267 /wd4305 /wd4800 /errorReport:prompt /we4013 /we4431  /w34062 /J D:\blenderDev\blender\source\blender\python\bmesh\bmesh_py_api.c D:\blenderDev\blender\source\blender\python\bmesh\bmesh_py_geometry.c D:\blenderDev\blender\source\blender\python\bmesh\bmesh_py_ops.c D:\blenderDev\blender\source\blender\python\bmesh\bmesh_py_ops_call.c D:\blenderDev\blender\source\blender\python\bmesh\bmesh_py_types.c D:\blenderDev\blender\source\blender\python\bmesh\bmesh_py_types_customdata.c D:\blenderDev\blender\source\blender\python\bmesh\bmesh_py_types_meshdata.c D:\blenderDev\blender\source\blender\python\bmesh\bmesh_py_types_select.c D:\blenderDev\blender\source\blender\python\bmesh\bmesh_py_utils.c
         bmesh_py_api.c
         bmesh_py_geometry.c
         bmesh_py_ops.c
         bmesh_py_ops_call.c
         bmesh_py_types.c
         bmesh_py_types_customdata.c
         bmesh_py_types_meshdata.c
         bmesh_py_types_select.c
         bmesh_py_utils.c
       Lib:
         D:\Microsoft Visual Studio 12.0\VC\bin\x86_amd64\Lib.exe /OUT:"D:\blenderDev\product\lib\RelWithDebInfo\bf_python_bmesh.lib" /NOLOGO /MACHINE:X64  /ignore:4221 bf_python_bmesh.dir\RelWithDebInfo\bmesh_py_api.obj
         bf_python_bmesh.dir\RelWithDebInfo\bmesh_py_geometry.obj
         bf_python_bmesh.dir\RelWithDebInfo\bmesh_py_ops.obj
         bf_python_bmesh.dir\RelWithDebInfo\bmesh_py_ops_call.obj
         bf_python_bmesh.dir\RelWithDebInfo\bmesh_py_types.obj
         bf_python_bmesh.dir\RelWithDebInfo\bmesh_py_types_customdata.obj
         bf_python_bmesh.dir\RelWithDebInfo\bmesh_py_types_meshdata.obj
         bf_python_bmesh.dir\RelWithDebInfo\bmesh_py_types_select.obj
         bf_python_bmesh.dir\RelWithDebInfo\bmesh_py_utils.obj
         bf_python_bmesh.vcxproj -> D:\blenderDev\product\lib\RelWithDebInfo\bf_python_bmesh.lib
     1>Done Building Project "D:\blenderDev\product\source\blender\python\bmesh\bf_python_bmesh.vcxproj" (Build target(s)).

Build succeeded.

Time Elapsed 00:00:04.44
