Build started 2016/4/2 8:25:41.
     1>Project "D:\blenderDev\product\source\blender\python\mathutils\bf_python_mathutils.vcxproj" on node 3 (Build target(s)).
     1>CustomBuild:
         Building Custom Rule D:/blenderDev/blender/source/blender/python/mathutils/CMakeLists.txt
         CMake does not need to re-run because D:\blenderDev\product\source\blender\python\mathutils\CMakeFiles\generate.stamp is up-to-date.
       ClCompile:
         D:\Microsoft Visual Studio 12.0\VC\bin\x86_amd64\CL.exe /c /ID:\blenderDev\lib\win64_vc12\pthreads\include /ID:\blenderDev\blender\source\blender\python\mathutils /ID:\blenderDev\blender\source\blender\blenlib /ID:\blenderDev\blender\source\blender\blenkernel /ID:\blenderDev\blender\source\blender\bmesh /ID:\blenderDev\blender\source\blender\makesdna /ID:\blenderDev\blender\intern\guardedalloc /ID:\blenderDev\lib\win64_vc12\python\include\python3.5 /Zi /nologo /W3 /WX- /MP /Od /Ob0 /D WIN32 /D _WINDOWS /D _DEBUG /D WIN32 /D _CRT_NONSTDC_NO_DEPRECATE /D _CRT_SECURE_NO_DEPRECATE /D _SCL_SECURE_NO_DEPRECATE /D _CONSOLE /D _LIB /D _ALLOW_KEYWORD_MACROS /D _WIN32_WINNT=0x600 /D OIIO_STATIC_BUILD /D __SSE__ /D __MMX__ /D __SSE2__ /D __LITTLE_ENDIAN__ /D DEBUG /D _DEBUG /D "CMAKE_INTDIR=\"Debug\"" /D _MBCS /Gm- /RTC1 /MTd /GS /fp:precise /Zc:wchar_t /Zc:forScope /openmp /Fo"bf_python_mathutils.dir\Debug\\" /Fd"bf_python_mathutils.dir\Debug\vc120.pdb" /Gd /TC /wd4018 /wd4146 /wd4065 /wd4127 /wd4181 /wd4200 /wd4244 /wd4267 /wd4305 /wd4800 /errorReport:prompt /we4013 /we4431  /w34062 /J D:\blenderDev\blender\source\blender\python\mathutils\mathutils.c D:\blenderDev\blender\source\blender\python\mathutils\mathutils_Color.c D:\blenderDev\blender\source\blender\python\mathutils\mathutils_Euler.c D:\blenderDev\blender\source\blender\python\mathutils\mathutils_Matrix.c D:\blenderDev\blender\source\blender\python\mathutils\mathutils_Quaternion.c D:\blenderDev\blender\source\blender\python\mathutils\mathutils_Vector.c D:\blenderDev\blender\source\blender\python\mathutils\mathutils_bvhtree.c D:\blenderDev\blender\source\blender\python\mathutils\mathutils_geometry.c D:\blenderDev\blender\source\blender\python\mathutils\mathutils_interpolate.c D:\blenderDev\blender\source\blender\python\mathutils\mathutils_kdtree.c D:\blenderDev\blender\source\blender\python\mathutils\mathutils_noise.c
         mathutils.c
         mathutils_Color.c
         mathutils_Euler.c
         mathutils_Matrix.c
         mathutils_Quaternion.c
         mathutils_Vector.c
         mathutils_bvhtree.c
         mathutils_geometry.c
         mathutils_interpolate.c
         mathutils_kdtree.c
         mathutils_noise.c
       Lib:
         D:\Microsoft Visual Studio 12.0\VC\bin\x86_amd64\Lib.exe /OUT:"D:\blenderDev\product\lib\Debug\bf_python_mathutils.lib" /NOLOGO /MACHINE:X64  /ignore:4221 bf_python_mathutils.dir\Debug\mathutils.obj
         bf_python_mathutils.dir\Debug\mathutils_Color.obj
         bf_python_mathutils.dir\Debug\mathutils_Euler.obj
         bf_python_mathutils.dir\Debug\mathutils_Matrix.obj
         bf_python_mathutils.dir\Debug\mathutils_Quaternion.obj
         bf_python_mathutils.dir\Debug\mathutils_Vector.obj
         bf_python_mathutils.dir\Debug\mathutils_bvhtree.obj
         bf_python_mathutils.dir\Debug\mathutils_geometry.obj
         bf_python_mathutils.dir\Debug\mathutils_interpolate.obj
         bf_python_mathutils.dir\Debug\mathutils_kdtree.obj
         bf_python_mathutils.dir\Debug\mathutils_noise.obj
         bf_python_mathutils.vcxproj -> D:\blenderDev\product\lib\Debug\bf_python_mathutils.lib
     1>Done Building Project "D:\blenderDev\product\source\blender\python\mathutils\bf_python_mathutils.vcxproj" (Build target(s)).

Build succeeded.

Time Elapsed 00:00:02.18
