Build started 2016/4/2 8:22:07.
     1>Project "D:\blenderDev\product\source\blender\blenfont\bf_blenfont.vcxproj" on node 4 (Build target(s)).
     1>CustomBuild:
         Building Custom Rule D:/blenderDev/blender/source/blender/blenfont/CMakeLists.txt
         CMake does not need to re-run because D:\blenderDev\product\source\blender\blenfont\CMakeFiles\generate.stamp is up-to-date.
       ClCompile:
         D:\Microsoft Visual Studio 12.0\VC\bin\x86_amd64\CL.exe /c /ID:\blenderDev\lib\win64_vc12\pthreads\include /ID:\blenderDev\blender\source\blender\blenfont /ID:\blenderDev\blender\source\blender\blenkernel /ID:\blenderDev\blender\source\blender\blenlib /ID:\blenderDev\blender\source\blender\blentranslation /ID:\blenderDev\blender\source\blender\editors\include /ID:\blenderDev\blender\source\blender\gpu /ID:\blenderDev\blender\source\blender\makesdna /ID:\blenderDev\blender\source\blender\makesrna /ID:\blenderDev\blender\source\blender\imbuf /ID:\blenderDev\blender\intern\guardedalloc /I"D:\blenderDev\blender\intern\glew-mx" /ID:\blenderDev\blender\source\blender\python /ID:\blenderDev\blender\extern\glew\include /ID:\blenderDev\lib\win64_vc12\freetype\include /ID:\blenderDev\lib\win64_vc12\freetype\include\freetype2 /Zi /nologo /W3 /WX- /MP /Od /Ob0 /D WIN32 /D _WINDOWS /D _DEBUG /D WIN32 /D _CRT_NONSTDC_NO_DEPRECATE /D _CRT_SECURE_NO_DEPRECATE /D _SCL_SECURE_NO_DEPRECATE /D _CONSOLE /D _LIB /D _ALLOW_KEYWORD_MACROS /D _WIN32_WINNT=0x600 /D OIIO_STATIC_BUILD /D __SSE__ /D __MMX__ /D __SSE2__ /D __LITTLE_ENDIAN__ /D WITH_INTERNATIONAL /D WITH_PYTHON /D WITH_GLU /D WITH_GL_PROFILE_COMPAT /D GLEW_STATIC /D GLEW_NO_ES /D DEBUG /D _DEBUG /D "CMAKE_INTDIR=\"Debug\"" /D _MBCS /Gm- /RTC1 /MTd /GS /fp:precise /Zc:wchar_t /Zc:forScope /openmp /Fo"bf_blenfont.dir\Debug\\" /Fd"bf_blenfont.dir\Debug\vc120.pdb" /Gd /TC /wd4018 /wd4146 /wd4065 /wd4127 /wd4181 /wd4200 /wd4244 /wd4267 /wd4305 /wd4800 /errorReport:prompt /we4013 /we4431  /w34062 /J D:\blenderDev\blender\source\blender\blenfont\intern\blf.c D:\blenderDev\blender\source\blender\blenfont\intern\blf_dir.c D:\blenderDev\blender\source\blender\blenfont\intern\blf_font.c D:\blenderDev\blender\source\blender\blenfont\intern\blf_font_i18n.c D:\blenderDev\blender\source\blender\blenfont\intern\blf_glyph.c D:\blenderDev\blender\source\blender\blenfont\intern\blf_thumbs.c D:\blenderDev\blender\source\blender\blenfont\intern\blf_util.c D:\blenderDev\blender\source\blender\blenfont\intern\blf_font_win32_compat.c
         blf.c
         blf_dir.c
         blf_font.c
         blf_font_i18n.c
         blf_glyph.c
         blf_thumbs.c
         blf_util.c
         blf_font_win32_compat.c
       Lib:
         D:\Microsoft Visual Studio 12.0\VC\bin\x86_amd64\Lib.exe /OUT:"D:\blenderDev\product\lib\Debug\bf_blenfont.lib" /NOLOGO /MACHINE:X64  /ignore:4221 bf_blenfont.dir\Debug\blf.obj
         bf_blenfont.dir\Debug\blf_dir.obj
         bf_blenfont.dir\Debug\blf_font.obj
         bf_blenfont.dir\Debug\blf_font_i18n.obj
         bf_blenfont.dir\Debug\blf_glyph.obj
         bf_blenfont.dir\Debug\blf_thumbs.obj
         bf_blenfont.dir\Debug\blf_util.obj
         bf_blenfont.dir\Debug\blf_font_win32_compat.obj
         bf_blenfont.vcxproj -> D:\blenderDev\product\lib\Debug\bf_blenfont.lib
     1>Done Building Project "D:\blenderDev\product\source\blender\blenfont\bf_blenfont.vcxproj" (Build target(s)).

Build succeeded.

Time Elapsed 00:00:00.87
