Build started 2016/4/2 8:25:19.
     1>Project "D:\blenderDev\product\source\blender\modifiers\bf_modifiers.vcxproj" on node 5 (Build target(s)).
     1>CustomBuild:
         Building Custom Rule D:/blenderDev/blender/source/blender/modifiers/CMakeLists.txt
         CMake does not need to re-run because D:\blenderDev\product\source\blender\modifiers\CMakeFiles\generate.stamp is up-to-date.
       ClCompile:
         D:\Microsoft Visual Studio 12.0\VC\bin\x86_amd64\CL.exe /c /ID:\blenderDev\lib\win64_vc12\pthreads\include /ID:\blenderDev\blender\source\blender\modifiers /ID:\blenderDev\blender\source\blender\modifiers\intern /ID:\blenderDev\blender\source\blender\blenkernel /ID:\blenderDev\blender\source\blender\blenlib /ID:\blenderDev\blender\source\blender\blenfont /ID:\blenderDev\blender\source\blender\depsgraph /ID:\blenderDev\blender\source\blender\makesdna /ID:\blenderDev\blender\source\blender\makesrna /ID:\blenderDev\blender\source\blender\bmesh /ID:\blenderDev\blender\source\blender\render\extern\include /ID:\blenderDev\blender\intern\elbeem\extern /ID:\blenderDev\blender\intern\guardedalloc /ID:\blenderDev\blender\intern\eigen /ID:\blenderDev\blender\extern\carve /ID:\blenderDev\blender\intern\dualcon /ID:\blenderDev\lib\win64_vc12\zlib\include /Zi /nologo /W3 /WX- /MP /Od /Ob0 /D WIN32 /D _WINDOWS /D _DEBUG /D WIN32 /D _CRT_NONSTDC_NO_DEPRECATE /D _CRT_SECURE_NO_DEPRECATE /D _SCL_SECURE_NO_DEPRECATE /D _CONSOLE /D _LIB /D _ALLOW_KEYWORD_MACROS /D _WIN32_WINNT=0x600 /D OIIO_STATIC_BUILD /D __SSE__ /D __MMX__ /D __SSE2__ /D __LITTLE_ENDIAN__ /D WITH_MOD_BOOLEAN /D WITH_MOD_REMESH /D WITH_MOD_FLUID /D WITH_BULLET /D WITH_INTERNATIONAL /D DEBUG /D _DEBUG /D "CMAKE_INTDIR=\"Debug\"" /D _MBCS /Gm- /RTC1 /MTd /GS /fp:precise /Zc:wchar_t /Zc:forScope /openmp /Fo"bf_modifiers.dir\Debug\\" /Fd"bf_modifiers.dir\Debug\vc120.pdb" /Gd /TC /wd4018 /wd4146 /wd4065 /wd4127 /wd4181 /wd4200 /wd4244 /wd4267 /wd4305 /wd4800 /errorReport:prompt /we4013 /we4431  /w34062 /J D:\blenderDev\blender\source\blender\modifiers\intern\MOD_armature.c D:\blenderDev\blender\source\blender\modifiers\intern\MOD_array.c D:\blenderDev\blender\source\blender\modifiers\intern\MOD_bevel.c D:\blenderDev\blender\source\blender\modifiers\intern\MOD_boolean.c D:\blenderDev\blender\source\blender\modifiers\intern\MOD_build.c D:\blenderDev\blender\source\blender\modifiers\intern\MOD_cast.c D:\blenderDev\blender\source\blender\modifiers\intern\MOD_cloth.c D:\blenderDev\blender\source\blender\modifiers\intern\MOD_collision.c D:\blenderDev\blender\source\blender\modifiers\intern\MOD_correctivesmooth.c D:\blenderDev\blender\source\blender\modifiers\intern\MOD_curve.c D:\blenderDev\blender\source\blender\modifiers\intern\MOD_datatransfer.c D:\blenderDev\blender\source\blender\modifiers\intern\MOD_decimate.c D:\blenderDev\blender\source\blender\modifiers\intern\MOD_displace.c D:\blenderDev\blender\source\blender\modifiers\intern\MOD_dynamicpaint.c D:\blenderDev\blender\source\blender\modifiers\intern\MOD_edgesplit.c D:\blenderDev\blender\source\blender\modifiers\intern\MOD_explode.c D:\blenderDev\blender\source\blender\modifiers\intern\MOD_fluidsim.c D:\blenderDev\blender\source\blender\modifiers\intern\MOD_fluidsim_util.c D:\blenderDev\blender\source\blender\modifiers\intern\MOD_hook.c D:\blenderDev\blender\source\blender\modifiers\intern\MOD_laplaciandeform.c D:\blenderDev\blender\source\blender\modifiers\intern\MOD_laplaciansmooth.c D:\blenderDev\blender\source\blender\modifiers\intern\MOD_lattice.c D:\blenderDev\blender\source\blender\modifiers\intern\MOD_mask.c D:\blenderDev\blender\source\blender\modifiers\intern\MOD_meshcache.c D:\blenderDev\blender\source\blender\modifiers\intern\MOD_meshcache_mdd.c D:\blenderDev\blender\source\blender\modifiers\intern\MOD_meshcache_pc2.c D:\blenderDev\blender\source\blender\modifiers\intern\MOD_meshcache_util.c D:\blenderDev\blender\source\blender\modifiers\intern\MOD_meshdeform.c D:\blenderDev\blender\source\blender\modifiers\intern\MOD_mirror.c D:\blenderDev\blender\source\blender\modifiers\intern\MOD_multires.c D:\blenderDev\blender\source\blender\modifiers\intern\MOD_none.c D:\blenderDev\blender\source\blender\modifiers\intern\MOD_normal_edit.c D:\blenderDev\blender\source\blender\modifiers\intern\MOD_ocean.c D:\blenderDev\blender\source\blender\modifiers\intern\MOD_particleinstance.c D:\blenderDev\blender\source\blender\modifiers\intern\MOD_particlesystem.c D:\blenderDev\blender\source\blender\modifiers\intern\MOD_remesh.c D:\blenderDev\blender\source\blender\modifiers\intern\MOD_screw.c D:\blenderDev\blender\source\blender\modifiers\intern\MOD_shapekey.c D:\blenderDev\blender\source\blender\modifiers\intern\MOD_shrinkwrap.c D:\blenderDev\blender\source\blender\modifiers\intern\MOD_simpledeform.c D:\blenderDev\blender\source\blender\modifiers\intern\MOD_skin.c D:\blenderDev\blender\source\blender\modifiers\intern\MOD_smoke.c D:\blenderDev\blender\source\blender\modifiers\intern\MOD_smooth.c D:\blenderDev\blender\source\blender\modifiers\intern\MOD_softbody.c D:\blenderDev\blender\source\blender\modifiers\intern\MOD_solidify.c D:\blenderDev\blender\source\blender\modifiers\intern\MOD_subsurf.c D:\blenderDev\blender\source\blender\modifiers\intern\MOD_surface.c D:\blenderDev\blender\source\blender\modifiers\intern\MOD_triangulate.c D:\blenderDev\blender\source\blender\modifiers\intern\MOD_util.c D:\blenderDev\blender\source\blender\modifiers\intern\MOD_uvwarp.c D:\blenderDev\blender\source\blender\modifiers\intern\MOD_uvproject.c D:\blenderDev\blender\source\blender\modifiers\intern\MOD_warp.c D:\blenderDev\blender\source\blender\modifiers\intern\MOD_wave.c D:\blenderDev\blender\source\blender\modifiers\intern\MOD_weightvg_util.c D:\blenderDev\blender\source\blender\modifiers\intern\MOD_weightvgedit.c D:\blenderDev\blender\source\blender\modifiers\intern\MOD_weightvgmix.c D:\blenderDev\blender\source\blender\modifiers\intern\MOD_weightvgproximity.c D:\blenderDev\blender\source\blender\modifiers\intern\MOD_wireframe.c D:\blenderDev\blender\source\blender\modifiers\intern\MOD_boolean_util.c
         MOD_armature.c
         MOD_array.c
         MOD_bevel.c
         MOD_boolean.c
         MOD_build.c
         MOD_cast.c
         MOD_cloth.c
         MOD_collision.c
         MOD_correctivesmooth.c
         MOD_curve.c
         MOD_datatransfer.c
         MOD_decimate.c
         MOD_displace.c
         MOD_dynamicpaint.c
         MOD_edgesplit.c
         MOD_explode.c
         MOD_fluidsim.c
         MOD_fluidsim_util.c
         MOD_hook.c
         MOD_laplaciandeform.c
         MOD_laplaciansmooth.c
         MOD_lattice.c
         MOD_mask.c
         MOD_meshcache.c
         MOD_meshcache_mdd.c
         MOD_meshcache_pc2.c
         MOD_meshcache_util.c
         MOD_meshdeform.c
         MOD_mirror.c
         MOD_multires.c
         MOD_none.c
         MOD_normal_edit.c
         MOD_ocean.c
         MOD_particleinstance.c
         MOD_particlesystem.c
         MOD_remesh.c
         MOD_screw.c
         MOD_shapekey.c
         MOD_shrinkwrap.c
         MOD_simpledeform.c
         MOD_skin.c
         MOD_smoke.c
         MOD_smooth.c
         MOD_softbody.c
         MOD_solidify.c
         MOD_subsurf.c
         MOD_surface.c
         MOD_triangulate.c
         MOD_util.c
         MOD_uvwarp.c
         MOD_uvproject.c
         MOD_warp.c
         MOD_wave.c
         MOD_weightvg_util.c
         MOD_weightvgedit.c
         MOD_weightvgmix.c
         MOD_weightvgproximity.c
         MOD_wireframe.c
         MOD_boolean_util.c
       Lib:
         D:\Microsoft Visual Studio 12.0\VC\bin\x86_amd64\Lib.exe /OUT:"D:\blenderDev\product\lib\Debug\bf_modifiers.lib" /NOLOGO /MACHINE:X64  /ignore:4221 bf_modifiers.dir\Debug\MOD_armature.obj
         bf_modifiers.dir\Debug\MOD_array.obj
         bf_modifiers.dir\Debug\MOD_bevel.obj
         bf_modifiers.dir\Debug\MOD_boolean.obj
         bf_modifiers.dir\Debug\MOD_build.obj
         bf_modifiers.dir\Debug\MOD_cast.obj
         bf_modifiers.dir\Debug\MOD_cloth.obj
         bf_modifiers.dir\Debug\MOD_collision.obj
         bf_modifiers.dir\Debug\MOD_correctivesmooth.obj
         bf_modifiers.dir\Debug\MOD_curve.obj
         bf_modifiers.dir\Debug\MOD_datatransfer.obj
         bf_modifiers.dir\Debug\MOD_decimate.obj
         bf_modifiers.dir\Debug\MOD_displace.obj
         bf_modifiers.dir\Debug\MOD_dynamicpaint.obj
         bf_modifiers.dir\Debug\MOD_edgesplit.obj
         bf_modifiers.dir\Debug\MOD_explode.obj
         bf_modifiers.dir\Debug\MOD_fluidsim.obj
         bf_modifiers.dir\Debug\MOD_fluidsim_util.obj
         bf_modifiers.dir\Debug\MOD_hook.obj
         bf_modifiers.dir\Debug\MOD_laplaciandeform.obj
         bf_modifiers.dir\Debug\MOD_laplaciansmooth.obj
         bf_modifiers.dir\Debug\MOD_lattice.obj
         bf_modifiers.dir\Debug\MOD_mask.obj
         bf_modifiers.dir\Debug\MOD_meshcache.obj
         bf_modifiers.dir\Debug\MOD_meshcache_mdd.obj
         bf_modifiers.dir\Debug\MOD_meshcache_pc2.obj
         bf_modifiers.dir\Debug\MOD_meshcache_util.obj
         bf_modifiers.dir\Debug\MOD_meshdeform.obj
         bf_modifiers.dir\Debug\MOD_mirror.obj
         bf_modifiers.dir\Debug\MOD_multires.obj
         bf_modifiers.dir\Debug\MOD_none.obj
         bf_modifiers.dir\Debug\MOD_normal_edit.obj
         bf_modifiers.dir\Debug\MOD_ocean.obj
         bf_modifiers.dir\Debug\MOD_particleinstance.obj
         bf_modifiers.dir\Debug\MOD_particlesystem.obj
         bf_modifiers.dir\Debug\MOD_remesh.obj
         bf_modifiers.dir\Debug\MOD_screw.obj
         bf_modifiers.dir\Debug\MOD_shapekey.obj
         bf_modifiers.dir\Debug\MOD_shrinkwrap.obj
         bf_modifiers.dir\Debug\MOD_simpledeform.obj
         bf_modifiers.dir\Debug\MOD_skin.obj
         bf_modifiers.dir\Debug\MOD_smoke.obj
         bf_modifiers.dir\Debug\MOD_smooth.obj
         bf_modifiers.dir\Debug\MOD_softbody.obj
         bf_modifiers.dir\Debug\MOD_solidify.obj
         bf_modifiers.dir\Debug\MOD_subsurf.obj
         bf_modifiers.dir\Debug\MOD_surface.obj
         bf_modifiers.dir\Debug\MOD_triangulate.obj
         bf_modifiers.dir\Debug\MOD_util.obj
         bf_modifiers.dir\Debug\MOD_uvwarp.obj
         bf_modifiers.dir\Debug\MOD_uvproject.obj
         bf_modifiers.dir\Debug\MOD_warp.obj
         bf_modifiers.dir\Debug\MOD_wave.obj
         bf_modifiers.dir\Debug\MOD_weightvg_util.obj
         bf_modifiers.dir\Debug\MOD_weightvgedit.obj
         bf_modifiers.dir\Debug\MOD_weightvgmix.obj
         bf_modifiers.dir\Debug\MOD_weightvgproximity.obj
         bf_modifiers.dir\Debug\MOD_wireframe.obj
         bf_modifiers.dir\Debug\MOD_boolean_util.obj
         bf_modifiers.vcxproj -> D:\blenderDev\product\lib\Debug\bf_modifiers.lib
     1>Done Building Project "D:\blenderDev\product\source\blender\modifiers\bf_modifiers.vcxproj" (Build target(s)).

Build succeeded.

Time Elapsed 00:00:11.54
