Build started 2016/4/2 8:23:28.
     1>Project "D:\blenderDev\product\source\blender\editors\transform\bf_editor_transform.vcxproj" on node 2 (Build target(s)).
     1>CustomBuild:
         Building Custom Rule D:/blenderDev/blender/source/blender/editors/transform/CMakeLists.txt
         CMake does not need to re-run because D:\blenderDev\product\source\blender\editors\transform\CMakeFiles\generate.stamp is up-to-date.
       ClCompile:
         D:\Microsoft Visual Studio 12.0\VC\bin\x86_amd64\CL.exe /c /ID:\blenderDev\lib\win64_vc12\pthreads\include /ID:\blenderDev\blender\source\blender\editors\include /ID:\blenderDev\blender\source\blender\blenfont /ID:\blenderDev\blender\source\blender\blenkernel /ID:\blenderDev\blender\source\blender\blenlib /ID:\blenderDev\blender\source\blender\blentranslation /ID:\blenderDev\blender\source\blender\bmesh /ID:\blenderDev\blender\source\blender\gpu /ID:\blenderDev\blender\source\blender\ikplugin /ID:\blenderDev\blender\source\blender\makesdna /ID:\blenderDev\blender\source\blender\makesrna /ID:\blenderDev\blender\source\blender\windowmanager /ID:\blenderDev\blender\source\blender\depsgraph /ID:\blenderDev\blender\intern\guardedalloc /I"D:\blenderDev\blender\intern\glew-mx" /ID:\blenderDev\blender\extern\glew\include /Zi /nologo /W3 /WX- /MP /Od /Ob0 /D WIN32 /D _WINDOWS /D _DEBUG /D WIN32 /D _CRT_NONSTDC_NO_DEPRECATE /D _CRT_SECURE_NO_DEPRECATE /D _SCL_SECURE_NO_DEPRECATE /D _CONSOLE /D _LIB /D _ALLOW_KEYWORD_MACROS /D _WIN32_WINNT=0x600 /D OIIO_STATIC_BUILD /D __SSE__ /D __MMX__ /D __SSE2__ /D __LITTLE_ENDIAN__ /D WITH_INTERNATIONAL /D WITH_LEGACY_DEPSGRAPH /D WITH_GLU /D WITH_GL_PROFILE_COMPAT /D GLEW_STATIC /D GLEW_NO_ES /D DEBUG /D _DEBUG /D "CMAKE_INTDIR=\"Debug\"" /D _MBCS /Gm- /RTC1 /MTd /GS /fp:precise /Zc:wchar_t /Zc:forScope /openmp /Fo"bf_editor_transform.dir\Debug\\" /Fd"bf_editor_transform.dir\Debug\vc120.pdb" /Gd /TC /wd4018 /wd4146 /wd4065 /wd4127 /wd4181 /wd4200 /wd4244 /wd4267 /wd4305 /wd4800 /errorReport:prompt /we4013 /we4431  /w34062 /J D:\blenderDev\blender\source\blender\editors\transform\transform.c D:\blenderDev\blender\source\blender\editors\transform\transform_constraints.c D:\blenderDev\blender\source\blender\editors\transform\transform_conversions.c D:\blenderDev\blender\source\blender\editors\transform\transform_generics.c D:\blenderDev\blender\source\blender\editors\transform\transform_input.c D:\blenderDev\blender\source\blender\editors\transform\transform_manipulator.c D:\blenderDev\blender\source\blender\editors\transform\transform_ops.c D:\blenderDev\blender\source\blender\editors\transform\transform_orientations.c D:\blenderDev\blender\source\blender\editors\transform\transform_snap.c
         transform.c
         transform_constraints.c
         transform_conversions.c
         transform_generics.c
         transform_input.c
         transform_manipulator.c
         transform_ops.c
         transform_orientations.c
         transform_snap.c
       Lib:
         D:\Microsoft Visual Studio 12.0\VC\bin\x86_amd64\Lib.exe /OUT:"D:\blenderDev\product\lib\Debug\bf_editor_transform.lib" /NOLOGO /MACHINE:X64  /ignore:4221 bf_editor_transform.dir\Debug\transform.obj
         bf_editor_transform.dir\Debug\transform_constraints.obj
         bf_editor_transform.dir\Debug\transform_conversions.obj
         bf_editor_transform.dir\Debug\transform_generics.obj
         bf_editor_transform.dir\Debug\transform_input.obj
         bf_editor_transform.dir\Debug\transform_manipulator.obj
         bf_editor_transform.dir\Debug\transform_ops.obj
         bf_editor_transform.dir\Debug\transform_orientations.obj
         bf_editor_transform.dir\Debug\transform_snap.obj
         bf_editor_transform.vcxproj -> D:\blenderDev\product\lib\Debug\bf_editor_transform.lib
     1>Done Building Project "D:\blenderDev\product\source\blender\editors\transform\bf_editor_transform.vcxproj" (Build target(s)).

Build succeeded.

Time Elapsed 00:00:02.38
