Build started 2016/4/2 9:23:43.
     1>Project "D:\blenderDev\product\intern\dualcon\bf_intern_dualcon.vcxproj" on node 2 (Build target(s)).
     1>CustomBuild:
         Building Custom Rule D:/blenderDev/blender/intern/dualcon/CMakeLists.txt
         CMake does not need to re-run because D:\blenderDev\product\intern\dualcon\CMakeFiles\generate.stamp is up-to-date.
       ClCompile:
         D:\Microsoft Visual Studio 12.0\VC\bin\x86_amd64\CL.exe /c /ID:\blenderDev\lib\win64_vc12\pthreads\include /ID:\blenderDev\blender\intern\dualcon /ID:\blenderDev\blender\intern\dualcon\intern /ID:\blenderDev\blender\extern\Eigen3 /Zi /nologo /W3 /WX- /MP /O2 /Ob1 /D WIN32 /D _WINDOWS /D NDEBUG /D WIN32 /D _CRT_NONSTDC_NO_DEPRECATE /D _CRT_SECURE_NO_DEPRECATE /D _SCL_SECURE_NO_DEPRECATE /D _CONSOLE /D _LIB /D _ALLOW_KEYWORD_MACROS /D _WIN32_WINNT=0x600 /D OIIO_STATIC_BUILD /D __SSE__ /D __MMX__ /D __SSE2__ /D __LITTLE_ENDIAN__ /D NDEBUG /D "CMAKE_INTDIR=\"RelWithDebInfo\"" /D _MBCS /Gm- /EHsc /MT /GS /fp:precise /Zc:wchar_t /Zc:forScope /GR /openmp /Fo"bf_intern_dualcon.dir\RelWithDebInfo\\" /Fd"bf_intern_dualcon.dir\RelWithDebInfo\vc120.pdb" /Gd /TP /wd4018 /wd4146 /wd4065 /wd4127 /wd4181 /wd4200 /wd4244 /wd4267 /wd4305 /wd4800 /errorReport:prompt /we4013 /we4431  /w34062 /J D:\blenderDev\blender\intern\dualcon\intern\manifold_table.cpp D:\blenderDev\blender\intern\dualcon\intern\marching_cubes_table.cpp D:\blenderDev\blender\intern\dualcon\intern\octree.cpp D:\blenderDev\blender\intern\dualcon\intern\Projections.cpp D:\blenderDev\blender\intern\dualcon\intern\dualcon_c_api.cpp
         manifold_table.cpp
         marching_cubes_table.cpp
         octree.cpp
         Projections.cpp
         dualcon_c_api.cpp
     1>d:\blenderdev\blender\intern\dualcon\intern\octree.h(73): warning C4200: nonstandard extension used : zero-sized array in struct/union (D:\blenderDev\blender\intern\dualcon\intern\dualcon_c_api.cpp)
                 Cannot generate copy-ctor or copy-assignment operator when UDT contains a zero-sized array
     1>d:\blenderdev\blender\intern\dualcon\intern\octree.h(179): warning C4200: nonstandard extension used : zero-sized array in struct/union (D:\blenderDev\blender\intern\dualcon\intern\dualcon_c_api.cpp)
                 Cannot generate copy-ctor or copy-assignment operator when UDT contains a zero-sized array
     1>d:\blenderdev\blender\intern\dualcon\intern\octree.h(73): warning C4200: nonstandard extension used : zero-sized array in struct/union (D:\blenderDev\blender\intern\dualcon\intern\octree.cpp)
                 Cannot generate copy-ctor or copy-assignment operator when UDT contains a zero-sized array
     1>d:\blenderdev\blender\intern\dualcon\intern\octree.h(179): warning C4200: nonstandard extension used : zero-sized array in struct/union (D:\blenderDev\blender\intern\dualcon\intern\octree.cpp)
                 Cannot generate copy-ctor or copy-assignment operator when UDT contains a zero-sized array
       Lib:
         D:\Microsoft Visual Studio 12.0\VC\bin\x86_amd64\Lib.exe /OUT:"D:\blenderDev\product\lib\RelWithDebInfo\bf_intern_dualcon.lib" /NOLOGO /MACHINE:X64  /ignore:4221 bf_intern_dualcon.dir\RelWithDebInfo\manifold_table.obj
         bf_intern_dualcon.dir\RelWithDebInfo\marching_cubes_table.obj
         bf_intern_dualcon.dir\RelWithDebInfo\octree.obj
         bf_intern_dualcon.dir\RelWithDebInfo\Projections.obj
         bf_intern_dualcon.dir\RelWithDebInfo\dualcon_c_api.obj
         bf_intern_dualcon.vcxproj -> D:\blenderDev\product\lib\RelWithDebInfo\bf_intern_dualcon.lib
     1>Done Building Project "D:\blenderDev\product\intern\dualcon\bf_intern_dualcon.vcxproj" (Build target(s)).

Build succeeded.

Time Elapsed 00:00:14.70
