Build started 2016/4/2 9:25:09.
     1>Project "D:\blenderDev\product\intern\itasc\bf_intern_itasc.vcxproj" on node 3 (Build target(s)).
     1>CustomBuild:
         Building Custom Rule D:/blenderDev/blender/intern/itasc/CMakeLists.txt
         CMake does not need to re-run because D:\blenderDev\product\intern\itasc\CMakeFiles\generate.stamp is up-to-date.
       ClCompile:
         D:\Microsoft Visual Studio 12.0\VC\bin\x86_amd64\CL.exe /c /ID:\blenderDev\lib\win64_vc12\pthreads\include /ID:\blenderDev\blender\extern\Eigen3 /Zi /nologo /W3 /WX- /MP /O2 /Ob1 /D WIN32 /D _WINDOWS /D NDEBUG /D WIN32 /D _CRT_NONSTDC_NO_DEPRECATE /D _CRT_SECURE_NO_DEPRECATE /D _SCL_SECURE_NO_DEPRECATE /D _CONSOLE /D _LIB /D _ALLOW_KEYWORD_MACROS /D _WIN32_WINNT=0x600 /D OIIO_STATIC_BUILD /D __SSE__ /D __MMX__ /D __SSE2__ /D __LITTLE_ENDIAN__ /D NDEBUG /D "CMAKE_INTDIR=\"RelWithDebInfo\"" /D _MBCS /Gm- /EHsc /MT /GS /fp:precise /Zc:wchar_t /Zc:forScope /GR /openmp /Fo"bf_intern_itasc.dir\RelWithDebInfo\\" /Fd"bf_intern_itasc.dir\RelWithDebInfo\vc120.pdb" /Gd /TP /wd4018 /wd4146 /wd4065 /wd4127 /wd4181 /wd4200 /wd4244 /wd4267 /wd4305 /wd4800 /errorReport:prompt /we4013 /we4431  /w34062 /J D:\blenderDev\blender\intern\itasc\Armature.cpp D:\blenderDev\blender\intern\itasc\Cache.cpp D:\blenderDev\blender\intern\itasc\ConstraintSet.cpp D:\blenderDev\blender\intern\itasc\ControlledObject.cpp D:\blenderDev\blender\intern\itasc\CopyPose.cpp D:\blenderDev\blender\intern\itasc\Distance.cpp D:\blenderDev\blender\intern\itasc\FixedObject.cpp D:\blenderDev\blender\intern\itasc\MovingFrame.cpp D:\blenderDev\blender\intern\itasc\Scene.cpp D:\blenderDev\blender\intern\itasc\UncontrolledObject.cpp D:\blenderDev\blender\intern\itasc\WDLSSolver.cpp D:\blenderDev\blender\intern\itasc\WSDLSSolver.cpp D:\blenderDev\blender\intern\itasc\WorldObject.cpp D:\blenderDev\blender\intern\itasc\eigen_types.cpp D:\blenderDev\blender\intern\itasc\kdl\chain.cpp D:\blenderDev\blender\intern\itasc\kdl\chainfksolverpos_recursive.cpp D:\blenderDev\blender\intern\itasc\kdl\chainjnttojacsolver.cpp D:\blenderDev\blender\intern\itasc\kdl\frameacc.cpp D:\blenderDev\blender\intern\itasc\kdl\frames.cpp D:\blenderDev\blender\intern\itasc\kdl\frames_io.cpp D:\blenderDev\blender\intern\itasc\kdl\framevel.cpp D:\blenderDev\blender\intern\itasc\kdl\inertia.cpp D:\blenderDev\blender\intern\itasc\kdl\jacobian.cpp D:\blenderDev\blender\intern\itasc\kdl\jntarray.cpp D:\blenderDev\blender\intern\itasc\kdl\jntarrayacc.cpp D:\blenderDev\blender\intern\itasc\kdl\jntarrayvel.cpp D:\blenderDev\blender\intern\itasc\kdl\joint.cpp D:\blenderDev\blender\intern\itasc\kdl\kinfam_io.cpp D:\blenderDev\blender\intern\itasc\kdl\segment.cpp D:\blenderDev\blender\intern\itasc\kdl\tree.cpp D:\blenderDev\blender\intern\itasc\kdl\treefksolverpos_recursive.cpp D:\blenderDev\blender\intern\itasc\kdl\treejnttojacsolver.cpp D:\blenderDev\blender\intern\itasc\kdl\utilities\error_stack.cpp D:\blenderDev\blender\intern\itasc\kdl\utilities\utility.cpp D:\blenderDev\blender\intern\itasc\kdl\utilities\utility_io.cpp
         Armature.cpp
         Cache.cpp
         ConstraintSet.cpp
         ControlledObject.cpp
         CopyPose.cpp
         Distance.cpp
         FixedObject.cpp
         MovingFrame.cpp
         Scene.cpp
         UncontrolledObject.cpp
         WDLSSolver.cpp
         WSDLSSolver.cpp
         WorldObject.cpp
         eigen_types.cpp
         chain.cpp
         chainfksolverpos_recursive.cpp
         chainjnttojacsolver.cpp
         frameacc.cpp
         frames.cpp
         frames_io.cpp
         framevel.cpp
         inertia.cpp
         jacobian.cpp
         jntarray.cpp
         jntarrayacc.cpp
         jntarrayvel.cpp
         joint.cpp
         kinfam_io.cpp
         segment.cpp
         tree.cpp
         treefksolverpos_recursive.cpp
         treejnttojacsolver.cpp
         error_stack.cpp
         utility.cpp
         utility_io.cpp
       Lib:
         D:\Microsoft Visual Studio 12.0\VC\bin\x86_amd64\Lib.exe /OUT:"D:\blenderDev\product\lib\RelWithDebInfo\bf_intern_itasc.lib" /NOLOGO /MACHINE:X64  /ignore:4221 bf_intern_itasc.dir\RelWithDebInfo\Armature.obj
         bf_intern_itasc.dir\RelWithDebInfo\Cache.obj
         bf_intern_itasc.dir\RelWithDebInfo\ConstraintSet.obj
         bf_intern_itasc.dir\RelWithDebInfo\ControlledObject.obj
         bf_intern_itasc.dir\RelWithDebInfo\CopyPose.obj
         bf_intern_itasc.dir\RelWithDebInfo\Distance.obj
         bf_intern_itasc.dir\RelWithDebInfo\FixedObject.obj
         bf_intern_itasc.dir\RelWithDebInfo\MovingFrame.obj
         bf_intern_itasc.dir\RelWithDebInfo\Scene.obj
         bf_intern_itasc.dir\RelWithDebInfo\UncontrolledObject.obj
         bf_intern_itasc.dir\RelWithDebInfo\WDLSSolver.obj
         bf_intern_itasc.dir\RelWithDebInfo\WSDLSSolver.obj
         bf_intern_itasc.dir\RelWithDebInfo\WorldObject.obj
         bf_intern_itasc.dir\RelWithDebInfo\eigen_types.obj
         bf_intern_itasc.dir\RelWithDebInfo\chain.obj
         bf_intern_itasc.dir\RelWithDebInfo\chainfksolverpos_recursive.obj
         bf_intern_itasc.dir\RelWithDebInfo\chainjnttojacsolver.obj
         bf_intern_itasc.dir\RelWithDebInfo\frameacc.obj
         bf_intern_itasc.dir\RelWithDebInfo\frames.obj
         bf_intern_itasc.dir\RelWithDebInfo\frames_io.obj
         bf_intern_itasc.dir\RelWithDebInfo\framevel.obj
         bf_intern_itasc.dir\RelWithDebInfo\inertia.obj
         bf_intern_itasc.dir\RelWithDebInfo\jacobian.obj
         bf_intern_itasc.dir\RelWithDebInfo\jntarray.obj
         bf_intern_itasc.dir\RelWithDebInfo\jntarrayacc.obj
         bf_intern_itasc.dir\RelWithDebInfo\jntarrayvel.obj
         bf_intern_itasc.dir\RelWithDebInfo\joint.obj
         bf_intern_itasc.dir\RelWithDebInfo\kinfam_io.obj
         bf_intern_itasc.dir\RelWithDebInfo\segment.obj
         bf_intern_itasc.dir\RelWithDebInfo\tree.obj
         bf_intern_itasc.dir\RelWithDebInfo\treefksolverpos_recursive.obj
         bf_intern_itasc.dir\RelWithDebInfo\treejnttojacsolver.obj
         bf_intern_itasc.dir\RelWithDebInfo\error_stack.obj
         bf_intern_itasc.dir\RelWithDebInfo\utility.obj
         bf_intern_itasc.dir\RelWithDebInfo\utility_io.obj
         bf_intern_itasc.vcxproj -> D:\blenderDev\product\lib\RelWithDebInfo\bf_intern_itasc.lib
     1>Done Building Project "D:\blenderDev\product\intern\itasc\bf_intern_itasc.vcxproj" (Build target(s)).

Build succeeded.

Time Elapsed 00:00:23.63
