Build started 2016/4/2 9:20:53.
     1>Project "D:\blenderDev\product\source\blender\blenlib\bf_blenlib.vcxproj" on node 4 (Build target(s)).
     1>CustomBuild:
         Building Custom Rule D:/blenderDev/blender/source/blender/blenlib/CMakeLists.txt
         CMake does not need to re-run because D:\blenderDev\product\source\blender\blenlib\CMakeFiles\generate.stamp is up-to-date.
       ClCompile:
         D:\Microsoft Visual Studio 12.0\VC\bin\x86_amd64\CL.exe /c /ID:\blenderDev\lib\win64_vc12\pthreads\include /ID:\blenderDev\blender\source\blender\blenlib /ID:\blenderDev\blender\source\blender\makesdna /ID:\blenderDev\blender\intern\guardedalloc /ID:\blenderDev\blender\intern\atomic /ID:\blenderDev\blender\intern\eigen /ID:\blenderDev\blender\extern\wcwidth /ID:\blenderDev\blender\intern\utfconv /ID:\blenderDev\lib\win64_vc12\zlib\include /ID:\blenderDev\lib\win64_vc12\freetype\include /ID:\blenderDev\lib\win64_vc12\freetype\include\freetype2 /Zi /nologo /W3 /WX- /MP /O2 /Ob1 /D WIN32 /D _WINDOWS /D NDEBUG /D WIN32 /D _CRT_NONSTDC_NO_DEPRECATE /D _CRT_SECURE_NO_DEPRECATE /D _SCL_SECURE_NO_DEPRECATE /D _CONSOLE /D _LIB /D _ALLOW_KEYWORD_MACROS /D _WIN32_WINNT=0x600 /D OIIO_STATIC_BUILD /D __SSE__ /D __MMX__ /D __SSE2__ /D __LITTLE_ENDIAN__ /D NDEBUG /D "CMAKE_INTDIR=\"RelWithDebInfo\"" /D _MBCS /Gm- /MT /GS /fp:precise /Zc:wchar_t /Zc:forScope /openmp /Fo"bf_blenlib.dir\RelWithDebInfo\\" /Fd"bf_blenlib.dir\RelWithDebInfo\vc120.pdb" /Gd /TC /wd4018 /wd4146 /wd4065 /wd4127 /wd4181 /wd4200 /wd4244 /wd4267 /wd4305 /wd4800 /errorReport:prompt /we4013 /we4431  /w34062 /J D:\blenderDev\blender\source\blender\blenlib\intern\BLI_args.c D:\blenderDev\blender\source\blender\blenlib\intern\BLI_array.c D:\blenderDev\blender\source\blender\blenlib\intern\BLI_dial.c D:\blenderDev\blender\source\blender\blenlib\intern\BLI_dynstr.c D:\blenderDev\blender\source\blender\blenlib\intern\BLI_filelist.c D:\blenderDev\blender\source\blender\blenlib\intern\BLI_ghash.c D:\blenderDev\blender\source\blender\blenlib\intern\BLI_heap.c D:\blenderDev\blender\source\blender\blenlib\intern\BLI_kdopbvh.c D:\blenderDev\blender\source\blender\blenlib\intern\BLI_kdtree.c D:\blenderDev\blender\source\blender\blenlib\intern\BLI_linklist.c D:\blenderDev\blender\source\blender\blenlib\intern\BLI_memarena.c D:\blenderDev\blender\source\blender\blenlib\intern\BLI_mempool.c D:\blenderDev\blender\source\blender\blenlib\intern\DLRB_tree.c D:\blenderDev\blender\source\blender\blenlib\intern\array_utils.c D:\blenderDev\blender\source\blender\blenlib\intern\astar.c D:\blenderDev\blender\source\blender\blenlib\intern\boxpack2d.c D:\blenderDev\blender\source\blender\blenlib\intern\buffer.c D:\blenderDev\blender\source\blender\blenlib\intern\callbacks.c D:\blenderDev\blender\source\blender\blenlib\intern\convexhull2d.c D:\blenderDev\blender\source\blender\blenlib\intern\dynlib.c D:\blenderDev\blender\source\blender\blenlib\intern\easing.c D:\blenderDev\blender\source\blender\blenlib\intern\edgehash.c D:\blenderDev\blender\source\blender\blenlib\intern\endian_switch.c D:\blenderDev\blender\source\blender\blenlib\intern\fileops.c D:\blenderDev\blender\source\blender\blenlib\intern\fnmatch.c D:\blenderDev\blender\source\blender\blenlib\intern\freetypefont.c D:\blenderDev\blender\source\blender\blenlib\intern\graph.c D:\blenderDev\blender\source\blender\blenlib\intern\gsqueue.c D:\blenderDev\blender\source\blender\blenlib\intern\hash_md5.c D:\blenderDev\blender\source\blender\blenlib\intern\hash_mm2a.c D:\blenderDev\blender\source\blender\blenlib\intern\jitter.c D:\blenderDev\blender\source\blender\blenlib\intern\lasso.c D:\blenderDev\blender\source\blender\blenlib\intern\listbase.c D:\blenderDev\blender\source\blender\blenlib\intern\math_base.c D:\blenderDev\blender\source\blender\blenlib\intern\math_color.c D:\blenderDev\blender\source\blender\blenlib\intern\math_geom.c D:\blenderDev\blender\source\blender\blenlib\intern\math_interp.c D:\blenderDev\blender\source\blender\blenlib\intern\math_matrix.c D:\blenderDev\blender\source\blender\blenlib\intern\math_rotation.c D:\blenderDev\blender\source\blender\blenlib\intern\math_solvers.c D:\blenderDev\blender\source\blender\blenlib\intern\math_statistics.c D:\blenderDev\blender\source\blender\blenlib\intern\math_vector.c D:\blenderDev\blender\source\blender\blenlib\intern\memory_utils.c D:\blenderDev\blender\source\blender\blenlib\intern\noise.c D:\blenderDev\blender\source\blender\blenlib\intern\path_util.c D:\blenderDev\blender\source\blender\blenlib\intern\polyfill2d.c D:\blenderDev\blender\source\blender\blenlib\intern\polyfill2d_beautify.c D:\blenderDev\blender\source\blender\blenlib\intern\quadric.c D:\blenderDev\blender\source\blender\blenlib\intern\rand.c D:\blenderDev\blender\source\blender\blenlib\intern\rct.c D:\blenderDev\blender\source\blender\blenlib\intern\scanfill.c D:\blenderDev\blender\source\blender\blenlib\intern\scanfill_utils.c D:\blenderDev\blender\source\blender\blenlib\intern\smallhash.c D:\blenderDev\blender\source\blender\blenlib\intern\sort.c D:\blenderDev\blender\source\blender\blenlib\intern\sort_utils.c D:\blenderDev\blender\source\blender\blenlib\intern\stack.c D:\blenderDev\blender\source\blender\blenlib\intern\storage.c D:\blenderDev\blender\source\blender\blenlib\intern\string.c D:\blenderDev\blender\source\blender\blenlib\intern\string_cursor_utf8.c D:\blenderDev\blender\source\blender\blenlib\intern\string_utf8.c D:\blenderDev\blender\source\blender\blenlib\intern\system.c D:\blenderDev\blender\source\blender\blenlib\intern\task.c D:\blenderDev\blender\source\blender\blenlib\intern\threads.c D:\blenderDev\blender\source\blender\blenlib\intern\time.c D:\blenderDev\blender\source\blender\blenlib\intern\timecode.c D:\blenderDev\blender\source\blender\blenlib\intern\uvproject.c D:\blenderDev\blender\source\blender\blenlib\intern\voronoi.c D:\blenderDev\blender\source\blender\blenlib\intern\voxel.c D:\blenderDev\blender\source\blender\blenlib\intern\winstuff.c D:\blenderDev\blender\source\blender\blenlib\intern\winstuff_dir.c
         BLI_args.c
         BLI_array.c
         BLI_dial.c
         BLI_dynstr.c
         BLI_filelist.c
         BLI_ghash.c
         BLI_heap.c
         BLI_kdopbvh.c
         BLI_kdtree.c
         BLI_linklist.c
         BLI_memarena.c
         BLI_mempool.c
         DLRB_tree.c
         array_utils.c
         astar.c
         boxpack2d.c
         buffer.c
         callbacks.c
         convexhull2d.c
         dynlib.c
         easing.c
         edgehash.c
         endian_switch.c
         fileops.c
         fnmatch.c
         freetypefont.c
         graph.c
         gsqueue.c
         hash_md5.c
         hash_mm2a.c
         jitter.c
         lasso.c
         listbase.c
         math_base.c
         math_color.c
         math_geom.c
         math_interp.c
         math_matrix.c
         math_rotation.c
         math_solvers.c
         math_statistics.c
         math_vector.c
         memory_utils.c
         noise.c
         path_util.c
         polyfill2d.c
         polyfill2d_beautify.c
         quadric.c
         rand.c
         rct.c
         scanfill.c
         scanfill_utils.c
         smallhash.c
         sort.c
         sort_utils.c
         stack.c
         storage.c
         string.c
         string_cursor_utf8.c
         string_utf8.c
         system.c
         task.c
         threads.c
         time.c
         timecode.c
         uvproject.c
         voronoi.c
         voxel.c
         winstuff.c
         winstuff_dir.c
       Lib:
         D:\Microsoft Visual Studio 12.0\VC\bin\x86_amd64\Lib.exe /OUT:"D:\blenderDev\product\lib\RelWithDebInfo\bf_blenlib.lib" /NOLOGO /MACHINE:X64  /ignore:4221 bf_blenlib.dir\RelWithDebInfo\BLI_args.obj
         bf_blenlib.dir\RelWithDebInfo\BLI_array.obj
         bf_blenlib.dir\RelWithDebInfo\BLI_dial.obj
         bf_blenlib.dir\RelWithDebInfo\BLI_dynstr.obj
         bf_blenlib.dir\RelWithDebInfo\BLI_filelist.obj
         bf_blenlib.dir\RelWithDebInfo\BLI_ghash.obj
         bf_blenlib.dir\RelWithDebInfo\BLI_heap.obj
         bf_blenlib.dir\RelWithDebInfo\BLI_kdopbvh.obj
         bf_blenlib.dir\RelWithDebInfo\BLI_kdtree.obj
         bf_blenlib.dir\RelWithDebInfo\BLI_linklist.obj
         bf_blenlib.dir\RelWithDebInfo\BLI_memarena.obj
         bf_blenlib.dir\RelWithDebInfo\BLI_mempool.obj
         bf_blenlib.dir\RelWithDebInfo\DLRB_tree.obj
         bf_blenlib.dir\RelWithDebInfo\array_utils.obj
         bf_blenlib.dir\RelWithDebInfo\astar.obj
         bf_blenlib.dir\RelWithDebInfo\boxpack2d.obj
         bf_blenlib.dir\RelWithDebInfo\buffer.obj
         bf_blenlib.dir\RelWithDebInfo\callbacks.obj
         bf_blenlib.dir\RelWithDebInfo\convexhull2d.obj
         bf_blenlib.dir\RelWithDebInfo\dynlib.obj
         bf_blenlib.dir\RelWithDebInfo\easing.obj
         bf_blenlib.dir\RelWithDebInfo\edgehash.obj
         bf_blenlib.dir\RelWithDebInfo\endian_switch.obj
         bf_blenlib.dir\RelWithDebInfo\fileops.obj
         bf_blenlib.dir\RelWithDebInfo\fnmatch.obj
         bf_blenlib.dir\RelWithDebInfo\freetypefont.obj
         bf_blenlib.dir\RelWithDebInfo\graph.obj
         bf_blenlib.dir\RelWithDebInfo\gsqueue.obj
         bf_blenlib.dir\RelWithDebInfo\hash_md5.obj
         bf_blenlib.dir\RelWithDebInfo\hash_mm2a.obj
         bf_blenlib.dir\RelWithDebInfo\jitter.obj
         bf_blenlib.dir\RelWithDebInfo\lasso.obj
         bf_blenlib.dir\RelWithDebInfo\listbase.obj
         bf_blenlib.dir\RelWithDebInfo\math_base.obj
         bf_blenlib.dir\RelWithDebInfo\math_color.obj
         bf_blenlib.dir\RelWithDebInfo\math_geom.obj
         bf_blenlib.dir\RelWithDebInfo\math_interp.obj
         bf_blenlib.dir\RelWithDebInfo\math_matrix.obj
         bf_blenlib.dir\RelWithDebInfo\math_rotation.obj
         bf_blenlib.dir\RelWithDebInfo\math_solvers.obj
         bf_blenlib.dir\RelWithDebInfo\math_statistics.obj
         bf_blenlib.dir\RelWithDebInfo\math_vector.obj
         bf_blenlib.dir\RelWithDebInfo\memory_utils.obj
         bf_blenlib.dir\RelWithDebInfo\noise.obj
         bf_blenlib.dir\RelWithDebInfo\path_util.obj
         bf_blenlib.dir\RelWithDebInfo\polyfill2d.obj
         bf_blenlib.dir\RelWithDebInfo\polyfill2d_beautify.obj
         bf_blenlib.dir\RelWithDebInfo\quadric.obj
         bf_blenlib.dir\RelWithDebInfo\rand.obj
         bf_blenlib.dir\RelWithDebInfo\rct.obj
         bf_blenlib.dir\RelWithDebInfo\scanfill.obj
         bf_blenlib.dir\RelWithDebInfo\scanfill_utils.obj
         bf_blenlib.dir\RelWithDebInfo\smallhash.obj
         bf_blenlib.dir\RelWithDebInfo\sort.obj
         bf_blenlib.dir\RelWithDebInfo\sort_utils.obj
         bf_blenlib.dir\RelWithDebInfo\stack.obj
         bf_blenlib.dir\RelWithDebInfo\storage.obj
         bf_blenlib.dir\RelWithDebInfo\string.obj
         bf_blenlib.dir\RelWithDebInfo\string_cursor_utf8.obj
         bf_blenlib.dir\RelWithDebInfo\string_utf8.obj
         bf_blenlib.dir\RelWithDebInfo\system.obj
         bf_blenlib.dir\RelWithDebInfo\task.obj
         bf_blenlib.dir\RelWithDebInfo\threads.obj
         bf_blenlib.dir\RelWithDebInfo\time.obj
         bf_blenlib.dir\RelWithDebInfo\timecode.obj
         bf_blenlib.dir\RelWithDebInfo\uvproject.obj
         bf_blenlib.dir\RelWithDebInfo\voronoi.obj
         bf_blenlib.dir\RelWithDebInfo\voxel.obj
         bf_blenlib.dir\RelWithDebInfo\winstuff.obj
         bf_blenlib.dir\RelWithDebInfo\winstuff_dir.obj
         bf_blenlib.vcxproj -> D:\blenderDev\product\lib\RelWithDebInfo\bf_blenlib.lib
     1>Done Building Project "D:\blenderDev\product\source\blender\blenlib\bf_blenlib.vcxproj" (Build target(s)).

Build succeeded.

Time Elapsed 00:00:12.10
