Build started 2016/4/3 16:34:43.
     1>Project "D:\blenderDev\product\intern\cycles\blender\bf_intern_cycles.vcxproj" on node 4 (Build target(s)).
     1>ClCompile:
         D:\Microsoft Visual Studio 12.0\VC\bin\x86_amd64\CL.exe /c /ID:\blenderDev\lib\win64_vc12\pthreads\include /ID:\blenderDev\lib\win64_vc12\osl\include /ID:\blenderDev\blender\extern\glog\src\windows /ID:\blenderDev\blender\extern\gflags\src /ID:\blenderDev\lib\win64_vc12\boost\include /ID:\blenderDev\blender\..\lib\win64_vc12\openimageio\include /ID:\blenderDev\blender\..\lib\win64_vc12\openimageio\include\OpenImageIO /ID:\blenderDev\blender\..\lib\win64_vc12\openexr\include /ID:\blenderDev\blender\..\lib\win64_vc12\openexr\include\OpenEXR /ID:\blenderDev\blender\intern\cycles\..\atomic /ID:\blenderDev\blender\intern\cycles\render /ID:\blenderDev\blender\intern\cycles\device /ID:\blenderDev\blender\intern\cycles\kernel /ID:\blenderDev\blender\intern\cycles\kernel\svm /ID:\blenderDev\blender\intern\cycles\util /ID:\blenderDev\blender\intern\cycles\subd /I"D:\blenderDev\blender\intern\glew-mx" /ID:\blenderDev\blender\intern\guardedalloc /ID:\blenderDev\blender\intern\mikktspace /ID:\blenderDev\blender\source\blender\makesdna /ID:\blenderDev\blender\source\blender\makesrna /ID:\blenderDev\blender\source\blender\blenlib /ID:\blenderDev\product\source\blender\makesrna\intern /ID:\blenderDev\lib\win64_vc12\python\include\python3.5 /ID:\blenderDev\blender\extern\glew\include /Zi /nologo /W3 /WX- /MP /Od /Ob0 /D WIN32 /D _WINDOWS /D _CRT_SECURE_NO_WARNINGS /D _DEBUG /D WIN32 /D _CRT_NONSTDC_NO_DEPRECATE /D _CRT_SECURE_NO_DEPRECATE /D _SCL_SECURE_NO_DEPRECATE /D _CONSOLE /D _LIB /D _ALLOW_KEYWORD_MACROS /D _WIN32_WINNT=0x600 /D OIIO_STATIC_BUILD /D __SSE__ /D __MMX__ /D __SSE2__ /D __LITTLE_ENDIAN__ /D WITH_KERNEL_SSE2 /D WITH_KERNEL_SSE3 /D WITH_KERNEL_SSE41 /D WITH_KERNEL_AVX /D WITH_KERNEL_AVX2 /D BOOST_ALL_NO_LIB /D USE_TBB=0 /D "CCL_NAMESPACE_BEGIN=namespace ccl {" /D "CCL_NAMESPACE_END=}" /D WITH_OSL /D OSL_STATIC_LIBRARY /D CYCLES_STD_UNORDERED_MAP /D WITH_CYCLES_LOGGING /D GOOGLE_GLOG_DLL_DECL= /D CYCLES_GFLAGS_NAMESPACE=gflags /D WITH_BLENDER_GUARDEDALLOC /D WITH_GLU /D WITH_GL_PROFILE_COMPAT /D GLEW_STATIC /D GLEW_NO_ES /D DEBUG /D _DEBUG /D "CMAKE_INTDIR=\"Debug\"" /D _MBCS /Gm- /EHsc /RTC1 /MTd /GS- /fp:fast /Zc:wchar_t /Zc:forScope /GR /openmp /Fo"bf_intern_cycles.dir\Debug\\" /Fd"bf_intern_cycles.dir\Debug\vc120.pdb" /Gd /TP /wd4018 /wd4146 /wd4065 /wd4127 /wd4181 /wd4200 /wd4244 /wd4267 /wd4305 /wd4800 /errorReport:prompt /we4013 /we4431  /w34062 /J D:\blenderDev\blender\intern\cycles\blender\blender_camera.cpp D:\blenderDev\blender\intern\cycles\blender\blender_curves.cpp D:\blenderDev\blender\intern\cycles\blender\blender_mesh.cpp D:\blenderDev\blender\intern\cycles\blender\blender_object.cpp D:\blenderDev\blender\intern\cycles\blender\blender_particles.cpp D:\blenderDev\blender\intern\cycles\blender\blender_python.cpp D:\blenderDev\blender\intern\cycles\blender\blender_session.cpp D:\blenderDev\blender\intern\cycles\blender\blender_shader.cpp D:\blenderDev\blender\intern\cycles\blender\blender_sync.cpp D:\blenderDev\blender\intern\cycles\blender\blender_texture.cpp
         blender_camera.cpp
         blender_curves.cpp
         blender_mesh.cpp
         blender_object.cpp
         blender_particles.cpp
         blender_python.cpp
         blender_session.cpp
         blender_shader.cpp
     1>d:\blenderdev\lib\win64_vc12\openimageio\include\openimageio\missing_math.h(112): warning C4005: 'copysign' : macro redefinition (D:\blenderDev\blender\intern\cycles\blender\blender_python.cpp)
                 d:\blenderdev\lib\win64_vc12\python\include\python3.5\pyconfig.h(213) : see previous definition of 'copysign'
         blender_sync.cpp
         blender_texture.cpp
       Lib:
         D:\Microsoft Visual Studio 12.0\VC\bin\x86_amd64\Lib.exe /OUT:"D:\blenderDev\product\lib\Debug\bf_intern_cycles.lib" /NOLOGO /MACHINE:X64  /ignore:4221 bf_intern_cycles.dir\Debug\blender_camera.obj
         bf_intern_cycles.dir\Debug\blender_mesh.obj
         bf_intern_cycles.dir\Debug\blender_object.obj
         bf_intern_cycles.dir\Debug\blender_particles.obj
         bf_intern_cycles.dir\Debug\blender_curves.obj
         bf_intern_cycles.dir\Debug\blender_logging.obj
         bf_intern_cycles.dir\Debug\blender_python.obj
         bf_intern_cycles.dir\Debug\blender_session.obj
         bf_intern_cycles.dir\Debug\blender_shader.obj
         bf_intern_cycles.dir\Debug\blender_sync.obj
         bf_intern_cycles.dir\Debug\blender_texture.obj
         bf_intern_cycles.vcxproj -> D:\blenderDev\product\lib\Debug\bf_intern_cycles.lib
     1>Done Building Project "D:\blenderDev\product\intern\cycles\blender\bf_intern_cycles.vcxproj" (Build target(s)).

Build succeeded.

Time Elapsed 00:00:54.65
