Build started 2016/4/2 9:34:43.
     1>Project "D:\blenderDev\product\source\gameengine\Converter\ge_converter.vcxproj" on node 5 (Build target(s)).
     1>CustomBuild:
         Building Custom Rule D:/blenderDev/blender/source/gameengine/Converter/CMakeLists.txt
         CMake does not need to re-run because D:\blenderDev\product\source\gameengine\Converter\CMakeFiles\generate.stamp is up-to-date.
       ClCompile:
         D:\Microsoft Visual Studio 12.0\VC\bin\x86_amd64\CL.exe /c /ID:\blenderDev\lib\win64_vc12\pthreads\include /ID:\blenderDev\lib\win64_vc12\python\include\python3.5 /ID:\blenderDev\blender\source\gameengine\Converter /ID:\blenderDev\blender\source\gameengine\BlenderRoutines /ID:\blenderDev\blender\source\gameengine\Expressions /ID:\blenderDev\blender\source\gameengine\GameLogic /ID:\blenderDev\blender\source\gameengine\Ketsji /ID:\blenderDev\blender\source\gameengine\Ketsji\KXNetwork /ID:\blenderDev\blender\source\gameengine\Network /ID:\blenderDev\blender\source\gameengine\Network\LoopBackNetwork /ID:\blenderDev\blender\source\gameengine\Physics\Bullet /ID:\blenderDev\blender\source\gameengine\Physics\Dummy /ID:\blenderDev\blender\source\gameengine\Physics\common /ID:\blenderDev\blender\source\gameengine\Rasterizer /ID:\blenderDev\blender\source\gameengine\Rasterizer\RAS_OpenGLRasterizer /ID:\blenderDev\blender\source\gameengine\SceneGraph /ID:\blenderDev\blender\source\blender /ID:\blenderDev\blender\source\blender\blenkernel /ID:\blenderDev\blender\source\blender\blenlib /ID:\blenderDev\blender\source\blender\blenloader /ID:\blenderDev\blender\source\blender\gpu /ID:\blenderDev\blender\source\blender\ikplugin /ID:\blenderDev\blender\source\blender\imbuf /ID:\blenderDev\blender\source\blender\makesdna /ID:\blenderDev\blender\source\blender\makesrna /ID:\blenderDev\blender\source\blender\windowmanager /ID:\blenderDev\blender\intern\container /ID:\blenderDev\blender\intern\guardedalloc /ID:\blenderDev\blender\intern\string /ID:\blenderDev\blender\intern\moto\include /ID:\blenderDev\blender\extern\recastnavigation\Detour\Include /ID:\blenderDev\blender\extern\Eigen3 /ID:\blenderDev\lib\win64_vc12\boost\include /ID:\blenderDev\blender\extern\bullet2\src /ID:\blenderDev\blender\intern\audaspace\intern /Zi /nologo /W3 /WX- /MP /O2 /Ob1 /D WIN32 /D _WINDOWS /D NDEBUG /D WIN32 /D _CRT_NONSTDC_NO_DEPRECATE /D _CRT_SECURE_NO_DEPRECATE /D _SCL_SECURE_NO_DEPRECATE /D _CONSOLE /D _LIB /D _ALLOW_KEYWORD_MACROS /D _WIN32_WINNT=0x600 /D OIIO_STATIC_BUILD /D __SSE__ /D __MMX__ /D __SSE2__ /D __LITTLE_ENDIAN__ /D WITH_PYTHON /D WITH_BULLET /D WITH_AUDASPACE /D "AUD_DEVICE_H=<AUD_C-API.h>" /D "AUD_SPECIAL_H=<AUD_C-API.h>" /D "AUD_SOUND_H=<AUD_C-API.h>" /D "AUD_HANDLE_H=<AUD_C-API.h>" /D "AUD_SEQUENCE_H=<AUD_C-API.h>" /D "AUD_TYPES_H=<AUD_Space.h>" /D NDEBUG /D "CMAKE_INTDIR=\"RelWithDebInfo\"" /D _MBCS /Gm- /EHsc /MT /GS /fp:precise /Zc:wchar_t /Zc:forScope /GR /openmp /Fo"ge_converter.dir\RelWithDebInfo\\" /Fd"ge_converter.dir\RelWithDebInfo\vc120.pdb" /Gd /TP /wd4018 /wd4146 /wd4065 /wd4127 /wd4181 /wd4200 /wd4244 /wd4267 /wd4305 /wd4800 /errorReport:prompt /we4013 /we4431  /w34062 /J D:\blenderDev\blender\source\gameengine\Converter\BL_ActionActuator.cpp D:\blenderDev\blender\source\gameengine\Converter\BL_ArmatureActuator.cpp D:\blenderDev\blender\source\gameengine\Converter\BL_ArmatureChannel.cpp D:\blenderDev\blender\source\gameengine\Converter\BL_ArmatureConstraint.cpp D:\blenderDev\blender\source\gameengine\Converter\BL_ArmatureObject.cpp D:\blenderDev\blender\source\gameengine\Converter\BL_BlenderDataConversion.cpp D:\blenderDev\blender\source\gameengine\Converter\BL_DeformableGameObject.cpp D:\blenderDev\blender\source\gameengine\Converter\BL_MeshDeformer.cpp D:\blenderDev\blender\source\gameengine\Converter\BL_ModifierDeformer.cpp D:\blenderDev\blender\source\gameengine\Converter\BL_ShapeActionActuator.cpp D:\blenderDev\blender\source\gameengine\Converter\BL_ShapeDeformer.cpp D:\blenderDev\blender\source\gameengine\Converter\BL_SkinDeformer.cpp D:\blenderDev\blender\source\gameengine\Converter\KX_BlenderScalarInterpolator.cpp D:\blenderDev\blender\source\gameengine\Converter\KX_BlenderSceneConverter.cpp D:\blenderDev\blender\source\gameengine\Converter\KX_ConvertActuators.cpp D:\blenderDev\blender\source\gameengine\Converter\KX_ConvertControllers.cpp D:\blenderDev\blender\source\gameengine\Converter\KX_ConvertProperties.cpp D:\blenderDev\blender\source\gameengine\Converter\KX_ConvertSensors.cpp D:\blenderDev\blender\source\gameengine\Converter\KX_LibLoadStatus.cpp D:\blenderDev\blender\source\gameengine\Converter\KX_SoftBodyDeformer.cpp
         BL_ActionActuator.cpp
         BL_ArmatureActuator.cpp
         BL_ArmatureChannel.cpp
         BL_ArmatureConstraint.cpp
         BL_ArmatureObject.cpp
         BL_BlenderDataConversion.cpp
         BL_DeformableGameObject.cpp
         BL_MeshDeformer.cpp
     1>D:\blenderDev\blender\source\blender\blenkernel\BKE_main.h(57): warning C4200: nonstandard extension used : zero-sized array in struct/union (D:\blenderDev\blender\source\gameengine\Converter\BL_BlenderDataConversion.cpp)
                 Cannot generate copy-ctor or copy-assignment operator when UDT contains a zero-sized array
         BL_ModifierDeformer.cpp
         BL_ShapeActionActuator.cpp
     1>D:\blenderDev\blender\source\blender\makesdna\DNA_curve_types.h(92): warning C4200: nonstandard extension used : zero-sized array in struct/union (D:\blenderDev\blender\source\gameengine\Converter\BL_ModifierDeformer.cpp)
                 Cannot generate copy-ctor or copy-assignment operator when UDT contains a zero-sized array
     1>d:\blenderdev\blender\source\blender\makesdna\DNA_curve_types.h(92): warning C4200: nonstandard extension used : zero-sized array in struct/union (D:\blenderDev\blender\source\gameengine\Converter\BL_ShapeActionActuator.cpp)
                 Cannot generate copy-ctor or copy-assignment operator when UDT contains a zero-sized array
         BL_ShapeDeformer.cpp
         BL_SkinDeformer.cpp
         KX_BlenderScalarInterpolator.cpp
     1>d:\blenderdev\blender\source\blender\makesdna\DNA_curve_types.h(92): warning C4200: nonstandard extension used : zero-sized array in struct/union (D:\blenderDev\blender\source\gameengine\Converter\KX_BlenderScalarInterpolator.cpp)
                 Cannot generate copy-ctor or copy-assignment operator when UDT contains a zero-sized array
     1>d:\blenderdev\blender\source\blender\makesdna\DNA_curve_types.h(92): warning C4200: nonstandard extension used : zero-sized array in struct/union (D:\blenderDev\blender\source\gameengine\Converter\BL_ShapeDeformer.cpp)
                 Cannot generate copy-ctor or copy-assignment operator when UDT contains a zero-sized array
     1>D:\blenderDev\blender\source\blender\blenkernel\BKE_main.h(57): warning C4200: nonstandard extension used : zero-sized array in struct/union (D:\blenderDev\blender\source\gameengine\Converter\BL_ShapeDeformer.cpp)
                 Cannot generate copy-ctor or copy-assignment operator when UDT contains a zero-sized array
         KX_BlenderSceneConverter.cpp
         KX_ConvertActuators.cpp
         KX_ConvertControllers.cpp
     1>D:\blenderDev\blender\source\blender\blenkernel\BKE_main.h(57): warning C4200: nonstandard extension used : zero-sized array in struct/union (D:\blenderDev\blender\source\gameengine\Converter\KX_BlenderSceneConverter.cpp)
                 Cannot generate copy-ctor or copy-assignment operator when UDT contains a zero-sized array
     1>D:\blenderDev\blender\source\blender\makesdna\DNA_curve_types.h(92): warning C4200: nonstandard extension used : zero-sized array in struct/union (D:\blenderDev\blender\source\gameengine\Converter\KX_BlenderSceneConverter.cpp)
                 Cannot generate copy-ctor or copy-assignment operator when UDT contains a zero-sized array
         KX_ConvertProperties.cpp
         KX_ConvertSensors.cpp
     1>D:\blenderDev\blender\source\blender\makesdna\DNA_curve_types.h(92): warning C4200: nonstandard extension used : zero-sized array in struct/union (D:\blenderDev\blender\source\gameengine\Converter\KX_ConvertProperties.cpp)
                 Cannot generate copy-ctor or copy-assignment operator when UDT contains a zero-sized array
         KX_LibLoadStatus.cpp
         KX_SoftBodyDeformer.cpp
       Lib:
         D:\Microsoft Visual Studio 12.0\VC\bin\x86_amd64\Lib.exe /OUT:"D:\blenderDev\product\lib\RelWithDebInfo\ge_converter.lib" /NOLOGO /MACHINE:X64  /ignore:4221 ge_converter.dir\RelWithDebInfo\BL_ActionActuator.obj
         ge_converter.dir\RelWithDebInfo\BL_ArmatureActuator.obj
         ge_converter.dir\RelWithDebInfo\BL_ArmatureChannel.obj
         ge_converter.dir\RelWithDebInfo\BL_ArmatureConstraint.obj
         ge_converter.dir\RelWithDebInfo\BL_ArmatureObject.obj
         ge_converter.dir\RelWithDebInfo\BL_BlenderDataConversion.obj
         ge_converter.dir\RelWithDebInfo\BL_DeformableGameObject.obj
         ge_converter.dir\RelWithDebInfo\BL_MeshDeformer.obj
         ge_converter.dir\RelWithDebInfo\BL_ModifierDeformer.obj
         ge_converter.dir\RelWithDebInfo\BL_ShapeActionActuator.obj
         ge_converter.dir\RelWithDebInfo\BL_ShapeDeformer.obj
         ge_converter.dir\RelWithDebInfo\BL_SkinDeformer.obj
         ge_converter.dir\RelWithDebInfo\KX_BlenderScalarInterpolator.obj
         ge_converter.dir\RelWithDebInfo\KX_BlenderSceneConverter.obj
         ge_converter.dir\RelWithDebInfo\KX_ConvertActuators.obj
         ge_converter.dir\RelWithDebInfo\KX_ConvertControllers.obj
         ge_converter.dir\RelWithDebInfo\KX_ConvertProperties.obj
         ge_converter.dir\RelWithDebInfo\KX_ConvertSensors.obj
         ge_converter.dir\RelWithDebInfo\KX_LibLoadStatus.obj
         ge_converter.dir\RelWithDebInfo\KX_SoftBodyDeformer.obj
         ge_converter.vcxproj -> D:\blenderDev\product\lib\RelWithDebInfo\ge_converter.lib
     1>Done Building Project "D:\blenderDev\product\source\gameengine\Converter\ge_converter.vcxproj" (Build target(s)).

Build succeeded.

Time Elapsed 00:00:26.21
