Build started 2016/4/2 9:20:50.
     1>Project "D:\blenderDev\product\source\blender\makesrna\intern\makesrna.vcxproj" on node 5 (Build target(s)).
     1>CustomBuild:
         Building Custom Rule D:/blenderDev/blender/source/blender/makesrna/intern/CMakeLists.txt
         CMake does not need to re-run because D:\blenderDev\product\source\blender\makesrna\intern\CMakeFiles\generate.stamp is up-to-date.
       ClCompile:
         D:\Microsoft Visual Studio 12.0\VC\bin\x86_amd64\CL.exe /c /ID:\blenderDev\lib\win64_vc12\pthreads\include /ID:\blenderDev\blender\source\blender\makesrna\intern /ID:\blenderDev\blender\source\blender\makesrna /ID:\blenderDev\blender\source\blender\blenfont /ID:\blenderDev\blender\source\blender\blenkernel /ID:\blenderDev\blender\source\blender\blenlib /ID:\blenderDev\blender\source\blender\bmesh /ID:\blenderDev\blender\source\blender\blentranslation /ID:\blenderDev\blender\source\blender\depsgraph /ID:\blenderDev\blender\source\blender\gpu /ID:\blenderDev\blender\source\blender\imbuf /ID:\blenderDev\blender\source\blender\ikplugin /ID:\blenderDev\blender\source\blender\makesdna /ID:\blenderDev\blender\source\blender\nodes /ID:\blenderDev\blender\source\blender\physics /ID:\blenderDev\blender\source\blender\windowmanager /ID:\blenderDev\blender\source\blender\editors\include /ID:\blenderDev\blender\source\blender\render\extern\include /ID:\blenderDev\blender\intern\cycles\blender /ID:\blenderDev\blender\intern\guardedalloc /I"D:\blenderDev\blender\intern\glew-mx" /ID:\blenderDev\blender\intern\atomic /ID:\blenderDev\blender\intern\memutil /ID:\blenderDev\blender\intern\smoke\extern /ID:\blenderDev\blender\extern\glew\include /ID:\blenderDev\blender\source\blender\python /ID:\blenderDev\blender\intern\ffmpeg /ID:\blenderDev\blender\intern\rigidbody /ID:\blenderDev\blender\source\blender\freestyle /ID:\blenderDev\blender\intern\audaspace\intern /ID:\blenderDev\lib\win64_vc12\ffmpeg\include /ID:\blenderDev\lib\win64_vc12\ffmpeg\include\msvc /Zi /nologo /W3 /WX- /MP /O2 /Ob1 /D WIN32 /D _WINDOWS /D NDEBUG /D WIN32 /D _CRT_NONSTDC_NO_DEPRECATE /D _CRT_SECURE_NO_DEPRECATE /D _SCL_SECURE_NO_DEPRECATE /D _CONSOLE /D _LIB /D _ALLOW_KEYWORD_MACROS /D _WIN32_WINNT=0x600 /D OIIO_STATIC_BUILD /D __SSE__ /D __MMX__ /D __SSE2__ /D __LITTLE_ENDIAN__ /D WITH_CYCLES /D WITH_PYTHON /D WITH_GAMEENGINE /D WITH_OPENEXR /D WITH_OPENIMAGEIO /D WITH_TIFF /D WITH_OPENJPEG /D WITH_DDS /D WITH_CINEON /D WITH_HDR /D WITH_FRAMESERVER /D WITH_AUDASPACE /D "AUD_DEVICE_H=<AUD_C-API.h>" /D "AUD_SPECIAL_H=<AUD_C-API.h>" /D "AUD_SOUND_H=<AUD_C-API.h>" /D "AUD_HANDLE_H=<AUD_C-API.h>" /D "AUD_SEQUENCE_H=<AUD_C-API.h>" /D "AUD_TYPES_H=<AUD_Space.h>" /D WITH_FFMPEG /D WITH_MOD_FLUID /D WITH_FFTW3 /D WITH_SMOKE /D WITH_SDL /D WITH_OPENAL /D WITH_COLLADA /D WITH_INTERNATIONAL /D WITH_BULLET /D WITH_FREESTYLE /D WITH_GLU /D WITH_GL_PROFILE_COMPAT /D GLEW_STATIC /D GLEW_NO_ES /D NDEBUG /D "CMAKE_INTDIR=\"RelWithDebInfo\"" /D _MBCS /Gm- /MT /GS /fp:precise /Zc:wchar_t /Zc:forScope /openmp /Fo"makesrna.dir\RelWithDebInfo\\" /Fd"makesrna.dir\RelWithDebInfo\vc120.pdb" /Gd /TC /wd4018 /wd4146 /wd4065 /wd4127 /wd4181 /wd4200 /wd4244 /wd4267 /wd4305 /wd4800 /errorReport:prompt /we4013 /we4431  /w34062 /J D:\blenderDev\blender\source\blender\makesrna\intern\makesrna.c D:\blenderDev\blender\source\blender\makesrna\intern\rna_define.c D:\blenderDev\blender\source\blender\makesrna\intern\rna_ID.c D:\blenderDev\blender\source\blender\makesrna\intern\rna_action.c D:\blenderDev\blender\source\blender\makesrna\intern\rna_actuator.c D:\blenderDev\blender\source\blender\makesrna\intern\rna_animation.c D:\blenderDev\blender\source\blender\makesrna\intern\rna_animviz.c D:\blenderDev\blender\source\blender\makesrna\intern\rna_armature.c D:\blenderDev\blender\source\blender\makesrna\intern\rna_boid.c D:\blenderDev\blender\source\blender\makesrna\intern\rna_brush.c D:\blenderDev\blender\source\blender\makesrna\intern\rna_camera.c D:\blenderDev\blender\source\blender\makesrna\intern\rna_cloth.c D:\blenderDev\blender\source\blender\makesrna\intern\rna_color.c D:\blenderDev\blender\source\blender\makesrna\intern\rna_constraint.c D:\blenderDev\blender\source\blender\makesrna\intern\rna_context.c D:\blenderDev\blender\source\blender\makesrna\intern\rna_controller.c D:\blenderDev\blender\source\blender\makesrna\intern\rna_curve.c D:\blenderDev\blender\source\blender\makesrna\intern\rna_depsgraph.c D:\blenderDev\blender\source\blender\makesrna\intern\rna_dynamicpaint.c D:\blenderDev\blender\source\blender\makesrna\intern\rna_fcurve.c D:\blenderDev\blender\source\blender\makesrna\intern\rna_fluidsim.c D:\blenderDev\blender\source\blender\makesrna\intern\rna_gpencil.c D:\blenderDev\blender\source\blender\makesrna\intern\rna_group.c D:\blenderDev\blender\source\blender\makesrna\intern\rna_image.c D:\blenderDev\blender\source\blender\makesrna\intern\rna_key.c D:\blenderDev\blender\source\blender\makesrna\intern\rna_lamp.c D:\blenderDev\blender\source\blender\makesrna\intern\rna_lattice.c D:\blenderDev\blender\source\blender\makesrna\intern\rna_linestyle.c D:\blenderDev\blender\source\blender\makesrna\intern\rna_main.c D:\blenderDev\blender\source\blender\makesrna\intern\rna_mask.c D:\blenderDev\blender\source\blender\makesrna\intern\rna_material.c D:\blenderDev\blender\source\blender\makesrna\intern\rna_mesh.c D:\blenderDev\blender\source\blender\makesrna\intern\rna_meta.c D:\blenderDev\blender\source\blender\makesrna\intern\rna_modifier.c D:\blenderDev\blender\source\blender\makesrna\intern\rna_movieclip.c D:\blenderDev\blender\source\blender\makesrna\intern\rna_nla.c D:\blenderDev\blender\source\blender\makesrna\intern\rna_nodetree.c D:\blenderDev\blender\source\blender\makesrna\intern\rna_object.c D:\blenderDev\blender\source\blender\makesrna\intern\rna_object_force.c D:\blenderDev\blender\source\blender\makesrna\intern\rna_packedfile.c D:\blenderDev\blender\source\blender\makesrna\intern\rna_palette.c D:\blenderDev\blender\source\blender\makesrna\intern\rna_particle.c D:\blenderDev\blender\source\blender\makesrna\intern\rna_pose.c D:\blenderDev\blender\source\blender\makesrna\intern\rna_property.c D:\blenderDev\blender\source\blender\makesrna\intern\rna_render.c D:\blenderDev\blender\source\blender\makesrna\intern\rna_rigidbody.c D:\blenderDev\blender\source\blender\makesrna\intern\rna_rna.c D:\blenderDev\blender\source\blender\makesrna\intern\rna_scene.c D:\blenderDev\blender\source\blender\makesrna\intern\rna_screen.c D:\blenderDev\blender\source\blender\makesrna\intern\rna_sculpt_paint.c D:\blenderDev\blender\source\blender\makesrna\intern\rna_sensor.c D:\blenderDev\blender\source\blender\makesrna\intern\rna_sequencer.c D:\blenderDev\blender\source\blender\makesrna\intern\rna_smoke.c D:\blenderDev\blender\source\blender\makesrna\intern\rna_sound.c D:\blenderDev\blender\source\blender\makesrna\intern\rna_space.c D:\blenderDev\blender\source\blender\makesrna\intern\rna_speaker.c D:\blenderDev\blender\source\blender\makesrna\intern\rna_test.c D:\blenderDev\blender\source\blender\makesrna\intern\rna_text.c D:\blenderDev\blender\source\blender\makesrna\intern\rna_texture.c D:\blenderDev\blender\source\blender\makesrna\intern\rna_timeline.c D:\blenderDev\blender\source\blender\makesrna\intern\rna_tracking.c D:\blenderDev\blender\source\blender\makesrna\intern\rna_ui.c D:\blenderDev\blender\source\blender\makesrna\intern\rna_userdef.c D:\blenderDev\blender\source\blender\makesrna\intern\rna_vfont.c D:\blenderDev\blender\source\blender\makesrna\intern\rna_wm.c D:\blenderDev\blender\source\blender\makesrna\intern\rna_world.c D:\blenderDev\blender\source\blender\makesrna\intern\rna_action_api.c D:\blenderDev\blender\source\blender\makesrna\intern\rna_actuator_api.c D:\blenderDev\blender\source\blender\makesrna\intern\rna_animation_api.c D:\blenderDev\blender\source\blender\makesrna\intern\rna_armature_api.c D:\blenderDev\blender\source\blender\makesrna\intern\rna_camera_api.c D:\blenderDev\blender\source\blender\makesrna\intern\rna_controller_api.c D:\blenderDev\blender\source\blender\makesrna\intern\rna_curve_api.c D:\blenderDev\blender\source\blender\makesrna\intern\rna_fcurve_api.c D:\blenderDev\blender\source\blender\makesrna\intern\rna_image_api.c D:\blenderDev\blender\source\blender\makesrna\intern\rna_lattice_api.c D:\blenderDev\blender\source\blender\makesrna\intern\rna_main_api.c D:\blenderDev\blender\source\blender\makesrna\intern\rna_material_api.c D:\blenderDev\blender\source\blender\makesrna\intern\rna_mesh_api.c D:\blenderDev\blender\source\blender\makesrna\intern\rna_meta_api.c D:\blenderDev\blender\source\blender\makesrna\intern\rna_texture_api.c D:\blenderDev\blender\source\blender\makesrna\intern\rna_object_api.c D:\blenderDev\blender\source\blender\makesrna\intern\rna_pose_api.c D:\blenderDev\blender\source\blender\makesrna\intern\rna_scene_api.c D:\blenderDev\blender\source\blender\makesrna\intern\rna_sensor_api.c D:\blenderDev\blender\source\blender\makesrna\intern\rna_sequencer_api.c D:\blenderDev\blender\source\blender\makesrna\intern\rna_sound_api.c D:\blenderDev\blender\source\blender\makesrna\intern\rna_space_api.c D:\blenderDev\blender\source\blender\makesrna\intern\rna_text_api.c D:\blenderDev\blender\source\blender\makesrna\intern\rna_ui_api.c D:\blenderDev\blender\source\blender\makesrna\intern\rna_vfont_api.c D:\blenderDev\blender\source\blender\makesrna\intern\rna_wm_api.c D:\blenderDev\blender\intern\guardedalloc\intern\mallocn.c D:\blenderDev\blender\intern\guardedalloc\intern\mallocn_guarded_impl.c D:\blenderDev\blender\intern\guardedalloc\intern\mallocn_lockfree_impl.c D:\blenderDev\blender\intern\guardedalloc\intern\mmap_win.c
         makesrna.c
         rna_define.c
         rna_ID.c
         rna_action.c
         rna_actuator.c
         rna_animation.c
         rna_animviz.c
         rna_armature.c
         rna_boid.c
         rna_brush.c
         rna_camera.c
         rna_cloth.c
         rna_color.c
         rna_constraint.c
         rna_context.c
         rna_controller.c
         rna_curve.c
         rna_depsgraph.c
         rna_dynamicpaint.c
         rna_fcurve.c
         rna_fluidsim.c
         rna_gpencil.c
         rna_group.c
         rna_image.c
         rna_key.c
         rna_lamp.c
         rna_lattice.c
         rna_linestyle.c
         rna_main.c
         rna_mask.c
         rna_material.c
         rna_mesh.c
         rna_meta.c
         rna_modifier.c
         rna_movieclip.c
         rna_nla.c
         rna_nodetree.c
         rna_object.c
         rna_object_force.c
         rna_packedfile.c
         rna_palette.c
         rna_particle.c
         rna_pose.c
         rna_property.c
         rna_render.c
         rna_rigidbody.c
         rna_rna.c
         rna_scene.c
         rna_screen.c
         rna_sculpt_paint.c
         rna_sensor.c
         rna_sequencer.c
         rna_smoke.c
         rna_sound.c
         rna_space.c
         rna_speaker.c
         rna_test.c
         rna_text.c
         rna_texture.c
         rna_timeline.c
         rna_tracking.c
         rna_ui.c
         rna_userdef.c
         rna_vfont.c
         rna_wm.c
         rna_world.c
         rna_action_api.c
         rna_actuator_api.c
         rna_animation_api.c
         rna_armature_api.c
         rna_camera_api.c
         rna_controller_api.c
         rna_curve_api.c
         rna_fcurve_api.c
         rna_image_api.c
         rna_lattice_api.c
         rna_main_api.c
         rna_material_api.c
         rna_mesh_api.c
         rna_meta_api.c
         rna_texture_api.c
         rna_object_api.c
         rna_pose_api.c
         rna_scene_api.c
         rna_sensor_api.c
         rna_sequencer_api.c
         rna_sound_api.c
         rna_space_api.c
         rna_text_api.c
         rna_ui_api.c
         rna_vfont_api.c
         rna_wm_api.c
         mallocn.c
         mallocn_guarded_impl.c
         mallocn_lockfree_impl.c
         mmap_win.c
       Link:
         D:\Microsoft Visual Studio 12.0\VC\bin\x86_amd64\link.exe /ERRORREPORT:PROMPT /OUT:"D:\blenderDev\product\bin\RelWithDebInfo\makesrna.exe" /INCREMENTAL /NOLOGO ..\..\..\..\lib\RelWithDebInfo\bf_dna.lib ..\..\..\..\lib\RelWithDebInfo\bf_dna_blenlib.lib /MANIFEST /MANIFESTUAC:"level='asInvoker' uiAccess='false'" /manifest:embed /DEBUG /PDB:"D:/blenderDev/product/bin/RelWithDebInfo/makesrna.pdb" /SUBSYSTEM:CONSOLE /TLBID:1 /DYNAMICBASE /NXCOMPAT /IMPLIB:"D:/blenderDev/product/bin/RelWithDebInfo/makesrna.lib" /MACHINE:X64 /SAFESEH:NO  /machine:x64 /debug makesrna.dir\RelWithDebInfo\makesrna.obj
         makesrna.dir\RelWithDebInfo\rna_define.obj
         makesrna.dir\RelWithDebInfo\rna_ID.obj
         makesrna.dir\RelWithDebInfo\rna_action.obj
         makesrna.dir\RelWithDebInfo\rna_actuator.obj
         makesrna.dir\RelWithDebInfo\rna_animation.obj
         makesrna.dir\RelWithDebInfo\rna_animviz.obj
         makesrna.dir\RelWithDebInfo\rna_armature.obj
         makesrna.dir\RelWithDebInfo\rna_boid.obj
         makesrna.dir\RelWithDebInfo\rna_brush.obj
         makesrna.dir\RelWithDebInfo\rna_camera.obj
         makesrna.dir\RelWithDebInfo\rna_cloth.obj
         makesrna.dir\RelWithDebInfo\rna_color.obj
         makesrna.dir\RelWithDebInfo\rna_constraint.obj
         makesrna.dir\RelWithDebInfo\rna_context.obj
         makesrna.dir\RelWithDebInfo\rna_controller.obj
         makesrna.dir\RelWithDebInfo\rna_curve.obj
         makesrna.dir\RelWithDebInfo\rna_depsgraph.obj
         makesrna.dir\RelWithDebInfo\rna_dynamicpaint.obj
         makesrna.dir\RelWithDebInfo\rna_fcurve.obj
         makesrna.dir\RelWithDebInfo\rna_fluidsim.obj
         makesrna.dir\RelWithDebInfo\rna_gpencil.obj
         makesrna.dir\RelWithDebInfo\rna_group.obj
         makesrna.dir\RelWithDebInfo\rna_image.obj
         makesrna.dir\RelWithDebInfo\rna_key.obj
         makesrna.dir\RelWithDebInfo\rna_lamp.obj
         makesrna.dir\RelWithDebInfo\rna_lattice.obj
         makesrna.dir\RelWithDebInfo\rna_linestyle.obj
         makesrna.dir\RelWithDebInfo\rna_main.obj
         makesrna.dir\RelWithDebInfo\rna_mask.obj
         makesrna.dir\RelWithDebInfo\rna_material.obj
         makesrna.dir\RelWithDebInfo\rna_mesh.obj
         makesrna.dir\RelWithDebInfo\rna_meta.obj
         makesrna.dir\RelWithDebInfo\rna_modifier.obj
         makesrna.dir\RelWithDebInfo\rna_movieclip.obj
         makesrna.dir\RelWithDebInfo\rna_nla.obj
         makesrna.dir\RelWithDebInfo\rna_nodetree.obj
         makesrna.dir\RelWithDebInfo\rna_object.obj
         makesrna.dir\RelWithDebInfo\rna_object_force.obj
         makesrna.dir\RelWithDebInfo\rna_packedfile.obj
         makesrna.dir\RelWithDebInfo\rna_palette.obj
         makesrna.dir\RelWithDebInfo\rna_particle.obj
         makesrna.dir\RelWithDebInfo\rna_pose.obj
         makesrna.dir\RelWithDebInfo\rna_property.obj
         makesrna.dir\RelWithDebInfo\rna_render.obj
         makesrna.dir\RelWithDebInfo\rna_rigidbody.obj
         makesrna.dir\RelWithDebInfo\rna_rna.obj
         makesrna.dir\RelWithDebInfo\rna_scene.obj
         makesrna.dir\RelWithDebInfo\rna_screen.obj
         makesrna.dir\RelWithDebInfo\rna_sculpt_paint.obj
         makesrna.dir\RelWithDebInfo\rna_sensor.obj
         makesrna.dir\RelWithDebInfo\rna_sequencer.obj
         makesrna.dir\RelWithDebInfo\rna_smoke.obj
         makesrna.dir\RelWithDebInfo\rna_sound.obj
         makesrna.dir\RelWithDebInfo\rna_space.obj
         makesrna.dir\RelWithDebInfo\rna_speaker.obj
         makesrna.dir\RelWithDebInfo\rna_test.obj
         makesrna.dir\RelWithDebInfo\rna_text.obj
         makesrna.dir\RelWithDebInfo\rna_texture.obj
         makesrna.dir\RelWithDebInfo\rna_timeline.obj
         makesrna.dir\RelWithDebInfo\rna_tracking.obj
         makesrna.dir\RelWithDebInfo\rna_ui.obj
         makesrna.dir\RelWithDebInfo\rna_userdef.obj
         makesrna.dir\RelWithDebInfo\rna_vfont.obj
         makesrna.dir\RelWithDebInfo\rna_wm.obj
         makesrna.dir\RelWithDebInfo\rna_world.obj
         makesrna.dir\RelWithDebInfo\rna_action_api.obj
         makesrna.dir\RelWithDebInfo\rna_actuator_api.obj
         makesrna.dir\RelWithDebInfo\rna_animation_api.obj
         makesrna.dir\RelWithDebInfo\rna_armature_api.obj
         makesrna.dir\RelWithDebInfo\rna_camera_api.obj
         makesrna.dir\RelWithDebInfo\rna_controller_api.obj
         makesrna.dir\RelWithDebInfo\rna_curve_api.obj
         makesrna.dir\RelWithDebInfo\rna_fcurve_api.obj
         makesrna.dir\RelWithDebInfo\rna_image_api.obj
         makesrna.dir\RelWithDebInfo\rna_lattice_api.obj
         makesrna.dir\RelWithDebInfo\rna_main_api.obj
         makesrna.dir\RelWithDebInfo\rna_material_api.obj
         makesrna.dir\RelWithDebInfo\rna_mesh_api.obj
         makesrna.dir\RelWithDebInfo\rna_meta_api.obj
         makesrna.dir\RelWithDebInfo\rna_texture_api.obj
         makesrna.dir\RelWithDebInfo\rna_object_api.obj
         makesrna.dir\RelWithDebInfo\rna_pose_api.obj
         makesrna.dir\RelWithDebInfo\rna_scene_api.obj
         makesrna.dir\RelWithDebInfo\rna_sensor_api.obj
         makesrna.dir\RelWithDebInfo\rna_sequencer_api.obj
         makesrna.dir\RelWithDebInfo\rna_sound_api.obj
         makesrna.dir\RelWithDebInfo\rna_space_api.obj
         makesrna.dir\RelWithDebInfo\rna_text_api.obj
         makesrna.dir\RelWithDebInfo\rna_ui_api.obj
         makesrna.dir\RelWithDebInfo\rna_vfont_api.obj
         makesrna.dir\RelWithDebInfo\rna_wm_api.obj
         makesrna.dir\RelWithDebInfo\mallocn.obj
         makesrna.dir\RelWithDebInfo\mallocn_guarded_impl.obj
         makesrna.dir\RelWithDebInfo\mallocn_lockfree_impl.obj
         makesrna.dir\RelWithDebInfo\mmap_win.obj
         makesrna.vcxproj -> D:\blenderDev\product\bin\RelWithDebInfo\makesrna.exe
     1>Done Building Project "D:\blenderDev\product\source\blender\makesrna\intern\makesrna.vcxproj" (Build target(s)).

Build succeeded.

Time Elapsed 00:00:14.91
