Build started 2016/4/2 8:25:20.
     1>Project "D:\blenderDev\product\source\blender\nodes\bf_nodes.vcxproj" on node 2 (Build target(s)).
     1>CustomBuild:
         Building Custom Rule D:/blenderDev/blender/source/blender/nodes/CMakeLists.txt
         CMake does not need to re-run because D:\blenderDev\product\source\blender\nodes\CMakeFiles\generate.stamp is up-to-date.
       ClCompile:
         D:\Microsoft Visual Studio 12.0\VC\bin\x86_amd64\CL.exe /c /ID:\blenderDev\lib\win64_vc12\pthreads\include /ID:\blenderDev\blender\source\blender\nodes /ID:\blenderDev\blender\source\blender\nodes\composite /ID:\blenderDev\blender\source\blender\nodes\intern /ID:\blenderDev\blender\source\blender\nodes\shader /ID:\blenderDev\blender\source\blender\nodes\texture /ID:\blenderDev\blender\source\blender\blenkernel /ID:\blenderDev\blender\source\blender\blenlib /ID:\blenderDev\blender\source\blender\blentranslation /ID:\blenderDev\blender\source\blender\gpu /ID:\blenderDev\blender\source\blender\imbuf /ID:\blenderDev\blender\source\blender\makesdna /ID:\blenderDev\blender\source\blender\makesrna /ID:\blenderDev\blender\source\blender\render\extern\include /ID:\blenderDev\blender\intern\guardedalloc /I"D:\blenderDev\blender\intern\glew-mx" /ID:\blenderDev\blender\source\blender\python /ID:\blenderDev\blender\source\blender\compositor /ID:\blenderDev\blender\extern\glew\include /ID:\blenderDev\lib\win64_vc12\python\include\python3.5 /Zi /nologo /W3 /WX- /MP /Od /Ob0 /D WIN32 /D _WINDOWS /D _DEBUG /D WIN32 /D _CRT_NONSTDC_NO_DEPRECATE /D _CRT_SECURE_NO_DEPRECATE /D _SCL_SECURE_NO_DEPRECATE /D _CONSOLE /D _LIB /D _ALLOW_KEYWORD_MACROS /D _WIN32_WINNT=0x600 /D OIIO_STATIC_BUILD /D __SSE__ /D __MMX__ /D __SSE2__ /D __LITTLE_ENDIAN__ /D WITH_PYTHON /D WITH_INTERNATIONAL /D WITH_OPENEXR /D WITH_COMPOSITOR /D WITH_GLU /D WITH_GL_PROFILE_COMPAT /D GLEW_STATIC /D GLEW_NO_ES /D WITH_FREESTYLE /D DEBUG /D _DEBUG /D "CMAKE_INTDIR=\"Debug\"" /D _MBCS /Gm- /RTC1 /MTd /GS /fp:precise /Zc:wchar_t /Zc:forScope /openmp /Fo"bf_nodes.dir\Debug\\" /Fd"bf_nodes.dir\Debug\vc120.pdb" /Gd /TC /wd4018 /wd4146 /wd4065 /wd4127 /wd4181 /wd4200 /wd4244 /wd4267 /wd4305 /wd4800 /errorReport:prompt /we4013 /we4431  /w34062 /J D:\blenderDev\blender\source\blender\nodes\composite\nodes\node_composite_alphaOver.c D:\blenderDev\blender\source\blender\nodes\composite\nodes\node_composite_bilateralblur.c D:\blenderDev\blender\source\blender\nodes\composite\nodes\node_composite_blur.c D:\blenderDev\blender\source\blender\nodes\composite\nodes\node_composite_brightness.c D:\blenderDev\blender\source\blender\nodes\composite\nodes\node_composite_channelMatte.c D:\blenderDev\blender\source\blender\nodes\composite\nodes\node_composite_chromaMatte.c D:\blenderDev\blender\source\blender\nodes\composite\nodes\node_composite_colorMatte.c D:\blenderDev\blender\source\blender\nodes\composite\nodes\node_composite_colorSpill.c D:\blenderDev\blender\source\blender\nodes\composite\nodes\node_composite_colorbalance.c D:\blenderDev\blender\source\blender\nodes\composite\nodes\node_composite_common.c D:\blenderDev\blender\source\blender\nodes\composite\nodes\node_composite_composite.c D:\blenderDev\blender\source\blender\nodes\composite\nodes\node_composite_cornerpin.c D:\blenderDev\blender\source\blender\nodes\composite\nodes\node_composite_crop.c D:\blenderDev\blender\source\blender\nodes\composite\nodes\node_composite_curves.c D:\blenderDev\blender\source\blender\nodes\composite\nodes\node_composite_despeckle.c D:\blenderDev\blender\source\blender\nodes\composite\nodes\node_composite_doubleEdgeMask.c D:\blenderDev\blender\source\blender\nodes\composite\nodes\node_composite_defocus.c D:\blenderDev\blender\source\blender\nodes\composite\nodes\node_composite_diffMatte.c D:\blenderDev\blender\source\blender\nodes\composite\nodes\node_composite_dilate.c D:\blenderDev\blender\source\blender\nodes\composite\nodes\node_composite_directionalblur.c D:\blenderDev\blender\source\blender\nodes\composite\nodes\node_composite_displace.c D:\blenderDev\blender\source\blender\nodes\composite\nodes\node_composite_distanceMatte.c D:\blenderDev\blender\source\blender\nodes\composite\nodes\node_composite_filter.c D:\blenderDev\blender\source\blender\nodes\composite\nodes\node_composite_flip.c D:\blenderDev\blender\source\blender\nodes\composite\nodes\node_composite_gamma.c D:\blenderDev\blender\source\blender\nodes\composite\nodes\node_composite_glare.c D:\blenderDev\blender\source\blender\nodes\composite\nodes\node_composite_hueSatVal.c D:\blenderDev\blender\source\blender\nodes\composite\nodes\node_composite_huecorrect.c D:\blenderDev\blender\source\blender\nodes\composite\nodes\node_composite_idMask.c D:\blenderDev\blender\source\blender\nodes\composite\nodes\node_composite_image.c D:\blenderDev\blender\source\blender\nodes\composite\nodes\node_composite_inpaint.c D:\blenderDev\blender\source\blender\nodes\composite\nodes\node_composite_invert.c D:\blenderDev\blender\source\blender\nodes\composite\nodes\node_composite_keyingscreen.c D:\blenderDev\blender\source\blender\nodes\composite\nodes\node_composite_keying.c D:\blenderDev\blender\source\blender\nodes\composite\nodes\node_composite_lensdist.c D:\blenderDev\blender\source\blender\nodes\composite\nodes\node_composite_levels.c D:\blenderDev\blender\source\blender\nodes\composite\nodes\node_composite_lummaMatte.c D:\blenderDev\blender\source\blender\nodes\composite\nodes\node_composite_mapUV.c D:\blenderDev\blender\source\blender\nodes\composite\nodes\node_composite_mapValue.c D:\blenderDev\blender\source\blender\nodes\composite\nodes\node_composite_mapRange.c D:\blenderDev\blender\source\blender\nodes\composite\nodes\node_composite_math.c D:\blenderDev\blender\source\blender\nodes\composite\nodes\node_composite_mask.c D:\blenderDev\blender\source\blender\nodes\composite\nodes\node_composite_mixrgb.c D:\blenderDev\blender\source\blender\nodes\composite\nodes\node_composite_movieclip.c D:\blenderDev\blender\source\blender\nodes\composite\nodes\node_composite_moviedistortion.c D:\blenderDev\blender\source\blender\nodes\composite\nodes\node_composite_normal.c D:\blenderDev\blender\source\blender\nodes\composite\nodes\node_composite_normalize.c D:\blenderDev\blender\source\blender\nodes\composite\nodes\node_composite_outputFile.c D:\blenderDev\blender\source\blender\nodes\composite\nodes\node_composite_planetrackdeform.c D:\blenderDev\blender\source\blender\nodes\composite\nodes\node_composite_premulkey.c D:\blenderDev\blender\source\blender\nodes\composite\nodes\node_composite_rgb.c D:\blenderDev\blender\source\blender\nodes\composite\nodes\node_composite_rotate.c D:\blenderDev\blender\source\blender\nodes\composite\nodes\node_composite_scale.c D:\blenderDev\blender\source\blender\nodes\composite\nodes\node_composite_sepcombHSVA.c D:\blenderDev\blender\source\blender\nodes\composite\nodes\node_composite_sepcombRGBA.c D:\blenderDev\blender\source\blender\nodes\composite\nodes\node_composite_sepcombYCCA.c D:\blenderDev\blender\source\blender\nodes\composite\nodes\node_composite_sepcombYUVA.c D:\blenderDev\blender\source\blender\nodes\composite\nodes\node_composite_setalpha.c D:\blenderDev\blender\source\blender\nodes\composite\nodes\node_composite_splitViewer.c D:\blenderDev\blender\source\blender\nodes\composite\nodes\node_composite_stabilize2d.c D:\blenderDev\blender\source\blender\nodes\composite\nodes\node_composite_sunbeams.c D:\blenderDev\blender\source\blender\nodes\composite\nodes\node_composite_texture.c D:\blenderDev\blender\source\blender\nodes\composite\nodes\node_composite_tonemap.c D:\blenderDev\blender\source\blender\nodes\composite\nodes\node_composite_trackpos.c D:\blenderDev\blender\source\blender\nodes\composite\nodes\node_composite_transform.c D:\blenderDev\blender\source\blender\nodes\composite\nodes\node_composite_translate.c D:\blenderDev\blender\source\blender\nodes\composite\nodes\node_composite_valToRgb.c D:\blenderDev\blender\source\blender\nodes\composite\nodes\node_composite_value.c D:\blenderDev\blender\source\blender\nodes\composite\nodes\node_composite_vecBlur.c D:\blenderDev\blender\source\blender\nodes\composite\nodes\node_composite_viewer.c D:\blenderDev\blender\source\blender\nodes\composite\nodes\node_composite_zcombine.c D:\blenderDev\blender\source\blender\nodes\composite\nodes\node_composite_bokehblur.c D:\blenderDev\blender\source\blender\nodes\composite\nodes\node_composite_bokehimage.c D:\blenderDev\blender\source\blender\nodes\composite\nodes\node_composite_boxmask.c D:\blenderDev\blender\source\blender\nodes\composite\nodes\node_composite_ellipsemask.c D:\blenderDev\blender\source\blender\nodes\composite\nodes\node_composite_switch.c D:\blenderDev\blender\source\blender\nodes\composite\nodes\node_composite_switchview.c D:\blenderDev\blender\source\blender\nodes\composite\nodes\node_composite_colorcorrection.c D:\blenderDev\blender\source\blender\nodes\composite\nodes\node_composite_pixelate.c D:\blenderDev\blender\source\blender\nodes\composite\node_composite_tree.c D:\blenderDev\blender\source\blender\nodes\composite\node_composite_util.c D:\blenderDev\blender\source\blender\nodes\shader\nodes\node_shader_camera.c D:\blenderDev\blender\source\blender\nodes\shader\nodes\node_shader_common.c D:\blenderDev\blender\source\blender\nodes\shader\nodes\node_shader_curves.c D:\blenderDev\blender\source\blender\nodes\shader\nodes\node_shader_gamma.c D:\blenderDev\blender\source\blender\nodes\shader\nodes\node_shader_brightness.c D:\blenderDev\blender\source\blender\nodes\shader\nodes\node_shader_geom.c D:\blenderDev\blender\source\blender\nodes\shader\nodes\node_shader_hueSatVal.c D:\blenderDev\blender\source\blender\nodes\shader\nodes\node_shader_invert.c D:\blenderDev\blender\source\blender\nodes\shader\nodes\node_shader_lamp.c D:\blenderDev\blender\source\blender\nodes\shader\nodes\node_shader_mapping.c D:\blenderDev\blender\source\blender\nodes\shader\nodes\node_shader_material.c D:\blenderDev\blender\source\blender\nodes\shader\nodes\node_shader_math.c D:\blenderDev\blender\source\blender\nodes\shader\nodes\node_shader_mixRgb.c D:\blenderDev\blender\source\blender\nodes\shader\nodes\node_shader_normal.c D:\blenderDev\blender\source\blender\nodes\shader\nodes\node_shader_output.c D:\blenderDev\blender\source\blender\nodes\shader\nodes\node_shader_rgb.c D:\blenderDev\blender\source\blender\nodes\shader\nodes\node_shader_sepcombRGB.c D:\blenderDev\blender\source\blender\nodes\shader\nodes\node_shader_sepcombHSV.c D:\blenderDev\blender\source\blender\nodes\shader\nodes\node_shader_sepcombXYZ.c D:\blenderDev\blender\source\blender\nodes\shader\nodes\node_shader_squeeze.c D:\blenderDev\blender\source\blender\nodes\shader\nodes\node_shader_texture.c D:\blenderDev\blender\source\blender\nodes\shader\nodes\node_shader_valToRgb.c D:\blenderDev\blender\source\blender\nodes\shader\nodes\node_shader_value.c D:\blenderDev\blender\source\blender\nodes\shader\nodes\node_shader_wireframe.c D:\blenderDev\blender\source\blender\nodes\shader\nodes\node_shader_wavelength.c D:\blenderDev\blender\source\blender\nodes\shader\nodes\node_shader_blackbody.c D:\blenderDev\blender\source\blender\nodes\shader\nodes\node_shader_vectMath.c D:\blenderDev\blender\source\blender\nodes\shader\nodes\node_shader_vectTransform.c D:\blenderDev\blender\source\blender\nodes\shader\nodes\node_shader_add_shader.c D:\blenderDev\blender\source\blender\nodes\shader\nodes\node_shader_ambient_occlusion.c D:\blenderDev\blender\source\blender\nodes\shader\nodes\node_shader_attribute.c D:\blenderDev\blender\source\blender\nodes\shader\nodes\node_shader_background.c D:\blenderDev\blender\source\blender\nodes\shader\nodes\node_shader_bsdf_anisotropic.c D:\blenderDev\blender\source\blender\nodes\shader\nodes\node_shader_bsdf_diffuse.c D:\blenderDev\blender\source\blender\nodes\shader\nodes\node_shader_bsdf_glass.c D:\blenderDev\blender\source\blender\nodes\shader\nodes\node_shader_bsdf_glossy.c D:\blenderDev\blender\source\blender\nodes\shader\nodes\node_shader_bsdf_toon.c D:\blenderDev\blender\source\blender\nodes\shader\nodes\node_shader_bsdf_refraction.c D:\blenderDev\blender\source\blender\nodes\shader\nodes\node_shader_bsdf_translucent.c D:\blenderDev\blender\source\blender\nodes\shader\nodes\node_shader_bsdf_transparent.c D:\blenderDev\blender\source\blender\nodes\shader\nodes\node_shader_bsdf_velvet.c D:\blenderDev\blender\source\blender\nodes\shader\nodes\node_shader_bsdf_hair.c D:\blenderDev\blender\source\blender\nodes\shader\nodes\node_shader_bump.c D:\blenderDev\blender\source\blender\nodes\shader\nodes\node_shader_emission.c D:\blenderDev\blender\source\blender\nodes\shader\nodes\node_shader_fresnel.c D:\blenderDev\blender\source\blender\nodes\shader\nodes\node_shader_geometry.c D:\blenderDev\blender\source\blender\nodes\shader\nodes\node_shader_holdout.c D:\blenderDev\blender\source\blender\nodes\shader\nodes\node_shader_layer_weight.c D:\blenderDev\blender\source\blender\nodes\shader\nodes\node_shader_light_falloff.c D:\blenderDev\blender\source\blender\nodes\shader\nodes\node_shader_light_path.c D:\blenderDev\blender\source\blender\nodes\shader\nodes\node_shader_mix_shader.c D:\blenderDev\blender\source\blender\nodes\shader\nodes\node_shader_normal_map.c D:\blenderDev\blender\source\blender\nodes\shader\nodes\node_shader_object_info.c D:\blenderDev\blender\source\blender\nodes\shader\nodes\node_shader_hair_info.c D:\blenderDev\blender\source\blender\nodes\shader\nodes\node_shader_output_lamp.c D:\blenderDev\blender\source\blender\nodes\shader\nodes\node_shader_output_material.c D:\blenderDev\blender\source\blender\nodes\shader\nodes\node_shader_output_world.c D:\blenderDev\blender\source\blender\nodes\shader\nodes\node_shader_output_linestyle.c D:\blenderDev\blender\source\blender\nodes\shader\nodes\node_shader_particle_info.c D:\blenderDev\blender\source\blender\nodes\shader\nodes\node_shader_script.c D:\blenderDev\blender\source\blender\nodes\shader\nodes\node_shader_subsurface_scattering.c D:\blenderDev\blender\source\blender\nodes\shader\nodes\node_shader_tangent.c D:\blenderDev\blender\source\blender\nodes\shader\nodes\node_shader_tex_brick.c D:\blenderDev\blender\source\blender\nodes\shader\nodes\node_shader_tex_checker.c D:\blenderDev\blender\source\blender\nodes\shader\nodes\node_shader_tex_coord.c D:\blenderDev\blender\source\blender\nodes\shader\nodes\node_shader_tex_environment.c D:\blenderDev\blender\source\blender\nodes\shader\nodes\node_shader_tex_gradient.c D:\blenderDev\blender\source\blender\nodes\shader\nodes\node_shader_tex_image.c D:\blenderDev\blender\source\blender\nodes\shader\nodes\node_shader_tex_magic.c D:\blenderDev\blender\source\blender\nodes\shader\nodes\node_shader_tex_musgrave.c D:\blenderDev\blender\source\blender\nodes\shader\nodes\node_shader_tex_noise.c D:\blenderDev\blender\source\blender\nodes\shader\nodes\node_shader_tex_pointdensity.c D:\blenderDev\blender\source\blender\nodes\shader\nodes\node_shader_tex_sky.c D:\blenderDev\blender\source\blender\nodes\shader\nodes\node_shader_tex_voronoi.c D:\blenderDev\blender\source\blender\nodes\shader\nodes\node_shader_tex_wave.c D:\blenderDev\blender\source\blender\nodes\shader\nodes\node_shader_volume_scatter.c D:\blenderDev\blender\source\blender\nodes\shader\nodes\node_shader_volume_absorption.c D:\blenderDev\blender\source\blender\nodes\shader\nodes\node_shader_uvAlongStroke.c D:\blenderDev\blender\source\blender\nodes\shader\nodes\node_shader_uvmap.c D:\blenderDev\blender\source\blender\nodes\shader\node_shader_tree.c D:\blenderDev\blender\source\blender\nodes\shader\node_shader_util.c D:\blenderDev\blender\source\blender\nodes\texture\nodes\node_texture_at.c D:\blenderDev\blender\source\blender\nodes\texture\nodes\node_texture_bricks.c D:\blenderDev\blender\source\blender\nodes\texture\nodes\node_texture_checker.c D:\blenderDev\blender\source\blender\nodes\texture\nodes\node_texture_common.c D:\blenderDev\blender\source\blender\nodes\texture\nodes\node_texture_compose.c D:\blenderDev\blender\source\blender\nodes\texture\nodes\node_texture_coord.c D:\blenderDev\blender\source\blender\nodes\texture\nodes\node_texture_curves.c D:\blenderDev\blender\source\blender\nodes\texture\nodes\node_texture_decompose.c D:\blenderDev\blender\source\blender\nodes\texture\nodes\node_texture_distance.c D:\blenderDev\blender\source\blender\nodes\texture\nodes\node_texture_hueSatVal.c D:\blenderDev\blender\source\blender\nodes\texture\nodes\node_texture_image.c D:\blenderDev\blender\source\blender\nodes\texture\nodes\node_texture_invert.c D:\blenderDev\blender\source\blender\nodes\texture\nodes\node_texture_math.c D:\blenderDev\blender\source\blender\nodes\texture\nodes\node_texture_mixRgb.c D:\blenderDev\blender\source\blender\nodes\texture\nodes\node_texture_output.c D:\blenderDev\blender\source\blender\nodes\texture\nodes\node_texture_proc.c D:\blenderDev\blender\source\blender\nodes\texture\nodes\node_texture_rotate.c D:\blenderDev\blender\source\blender\nodes\texture\nodes\node_texture_scale.c D:\blenderDev\blender\source\blender\nodes\texture\nodes\node_texture_texture.c D:\blenderDev\blender\source\blender\nodes\texture\nodes\node_texture_translate.c D:\blenderDev\blender\source\blender\nodes\texture\nodes\node_texture_valToNor.c D:\blenderDev\blender\source\blender\nodes\texture\nodes\node_texture_valToRgb.c D:\blenderDev\blender\source\blender\nodes\texture\nodes\node_texture_viewer.c D:\blenderDev\blender\source\blender\nodes\texture\node_texture_tree.c D:\blenderDev\blender\source\blender\nodes\texture\node_texture_util.c D:\blenderDev\blender\source\blender\nodes\intern\node_util.c D:\blenderDev\blender\source\blender\nodes\intern\node_exec.c D:\blenderDev\blender\source\blender\nodes\intern\node_common.c D:\blenderDev\blender\source\blender\nodes\intern\node_socket.c
         node_composite_alphaOver.c
         node_composite_bilateralblur.c
         node_composite_blur.c
         node_composite_brightness.c
         node_composite_channelMatte.c
         node_composite_chromaMatte.c
         node_composite_colorMatte.c
         node_composite_colorSpill.c
         node_composite_colorbalance.c
         node_composite_common.c
         node_composite_composite.c
         node_composite_cornerpin.c
         node_composite_crop.c
         node_composite_curves.c
         node_composite_despeckle.c
         node_composite_doubleEdgeMask.c
         node_composite_defocus.c
         node_composite_diffMatte.c
         node_composite_dilate.c
         node_composite_directionalblur.c
         node_composite_displace.c
         node_composite_distanceMatte.c
         node_composite_filter.c
         node_composite_flip.c
         node_composite_gamma.c
         node_composite_glare.c
         node_composite_hueSatVal.c
         node_composite_huecorrect.c
         node_composite_idMask.c
         node_composite_image.c
         node_composite_inpaint.c
         node_composite_invert.c
         node_composite_keyingscreen.c
         node_composite_keying.c
         node_composite_lensdist.c
         node_composite_levels.c
         node_composite_lummaMatte.c
         node_composite_mapUV.c
         node_composite_mapValue.c
         node_composite_mapRange.c
         node_composite_math.c
         node_composite_mask.c
         node_composite_mixrgb.c
         node_composite_movieclip.c
         node_composite_moviedistortion.c
         node_composite_normal.c
         node_composite_normalize.c
         node_composite_outputFile.c
         node_composite_planetrackdeform.c
         node_composite_premulkey.c
         node_composite_rgb.c
         node_composite_rotate.c
         node_composite_scale.c
         node_composite_sepcombHSVA.c
         node_composite_sepcombRGBA.c
         node_composite_sepcombYCCA.c
         node_composite_sepcombYUVA.c
         node_composite_setalpha.c
         node_composite_splitViewer.c
         node_composite_stabilize2d.c
         node_composite_sunbeams.c
         node_composite_texture.c
         node_composite_tonemap.c
         node_composite_trackpos.c
         node_composite_transform.c
         node_composite_translate.c
         node_composite_valToRgb.c
         node_composite_value.c
         node_composite_vecBlur.c
         node_composite_viewer.c
         node_composite_zcombine.c
         node_composite_bokehblur.c
         node_composite_bokehimage.c
         node_composite_boxmask.c
         node_composite_ellipsemask.c
         node_composite_switch.c
         node_composite_switchview.c
         node_composite_colorcorrection.c
         node_composite_pixelate.c
         node_composite_tree.c
         node_composite_util.c
         node_shader_camera.c
         node_shader_common.c
         node_shader_curves.c
         node_shader_gamma.c
         node_shader_brightness.c
         node_shader_geom.c
         node_shader_hueSatVal.c
         node_shader_invert.c
         node_shader_lamp.c
         node_shader_mapping.c
         node_shader_material.c
         node_shader_math.c
         node_shader_mixRgb.c
         node_shader_normal.c
         node_shader_output.c
         node_shader_rgb.c
         node_shader_sepcombRGB.c
         node_shader_sepcombHSV.c
         node_shader_sepcombXYZ.c
         node_shader_squeeze.c
         node_shader_texture.c
         node_shader_valToRgb.c
         node_shader_value.c
         node_shader_wireframe.c
         node_shader_wavelength.c
         node_shader_blackbody.c
         node_shader_vectMath.c
         node_shader_vectTransform.c
         node_shader_add_shader.c
         node_shader_ambient_occlusion.c
         node_shader_attribute.c
         node_shader_background.c
         node_shader_bsdf_anisotropic.c
         node_shader_bsdf_diffuse.c
         node_shader_bsdf_glass.c
         node_shader_bsdf_glossy.c
         node_shader_bsdf_toon.c
         node_shader_bsdf_refraction.c
         node_shader_bsdf_translucent.c
         node_shader_bsdf_transparent.c
         node_shader_bsdf_velvet.c
         node_shader_bsdf_hair.c
         node_shader_bump.c
         node_shader_emission.c
         node_shader_fresnel.c
         node_shader_geometry.c
         node_shader_holdout.c
         node_shader_layer_weight.c
         node_shader_light_falloff.c
         node_shader_light_path.c
         node_shader_mix_shader.c
         node_shader_normal_map.c
         node_shader_object_info.c
         node_shader_hair_info.c
         node_shader_output_lamp.c
         node_shader_output_material.c
         node_shader_output_world.c
         node_shader_output_linestyle.c
         node_shader_particle_info.c
         node_shader_script.c
         node_shader_subsurface_scattering.c
         node_shader_tangent.c
         node_shader_tex_brick.c
         node_shader_tex_checker.c
         node_shader_tex_coord.c
         node_shader_tex_environment.c
         node_shader_tex_gradient.c
         node_shader_tex_image.c
         node_shader_tex_magic.c
         node_shader_tex_musgrave.c
         node_shader_tex_noise.c
         node_shader_tex_pointdensity.c
         node_shader_tex_sky.c
         node_shader_tex_voronoi.c
         node_shader_tex_wave.c
         node_shader_volume_scatter.c
         node_shader_volume_absorption.c
         node_shader_uvAlongStroke.c
         node_shader_uvmap.c
         node_shader_tree.c
         node_shader_util.c
         node_texture_at.c
         node_texture_bricks.c
         node_texture_checker.c
         node_texture_common.c
         node_texture_compose.c
         node_texture_coord.c
         node_texture_curves.c
         node_texture_decompose.c
         node_texture_distance.c
         node_texture_hueSatVal.c
         node_texture_image.c
         node_texture_invert.c
         node_texture_math.c
         node_texture_mixRgb.c
         node_texture_output.c
         node_texture_proc.c
         node_texture_rotate.c
         node_texture_scale.c
         node_texture_texture.c
         node_texture_translate.c
         node_texture_valToNor.c
         node_texture_valToRgb.c
         node_texture_viewer.c
         node_texture_tree.c
         node_texture_util.c
         node_util.c
         node_exec.c
         node_common.c
         node_socket.c
       Lib:
         D:\Microsoft Visual Studio 12.0\VC\bin\x86_amd64\Lib.exe /OUT:"D:\blenderDev\product\lib\Debug\bf_nodes.lib" /NOLOGO /MACHINE:X64  /ignore:4221 bf_nodes.dir\Debug\node_composite_alphaOver.obj
         bf_nodes.dir\Debug\node_composite_bilateralblur.obj
         bf_nodes.dir\Debug\node_composite_blur.obj
         bf_nodes.dir\Debug\node_composite_brightness.obj
         bf_nodes.dir\Debug\node_composite_channelMatte.obj
         bf_nodes.dir\Debug\node_composite_chromaMatte.obj
         bf_nodes.dir\Debug\node_composite_colorMatte.obj
         bf_nodes.dir\Debug\node_composite_colorSpill.obj
         bf_nodes.dir\Debug\node_composite_colorbalance.obj
         bf_nodes.dir\Debug\node_composite_common.obj
         bf_nodes.dir\Debug\node_composite_composite.obj
         bf_nodes.dir\Debug\node_composite_cornerpin.obj
         bf_nodes.dir\Debug\node_composite_crop.obj
         bf_nodes.dir\Debug\node_composite_curves.obj
         bf_nodes.dir\Debug\node_composite_despeckle.obj
         bf_nodes.dir\Debug\node_composite_doubleEdgeMask.obj
         bf_nodes.dir\Debug\node_composite_defocus.obj
         bf_nodes.dir\Debug\node_composite_diffMatte.obj
         bf_nodes.dir\Debug\node_composite_dilate.obj
         bf_nodes.dir\Debug\node_composite_directionalblur.obj
         bf_nodes.dir\Debug\node_composite_displace.obj
         bf_nodes.dir\Debug\node_composite_distanceMatte.obj
         bf_nodes.dir\Debug\node_composite_filter.obj
         bf_nodes.dir\Debug\node_composite_flip.obj
         bf_nodes.dir\Debug\node_composite_gamma.obj
         bf_nodes.dir\Debug\node_composite_glare.obj
         bf_nodes.dir\Debug\node_composite_hueSatVal.obj
         bf_nodes.dir\Debug\node_composite_huecorrect.obj
         bf_nodes.dir\Debug\node_composite_idMask.obj
         bf_nodes.dir\Debug\node_composite_image.obj
         bf_nodes.dir\Debug\node_composite_inpaint.obj
         bf_nodes.dir\Debug\node_composite_invert.obj
         bf_nodes.dir\Debug\node_composite_keyingscreen.obj
         bf_nodes.dir\Debug\node_composite_keying.obj
         bf_nodes.dir\Debug\node_composite_lensdist.obj
         bf_nodes.dir\Debug\node_composite_levels.obj
         bf_nodes.dir\Debug\node_composite_lummaMatte.obj
         bf_nodes.dir\Debug\node_composite_mapUV.obj
         bf_nodes.dir\Debug\node_composite_mapValue.obj
         bf_nodes.dir\Debug\node_composite_mapRange.obj
         bf_nodes.dir\Debug\node_composite_math.obj
         bf_nodes.dir\Debug\node_composite_mask.obj
         bf_nodes.dir\Debug\node_composite_mixrgb.obj
         bf_nodes.dir\Debug\node_composite_movieclip.obj
         bf_nodes.dir\Debug\node_composite_moviedistortion.obj
         bf_nodes.dir\Debug\node_composite_normal.obj
         bf_nodes.dir\Debug\node_composite_normalize.obj
         bf_nodes.dir\Debug\node_composite_outputFile.obj
         bf_nodes.dir\Debug\node_composite_planetrackdeform.obj
         bf_nodes.dir\Debug\node_composite_premulkey.obj
         bf_nodes.dir\Debug\node_composite_rgb.obj
         bf_nodes.dir\Debug\node_composite_rotate.obj
         bf_nodes.dir\Debug\node_composite_scale.obj
         bf_nodes.dir\Debug\node_composite_sepcombHSVA.obj
         bf_nodes.dir\Debug\node_composite_sepcombRGBA.obj
         bf_nodes.dir\Debug\node_composite_sepcombYCCA.obj
         bf_nodes.dir\Debug\node_composite_sepcombYUVA.obj
         bf_nodes.dir\Debug\node_composite_setalpha.obj
         bf_nodes.dir\Debug\node_composite_splitViewer.obj
         bf_nodes.dir\Debug\node_composite_stabilize2d.obj
         bf_nodes.dir\Debug\node_composite_sunbeams.obj
         bf_nodes.dir\Debug\node_composite_texture.obj
         bf_nodes.dir\Debug\node_composite_tonemap.obj
         bf_nodes.dir\Debug\node_composite_trackpos.obj
         bf_nodes.dir\Debug\node_composite_transform.obj
         bf_nodes.dir\Debug\node_composite_translate.obj
         bf_nodes.dir\Debug\node_composite_valToRgb.obj
         bf_nodes.dir\Debug\node_composite_value.obj
         bf_nodes.dir\Debug\node_composite_vecBlur.obj
         bf_nodes.dir\Debug\node_composite_viewer.obj
         bf_nodes.dir\Debug\node_composite_zcombine.obj
         bf_nodes.dir\Debug\node_composite_bokehblur.obj
         bf_nodes.dir\Debug\node_composite_bokehimage.obj
         bf_nodes.dir\Debug\node_composite_boxmask.obj
         bf_nodes.dir\Debug\node_composite_ellipsemask.obj
         bf_nodes.dir\Debug\node_composite_switch.obj
         bf_nodes.dir\Debug\node_composite_switchview.obj
         bf_nodes.dir\Debug\node_composite_colorcorrection.obj
         bf_nodes.dir\Debug\node_composite_pixelate.obj
         bf_nodes.dir\Debug\node_composite_tree.obj
         bf_nodes.dir\Debug\node_composite_util.obj
         bf_nodes.dir\Debug\node_shader_camera.obj
         bf_nodes.dir\Debug\node_shader_common.obj
         bf_nodes.dir\Debug\node_shader_curves.obj
         bf_nodes.dir\Debug\node_shader_gamma.obj
         bf_nodes.dir\Debug\node_shader_brightness.obj
         bf_nodes.dir\Debug\node_shader_geom.obj
         bf_nodes.dir\Debug\node_shader_hueSatVal.obj
         bf_nodes.dir\Debug\node_shader_invert.obj
         bf_nodes.dir\Debug\node_shader_lamp.obj
         bf_nodes.dir\Debug\node_shader_mapping.obj
         bf_nodes.dir\Debug\node_shader_material.obj
         bf_nodes.dir\Debug\node_shader_math.obj
         bf_nodes.dir\Debug\node_shader_mixRgb.obj
         bf_nodes.dir\Debug\node_shader_normal.obj
         bf_nodes.dir\Debug\node_shader_output.obj
         bf_nodes.dir\Debug\node_shader_rgb.obj
         bf_nodes.dir\Debug\node_shader_sepcombRGB.obj
         bf_nodes.dir\Debug\node_shader_sepcombHSV.obj
         bf_nodes.dir\Debug\node_shader_sepcombXYZ.obj
         bf_nodes.dir\Debug\node_shader_squeeze.obj
         bf_nodes.dir\Debug\node_shader_texture.obj
         bf_nodes.dir\Debug\node_shader_valToRgb.obj
         bf_nodes.dir\Debug\node_shader_value.obj
         bf_nodes.dir\Debug\node_shader_wireframe.obj
         bf_nodes.dir\Debug\node_shader_wavelength.obj
         bf_nodes.dir\Debug\node_shader_blackbody.obj
         bf_nodes.dir\Debug\node_shader_vectMath.obj
         bf_nodes.dir\Debug\node_shader_vectTransform.obj
         bf_nodes.dir\Debug\node_shader_add_shader.obj
         bf_nodes.dir\Debug\node_shader_ambient_occlusion.obj
         bf_nodes.dir\Debug\node_shader_attribute.obj
         bf_nodes.dir\Debug\node_shader_background.obj
         bf_nodes.dir\Debug\node_shader_bsdf_anisotropic.obj
         bf_nodes.dir\Debug\node_shader_bsdf_diffuse.obj
         bf_nodes.dir\Debug\node_shader_bsdf_glass.obj
         bf_nodes.dir\Debug\node_shader_bsdf_glossy.obj
         bf_nodes.dir\Debug\node_shader_bsdf_toon.obj
         bf_nodes.dir\Debug\node_shader_bsdf_refraction.obj
         bf_nodes.dir\Debug\node_shader_bsdf_translucent.obj
         bf_nodes.dir\Debug\node_shader_bsdf_transparent.obj
         bf_nodes.dir\Debug\node_shader_bsdf_velvet.obj
         bf_nodes.dir\Debug\node_shader_bsdf_hair.obj
         bf_nodes.dir\Debug\node_shader_bump.obj
         bf_nodes.dir\Debug\node_shader_emission.obj
         bf_nodes.dir\Debug\node_shader_fresnel.obj
         bf_nodes.dir\Debug\node_shader_geometry.obj
         bf_nodes.dir\Debug\node_shader_holdout.obj
         bf_nodes.dir\Debug\node_shader_layer_weight.obj
         bf_nodes.dir\Debug\node_shader_light_falloff.obj
         bf_nodes.dir\Debug\node_shader_light_path.obj
         bf_nodes.dir\Debug\node_shader_mix_shader.obj
         bf_nodes.dir\Debug\node_shader_normal_map.obj
         bf_nodes.dir\Debug\node_shader_object_info.obj
         bf_nodes.dir\Debug\node_shader_hair_info.obj
         bf_nodes.dir\Debug\node_shader_output_lamp.obj
         bf_nodes.dir\Debug\node_shader_output_material.obj
         bf_nodes.dir\Debug\node_shader_output_world.obj
         bf_nodes.dir\Debug\node_shader_output_linestyle.obj
         bf_nodes.dir\Debug\node_shader_particle_info.obj
         bf_nodes.dir\Debug\node_shader_script.obj
         bf_nodes.dir\Debug\node_shader_subsurface_scattering.obj
         bf_nodes.dir\Debug\node_shader_tangent.obj
         bf_nodes.dir\Debug\node_shader_tex_brick.obj
         bf_nodes.dir\Debug\node_shader_tex_checker.obj
         bf_nodes.dir\Debug\node_shader_tex_coord.obj
         bf_nodes.dir\Debug\node_shader_tex_environment.obj
         bf_nodes.dir\Debug\node_shader_tex_gradient.obj
         bf_nodes.dir\Debug\node_shader_tex_image.obj
         bf_nodes.dir\Debug\node_shader_tex_magic.obj
         bf_nodes.dir\Debug\node_shader_tex_musgrave.obj
         bf_nodes.dir\Debug\node_shader_tex_noise.obj
         bf_nodes.dir\Debug\node_shader_tex_pointdensity.obj
         bf_nodes.dir\Debug\node_shader_tex_sky.obj
         bf_nodes.dir\Debug\node_shader_tex_voronoi.obj
         bf_nodes.dir\Debug\node_shader_tex_wave.obj
         bf_nodes.dir\Debug\node_shader_volume_scatter.obj
         bf_nodes.dir\Debug\node_shader_volume_absorption.obj
         bf_nodes.dir\Debug\node_shader_uvAlongStroke.obj
         bf_nodes.dir\Debug\node_shader_uvmap.obj
         bf_nodes.dir\Debug\node_shader_tree.obj
         bf_nodes.dir\Debug\node_shader_util.obj
         bf_nodes.dir\Debug\node_texture_at.obj
         bf_nodes.dir\Debug\node_texture_bricks.obj
         bf_nodes.dir\Debug\node_texture_checker.obj
         bf_nodes.dir\Debug\node_texture_common.obj
         bf_nodes.dir\Debug\node_texture_compose.obj
         bf_nodes.dir\Debug\node_texture_coord.obj
         bf_nodes.dir\Debug\node_texture_curves.obj
         bf_nodes.dir\Debug\node_texture_decompose.obj
         bf_nodes.dir\Debug\node_texture_distance.obj
         bf_nodes.dir\Debug\node_texture_hueSatVal.obj
         bf_nodes.dir\Debug\node_texture_image.obj
         bf_nodes.dir\Debug\node_texture_invert.obj
         bf_nodes.dir\Debug\node_texture_math.obj
         bf_nodes.dir\Debug\node_texture_mixRgb.obj
         bf_nodes.dir\Debug\node_texture_output.obj
         bf_nodes.dir\Debug\node_texture_proc.obj
         bf_nodes.dir\Debug\node_texture_rotate.obj
         bf_nodes.dir\Debug\node_texture_scale.obj
         bf_nodes.dir\Debug\node_texture_texture.obj
         bf_nodes.dir\Debug\node_texture_translate.obj
         bf_nodes.dir\Debug\node_texture_valToNor.obj
         bf_nodes.dir\Debug\node_texture_valToRgb.obj
         bf_nodes.dir\Debug\node_texture_viewer.obj
         bf_nodes.dir\Debug\node_texture_tree.obj
         bf_nodes.dir\Debug\node_texture_util.obj
         bf_nodes.dir\Debug\node_util.obj
         bf_nodes.dir\Debug\node_exec.obj
         bf_nodes.dir\Debug\node_common.obj
         bf_nodes.dir\Debug\node_socket.obj
         bf_nodes.vcxproj -> D:\blenderDev\product\lib\Debug\bf_nodes.lib
     1>Done Building Project "D:\blenderDev\product\source\blender\nodes\bf_nodes.vcxproj" (Build target(s)).

Build succeeded.

Time Elapsed 00:00:16.34
