Build started 2016/4/2 8:22:07.
     1>Project "D:\blenderDev\product\source\blender\blenkernel\bf_blenkernel.vcxproj" on node 5 (Build target(s)).
     1>CustomBuild:
         Building Custom Rule D:/blenderDev/blender/source/blender/blenkernel/CMakeLists.txt
         CMake does not need to re-run because D:\blenderDev\product\source\blender\blenkernel\CMakeFiles\generate.stamp is up-to-date.
       ClCompile:
         D:\Microsoft Visual Studio 12.0\VC\bin\x86_amd64\CL.exe /c /ID:\blenderDev\lib\win64_vc12\pthreads\include /ID:\blenderDev\blender\source\blender\blenkernel /ID:\blenderDev\blender\source\blender\blenfont /ID:\blenderDev\blender\source\blender\blenlib /ID:\blenderDev\blender\source\blender\blenloader /ID:\blenderDev\blender\source\blender\blentranslation /ID:\blenderDev\blender\source\blender\depsgraph /ID:\blenderDev\blender\source\blender\gpu /ID:\blenderDev\blender\source\blender\ikplugin /ID:\blenderDev\blender\source\blender\imbuf /ID:\blenderDev\blender\source\blender\makesdna /ID:\blenderDev\blender\source\blender\makesrna /ID:\blenderDev\blender\source\blender\bmesh /ID:\blenderDev\blender\source\blender\modifiers /ID:\blenderDev\blender\source\blender\nodes /ID:\blenderDev\blender\source\blender\physics /ID:\blenderDev\blender\source\blender\render\extern\include /ID:\blenderDev\blender\intern\ghost /ID:\blenderDev\blender\intern\guardedalloc /I"D:\blenderDev\blender\intern\glew-mx" /ID:\blenderDev\blender\intern\iksolver\extern /ID:\blenderDev\blender\intern\memutil /ID:\blenderDev\blender\intern\mikktspace /ID:\blenderDev\blender\intern\smoke\extern /ID:\blenderDev\blender\intern\atomic /ID:\blenderDev\blender\intern\libmv /ID:\blenderDev\blender\source\blender\windowmanager /ID:\blenderDev\blender\intern\utfconv /ID:\blenderDev\blender\intern\rigidbody /ID:\blenderDev\blender\source\blender\avi /ID:\blenderDev\blender\intern\ffmpeg /ID:\blenderDev\blender\source\blender\python /ID:\blenderDev\blender\intern\elbeem\extern /ID:\blenderDev\blender\extern\glew\include /ID:\blenderDev\lib\win64_vc12\zlib\include /ID:\blenderDev\blender\intern\audaspace\intern /ID:\blenderDev\blender\extern\bullet2\src /ID:\blenderDev\lib\win64_vc12\ffmpeg\include /ID:\blenderDev\lib\win64_vc12\ffmpeg\include\msvc /ID:\blenderDev\blender\extern\lzo\minilzo /ID:\blenderDev\blender\extern\lzma /ID:\blenderDev\blender\extern\recastnavigation /ID:\blenderDev\lib\win64_vc12\fftw3\include /Zi /nologo /W3 /WX- /MP /Od /Ob0 /D WIN32 /D _WINDOWS /D _DEBUG /D WIN32 /D _CRT_NONSTDC_NO_DEPRECATE /D _CRT_SECURE_NO_DEPRECATE /D _SCL_SECURE_NO_DEPRECATE /D _CONSOLE /D _LIB /D _ALLOW_KEYWORD_MACROS /D _WIN32_WINNT=0x600 /D OIIO_STATIC_BUILD /D __SSE__ /D __MMX__ /D __SSE2__ /D __LITTLE_ENDIAN__ /D WITH_GLU /D WITH_GL_PROFILE_COMPAT /D GLEW_STATIC /D GLEW_NO_ES /D WITH_AUDASPACE /D "AUD_DEVICE_H=<AUD_C-API.h>" /D "AUD_SPECIAL_H=<AUD_C-API.h>" /D "AUD_SOUND_H=<AUD_C-API.h>" /D "AUD_HANDLE_H=<AUD_C-API.h>" /D "AUD_SEQUENCE_H=<AUD_C-API.h>" /D "AUD_TYPES_H=<AUD_Space.h>" /D WITH_BULLET /D WITH_OPENEXR /D WITH_TIFF /D WITH_OPENIMAGEIO /D WITH_OPENJPEG /D WITH_DDS /D WITH_CINEON /D WITH_FRAMESERVER /D WITH_HDR /D WITH_AVI /D WITH_FFMPEG /D WITH_PYTHON /D WITH_PYTHON_SECURITY /D WITH_MOD_FLUID /D WITH_SMOKE /D WITH_LZO /D WITH_LZMA /D WITH_GAMEENGINE /D WITH_LIBMV /D FFTW3=1 /D WITH_INTERNATIONAL /D WITH_FREESTYLE /D WITH_LEGACY_DEPSGRAPH /D DEBUG /D _DEBUG /D "CMAKE_INTDIR=\"Debug\"" /D _MBCS /Gm- /RTC1 /MTd /GS /fp:precise /Zc:wchar_t /Zc:forScope /openmp /Fo"bf_blenkernel.dir\Debug\\" /Fd"bf_blenkernel.dir\Debug\vc120.pdb" /Gd /TC /wd4018 /wd4146 /wd4065 /wd4127 /wd4181 /wd4200 /wd4244 /wd4267 /wd4305 /wd4800 /errorReport:prompt /we4013 /we4431  /w34062 /J D:\blenderDev\blender\source\blender\blenkernel\intern\CCGSubSurf.c D:\blenderDev\blender\source\blender\blenkernel\intern\CCGSubSurf_legacy.c D:\blenderDev\blender\source\blender\blenkernel\intern\CCGSubSurf_opensubdiv.c D:\blenderDev\blender\source\blender\blenkernel\intern\CCGSubSurf_opensubdiv_converter.c D:\blenderDev\blender\source\blender\blenkernel\intern\CCGSubSurf_util.c D:\blenderDev\blender\source\blender\blenkernel\intern\DerivedMesh.c D:\blenderDev\blender\source\blender\blenkernel\intern\action.c D:\blenderDev\blender\source\blender\blenkernel\intern\addon.c D:\blenderDev\blender\source\blender\blenkernel\intern\anim.c D:\blenderDev\blender\source\blender\blenkernel\intern\anim_sys.c D:\blenderDev\blender\source\blender\blenkernel\intern\appdir.c D:\blenderDev\blender\source\blender\blenkernel\intern\armature.c D:\blenderDev\blender\source\blender\blenkernel\intern\armature_update.c D:\blenderDev\blender\source\blender\blenkernel\intern\autoexec.c D:\blenderDev\blender\source\blender\blenkernel\intern\blender.c D:\blenderDev\blender\source\blender\blenkernel\intern\bmfont.c D:\blenderDev\blender\source\blender\blenkernel\intern\boids.c D:\blenderDev\blender\source\blender\blenkernel\intern\bpath.c D:\blenderDev\blender\source\blender\blenkernel\intern\brush.c D:\blenderDev\blender\source\blender\blenkernel\intern\bullet.c D:\blenderDev\blender\source\blender\blenkernel\intern\bvhutils.c D:\blenderDev\blender\source\blender\blenkernel\intern\camera.c D:\blenderDev\blender\source\blender\blenkernel\intern\cdderivedmesh.c D:\blenderDev\blender\source\blender\blenkernel\intern\cloth.c D:\blenderDev\blender\source\blender\blenkernel\intern\collision.c D:\blenderDev\blender\source\blender\blenkernel\intern\colortools.c D:\blenderDev\blender\source\blender\blenkernel\intern\constraint.c D:\blenderDev\blender\source\blender\blenkernel\intern\context.c D:\blenderDev\blender\source\blender\blenkernel\intern\crazyspace.c D:\blenderDev\blender\source\blender\blenkernel\intern\curve.c D:\blenderDev\blender\source\blender\blenkernel\intern\customdata.c D:\blenderDev\blender\source\blender\blenkernel\intern\customdata_file.c D:\blenderDev\blender\source\blender\blenkernel\intern\data_transfer.c D:\blenderDev\blender\source\blender\blenkernel\intern\deform.c D:\blenderDev\blender\source\blender\blenkernel\intern\depsgraph.c D:\blenderDev\blender\source\blender\blenkernel\intern\displist.c D:\blenderDev\blender\source\blender\blenkernel\intern\dynamicpaint.c D:\blenderDev\blender\source\blender\blenkernel\intern\editderivedmesh.c D:\blenderDev\blender\source\blender\blenkernel\intern\editmesh.c D:\blenderDev\blender\source\blender\blenkernel\intern\editmesh_bvh.c D:\blenderDev\blender\source\blender\blenkernel\intern\effect.c D:\blenderDev\blender\source\blender\blenkernel\intern\fcurve.c D:\blenderDev\blender\source\blender\blenkernel\intern\fluidsim.c D:\blenderDev\blender\source\blender\blenkernel\intern\fmodifier.c D:\blenderDev\blender\source\blender\blenkernel\intern\font.c D:\blenderDev\blender\source\blender\blenkernel\intern\freestyle.c D:\blenderDev\blender\source\blender\blenkernel\intern\gpencil.c D:\blenderDev\blender\source\blender\blenkernel\intern\group.c D:\blenderDev\blender\source\blender\blenkernel\intern\icons.c D:\blenderDev\blender\source\blender\blenkernel\intern\idcode.c D:\blenderDev\blender\source\blender\blenkernel\intern\idprop.c D:\blenderDev\blender\source\blender\blenkernel\intern\image.c D:\blenderDev\blender\source\blender\blenkernel\intern\image_gen.c D:\blenderDev\blender\source\blender\blenkernel\intern\ipo.c D:\blenderDev\blender\source\blender\blenkernel\intern\key.c D:\blenderDev\blender\source\blender\blenkernel\intern\lamp.c D:\blenderDev\blender\source\blender\blenkernel\intern\lattice.c D:\blenderDev\blender\source\blender\blenkernel\intern\library.c D:\blenderDev\blender\source\blender\blenkernel\intern\library_query.c D:\blenderDev\blender\source\blender\blenkernel\intern\linestyle.c D:\blenderDev\blender\source\blender\blenkernel\intern\mask.c D:\blenderDev\blender\source\blender\blenkernel\intern\mask_evaluate.c D:\blenderDev\blender\source\blender\blenkernel\intern\mask_rasterize.c D:\blenderDev\blender\source\blender\blenkernel\intern\material.c D:\blenderDev\blender\source\blender\blenkernel\intern\mball.c D:\blenderDev\blender\source\blender\blenkernel\intern\mball_tessellate.c D:\blenderDev\blender\source\blender\blenkernel\intern\mesh.c D:\blenderDev\blender\source\blender\blenkernel\intern\mesh_evaluate.c D:\blenderDev\blender\source\blender\blenkernel\intern\mesh_mapping.c D:\blenderDev\blender\source\blender\blenkernel\intern\mesh_remap.c D:\blenderDev\blender\source\blender\blenkernel\intern\mesh_validate.c D:\blenderDev\blender\source\blender\blenkernel\intern\modifier.c D:\blenderDev\blender\source\blender\blenkernel\intern\modifiers_bmesh.c D:\blenderDev\blender\source\blender\blenkernel\intern\movieclip.c D:\blenderDev\blender\source\blender\blenkernel\intern\multires.c D:\blenderDev\blender\source\blender\blenkernel\intern\nla.c D:\blenderDev\blender\source\blender\blenkernel\intern\node.c D:\blenderDev\blender\source\blender\blenkernel\intern\object.c D:\blenderDev\blender\source\blender\blenkernel\intern\object_deform.c D:\blenderDev\blender\source\blender\blenkernel\intern\object_dupli.c D:\blenderDev\blender\source\blender\blenkernel\intern\object_update.c D:\blenderDev\blender\source\blender\blenkernel\intern\ocean.c D:\blenderDev\blender\source\blender\blenkernel\intern\outliner_treehash.c D:\blenderDev\blender\source\blender\blenkernel\intern\packedFile.c D:\blenderDev\blender\source\blender\blenkernel\intern\paint.c D:\blenderDev\blender\source\blender\blenkernel\intern\particle.c D:\blenderDev\blender\source\blender\blenkernel\intern\particle_child.c D:\blenderDev\blender\source\blender\blenkernel\intern\particle_distribute.c D:\blenderDev\blender\source\blender\blenkernel\intern\particle_system.c D:\blenderDev\blender\source\blender\blenkernel\intern\pbvh.c D:\blenderDev\blender\source\blender\blenkernel\intern\pbvh_bmesh.c D:\blenderDev\blender\source\blender\blenkernel\intern\pointcache.c D:\blenderDev\blender\source\blender\blenkernel\intern\property.c D:\blenderDev\blender\source\blender\blenkernel\intern\report.c D:\blenderDev\blender\source\blender\blenkernel\intern\rigidbody.c D:\blenderDev\blender\source\blender\blenkernel\intern\sca.c D:\blenderDev\blender\source\blender\blenkernel\intern\scene.c D:\blenderDev\blender\source\blender\blenkernel\intern\screen.c D:\blenderDev\blender\source\blender\blenkernel\intern\seqcache.c D:\blenderDev\blender\source\blender\blenkernel\intern\seqeffects.c D:\blenderDev\blender\source\blender\blenkernel\intern\seqmodifier.c D:\blenderDev\blender\source\blender\blenkernel\intern\sequencer.c D:\blenderDev\blender\source\blender\blenkernel\intern\shrinkwrap.c D:\blenderDev\blender\source\blender\blenkernel\intern\sketch.c D:\blenderDev\blender\source\blender\blenkernel\intern\smoke.c D:\blenderDev\blender\source\blender\blenkernel\intern\softbody.c D:\blenderDev\blender\source\blender\blenkernel\intern\sound.c D:\blenderDev\blender\source\blender\blenkernel\intern\speaker.c D:\blenderDev\blender\source\blender\blenkernel\intern\subsurf_ccg.c D:\blenderDev\blender\source\blender\blenkernel\intern\suggestions.c D:\blenderDev\blender\source\blender\blenkernel\intern\text.c D:\blenderDev\blender\source\blender\blenkernel\intern\texture.c D:\blenderDev\blender\source\blender\blenkernel\intern\tracking.c D:\blenderDev\blender\source\blender\blenkernel\intern\tracking_auto.c D:\blenderDev\blender\source\blender\blenkernel\intern\tracking_detect.c D:\blenderDev\blender\source\blender\blenkernel\intern\tracking_plane_tracker.c D:\blenderDev\blender\source\blender\blenkernel\intern\tracking_region_tracker.c D:\blenderDev\blender\source\blender\blenkernel\intern\tracking_solver.c D:\blenderDev\blender\source\blender\blenkernel\intern\tracking_stabilize.c D:\blenderDev\blender\source\blender\blenkernel\intern\tracking_util.c D:\blenderDev\blender\source\blender\blenkernel\intern\unit.c D:\blenderDev\blender\source\blender\blenkernel\intern\world.c D:\blenderDev\blender\source\blender\blenkernel\intern\writeavi.c D:\blenderDev\blender\source\blender\blenkernel\intern\writeframeserver.c D:\blenderDev\blender\source\blender\blenkernel\intern\writeffmpeg.c D:\blenderDev\blender\source\blender\blenkernel\intern\navmesh_conversion.c
         CCGSubSurf.c
         CCGSubSurf_legacy.c
         CCGSubSurf_opensubdiv.c
         CCGSubSurf_opensubdiv_converter.c
         CCGSubSurf_util.c
         DerivedMesh.c
         action.c
         addon.c
         anim.c
         anim_sys.c
         appdir.c
         armature.c
         armature_update.c
         autoexec.c
         blender.c
         bmfont.c
         boids.c
     1>D:\blenderDev\blender\source\blender\blenkernel\intern\armature.c(1046): warning C4819: The file contains a character that cannot be represented in the current code page (936). Save the file in Unicode format to prevent data loss
         bpath.c
         brush.c
         bullet.c
         bvhutils.c
         camera.c
         cdderivedmesh.c
         cloth.c
         collision.c
         colortools.c
         constraint.c
         context.c
         crazyspace.c
         curve.c
         customdata.c
         customdata_file.c
         data_transfer.c
         deform.c
         depsgraph.c
         displist.c
         dynamicpaint.c
         editderivedmesh.c
         editmesh.c
         editmesh_bvh.c
         effect.c
         fcurve.c
         fluidsim.c
         fmodifier.c
         font.c
         freestyle.c
         gpencil.c
         group.c
         icons.c
         idcode.c
         idprop.c
         image.c
         image_gen.c
         ipo.c
         key.c
         lamp.c
         lattice.c
         library.c
         library_query.c
         linestyle.c
         mask.c
         mask_evaluate.c
         mask_rasterize.c
         material.c
         mball.c
         mball_tessellate.c
         mesh.c
         mesh_evaluate.c
         mesh_mapping.c
         mesh_remap.c
         mesh_validate.c
         modifier.c
         modifiers_bmesh.c
         movieclip.c
         multires.c
         nla.c
         node.c
         object.c
         object_deform.c
         object_dupli.c
         object_update.c
         ocean.c
         outliner_treehash.c
         packedFile.c
         paint.c
         particle.c
         particle_child.c
         particle_distribute.c
         particle_system.c
         pbvh.c
         pbvh_bmesh.c
         pointcache.c
         property.c
         report.c
         rigidbody.c
         sca.c
         scene.c
         screen.c
         seqcache.c
         seqeffects.c
         seqmodifier.c
         sequencer.c
         shrinkwrap.c
         sketch.c
         smoke.c
         softbody.c
         sound.c
         speaker.c
         subsurf_ccg.c
         suggestions.c
         text.c
         texture.c
         tracking.c
         tracking_auto.c
         tracking_detect.c
         tracking_plane_tracker.c
         tracking_region_tracker.c
         tracking_solver.c
         tracking_stabilize.c
         tracking_util.c
         unit.c
         world.c
         writeavi.c
         writeframeserver.c
         writeffmpeg.c
         navmesh_conversion.c
       Lib:
         D:\Microsoft Visual Studio 12.0\VC\bin\x86_amd64\Lib.exe /OUT:"D:\blenderDev\product\lib\Debug\bf_blenkernel.lib" /NOLOGO /MACHINE:X64  /ignore:4221 bf_blenkernel.dir\Debug\CCGSubSurf.obj
         bf_blenkernel.dir\Debug\CCGSubSurf_legacy.obj
         bf_blenkernel.dir\Debug\CCGSubSurf_opensubdiv.obj
         bf_blenkernel.dir\Debug\CCGSubSurf_opensubdiv_converter.obj
         bf_blenkernel.dir\Debug\CCGSubSurf_util.obj
         bf_blenkernel.dir\Debug\DerivedMesh.obj
         bf_blenkernel.dir\Debug\action.obj
         bf_blenkernel.dir\Debug\addon.obj
         bf_blenkernel.dir\Debug\anim.obj
         bf_blenkernel.dir\Debug\anim_sys.obj
         bf_blenkernel.dir\Debug\appdir.obj
         bf_blenkernel.dir\Debug\armature.obj
         bf_blenkernel.dir\Debug\armature_update.obj
         bf_blenkernel.dir\Debug\autoexec.obj
         bf_blenkernel.dir\Debug\blender.obj
         bf_blenkernel.dir\Debug\bmfont.obj
         bf_blenkernel.dir\Debug\boids.obj
         bf_blenkernel.dir\Debug\bpath.obj
         bf_blenkernel.dir\Debug\brush.obj
         bf_blenkernel.dir\Debug\bullet.obj
         bf_blenkernel.dir\Debug\bvhutils.obj
         bf_blenkernel.dir\Debug\camera.obj
         bf_blenkernel.dir\Debug\cdderivedmesh.obj
         bf_blenkernel.dir\Debug\cloth.obj
         bf_blenkernel.dir\Debug\collision.obj
         bf_blenkernel.dir\Debug\colortools.obj
         bf_blenkernel.dir\Debug\constraint.obj
         bf_blenkernel.dir\Debug\context.obj
         bf_blenkernel.dir\Debug\crazyspace.obj
         bf_blenkernel.dir\Debug\curve.obj
         bf_blenkernel.dir\Debug\customdata.obj
         bf_blenkernel.dir\Debug\customdata_file.obj
         bf_blenkernel.dir\Debug\data_transfer.obj
         bf_blenkernel.dir\Debug\deform.obj
         bf_blenkernel.dir\Debug\depsgraph.obj
         bf_blenkernel.dir\Debug\displist.obj
         bf_blenkernel.dir\Debug\dynamicpaint.obj
         bf_blenkernel.dir\Debug\editderivedmesh.obj
         bf_blenkernel.dir\Debug\editmesh.obj
         bf_blenkernel.dir\Debug\editmesh_bvh.obj
         bf_blenkernel.dir\Debug\effect.obj
         bf_blenkernel.dir\Debug\fcurve.obj
         bf_blenkernel.dir\Debug\fluidsim.obj
         bf_blenkernel.dir\Debug\fmodifier.obj
         bf_blenkernel.dir\Debug\font.obj
         bf_blenkernel.dir\Debug\freestyle.obj
         bf_blenkernel.dir\Debug\gpencil.obj
         bf_blenkernel.dir\Debug\group.obj
         bf_blenkernel.dir\Debug\icons.obj
         bf_blenkernel.dir\Debug\idcode.obj
         bf_blenkernel.dir\Debug\idprop.obj
         bf_blenkernel.dir\Debug\image.obj
         bf_blenkernel.dir\Debug\image_gen.obj
         bf_blenkernel.dir\Debug\ipo.obj
         bf_blenkernel.dir\Debug\key.obj
         bf_blenkernel.dir\Debug\lamp.obj
         bf_blenkernel.dir\Debug\lattice.obj
         bf_blenkernel.dir\Debug\library.obj
         bf_blenkernel.dir\Debug\library_query.obj
         bf_blenkernel.dir\Debug\linestyle.obj
         bf_blenkernel.dir\Debug\mask.obj
         bf_blenkernel.dir\Debug\mask_evaluate.obj
         bf_blenkernel.dir\Debug\mask_rasterize.obj
         bf_blenkernel.dir\Debug\material.obj
         bf_blenkernel.dir\Debug\mball.obj
         bf_blenkernel.dir\Debug\mball_tessellate.obj
         bf_blenkernel.dir\Debug\mesh.obj
         bf_blenkernel.dir\Debug\mesh_evaluate.obj
         bf_blenkernel.dir\Debug\mesh_mapping.obj
         bf_blenkernel.dir\Debug\mesh_remap.obj
         bf_blenkernel.dir\Debug\mesh_validate.obj
         bf_blenkernel.dir\Debug\modifier.obj
         bf_blenkernel.dir\Debug\modifiers_bmesh.obj
         bf_blenkernel.dir\Debug\movieclip.obj
         bf_blenkernel.dir\Debug\multires.obj
         bf_blenkernel.dir\Debug\nla.obj
         bf_blenkernel.dir\Debug\node.obj
         bf_blenkernel.dir\Debug\object.obj
         bf_blenkernel.dir\Debug\object_deform.obj
         bf_blenkernel.dir\Debug\object_dupli.obj
         bf_blenkernel.dir\Debug\object_update.obj
         bf_blenkernel.dir\Debug\ocean.obj
         bf_blenkernel.dir\Debug\outliner_treehash.obj
         bf_blenkernel.dir\Debug\packedFile.obj
         bf_blenkernel.dir\Debug\paint.obj
         bf_blenkernel.dir\Debug\particle.obj
         bf_blenkernel.dir\Debug\particle_child.obj
         bf_blenkernel.dir\Debug\particle_distribute.obj
         bf_blenkernel.dir\Debug\particle_system.obj
         bf_blenkernel.dir\Debug\pbvh.obj
         bf_blenkernel.dir\Debug\pbvh_bmesh.obj
         bf_blenkernel.dir\Debug\pointcache.obj
         bf_blenkernel.dir\Debug\property.obj
         bf_blenkernel.dir\Debug\report.obj
         bf_blenkernel.dir\Debug\rigidbody.obj
         bf_blenkernel.dir\Debug\sca.obj
         bf_blenkernel.dir\Debug\scene.obj
         bf_blenkernel.dir\Debug\screen.obj
         bf_blenkernel.dir\Debug\seqcache.obj
         bf_blenkernel.dir\Debug\seqeffects.obj
         bf_blenkernel.dir\Debug\seqmodifier.obj
         bf_blenkernel.dir\Debug\sequencer.obj
         bf_blenkernel.dir\Debug\shrinkwrap.obj
         bf_blenkernel.dir\Debug\sketch.obj
         bf_blenkernel.dir\Debug\smoke.obj
         bf_blenkernel.dir\Debug\softbody.obj
         bf_blenkernel.dir\Debug\sound.obj
         bf_blenkernel.dir\Debug\speaker.obj
         bf_blenkernel.dir\Debug\subsurf_ccg.obj
         bf_blenkernel.dir\Debug\suggestions.obj
         bf_blenkernel.dir\Debug\text.obj
         bf_blenkernel.dir\Debug\texture.obj
         bf_blenkernel.dir\Debug\tracking.obj
         bf_blenkernel.dir\Debug\tracking_auto.obj
         bf_blenkernel.dir\Debug\tracking_detect.obj
         bf_blenkernel.dir\Debug\tracking_plane_tracker.obj
         bf_blenkernel.dir\Debug\tracking_region_tracker.obj
         bf_blenkernel.dir\Debug\tracking_solver.obj
         bf_blenkernel.dir\Debug\tracking_stabilize.obj
         bf_blenkernel.dir\Debug\tracking_util.obj
         bf_blenkernel.dir\Debug\unit.obj
         bf_blenkernel.dir\Debug\world.obj
         bf_blenkernel.dir\Debug\writeavi.obj
         bf_blenkernel.dir\Debug\writeframeserver.obj
         bf_blenkernel.dir\Debug\writeffmpeg.obj
         bf_blenkernel.dir\Debug\navmesh_conversion.obj
         bf_blenkernel.vcxproj -> D:\blenderDev\product\lib\Debug\bf_blenkernel.lib
     1>Done Building Project "D:\blenderDev\product\source\blender\blenkernel\bf_blenkernel.vcxproj" (Build target(s)).

Build succeeded.

Time Elapsed 00:01:20.89
