Build started 2016/4/2 9:21:05.
     1>Project "D:\blenderDev\product\source\blender\makesrna\intern\bf_rna.vcxproj" on node 5 (Build target(s)).
     1>CustomBuild:
         Building Custom Rule D:/blenderDev/blender/source/blender/makesrna/intern/CMakeLists.txt
         CMake does not need to re-run because D:\blenderDev\product\source\blender\makesrna\intern\CMakeFiles\generate.stamp is up-to-date.
         Generating rna_ID_gen.c, rna_action_gen.c, rna_actuator_gen.c, rna_animation_gen.c, rna_animviz_gen.c, rna_armature_gen.c, rna_boid_gen.c, rna_brush_gen.c, rna_camera_gen.c, rna_cloth_gen.c, rna_color_gen.c, rna_constraint_gen.c, rna_context_gen.c, rna_controller_gen.c, rna_curve_gen.c, rna_depsgraph_gen.c, rna_dynamicpaint_gen.c, rna_fcurve_gen.c, rna_fluidsim_gen.c, rna_gpencil_gen.c, rna_group_gen.c, rna_image_gen.c, rna_key_gen.c, rna_lamp_gen.c, rna_lattice_gen.c, rna_linestyle_gen.c, rna_main_gen.c, rna_mask_gen.c, rna_material_gen.c, rna_mesh_gen.c, rna_meta_gen.c, rna_modifier_gen.c, rna_movieclip_gen.c, rna_nla_gen.c, rna_nodetree_gen.c, rna_object_gen.c, rna_object_force_gen.c, rna_packedfile_gen.c, rna_palette_gen.c, rna_particle_gen.c, rna_pose_gen.c, rna_property_gen.c, rna_render_gen.c, rna_rigidbody_gen.c, rna_rna_gen.c, rna_scene_gen.c, rna_screen_gen.c, rna_sculpt_paint_gen.c, rna_sensor_gen.c, rna_sequencer_gen.c, rna_smoke_gen.c, rna_sound_gen.c, rna_space_gen.c, rna_speaker_gen.c, rna_test_gen.c, rna_text_gen.c, rna_texture_gen.c, rna_timeline_gen.c, rna_tracking_gen.c, rna_ui_gen.c, rna_userdef_gen.c, rna_vfont_gen.c, rna_wm_gen.c, rna_world_gen.c, rna_prototypes_gen.h
         Running makesrna
       ClCompile:
         D:\Microsoft Visual Studio 12.0\VC\bin\x86_amd64\CL.exe /c /ID:\blenderDev\lib\win64_vc12\pthreads\include /ID:\blenderDev\blender\source\blender\makesrna\intern /ID:\blenderDev\blender\source\blender\makesrna /ID:\blenderDev\blender\source\blender\blenfont /ID:\blenderDev\blender\source\blender\blenkernel /ID:\blenderDev\blender\source\blender\blenlib /ID:\blenderDev\blender\source\blender\bmesh /ID:\blenderDev\blender\source\blender\blentranslation /ID:\blenderDev\blender\source\blender\depsgraph /ID:\blenderDev\blender\source\blender\gpu /ID:\blenderDev\blender\source\blender\imbuf /ID:\blenderDev\blender\source\blender\ikplugin /ID:\blenderDev\blender\source\blender\makesdna /ID:\blenderDev\blender\source\blender\nodes /ID:\blenderDev\blender\source\blender\physics /ID:\blenderDev\blender\source\blender\windowmanager /ID:\blenderDev\blender\source\blender\editors\include /ID:\blenderDev\blender\source\blender\render\extern\include /ID:\blenderDev\blender\intern\cycles\blender /ID:\blenderDev\blender\intern\guardedalloc /I"D:\blenderDev\blender\intern\glew-mx" /ID:\blenderDev\blender\intern\atomic /ID:\blenderDev\blender\intern\memutil /ID:\blenderDev\blender\intern\smoke\extern /ID:\blenderDev\blender\extern\glew\include /ID:\blenderDev\blender\source\blender\python /ID:\blenderDev\blender\intern\ffmpeg /ID:\blenderDev\blender\intern\rigidbody /ID:\blenderDev\blender\source\blender\freestyle /ID:\blenderDev\blender\intern\audaspace\intern /ID:\blenderDev\lib\win64_vc12\ffmpeg\include /ID:\blenderDev\lib\win64_vc12\ffmpeg\include\msvc /Zi /nologo /W3 /WX- /MP /O2 /Ob1 /D WIN32 /D _WINDOWS /D NDEBUG /D WIN32 /D _CRT_NONSTDC_NO_DEPRECATE /D _CRT_SECURE_NO_DEPRECATE /D _SCL_SECURE_NO_DEPRECATE /D _CONSOLE /D _LIB /D _ALLOW_KEYWORD_MACROS /D _WIN32_WINNT=0x600 /D OIIO_STATIC_BUILD /D __SSE__ /D __MMX__ /D __SSE2__ /D __LITTLE_ENDIAN__ /D WITH_CYCLES /D WITH_PYTHON /D WITH_GAMEENGINE /D WITH_OPENEXR /D WITH_OPENIMAGEIO /D WITH_TIFF /D WITH_OPENJPEG /D WITH_DDS /D WITH_CINEON /D WITH_HDR /D WITH_FRAMESERVER /D WITH_AUDASPACE /D "AUD_DEVICE_H=<AUD_C-API.h>" /D "AUD_SPECIAL_H=<AUD_C-API.h>" /D "AUD_SOUND_H=<AUD_C-API.h>" /D "AUD_HANDLE_H=<AUD_C-API.h>" /D "AUD_SEQUENCE_H=<AUD_C-API.h>" /D "AUD_TYPES_H=<AUD_Space.h>" /D WITH_FFMPEG /D WITH_MOD_FLUID /D WITH_FFTW3 /D WITH_SMOKE /D WITH_SDL /D WITH_OPENAL /D WITH_COLLADA /D WITH_INTERNATIONAL /D WITH_BULLET /D WITH_FREESTYLE /D WITH_GLU /D WITH_GL_PROFILE_COMPAT /D GLEW_STATIC /D GLEW_NO_ES /D NDEBUG /D "CMAKE_INTDIR=\"RelWithDebInfo\"" /D _MBCS /Gm- /MT /GS /fp:precise /Zc:wchar_t /Zc:forScope /openmp /Fo"bf_rna.dir\RelWithDebInfo\\" /Fd"bf_rna.dir\RelWithDebInfo\vc120.pdb" /Gd /TC /wd4018 /wd4146 /wd4065 /wd4127 /wd4181 /wd4200 /wd4244 /wd4267 /wd4305 /wd4800 /errorReport:prompt /we4013 /we4431  /w34062 /J D:\blenderDev\blender\source\blender\makesrna\intern\rna_access.c rna_ID_gen.c rna_action_gen.c rna_actuator_gen.c rna_animation_gen.c rna_animviz_gen.c rna_armature_gen.c rna_boid_gen.c rna_brush_gen.c rna_camera_gen.c rna_cloth_gen.c rna_color_gen.c rna_constraint_gen.c rna_context_gen.c rna_controller_gen.c rna_curve_gen.c rna_depsgraph_gen.c rna_dynamicpaint_gen.c rna_fcurve_gen.c rna_fluidsim_gen.c rna_gpencil_gen.c rna_group_gen.c rna_image_gen.c rna_key_gen.c rna_lamp_gen.c rna_lattice_gen.c rna_linestyle_gen.c rna_main_gen.c rna_mask_gen.c rna_material_gen.c rna_mesh_gen.c rna_meta_gen.c rna_modifier_gen.c rna_movieclip_gen.c rna_nla_gen.c rna_nodetree_gen.c rna_object_gen.c rna_object_force_gen.c rna_packedfile_gen.c rna_palette_gen.c rna_particle_gen.c rna_pose_gen.c rna_property_gen.c rna_render_gen.c rna_rigidbody_gen.c rna_rna_gen.c rna_scene_gen.c rna_screen_gen.c rna_sculpt_paint_gen.c rna_sensor_gen.c rna_sequencer_gen.c rna_smoke_gen.c rna_sound_gen.c rna_space_gen.c rna_speaker_gen.c rna_test_gen.c rna_text_gen.c rna_texture_gen.c rna_timeline_gen.c rna_tracking_gen.c rna_ui_gen.c rna_userdef_gen.c rna_vfont_gen.c rna_wm_gen.c rna_world_gen.c
         rna_access.c
         rna_ID_gen.c
         rna_action_gen.c
         rna_actuator_gen.c
         rna_animation_gen.c
         rna_animviz_gen.c
         rna_armature_gen.c
         rna_boid_gen.c
         rna_brush_gen.c
         rna_camera_gen.c
         rna_cloth_gen.c
         rna_color_gen.c
         rna_constraint_gen.c
         rna_context_gen.c
         rna_controller_gen.c
         rna_curve_gen.c
         rna_depsgraph_gen.c
         rna_dynamicpaint_gen.c
         rna_fcurve_gen.c
         rna_fluidsim_gen.c
         rna_gpencil_gen.c
         rna_group_gen.c
         rna_image_gen.c
         rna_key_gen.c
         rna_lamp_gen.c
         rna_lattice_gen.c
         rna_linestyle_gen.c
         rna_main_gen.c
         rna_mask_gen.c
         rna_material_gen.c
         rna_mesh_gen.c
         rna_meta_gen.c
         rna_modifier_gen.c
         rna_movieclip_gen.c
         rna_nla_gen.c
         rna_nodetree_gen.c
         rna_object_gen.c
         rna_object_force_gen.c
         rna_packedfile_gen.c
         rna_palette_gen.c
         rna_particle_gen.c
         rna_pose_gen.c
         rna_property_gen.c
         rna_render_gen.c
         rna_rigidbody_gen.c
         rna_rna_gen.c
         rna_scene_gen.c
         rna_screen_gen.c
         rna_sculpt_paint_gen.c
         rna_sensor_gen.c
         rna_sequencer_gen.c
         rna_smoke_gen.c
         rna_sound_gen.c
         rna_space_gen.c
         rna_speaker_gen.c
         rna_test_gen.c
         rna_text_gen.c
         rna_texture_gen.c
         rna_timeline_gen.c
         rna_tracking_gen.c
         rna_ui_gen.c
         rna_userdef_gen.c
         rna_vfont_gen.c
         rna_wm_gen.c
         rna_world_gen.c
       Lib:
         D:\Microsoft Visual Studio 12.0\VC\bin\x86_amd64\Lib.exe /OUT:"D:\blenderDev\product\lib\RelWithDebInfo\bf_rna.lib" /NOLOGO /MACHINE:X64  /ignore:4221 bf_rna.dir\RelWithDebInfo\rna_access.obj
         bf_rna.dir\RelWithDebInfo\rna_ID_gen.obj
         bf_rna.dir\RelWithDebInfo\rna_action_gen.obj
         bf_rna.dir\RelWithDebInfo\rna_actuator_gen.obj
         bf_rna.dir\RelWithDebInfo\rna_animation_gen.obj
         bf_rna.dir\RelWithDebInfo\rna_animviz_gen.obj
         bf_rna.dir\RelWithDebInfo\rna_armature_gen.obj
         bf_rna.dir\RelWithDebInfo\rna_boid_gen.obj
         bf_rna.dir\RelWithDebInfo\rna_brush_gen.obj
         bf_rna.dir\RelWithDebInfo\rna_camera_gen.obj
         bf_rna.dir\RelWithDebInfo\rna_cloth_gen.obj
         bf_rna.dir\RelWithDebInfo\rna_color_gen.obj
         bf_rna.dir\RelWithDebInfo\rna_constraint_gen.obj
         bf_rna.dir\RelWithDebInfo\rna_context_gen.obj
         bf_rna.dir\RelWithDebInfo\rna_controller_gen.obj
         bf_rna.dir\RelWithDebInfo\rna_curve_gen.obj
         bf_rna.dir\RelWithDebInfo\rna_depsgraph_gen.obj
         bf_rna.dir\RelWithDebInfo\rna_dynamicpaint_gen.obj
         bf_rna.dir\RelWithDebInfo\rna_fcurve_gen.obj
         bf_rna.dir\RelWithDebInfo\rna_fluidsim_gen.obj
         bf_rna.dir\RelWithDebInfo\rna_gpencil_gen.obj
         bf_rna.dir\RelWithDebInfo\rna_group_gen.obj
         bf_rna.dir\RelWithDebInfo\rna_image_gen.obj
         bf_rna.dir\RelWithDebInfo\rna_key_gen.obj
         bf_rna.dir\RelWithDebInfo\rna_lamp_gen.obj
         bf_rna.dir\RelWithDebInfo\rna_lattice_gen.obj
         bf_rna.dir\RelWithDebInfo\rna_linestyle_gen.obj
         bf_rna.dir\RelWithDebInfo\rna_main_gen.obj
         bf_rna.dir\RelWithDebInfo\rna_mask_gen.obj
         bf_rna.dir\RelWithDebInfo\rna_material_gen.obj
         bf_rna.dir\RelWithDebInfo\rna_mesh_gen.obj
         bf_rna.dir\RelWithDebInfo\rna_meta_gen.obj
         bf_rna.dir\RelWithDebInfo\rna_modifier_gen.obj
         bf_rna.dir\RelWithDebInfo\rna_movieclip_gen.obj
         bf_rna.dir\RelWithDebInfo\rna_nla_gen.obj
         bf_rna.dir\RelWithDebInfo\rna_nodetree_gen.obj
         bf_rna.dir\RelWithDebInfo\rna_object_gen.obj
         bf_rna.dir\RelWithDebInfo\rna_object_force_gen.obj
         bf_rna.dir\RelWithDebInfo\rna_packedfile_gen.obj
         bf_rna.dir\RelWithDebInfo\rna_palette_gen.obj
         bf_rna.dir\RelWithDebInfo\rna_particle_gen.obj
         bf_rna.dir\RelWithDebInfo\rna_pose_gen.obj
         bf_rna.dir\RelWithDebInfo\rna_property_gen.obj
         bf_rna.dir\RelWithDebInfo\rna_render_gen.obj
         bf_rna.dir\RelWithDebInfo\rna_rigidbody_gen.obj
         bf_rna.dir\RelWithDebInfo\rna_rna_gen.obj
         bf_rna.dir\RelWithDebInfo\rna_scene_gen.obj
         bf_rna.dir\RelWithDebInfo\rna_screen_gen.obj
         bf_rna.dir\RelWithDebInfo\rna_sculpt_paint_gen.obj
         bf_rna.dir\RelWithDebInfo\rna_sensor_gen.obj
         bf_rna.dir\RelWithDebInfo\rna_sequencer_gen.obj
         bf_rna.dir\RelWithDebInfo\rna_smoke_gen.obj
         bf_rna.dir\RelWithDebInfo\rna_sound_gen.obj
         bf_rna.dir\RelWithDebInfo\rna_space_gen.obj
         bf_rna.dir\RelWithDebInfo\rna_speaker_gen.obj
         bf_rna.dir\RelWithDebInfo\rna_test_gen.obj
         bf_rna.dir\RelWithDebInfo\rna_text_gen.obj
         bf_rna.dir\RelWithDebInfo\rna_texture_gen.obj
         bf_rna.dir\RelWithDebInfo\rna_timeline_gen.obj
         bf_rna.dir\RelWithDebInfo\rna_tracking_gen.obj
         bf_rna.dir\RelWithDebInfo\rna_ui_gen.obj
         bf_rna.dir\RelWithDebInfo\rna_userdef_gen.obj
         bf_rna.dir\RelWithDebInfo\rna_vfont_gen.obj
         bf_rna.dir\RelWithDebInfo\rna_wm_gen.obj
         bf_rna.dir\RelWithDebInfo\rna_world_gen.obj
         bf_rna.vcxproj -> D:\blenderDev\product\lib\RelWithDebInfo\bf_rna.lib
     1>Done Building Project "D:\blenderDev\product\source\blender\makesrna\intern\bf_rna.vcxproj" (Build target(s)).

Build succeeded.

Time Elapsed 00:00:41.84
