Build started 2016/4/2 8:29:23.
     1>Project "D:\blenderDev\product\source\blender\avi\bf_avi.vcxproj" on node 4 (Build target(s)).
     1>CustomBuild:
         Building Custom Rule D:/blenderDev/blender/source/blender/avi/CMakeLists.txt
         CMake does not need to re-run because D:\blenderDev\product\source\blender\avi\CMakeFiles\generate.stamp is up-to-date.
       ClCompile:
         D:\Microsoft Visual Studio 12.0\VC\bin\x86_amd64\CL.exe /c /ID:\blenderDev\lib\win64_vc12\pthreads\include /ID:\blenderDev\blender\source\blender\avi /ID:\blenderDev\blender\source\blender\blenlib /ID:\blenderDev\blender\intern\guardedalloc /ID:\blenderDev\lib\win64_vc12\jpeg\include /Zi /nologo /W3 /WX- /MP /Od /Ob0 /D WIN32 /D _WINDOWS /D _DEBUG /D WIN32 /D _CRT_NONSTDC_NO_DEPRECATE /D _CRT_SECURE_NO_DEPRECATE /D _SCL_SECURE_NO_DEPRECATE /D _CONSOLE /D _LIB /D _ALLOW_KEYWORD_MACROS /D _WIN32_WINNT=0x600 /D OIIO_STATIC_BUILD /D __SSE__ /D __MMX__ /D __SSE2__ /D __LITTLE_ENDIAN__ /D DEBUG /D _DEBUG /D "CMAKE_INTDIR=\"Debug\"" /D _MBCS /Gm- /RTC1 /MTd /GS /fp:precise /Zc:wchar_t /Zc:forScope /openmp /Fo"bf_avi.dir\Debug\\" /Fd"bf_avi.dir\Debug\vc120.pdb" /Gd /TC /wd4018 /wd4146 /wd4065 /wd4127 /wd4181 /wd4200 /wd4244 /wd4267 /wd4305 /wd4800 /errorReport:prompt /we4013 /we4431  /w34062 /J D:\blenderDev\blender\source\blender\avi\intern\avi.c D:\blenderDev\blender\source\blender\avi\intern\avi_rgb.c D:\blenderDev\blender\source\blender\avi\intern\avi_codecs.c D:\blenderDev\blender\source\blender\avi\intern\avi_endian.c D:\blenderDev\blender\source\blender\avi\intern\avi_mjpeg.c D:\blenderDev\blender\source\blender\avi\intern\avi_options.c D:\blenderDev\blender\source\blender\avi\intern\avi_rgb32.c
         avi.c
         avi_rgb.c
         avi_codecs.c
         avi_endian.c
         avi_mjpeg.c
         avi_options.c
         avi_rgb32.c
       Lib:
         D:\Microsoft Visual Studio 12.0\VC\bin\x86_amd64\Lib.exe /OUT:"D:\blenderDev\product\lib\Debug\bf_avi.lib" /NOLOGO /MACHINE:X64  /ignore:4221 bf_avi.dir\Debug\avi.obj
         bf_avi.dir\Debug\avi_rgb.obj
         bf_avi.dir\Debug\avi_codecs.obj
         bf_avi.dir\Debug\avi_endian.obj
         bf_avi.dir\Debug\avi_mjpeg.obj
         bf_avi.dir\Debug\avi_options.obj
         bf_avi.dir\Debug\avi_rgb32.obj
         bf_avi.vcxproj -> D:\blenderDev\product\lib\Debug\bf_avi.lib
     1>Done Building Project "D:\blenderDev\product\source\blender\avi\bf_avi.vcxproj" (Build target(s)).

Build succeeded.

Time Elapsed 00:00:00.62
