Build started 2016/4/2 8:23:26.
     1>Project "D:\blenderDev\product\source\blender\editors\space_text\bf_editor_space_text.vcxproj" on node 4 (Build target(s)).
     1>CustomBuild:
         Building Custom Rule D:/blenderDev/blender/source/blender/editors/space_text/CMakeLists.txt
         CMake does not need to re-run because D:\blenderDev\product\source\blender\editors\space_text\CMakeFiles\generate.stamp is up-to-date.
       ClCompile:
         D:\Microsoft Visual Studio 12.0\VC\bin\x86_amd64\CL.exe /c /ID:\blenderDev\lib\win64_vc12\pthreads\include /ID:\blenderDev\blender\source\blender\editors\include /ID:\blenderDev\blender\source\blender\blenfont /ID:\blenderDev\blender\source\blender\blenkernel /ID:\blenderDev\blender\source\blender\blenlib /ID:\blenderDev\blender\source\blender\blentranslation /ID:\blenderDev\blender\source\blender\gpu /ID:\blenderDev\blender\source\blender\makesdna /ID:\blenderDev\blender\source\blender\makesrna /ID:\blenderDev\blender\source\blender\windowmanager /ID:\blenderDev\blender\intern\guardedalloc /I"D:\blenderDev\blender\intern\glew-mx" /ID:\blenderDev\blender\source\blender\python /ID:\blenderDev\blender\extern\glew\include /Zi /nologo /W3 /WX- /MP /Od /Ob0 /D WIN32 /D _WINDOWS /D _DEBUG /D WIN32 /D _CRT_NONSTDC_NO_DEPRECATE /D _CRT_SECURE_NO_DEPRECATE /D _SCL_SECURE_NO_DEPRECATE /D _CONSOLE /D _LIB /D _ALLOW_KEYWORD_MACROS /D _WIN32_WINNT=0x600 /D OIIO_STATIC_BUILD /D __SSE__ /D __MMX__ /D __SSE2__ /D __LITTLE_ENDIAN__ /D WITH_GLU /D WITH_GL_PROFILE_COMPAT /D GLEW_STATIC /D GLEW_NO_ES /D WITH_PYTHON /D WITH_INTERNATIONAL /D DEBUG /D _DEBUG /D "CMAKE_INTDIR=\"Debug\"" /D _MBCS /Gm- /RTC1 /MTd /GS /fp:precise /Zc:wchar_t /Zc:forScope /openmp /Fo"bf_editor_space_text.dir\Debug\\" /Fd"bf_editor_space_text.dir\Debug\vc120.pdb" /Gd /TC /wd4018 /wd4146 /wd4065 /wd4127 /wd4181 /wd4200 /wd4244 /wd4267 /wd4305 /wd4800 /errorReport:prompt /we4013 /we4431  /w34062 /J D:\blenderDev\blender\source\blender\editors\space_text\space_text.c D:\blenderDev\blender\source\blender\editors\space_text\text_autocomplete.c D:\blenderDev\blender\source\blender\editors\space_text\text_draw.c D:\blenderDev\blender\source\blender\editors\space_text\text_format.c D:\blenderDev\blender\source\blender\editors\space_text\text_format_lua.c D:\blenderDev\blender\source\blender\editors\space_text\text_format_osl.c D:\blenderDev\blender\source\blender\editors\space_text\text_format_py.c D:\blenderDev\blender\source\blender\editors\space_text\text_header.c D:\blenderDev\blender\source\blender\editors\space_text\text_ops.c
         space_text.c
         text_autocomplete.c
         text_draw.c
         text_format.c
         text_format_lua.c
         text_format_osl.c
         text_format_py.c
         text_header.c
         text_ops.c
       Lib:
         D:\Microsoft Visual Studio 12.0\VC\bin\x86_amd64\Lib.exe /OUT:"D:\blenderDev\product\lib\Debug\bf_editor_space_text.lib" /NOLOGO /MACHINE:X64  /ignore:4221 bf_editor_space_text.dir\Debug\space_text.obj
         bf_editor_space_text.dir\Debug\text_autocomplete.obj
         bf_editor_space_text.dir\Debug\text_draw.obj
         bf_editor_space_text.dir\Debug\text_format.obj
         bf_editor_space_text.dir\Debug\text_format_lua.obj
         bf_editor_space_text.dir\Debug\text_format_osl.obj
         bf_editor_space_text.dir\Debug\text_format_py.obj
         bf_editor_space_text.dir\Debug\text_header.obj
         bf_editor_space_text.dir\Debug\text_ops.obj
         bf_editor_space_text.vcxproj -> D:\blenderDev\product\lib\Debug\bf_editor_space_text.lib
     1>Done Building Project "D:\blenderDev\product\source\blender\editors\space_text\bf_editor_space_text.vcxproj" (Build target(s)).

Build succeeded.

Time Elapsed 00:00:00.73
