Build started 2016/4/2 9:21:58.
     1>Project "D:\blenderDev\product\source\blender\editors\object\bf_editor_object.vcxproj" on node 3 (Build target(s)).
     1>CustomBuild:
         Building Custom Rule D:/blenderDev/blender/source/blender/editors/object/CMakeLists.txt
         CMake does not need to re-run because D:\blenderDev\product\source\blender\editors\object\CMakeFiles\generate.stamp is up-to-date.
       ClCompile:
         D:\Microsoft Visual Studio 12.0\VC\bin\x86_amd64\CL.exe /c /ID:\blenderDev\lib\win64_vc12\pthreads\include /ID:\blenderDev\blender\source\blender\editors\include /ID:\blenderDev\blender\source\blender\blenkernel /ID:\blenderDev\blender\source\blender\blenlib /ID:\blenderDev\blender\source\blender\blentranslation /ID:\blenderDev\blender\source\blender\bmesh /ID:\blenderDev\blender\source\blender\gpu /ID:\blenderDev\blender\source\blender\ikplugin /ID:\blenderDev\blender\source\blender\imbuf /ID:\blenderDev\blender\source\blender\makesdna /ID:\blenderDev\blender\source\blender\makesrna /ID:\blenderDev\blender\source\blender\python /ID:\blenderDev\blender\source\blender\render\extern\include /ID:\blenderDev\blender\source\blender\windowmanager /ID:\blenderDev\blender\intern\guardedalloc /I"D:\blenderDev\blender\intern\glew-mx" /ID:\blenderDev\blender\extern\glew\include /Zi /nologo /W3 /WX- /MP /O2 /Ob1 /D WIN32 /D _WINDOWS /D NDEBUG /D WIN32 /D _CRT_NONSTDC_NO_DEPRECATE /D _CRT_SECURE_NO_DEPRECATE /D _SCL_SECURE_NO_DEPRECATE /D _CONSOLE /D _LIB /D _ALLOW_KEYWORD_MACROS /D _WIN32_WINNT=0x600 /D OIIO_STATIC_BUILD /D __SSE__ /D __MMX__ /D __SSE2__ /D __LITTLE_ENDIAN__ /D WITH_GLU /D WITH_GL_PROFILE_COMPAT /D GLEW_STATIC /D GLEW_NO_ES /D WITH_PYTHON /D WITH_GAMEENGINE /D WITH_INTERNATIONAL /D NDEBUG /D "CMAKE_INTDIR=\"RelWithDebInfo\"" /D _MBCS /Gm- /MT /GS /fp:precise /Zc:wchar_t /Zc:forScope /openmp /Fo"bf_editor_object.dir\RelWithDebInfo\\" /Fd"bf_editor_object.dir\RelWithDebInfo\vc120.pdb" /Gd /TC /wd4018 /wd4146 /wd4065 /wd4127 /wd4181 /wd4200 /wd4244 /wd4267 /wd4305 /wd4800 /errorReport:prompt /we4013 /we4431  /w34062 /J D:\blenderDev\blender\source\blender\editors\object\object_add.c D:\blenderDev\blender\source\blender\editors\object\object_bake.c D:\blenderDev\blender\source\blender\editors\object\object_bake_api.c D:\blenderDev\blender\source\blender\editors\object\object_constraint.c D:\blenderDev\blender\source\blender\editors\object\object_edit.c D:\blenderDev\blender\source\blender\editors\object\object_group.c D:\blenderDev\blender\source\blender\editors\object\object_hook.c D:\blenderDev\blender\source\blender\editors\object\object_lattice.c D:\blenderDev\blender\source\blender\editors\object\object_lod.c D:\blenderDev\blender\source\blender\editors\object\object_modifier.c D:\blenderDev\blender\source\blender\editors\object\object_ops.c D:\blenderDev\blender\source\blender\editors\object\object_random.c D:\blenderDev\blender\source\blender\editors\object\object_relations.c D:\blenderDev\blender\source\blender\editors\object\object_select.c D:\blenderDev\blender\source\blender\editors\object\object_shapekey.c D:\blenderDev\blender\source\blender\editors\object\object_data_transfer.c D:\blenderDev\blender\source\blender\editors\object\object_transform.c D:\blenderDev\blender\source\blender\editors\object\object_warp.c D:\blenderDev\blender\source\blender\editors\object\object_vgroup.c
         object_add.c
         object_bake.c
         object_bake_api.c
         object_constraint.c
         object_edit.c
         object_group.c
         object_hook.c
         object_lattice.c
         object_lod.c
         object_modifier.c
         object_ops.c
         object_random.c
         object_relations.c
         object_select.c
         object_shapekey.c
         object_data_transfer.c
         object_transform.c
         object_warp.c
         object_vgroup.c
       Lib:
         D:\Microsoft Visual Studio 12.0\VC\bin\x86_amd64\Lib.exe /OUT:"D:\blenderDev\product\lib\RelWithDebInfo\bf_editor_object.lib" /NOLOGO /MACHINE:X64  /ignore:4221 bf_editor_object.dir\RelWithDebInfo\object_add.obj
         bf_editor_object.dir\RelWithDebInfo\object_bake.obj
         bf_editor_object.dir\RelWithDebInfo\object_bake_api.obj
         bf_editor_object.dir\RelWithDebInfo\object_constraint.obj
         bf_editor_object.dir\RelWithDebInfo\object_edit.obj
         bf_editor_object.dir\RelWithDebInfo\object_group.obj
         bf_editor_object.dir\RelWithDebInfo\object_hook.obj
         bf_editor_object.dir\RelWithDebInfo\object_lattice.obj
         bf_editor_object.dir\RelWithDebInfo\object_lod.obj
         bf_editor_object.dir\RelWithDebInfo\object_modifier.obj
         bf_editor_object.dir\RelWithDebInfo\object_ops.obj
         bf_editor_object.dir\RelWithDebInfo\object_random.obj
         bf_editor_object.dir\RelWithDebInfo\object_relations.obj
         bf_editor_object.dir\RelWithDebInfo\object_select.obj
         bf_editor_object.dir\RelWithDebInfo\object_shapekey.obj
         bf_editor_object.dir\RelWithDebInfo\object_data_transfer.obj
         bf_editor_object.dir\RelWithDebInfo\object_transform.obj
         bf_editor_object.dir\RelWithDebInfo\object_warp.obj
         bf_editor_object.dir\RelWithDebInfo\object_vgroup.obj
         bf_editor_object.vcxproj -> D:\blenderDev\product\lib\RelWithDebInfo\bf_editor_object.lib
     1>Done Building Project "D:\blenderDev\product\source\blender\editors\object\bf_editor_object.vcxproj" (Build target(s)).

Build succeeded.

Time Elapsed 00:00:05.09
