Build started 2016/4/2 9:21:24.
     1>Project "D:\blenderDev\product\source\blender\compositor\bf_compositor.vcxproj" on node 2 (Build target(s)).
     1>CustomBuild:
         Building Custom Rule D:/blenderDev/blender/source/blender/compositor/CMakeLists.txt
         CMake does not need to re-run because D:\blenderDev\product\source\blender\compositor\CMakeFiles\generate.stamp is up-to-date.
         Generating operations/COM_OpenCLKernels.cl.h
       ClCompile:
         D:\Microsoft Visual Studio 12.0\VC\bin\x86_amd64\CL.exe /c /ID:\blenderDev\lib\win64_vc12\pthreads\include /ID:\blenderDev\blender\source\blender\compositor /ID:\blenderDev\blender\source\blender\compositor\intern /ID:\blenderDev\blender\source\blender\compositor\nodes /ID:\blenderDev\blender\source\blender\compositor\operations /ID:\blenderDev\blender\source\blender\blenkernel /ID:\blenderDev\blender\source\blender\blenlib /ID:\blenderDev\blender\source\blender\blentranslation /ID:\blenderDev\blender\source\blender\imbuf /ID:\blenderDev\blender\source\blender\makesdna /ID:\blenderDev\blender\source\blender\makesrna /ID:\blenderDev\blender\source\blender\windowmanager /ID:\blenderDev\blender\source\blender\nodes /ID:\blenderDev\blender\source\blender\nodes\composite /ID:\blenderDev\blender\source\blender\nodes\intern /ID:\blenderDev\blender\source\blender\render\extern\include /ID:\blenderDev\blender\source\blender\render\intern\include /ID:\blenderDev\blender\extern\clew\include /ID:\blenderDev\blender\intern\guardedalloc /ID:\blenderDev\blender\intern\atomic /ID:\blenderDev\product\source\blender\compositor\operations /Zi /nologo /W3 /WX- /MP /O2 /Ob1 /D WIN32 /D _WINDOWS /D NDEBUG /D WIN32 /D _CRT_NONSTDC_NO_DEPRECATE /D _CRT_SECURE_NO_DEPRECATE /D _SCL_SECURE_NO_DEPRECATE /D _CONSOLE /D _LIB /D _ALLOW_KEYWORD_MACROS /D _WIN32_WINNT=0x600 /D OIIO_STATIC_BUILD /D __SSE__ /D __MMX__ /D __SSE2__ /D __LITTLE_ENDIAN__ /D CL_USE_DEPRECATED_OPENCL_1_1_APIS /D WITH_INTERNATIONAL /D NDEBUG /D "CMAKE_INTDIR=\"RelWithDebInfo\"" /D _MBCS /Gm- /EHsc /MT /GS /fp:precise /Zc:wchar_t /Zc:forScope /GR /openmp /Fo"bf_compositor.dir\RelWithDebInfo\\" /Fd"bf_compositor.dir\RelWithDebInfo\vc120.pdb" /Gd /TP /wd4018 /wd4146 /wd4065 /wd4127 /wd4181 /wd4200 /wd4244 /wd4267 /wd4305 /wd4800 /errorReport:prompt /we4013 /we4431  /w34062 /J D:\blenderDev\blender\source\blender\compositor\intern\COM_compositor.cpp D:\blenderDev\blender\source\blender\compositor\intern\COM_ExecutionSystem.cpp D:\blenderDev\blender\source\blender\compositor\intern\COM_NodeConverter.cpp D:\blenderDev\blender\source\blender\compositor\intern\COM_NodeOperationBuilder.cpp D:\blenderDev\blender\source\blender\compositor\intern\COM_NodeGraph.cpp D:\blenderDev\blender\source\blender\compositor\intern\COM_Converter.cpp D:\blenderDev\blender\source\blender\compositor\intern\COM_ExecutionGroup.cpp D:\blenderDev\blender\source\blender\compositor\intern\COM_Node.cpp D:\blenderDev\blender\source\blender\compositor\intern\COM_NodeOperation.cpp D:\blenderDev\blender\source\blender\compositor\intern\COM_SocketReader.cpp D:\blenderDev\blender\source\blender\compositor\intern\COM_MemoryProxy.cpp D:\blenderDev\blender\source\blender\compositor\intern\COM_MemoryBuffer.cpp D:\blenderDev\blender\source\blender\compositor\intern\COM_WorkScheduler.cpp D:\blenderDev\blender\source\blender\compositor\intern\COM_WorkPackage.cpp D:\blenderDev\blender\source\blender\compositor\intern\COM_ChunkOrder.cpp D:\blenderDev\blender\source\blender\compositor\intern\COM_ChunkOrderHotspot.cpp D:\blenderDev\blender\source\blender\compositor\intern\COM_Device.cpp D:\blenderDev\blender\source\blender\compositor\intern\COM_CPUDevice.cpp D:\blenderDev\blender\source\blender\compositor\intern\COM_OpenCLDevice.cpp D:\blenderDev\blender\source\blender\compositor\intern\COM_CompositorContext.cpp D:\blenderDev\blender\source\blender\compositor\intern\COM_SingleThreadedOperation.cpp D:\blenderDev\blender\source\blender\compositor\intern\COM_Debug.cpp D:\blenderDev\blender\source\blender\compositor\operations\COM_QualityStepHelper.cpp D:\blenderDev\blender\source\blender\compositor\nodes\COM_SocketProxyNode.cpp D:\blenderDev\blender\source\blender\compositor\nodes\COM_RenderLayersNode.cpp D:\blenderDev\blender\source\blender\compositor\nodes\COM_ImageNode.cpp D:\blenderDev\blender\source\blender\compositor\nodes\COM_TextureNode.cpp D:\blenderDev\blender\source\blender\compositor\nodes\COM_BokehImageNode.cpp D:\blenderDev\blender\source\blender\compositor\nodes\COM_ColorNode.cpp D:\blenderDev\blender\source\blender\compositor\nodes\COM_ValueNode.cpp D:\blenderDev\blender\source\blender\compositor\nodes\COM_TimeNode.cpp D:\blenderDev\blender\source\blender\compositor\nodes\COM_SwitchNode.cpp D:\blenderDev\blender\source\blender\compositor\nodes\COM_SwitchViewNode.cpp D:\blenderDev\blender\source\blender\compositor\nodes\COM_MovieClipNode.cpp D:\blenderDev\blender\source\blender\compositor\nodes\COM_OutputFileNode.cpp D:\blenderDev\blender\source\blender\compositor\nodes\COM_MaskNode.cpp D:\blenderDev\blender\source\blender\compositor\nodes\COM_CompositorNode.cpp D:\blenderDev\blender\source\blender\compositor\nodes\COM_ViewerNode.cpp D:\blenderDev\blender\source\blender\compositor\nodes\COM_SplitViewerNode.cpp D:\blenderDev\blender\source\blender\compositor\nodes\COM_ViewLevelsNode.cpp D:\blenderDev\blender\source\blender\compositor\operations\COM_CalculateStandardDeviationOperation.cpp D:\blenderDev\blender\source\blender\compositor\operations\COM_CalculateMeanOperation.cpp D:\blenderDev\blender\source\blender\compositor\nodes\COM_TranslateNode.cpp D:\blenderDev\blender\source\blender\compositor\nodes\COM_ScaleNode.cpp D:\blenderDev\blender\source\blender\compositor\nodes\COM_RotateNode.cpp D:\blenderDev\blender\source\blender\compositor\nodes\COM_FlipNode.cpp D:\blenderDev\blender\source\blender\compositor\nodes\COM_MapUVNode.cpp D:\blenderDev\blender\source\blender\compositor\nodes\COM_DisplaceNode.cpp D:\blenderDev\blender\source\blender\compositor\nodes\COM_DifferenceMatteNode.cpp D:\blenderDev\blender\source\blender\compositor\nodes\COM_LuminanceMatteNode.cpp D:\blenderDev\blender\source\blender\compositor\nodes\COM_DistanceMatteNode.cpp D:\blenderDev\blender\source\blender\compositor\nodes\COM_ChromaMatteNode.cpp D:\blenderDev\blender\source\blender\compositor\nodes\COM_ColorMatteNode.cpp D:\blenderDev\blender\source\blender\compositor\nodes\COM_ChannelMatteNode.cpp D:\blenderDev\blender\source\blender\compositor\nodes\COM_LensDistortionNode.cpp D:\blenderDev\blender\source\blender\compositor\nodes\COM_GlareNode.cpp D:\blenderDev\blender\source\blender\compositor\nodes\COM_SunBeamsNode.cpp D:\blenderDev\blender\source\blender\compositor\operations\COM_SunBeamsOperation.cpp D:\blenderDev\blender\source\blender\compositor\nodes\COM_CornerPinNode.cpp D:\blenderDev\blender\source\blender\compositor\nodes\COM_PlaneTrackDeformNode.cpp D:\blenderDev\blender\source\blender\compositor\nodes\COM_CropNode.cpp D:\blenderDev\blender\source\blender\compositor\operations\COM_CropOperation.cpp D:\blenderDev\blender\source\blender\compositor\nodes\COM_TransformNode.cpp D:\blenderDev\blender\source\blender\compositor\nodes\COM_Stabilize2dNode.cpp D:\blenderDev\blender\source\blender\compositor\nodes\COM_MovieDistortionNode.cpp D:\blenderDev\blender\source\blender\compositor\nodes\COM_DefocusNode.cpp D:\blenderDev\blender\source\blender\compositor\nodes\COM_VectorCurveNode.cpp D:\blenderDev\blender\source\blender\compositor\nodes\COM_ColorCurveNode.cpp D:\blenderDev\blender\source\blender\compositor\nodes\COM_ColorToBWNode.cpp D:\blenderDev\blender\source\blender\compositor\nodes\COM_ColorRampNode.cpp D:\blenderDev\blender\source\blender\compositor\nodes\COM_MixNode.cpp D:\blenderDev\blender\source\blender\compositor\nodes\COM_AlphaOverNode.cpp D:\blenderDev\blender\source\blender\compositor\nodes\COM_ZCombineNode.cpp D:\blenderDev\blender\source\blender\compositor\nodes\COM_BrightnessNode.cpp D:\blenderDev\blender\source\blender\compositor\nodes\COM_ColorBalanceNode.cpp D:\blenderDev\blender\source\blender\compositor\nodes\COM_InvertNode.cpp D:\blenderDev\blender\source\blender\compositor\nodes\COM_GammaNode.cpp D:\blenderDev\blender\source\blender\compositor\nodes\COM_SetAlphaNode.cpp D:\blenderDev\blender\source\blender\compositor\nodes\COM_ConvertAlphaNode.cpp D:\blenderDev\blender\source\blender\compositor\nodes\COM_HueSaturationValueNode.cpp D:\blenderDev\blender\source\blender\compositor\nodes\COM_HueSaturationValueCorrectNode.cpp D:\blenderDev\blender\source\blender\compositor\nodes\COM_ColorCorrectionNode.cpp D:\blenderDev\blender\source\blender\compositor\nodes\COM_TonemapNode.cpp D:\blenderDev\blender\source\blender\compositor\operations\COM_TonemapOperation.cpp D:\blenderDev\blender\source\blender\compositor\nodes\COM_IDMaskNode.cpp D:\blenderDev\blender\source\blender\compositor\nodes\COM_SeparateColorNode.cpp D:\blenderDev\blender\source\blender\compositor\nodes\COM_CombineColorNode.cpp D:\blenderDev\blender\source\blender\compositor\nodes\COM_NormalNode.cpp D:\blenderDev\blender\source\blender\compositor\nodes\COM_NormalizeNode.cpp D:\blenderDev\blender\source\blender\compositor\nodes\COM_MathNode.cpp D:\blenderDev\blender\source\blender\compositor\nodes\COM_MapValueNode.cpp D:\blenderDev\blender\source\blender\compositor\nodes\COM_MapRangeNode.cpp D:\blenderDev\blender\source\blender\compositor\operations\COM_NormalizeOperation.cpp D:\blenderDev\blender\source\blender\compositor\nodes\COM_PixelateNode.cpp D:\blenderDev\blender\source\blender\compositor\operations\COM_PixelateOperation.cpp D:\blenderDev\blender\source\blender\compositor\nodes\COM_BilateralBlurNode.cpp D:\blenderDev\blender\source\blender\compositor\operations\COM_BilateralBlurOperation.cpp D:\blenderDev\blender\source\blender\compositor\nodes\COM_VectorBlurNode.cpp D:\blenderDev\blender\source\blender\compositor\operations\COM_VectorBlurOperation.cpp D:\blenderDev\blender\source\blender\compositor\nodes\COM_FilterNode.cpp D:\blenderDev\blender\source\blender\compositor\nodes\COM_DespeckleNode.cpp D:\blenderDev\blender\source\blender\compositor\nodes\COM_DilateErodeNode.cpp D:\blenderDev\blender\source\blender\compositor\nodes\COM_InpaintNode.cpp D:\blenderDev\blender\source\blender\compositor\nodes\COM_BlurNode.cpp D:\blenderDev\blender\source\blender\compositor\nodes\COM_BokehBlurNode.cpp D:\blenderDev\blender\source\blender\compositor\nodes\COM_DirectionalBlurNode.cpp D:\blenderDev\blender\source\blender\compositor\operations\COM_GaussianAlphaXBlurOperation.cpp D:\blenderDev\blender\source\blender\compositor\operations\COM_GaussianAlphaYBlurOperation.cpp D:\blenderDev\blender\source\blender\compositor\operations\COM_GaussianXBlurOperation.cpp D:\blenderDev\blender\source\blender\compositor\operations\COM_GaussianYBlurOperation.cpp D:\blenderDev\blender\source\blender\compositor\operations\COM_GaussianBokehBlurOperation.cpp D:\blenderDev\blender\source\blender\compositor\operations\COM_BokehBlurOperation.cpp D:\blenderDev\blender\source\blender\compositor\operations\COM_VariableSizeBokehBlurOperation.cpp D:\blenderDev\blender\source\blender\compositor\operations\COM_FastGaussianBlurOperation.cpp D:\blenderDev\blender\source\blender\compositor\operations\COM_BlurBaseOperation.cpp D:\blenderDev\blender\source\blender\compositor\operations\COM_DirectionalBlurOperation.cpp D:\blenderDev\blender\source\blender\compositor\operations\COM_MovieClipAttributeOperation.cpp D:\blenderDev\blender\source\blender\compositor\operations\COM_MovieDistortionOperation.cpp D:\blenderDev\blender\source\blender\compositor\operations\COM_GammaCorrectOperation.cpp D:\blenderDev\blender\source\blender\compositor\nodes\COM_BoxMaskNode.cpp D:\blenderDev\blender\source\blender\compositor\nodes\COM_EllipseMaskNode.cpp D:\blenderDev\blender\source\blender\compositor\nodes\COM_ColorSpillNode.cpp D:\blenderDev\blender\source\blender\compositor\nodes\COM_DoubleEdgeMaskNode.cpp D:\blenderDev\blender\source\blender\compositor\operations\COM_DoubleEdgeMaskOperation.cpp D:\blenderDev\blender\source\blender\compositor\nodes\COM_KeyingScreenNode.cpp D:\blenderDev\blender\source\blender\compositor\operations\COM_KeyingScreenOperation.cpp D:\blenderDev\blender\source\blender\compositor\nodes\COM_TrackPositionNode.cpp D:\blenderDev\blender\source\blender\compositor\operations\COM_TrackPositionOperation.cpp D:\blenderDev\blender\source\blender\compositor\nodes\COM_KeyingNode.cpp D:\blenderDev\blender\source\blender\compositor\operations\COM_KeyingOperation.cpp D:\blenderDev\blender\source\blender\compositor\operations\COM_KeyingBlurOperation.cpp D:\blenderDev\blender\source\blender\compositor\operations\COM_KeyingDespillOperation.cpp D:\blenderDev\blender\source\blender\compositor\operations\COM_KeyingClipOperation.cpp D:\blenderDev\blender\source\blender\compositor\operations\COM_ColorSpillOperation.cpp D:\blenderDev\blender\source\blender\compositor\operations\COM_RenderLayersProg.cpp D:\blenderDev\blender\source\blender\compositor\operations\COM_ImageOperation.cpp D:\blenderDev\blender\source\blender\compositor\operations\COM_MultilayerImageOperation.cpp D:\blenderDev\blender\source\blender\compositor\operations\COM_TextureOperation.cpp D:\blenderDev\blender\source\blender\compositor\operations\COM_BokehImageOperation.cpp D:\blenderDev\blender\source\blender\compositor\operations\COM_SocketProxyOperation.cpp D:\blenderDev\blender\source\blender\compositor\operations\COM_CompositorOperation.cpp D:\blenderDev\blender\source\blender\compositor\operations\COM_OutputFileOperation.cpp D:\blenderDev\blender\source\blender\compositor\operations\COM_OutputFileMultiViewOperation.cpp D:\blenderDev\blender\source\blender\compositor\operations\COM_ViewerOperation.cpp D:\blenderDev\blender\source\blender\compositor\operations\COM_PreviewOperation.cpp D:\blenderDev\blender\source\blender\compositor\operations\COM_SplitOperation.cpp D:\blenderDev\blender\source\blender\compositor\operations\COM_ConvertDepthToRadiusOperation.cpp D:\blenderDev\blender\source\blender\compositor\operations\COM_ZCombineOperation.cpp D:\blenderDev\blender\source\blender\compositor\operations\COM_ChangeHSVOperation.cpp D:\blenderDev\blender\source\blender\compositor\operations\COM_ColorCurveOperation.cpp D:\blenderDev\blender\source\blender\compositor\operations\COM_ColorRampOperation.cpp D:\blenderDev\blender\source\blender\compositor\operations\COM_VectorCurveOperation.cpp D:\blenderDev\blender\source\blender\compositor\operations\COM_CurveBaseOperation.cpp D:\blenderDev\blender\source\blender\compositor\operations\COM_HueSaturationValueCorrectOperation.cpp D:\blenderDev\blender\source\blender\compositor\operations\COM_DifferenceMatteOperation.cpp D:\blenderDev\blender\source\blender\compositor\operations\COM_LuminanceMatteOperation.cpp D:\blenderDev\blender\source\blender\compositor\operations\COM_DistanceRGBMatteOperation.cpp D:\blenderDev\blender\source\blender\compositor\operations\COM_DistanceYCCMatteOperation.cpp D:\blenderDev\blender\source\blender\compositor\operations\COM_ChromaMatteOperation.cpp D:\blenderDev\blender\source\blender\compositor\operations\COM_ColorMatteOperation.cpp D:\blenderDev\blender\source\blender\compositor\operations\COM_ChannelMatteOperation.cpp D:\blenderDev\blender\source\blender\compositor\operations\COM_ReadBufferOperation.cpp D:\blenderDev\blender\source\blender\compositor\operations\COM_WriteBufferOperation.cpp D:\blenderDev\blender\source\blender\compositor\operations\COM_MixOperation.cpp D:\blenderDev\blender\source\blender\compositor\operations\COM_BrightnessOperation.cpp D:\blenderDev\blender\source\blender\compositor\operations\COM_GammaOperation.cpp D:\blenderDev\blender\source\blender\compositor\operations\COM_ColorCorrectionOperation.cpp D:\blenderDev\blender\source\blender\compositor\operations\COM_SetValueOperation.cpp D:\blenderDev\blender\source\blender\compositor\operations\COM_SetColorOperation.cpp D:\blenderDev\blender\source\blender\compositor\operations\COM_SetVectorOperation.cpp D:\blenderDev\blender\source\blender\compositor\operations\COM_MathBaseOperation.cpp D:\blenderDev\blender\source\blender\compositor\operations\COM_AlphaOverMixedOperation.cpp D:\blenderDev\blender\source\blender\compositor\operations\COM_AlphaOverPremultiplyOperation.cpp D:\blenderDev\blender\source\blender\compositor\operations\COM_AlphaOverKeyOperation.cpp D:\blenderDev\blender\source\blender\compositor\operations\COM_ColorBalanceLGGOperation.cpp D:\blenderDev\blender\source\blender\compositor\operations\COM_ColorBalanceASCCDLOperation.cpp D:\blenderDev\blender\source\blender\compositor\operations\COM_InvertOperation.cpp D:\blenderDev\blender\source\blender\compositor\operations\COM_SetAlphaOperation.cpp D:\blenderDev\blender\source\blender\compositor\operations\COM_MapValueOperation.cpp D:\blenderDev\blender\source\blender\compositor\operations\COM_MapRangeOperation.cpp D:\blenderDev\blender\source\blender\compositor\operations\COM_TranslateOperation.cpp D:\blenderDev\blender\source\blender\compositor\operations\COM_WrapOperation.cpp D:\blenderDev\blender\source\blender\compositor\operations\COM_RotateOperation.cpp D:\blenderDev\blender\source\blender\compositor\operations\COM_ScaleOperation.cpp D:\blenderDev\blender\source\blender\compositor\operations\COM_MapUVOperation.cpp D:\blenderDev\blender\source\blender\compositor\operations\COM_DisplaceOperation.cpp D:\blenderDev\blender\source\blender\compositor\operations\COM_DisplaceSimpleOperation.cpp D:\blenderDev\blender\source\blender\compositor\operations\COM_FlipOperation.cpp D:\blenderDev\blender\source\blender\compositor\operations\COM_ProjectorLensDistortionOperation.cpp D:\blenderDev\blender\source\blender\compositor\operations\COM_ScreenLensDistortionOperation.cpp D:\blenderDev\blender\source\blender\compositor\operations\COM_PlaneDistortCommonOperation.cpp D:\blenderDev\blender\source\blender\compositor\operations\COM_PlaneTrackOperation.cpp D:\blenderDev\blender\source\blender\compositor\operations\COM_PlaneCornerPinOperation.cpp D:\blenderDev\blender\source\blender\compositor\operations\COM_ConvolutionFilterOperation.cpp D:\blenderDev\blender\source\blender\compositor\operations\COM_ConvolutionEdgeFilterOperation.cpp D:\blenderDev\blender\source\blender\compositor\operations\COM_DespeckleOperation.cpp D:\blenderDev\blender\source\blender\compositor\operations\COM_DilateErodeOperation.cpp D:\blenderDev\blender\source\blender\compositor\operations\COM_InpaintOperation.cpp D:\blenderDev\blender\source\blender\compositor\operations\COM_GlareThresholdOperation.cpp D:\blenderDev\blender\source\blender\compositor\operations\COM_GlareBaseOperation.cpp D:\blenderDev\blender\source\blender\compositor\operations\COM_GlareSimpleStarOperation.cpp D:\blenderDev\blender\source\blender\compositor\operations\COM_GlareStreaksOperation.cpp D:\blenderDev\blender\source\blender\compositor\operations\COM_GlareGhostOperation.cpp D:\blenderDev\blender\source\blender\compositor\operations\COM_GlareFogGlowOperation.cpp D:\blenderDev\blender\source\blender\compositor\operations\COM_SetSamplerOperation.cpp D:\blenderDev\blender\source\blender\compositor\operations\COM_IDMaskOperation.cpp D:\blenderDev\blender\source\blender\compositor\operations\COM_ConvertOperation.cpp D:\blenderDev\blender\source\blender\compositor\operations\COM_DotproductOperation.cpp D:\blenderDev\blender\source\blender\compositor\operations\COM_BoxMaskOperation.cpp D:\blenderDev\blender\source\blender\compositor\operations\COM_EllipseMaskOperation.cpp D:\blenderDev\blender\source\blender\compositor\operations\COM_MovieClipOperation.cpp D:\blenderDev\blender\source\blender\compositor\operations\COM_ConvertColorProfileOperation.cpp D:\blenderDev\blender\source\blender\compositor\operations\COM_AntiAliasOperation.cpp D:\blenderDev\blender\source\blender\compositor\operations\COM_MaskOperation.cpp
         COM_compositor.cpp
         COM_ExecutionSystem.cpp
         COM_NodeConverter.cpp
         COM_NodeOperationBuilder.cpp
         COM_NodeGraph.cpp
         COM_Converter.cpp
         COM_ExecutionGroup.cpp
         COM_Node.cpp
         COM_NodeOperation.cpp
         COM_SocketReader.cpp
         COM_MemoryProxy.cpp
         COM_MemoryBuffer.cpp
         COM_WorkScheduler.cpp
         COM_WorkPackage.cpp
         COM_ChunkOrder.cpp
         COM_ChunkOrderHotspot.cpp
         COM_Device.cpp
         COM_CPUDevice.cpp
         COM_OpenCLDevice.cpp
         COM_CompositorContext.cpp
         COM_SingleThreadedOperation.cpp
         COM_Debug.cpp
         COM_QualityStepHelper.cpp
         COM_SocketProxyNode.cpp
         COM_RenderLayersNode.cpp
         COM_ImageNode.cpp
         COM_TextureNode.cpp
         COM_BokehImageNode.cpp
         COM_ColorNode.cpp
         COM_ValueNode.cpp
         COM_TimeNode.cpp
         COM_SwitchNode.cpp
         COM_SwitchViewNode.cpp
         COM_MovieClipNode.cpp
         COM_OutputFileNode.cpp
         COM_MaskNode.cpp
         COM_CompositorNode.cpp
         COM_ViewerNode.cpp
     1>d:\blenderdev\blender\source\blender\makesdna\DNA_curve_types.h(92): warning C4200: nonstandard extension used : zero-sized array in struct/union (D:\blenderDev\blender\source\blender\compositor\nodes\COM_MaskNode.cpp)
                 Cannot generate copy-ctor or copy-assignment operator when UDT contains a zero-sized array
         COM_SplitViewerNode.cpp
         COM_ViewLevelsNode.cpp
         COM_CalculateStandardDeviationOperation.cpp
         COM_CalculateMeanOperation.cpp
         COM_TranslateNode.cpp
         COM_ScaleNode.cpp
         COM_RotateNode.cpp
         COM_FlipNode.cpp
         COM_MapUVNode.cpp
         COM_DisplaceNode.cpp
         COM_DifferenceMatteNode.cpp
         COM_LuminanceMatteNode.cpp
         COM_DistanceMatteNode.cpp
         COM_ChromaMatteNode.cpp
         COM_ColorMatteNode.cpp
         COM_ChannelMatteNode.cpp
         COM_LensDistortionNode.cpp
         COM_GlareNode.cpp
         COM_SunBeamsNode.cpp
         COM_SunBeamsOperation.cpp
         COM_CornerPinNode.cpp
         COM_PlaneTrackDeformNode.cpp
         COM_CropNode.cpp
         COM_CropOperation.cpp
         COM_TransformNode.cpp
         COM_Stabilize2dNode.cpp
         COM_MovieDistortionNode.cpp
         COM_DefocusNode.cpp
         COM_VectorCurveNode.cpp
         COM_ColorCurveNode.cpp
         COM_ColorToBWNode.cpp
         COM_ColorRampNode.cpp
         COM_MixNode.cpp
         COM_AlphaOverNode.cpp
         COM_ZCombineNode.cpp
         COM_BrightnessNode.cpp
         COM_ColorBalanceNode.cpp
         COM_InvertNode.cpp
         COM_GammaNode.cpp
         COM_SetAlphaNode.cpp
         COM_ConvertAlphaNode.cpp
         COM_HueSaturationValueNode.cpp
         COM_HueSaturationValueCorrectNode.cpp
         COM_ColorCorrectionNode.cpp
         COM_TonemapNode.cpp
         COM_TonemapOperation.cpp
         COM_IDMaskNode.cpp
         COM_SeparateColorNode.cpp
         COM_CombineColorNode.cpp
         COM_NormalNode.cpp
         COM_NormalizeNode.cpp
         COM_MathNode.cpp
         COM_MapValueNode.cpp
         COM_MapRangeNode.cpp
         COM_NormalizeOperation.cpp
         COM_PixelateNode.cpp
         COM_PixelateOperation.cpp
         COM_BilateralBlurNode.cpp
         COM_BilateralBlurOperation.cpp
         COM_VectorBlurNode.cpp
         COM_VectorBlurOperation.cpp
         COM_FilterNode.cpp
         COM_DespeckleNode.cpp
         COM_DilateErodeNode.cpp
         COM_InpaintNode.cpp
         COM_BlurNode.cpp
         COM_BokehBlurNode.cpp
         COM_DirectionalBlurNode.cpp
         COM_GaussianAlphaXBlurOperation.cpp
         COM_GaussianAlphaYBlurOperation.cpp
         COM_GaussianXBlurOperation.cpp
         COM_GaussianYBlurOperation.cpp
         COM_GaussianBokehBlurOperation.cpp
         COM_BokehBlurOperation.cpp
         COM_VariableSizeBokehBlurOperation.cpp
         COM_FastGaussianBlurOperation.cpp
         COM_BlurBaseOperation.cpp
         COM_DirectionalBlurOperation.cpp
         COM_MovieClipAttributeOperation.cpp
         COM_MovieDistortionOperation.cpp
         COM_GammaCorrectOperation.cpp
         COM_BoxMaskNode.cpp
         COM_EllipseMaskNode.cpp
         COM_ColorSpillNode.cpp
         COM_DoubleEdgeMaskNode.cpp
         COM_DoubleEdgeMaskOperation.cpp
         COM_KeyingScreenNode.cpp
         COM_KeyingScreenOperation.cpp
         COM_TrackPositionNode.cpp
         COM_TrackPositionOperation.cpp
         COM_KeyingNode.cpp
         COM_KeyingOperation.cpp
         COM_KeyingBlurOperation.cpp
         COM_KeyingDespillOperation.cpp
         COM_KeyingClipOperation.cpp
         COM_ColorSpillOperation.cpp
         COM_RenderLayersProg.cpp
         COM_ImageOperation.cpp
         COM_MultilayerImageOperation.cpp
         COM_TextureOperation.cpp
         COM_BokehImageOperation.cpp
         COM_SocketProxyOperation.cpp
         COM_CompositorOperation.cpp
         COM_OutputFileOperation.cpp
         COM_OutputFileMultiViewOperation.cpp
     1>D:\blenderDev\blender\source\blender\blenkernel\BKE_main.h(57): warning C4200: nonstandard extension used : zero-sized array in struct/union (D:\blenderDev\blender\source\blender\compositor\operations\COM_CompositorOperation.cpp)
                 Cannot generate copy-ctor or copy-assignment operator when UDT contains a zero-sized array
         COM_ViewerOperation.cpp
         COM_PreviewOperation.cpp
     1>D:\blenderDev\blender\source\blender\blenkernel\BKE_main.h(57): warning C4200: nonstandard extension used : zero-sized array in struct/union (D:\blenderDev\blender\source\blender\compositor\operations\COM_OutputFileOperation.cpp)
                 Cannot generate copy-ctor or copy-assignment operator when UDT contains a zero-sized array
     1>D:\blenderDev\blender\source\blender\blenkernel\BKE_main.h(57): warning C4200: nonstandard extension used : zero-sized array in struct/union (D:\blenderDev\blender\source\blender\compositor\operations\COM_OutputFileMultiViewOperation.cpp)
                 Cannot generate copy-ctor or copy-assignment operator when UDT contains a zero-sized array
         COM_SplitOperation.cpp
         COM_ConvertDepthToRadiusOperation.cpp
         COM_ZCombineOperation.cpp
         COM_ChangeHSVOperation.cpp
         COM_ColorCurveOperation.cpp
         COM_ColorRampOperation.cpp
         COM_VectorCurveOperation.cpp
         COM_CurveBaseOperation.cpp
         COM_HueSaturationValueCorrectOperation.cpp
         COM_DifferenceMatteOperation.cpp
         COM_LuminanceMatteOperation.cpp
         COM_DistanceRGBMatteOperation.cpp
         COM_DistanceYCCMatteOperation.cpp
         COM_ChromaMatteOperation.cpp
         COM_ColorMatteOperation.cpp
         COM_ChannelMatteOperation.cpp
         COM_ReadBufferOperation.cpp
         COM_WriteBufferOperation.cpp
         COM_MixOperation.cpp
         COM_BrightnessOperation.cpp
         COM_GammaOperation.cpp
         COM_ColorCorrectionOperation.cpp
         COM_SetValueOperation.cpp
         COM_SetColorOperation.cpp
         COM_SetVectorOperation.cpp
         COM_MathBaseOperation.cpp
         COM_AlphaOverMixedOperation.cpp
         COM_AlphaOverPremultiplyOperation.cpp
         COM_AlphaOverKeyOperation.cpp
         COM_ColorBalanceLGGOperation.cpp
         COM_ColorBalanceASCCDLOperation.cpp
         COM_InvertOperation.cpp
         COM_SetAlphaOperation.cpp
         COM_MapValueOperation.cpp
         COM_MapRangeOperation.cpp
         COM_TranslateOperation.cpp
         COM_WrapOperation.cpp
         COM_RotateOperation.cpp
         COM_ScaleOperation.cpp
         COM_MapUVOperation.cpp
         COM_DisplaceOperation.cpp
         COM_DisplaceSimpleOperation.cpp
         COM_FlipOperation.cpp
         COM_ProjectorLensDistortionOperation.cpp
         COM_ScreenLensDistortionOperation.cpp
         COM_PlaneDistortCommonOperation.cpp
         COM_PlaneTrackOperation.cpp
         COM_PlaneCornerPinOperation.cpp
         COM_ConvolutionFilterOperation.cpp
         COM_ConvolutionEdgeFilterOperation.cpp
         COM_DespeckleOperation.cpp
         COM_DilateErodeOperation.cpp
         COM_InpaintOperation.cpp
         COM_GlareThresholdOperation.cpp
         COM_GlareBaseOperation.cpp
         COM_GlareSimpleStarOperation.cpp
         COM_GlareStreaksOperation.cpp
         COM_GlareGhostOperation.cpp
         COM_GlareFogGlowOperation.cpp
         COM_SetSamplerOperation.cpp
         COM_IDMaskOperation.cpp
         COM_ConvertOperation.cpp
         COM_DotproductOperation.cpp
         COM_BoxMaskOperation.cpp
         COM_EllipseMaskOperation.cpp
         COM_MovieClipOperation.cpp
         COM_ConvertColorProfileOperation.cpp
         COM_AntiAliasOperation.cpp
         COM_MaskOperation.cpp
     1>d:\blenderdev\blender\source\blender\makesdna\DNA_curve_types.h(92): warning C4200: nonstandard extension used : zero-sized array in struct/union (D:\blenderDev\blender\source\blender\compositor\operations\COM_MaskOperation.cpp)
                 Cannot generate copy-ctor or copy-assignment operator when UDT contains a zero-sized array
       Lib:
         D:\Microsoft Visual Studio 12.0\VC\bin\x86_amd64\Lib.exe /OUT:"D:\blenderDev\product\lib\RelWithDebInfo\bf_compositor.lib" /NOLOGO /MACHINE:X64  /ignore:4221 bf_compositor.dir\RelWithDebInfo\COM_compositor.obj
         bf_compositor.dir\RelWithDebInfo\COM_ExecutionSystem.obj
         bf_compositor.dir\RelWithDebInfo\COM_NodeConverter.obj
         bf_compositor.dir\RelWithDebInfo\COM_NodeOperationBuilder.obj
         bf_compositor.dir\RelWithDebInfo\COM_NodeGraph.obj
         bf_compositor.dir\RelWithDebInfo\COM_Converter.obj
         bf_compositor.dir\RelWithDebInfo\COM_ExecutionGroup.obj
         bf_compositor.dir\RelWithDebInfo\COM_Node.obj
         bf_compositor.dir\RelWithDebInfo\COM_NodeOperation.obj
         bf_compositor.dir\RelWithDebInfo\COM_SocketReader.obj
         bf_compositor.dir\RelWithDebInfo\COM_MemoryProxy.obj
         bf_compositor.dir\RelWithDebInfo\COM_MemoryBuffer.obj
         bf_compositor.dir\RelWithDebInfo\COM_WorkScheduler.obj
         bf_compositor.dir\RelWithDebInfo\COM_WorkPackage.obj
         bf_compositor.dir\RelWithDebInfo\COM_ChunkOrder.obj
         bf_compositor.dir\RelWithDebInfo\COM_ChunkOrderHotspot.obj
         bf_compositor.dir\RelWithDebInfo\COM_Device.obj
         bf_compositor.dir\RelWithDebInfo\COM_CPUDevice.obj
         bf_compositor.dir\RelWithDebInfo\COM_OpenCLDevice.obj
         bf_compositor.dir\RelWithDebInfo\COM_CompositorContext.obj
         bf_compositor.dir\RelWithDebInfo\COM_SingleThreadedOperation.obj
         bf_compositor.dir\RelWithDebInfo\COM_Debug.obj
         bf_compositor.dir\RelWithDebInfo\COM_QualityStepHelper.obj
         bf_compositor.dir\RelWithDebInfo\COM_SocketProxyNode.obj
         bf_compositor.dir\RelWithDebInfo\COM_RenderLayersNode.obj
         bf_compositor.dir\RelWithDebInfo\COM_ImageNode.obj
         bf_compositor.dir\RelWithDebInfo\COM_TextureNode.obj
         bf_compositor.dir\RelWithDebInfo\COM_BokehImageNode.obj
         bf_compositor.dir\RelWithDebInfo\COM_ColorNode.obj
         bf_compositor.dir\RelWithDebInfo\COM_ValueNode.obj
         bf_compositor.dir\RelWithDebInfo\COM_TimeNode.obj
         bf_compositor.dir\RelWithDebInfo\COM_SwitchNode.obj
         bf_compositor.dir\RelWithDebInfo\COM_SwitchViewNode.obj
         bf_compositor.dir\RelWithDebInfo\COM_MovieClipNode.obj
         bf_compositor.dir\RelWithDebInfo\COM_OutputFileNode.obj
         bf_compositor.dir\RelWithDebInfo\COM_MaskNode.obj
         bf_compositor.dir\RelWithDebInfo\COM_CompositorNode.obj
         bf_compositor.dir\RelWithDebInfo\COM_ViewerNode.obj
         bf_compositor.dir\RelWithDebInfo\COM_SplitViewerNode.obj
         bf_compositor.dir\RelWithDebInfo\COM_ViewLevelsNode.obj
         bf_compositor.dir\RelWithDebInfo\COM_CalculateStandardDeviationOperation.obj
         bf_compositor.dir\RelWithDebInfo\COM_CalculateMeanOperation.obj
         bf_compositor.dir\RelWithDebInfo\COM_TranslateNode.obj
         bf_compositor.dir\RelWithDebInfo\COM_ScaleNode.obj
         bf_compositor.dir\RelWithDebInfo\COM_RotateNode.obj
         bf_compositor.dir\RelWithDebInfo\COM_FlipNode.obj
         bf_compositor.dir\RelWithDebInfo\COM_MapUVNode.obj
         bf_compositor.dir\RelWithDebInfo\COM_DisplaceNode.obj
         bf_compositor.dir\RelWithDebInfo\COM_DifferenceMatteNode.obj
         bf_compositor.dir\RelWithDebInfo\COM_LuminanceMatteNode.obj
         bf_compositor.dir\RelWithDebInfo\COM_DistanceMatteNode.obj
         bf_compositor.dir\RelWithDebInfo\COM_ChromaMatteNode.obj
         bf_compositor.dir\RelWithDebInfo\COM_ColorMatteNode.obj
         bf_compositor.dir\RelWithDebInfo\COM_ChannelMatteNode.obj
         bf_compositor.dir\RelWithDebInfo\COM_LensDistortionNode.obj
         bf_compositor.dir\RelWithDebInfo\COM_GlareNode.obj
         bf_compositor.dir\RelWithDebInfo\COM_SunBeamsNode.obj
         bf_compositor.dir\RelWithDebInfo\COM_SunBeamsOperation.obj
         bf_compositor.dir\RelWithDebInfo\COM_CornerPinNode.obj
         bf_compositor.dir\RelWithDebInfo\COM_PlaneTrackDeformNode.obj
         bf_compositor.dir\RelWithDebInfo\COM_CropNode.obj
         bf_compositor.dir\RelWithDebInfo\COM_CropOperation.obj
         bf_compositor.dir\RelWithDebInfo\COM_TransformNode.obj
         bf_compositor.dir\RelWithDebInfo\COM_Stabilize2dNode.obj
         bf_compositor.dir\RelWithDebInfo\COM_MovieDistortionNode.obj
         bf_compositor.dir\RelWithDebInfo\COM_DefocusNode.obj
         bf_compositor.dir\RelWithDebInfo\COM_VectorCurveNode.obj
         bf_compositor.dir\RelWithDebInfo\COM_ColorCurveNode.obj
         bf_compositor.dir\RelWithDebInfo\COM_ColorToBWNode.obj
         bf_compositor.dir\RelWithDebInfo\COM_ColorRampNode.obj
         bf_compositor.dir\RelWithDebInfo\COM_MixNode.obj
         bf_compositor.dir\RelWithDebInfo\COM_AlphaOverNode.obj
         bf_compositor.dir\RelWithDebInfo\COM_ZCombineNode.obj
         bf_compositor.dir\RelWithDebInfo\COM_BrightnessNode.obj
         bf_compositor.dir\RelWithDebInfo\COM_ColorBalanceNode.obj
         bf_compositor.dir\RelWithDebInfo\COM_InvertNode.obj
         bf_compositor.dir\RelWithDebInfo\COM_GammaNode.obj
         bf_compositor.dir\RelWithDebInfo\COM_SetAlphaNode.obj
         bf_compositor.dir\RelWithDebInfo\COM_ConvertAlphaNode.obj
         bf_compositor.dir\RelWithDebInfo\COM_HueSaturationValueNode.obj
         bf_compositor.dir\RelWithDebInfo\COM_HueSaturationValueCorrectNode.obj
         bf_compositor.dir\RelWithDebInfo\COM_ColorCorrectionNode.obj
         bf_compositor.dir\RelWithDebInfo\COM_TonemapNode.obj
         bf_compositor.dir\RelWithDebInfo\COM_TonemapOperation.obj
         bf_compositor.dir\RelWithDebInfo\COM_IDMaskNode.obj
         bf_compositor.dir\RelWithDebInfo\COM_SeparateColorNode.obj
         bf_compositor.dir\RelWithDebInfo\COM_CombineColorNode.obj
         bf_compositor.dir\RelWithDebInfo\COM_NormalNode.obj
         bf_compositor.dir\RelWithDebInfo\COM_NormalizeNode.obj
         bf_compositor.dir\RelWithDebInfo\COM_MathNode.obj
         bf_compositor.dir\RelWithDebInfo\COM_MapValueNode.obj
         bf_compositor.dir\RelWithDebInfo\COM_MapRangeNode.obj
         bf_compositor.dir\RelWithDebInfo\COM_NormalizeOperation.obj
         bf_compositor.dir\RelWithDebInfo\COM_PixelateNode.obj
         bf_compositor.dir\RelWithDebInfo\COM_PixelateOperation.obj
         bf_compositor.dir\RelWithDebInfo\COM_BilateralBlurNode.obj
         bf_compositor.dir\RelWithDebInfo\COM_BilateralBlurOperation.obj
         bf_compositor.dir\RelWithDebInfo\COM_VectorBlurNode.obj
         bf_compositor.dir\RelWithDebInfo\COM_VectorBlurOperation.obj
         bf_compositor.dir\RelWithDebInfo\COM_FilterNode.obj
         bf_compositor.dir\RelWithDebInfo\COM_DespeckleNode.obj
         bf_compositor.dir\RelWithDebInfo\COM_DilateErodeNode.obj
         bf_compositor.dir\RelWithDebInfo\COM_InpaintNode.obj
         bf_compositor.dir\RelWithDebInfo\COM_BlurNode.obj
         bf_compositor.dir\RelWithDebInfo\COM_BokehBlurNode.obj
         bf_compositor.dir\RelWithDebInfo\COM_DirectionalBlurNode.obj
         bf_compositor.dir\RelWithDebInfo\COM_GaussianAlphaXBlurOperation.obj
         bf_compositor.dir\RelWithDebInfo\COM_GaussianAlphaYBlurOperation.obj
         bf_compositor.dir\RelWithDebInfo\COM_GaussianXBlurOperation.obj
         bf_compositor.dir\RelWithDebInfo\COM_GaussianYBlurOperation.obj
         bf_compositor.dir\RelWithDebInfo\COM_GaussianBokehBlurOperation.obj
         bf_compositor.dir\RelWithDebInfo\COM_BokehBlurOperation.obj
         bf_compositor.dir\RelWithDebInfo\COM_VariableSizeBokehBlurOperation.obj
         bf_compositor.dir\RelWithDebInfo\COM_FastGaussianBlurOperation.obj
         bf_compositor.dir\RelWithDebInfo\COM_BlurBaseOperation.obj
         bf_compositor.dir\RelWithDebInfo\COM_DirectionalBlurOperation.obj
         bf_compositor.dir\RelWithDebInfo\COM_MovieClipAttributeOperation.obj
         bf_compositor.dir\RelWithDebInfo\COM_MovieDistortionOperation.obj
         bf_compositor.dir\RelWithDebInfo\COM_GammaCorrectOperation.obj
         bf_compositor.dir\RelWithDebInfo\COM_BoxMaskNode.obj
         bf_compositor.dir\RelWithDebInfo\COM_EllipseMaskNode.obj
         bf_compositor.dir\RelWithDebInfo\COM_ColorSpillNode.obj
         bf_compositor.dir\RelWithDebInfo\COM_DoubleEdgeMaskNode.obj
         bf_compositor.dir\RelWithDebInfo\COM_DoubleEdgeMaskOperation.obj
         bf_compositor.dir\RelWithDebInfo\COM_KeyingScreenNode.obj
         bf_compositor.dir\RelWithDebInfo\COM_KeyingScreenOperation.obj
         bf_compositor.dir\RelWithDebInfo\COM_TrackPositionNode.obj
         bf_compositor.dir\RelWithDebInfo\COM_TrackPositionOperation.obj
         bf_compositor.dir\RelWithDebInfo\COM_KeyingNode.obj
         bf_compositor.dir\RelWithDebInfo\COM_KeyingOperation.obj
         bf_compositor.dir\RelWithDebInfo\COM_KeyingBlurOperation.obj
         bf_compositor.dir\RelWithDebInfo\COM_KeyingDespillOperation.obj
         bf_compositor.dir\RelWithDebInfo\COM_KeyingClipOperation.obj
         bf_compositor.dir\RelWithDebInfo\COM_ColorSpillOperation.obj
         bf_compositor.dir\RelWithDebInfo\COM_RenderLayersProg.obj
         bf_compositor.dir\RelWithDebInfo\COM_ImageOperation.obj
         bf_compositor.dir\RelWithDebInfo\COM_MultilayerImageOperation.obj
         bf_compositor.dir\RelWithDebInfo\COM_TextureOperation.obj
         bf_compositor.dir\RelWithDebInfo\COM_BokehImageOperation.obj
         bf_compositor.dir\RelWithDebInfo\COM_SocketProxyOperation.obj
         bf_compositor.dir\RelWithDebInfo\COM_CompositorOperation.obj
         bf_compositor.dir\RelWithDebInfo\COM_OutputFileOperation.obj
         bf_compositor.dir\RelWithDebInfo\COM_OutputFileMultiViewOperation.obj
         bf_compositor.dir\RelWithDebInfo\COM_ViewerOperation.obj
         bf_compositor.dir\RelWithDebInfo\COM_PreviewOperation.obj
         bf_compositor.dir\RelWithDebInfo\COM_SplitOperation.obj
         bf_compositor.dir\RelWithDebInfo\COM_ConvertDepthToRadiusOperation.obj
         bf_compositor.dir\RelWithDebInfo\COM_ZCombineOperation.obj
         bf_compositor.dir\RelWithDebInfo\COM_ChangeHSVOperation.obj
         bf_compositor.dir\RelWithDebInfo\COM_ColorCurveOperation.obj
         bf_compositor.dir\RelWithDebInfo\COM_ColorRampOperation.obj
         bf_compositor.dir\RelWithDebInfo\COM_VectorCurveOperation.obj
         bf_compositor.dir\RelWithDebInfo\COM_CurveBaseOperation.obj
         bf_compositor.dir\RelWithDebInfo\COM_HueSaturationValueCorrectOperation.obj
         bf_compositor.dir\RelWithDebInfo\COM_DifferenceMatteOperation.obj
         bf_compositor.dir\RelWithDebInfo\COM_LuminanceMatteOperation.obj
         bf_compositor.dir\RelWithDebInfo\COM_DistanceRGBMatteOperation.obj
         bf_compositor.dir\RelWithDebInfo\COM_DistanceYCCMatteOperation.obj
         bf_compositor.dir\RelWithDebInfo\COM_ChromaMatteOperation.obj
         bf_compositor.dir\RelWithDebInfo\COM_ColorMatteOperation.obj
         bf_compositor.dir\RelWithDebInfo\COM_ChannelMatteOperation.obj
         bf_compositor.dir\RelWithDebInfo\COM_ReadBufferOperation.obj
         bf_compositor.dir\RelWithDebInfo\COM_WriteBufferOperation.obj
         bf_compositor.dir\RelWithDebInfo\COM_MixOperation.obj
         bf_compositor.dir\RelWithDebInfo\COM_BrightnessOperation.obj
         bf_compositor.dir\RelWithDebInfo\COM_GammaOperation.obj
         bf_compositor.dir\RelWithDebInfo\COM_ColorCorrectionOperation.obj
         bf_compositor.dir\RelWithDebInfo\COM_SetValueOperation.obj
         bf_compositor.dir\RelWithDebInfo\COM_SetColorOperation.obj
         bf_compositor.dir\RelWithDebInfo\COM_SetVectorOperation.obj
         bf_compositor.dir\RelWithDebInfo\COM_MathBaseOperation.obj
         bf_compositor.dir\RelWithDebInfo\COM_AlphaOverMixedOperation.obj
         bf_compositor.dir\RelWithDebInfo\COM_AlphaOverPremultiplyOperation.obj
         bf_compositor.dir\RelWithDebInfo\COM_AlphaOverKeyOperation.obj
         bf_compositor.dir\RelWithDebInfo\COM_ColorBalanceLGGOperation.obj
         bf_compositor.dir\RelWithDebInfo\COM_ColorBalanceASCCDLOperation.obj
         bf_compositor.dir\RelWithDebInfo\COM_InvertOperation.obj
         bf_compositor.dir\RelWithDebInfo\COM_SetAlphaOperation.obj
         bf_compositor.dir\RelWithDebInfo\COM_MapValueOperation.obj
         bf_compositor.dir\RelWithDebInfo\COM_MapRangeOperation.obj
         bf_compositor.dir\RelWithDebInfo\COM_TranslateOperation.obj
         bf_compositor.dir\RelWithDebInfo\COM_WrapOperation.obj
         bf_compositor.dir\RelWithDebInfo\COM_RotateOperation.obj
         bf_compositor.dir\RelWithDebInfo\COM_ScaleOperation.obj
         bf_compositor.dir\RelWithDebInfo\COM_MapUVOperation.obj
         bf_compositor.dir\RelWithDebInfo\COM_DisplaceOperation.obj
         bf_compositor.dir\RelWithDebInfo\COM_DisplaceSimpleOperation.obj
         bf_compositor.dir\RelWithDebInfo\COM_FlipOperation.obj
         bf_compositor.dir\RelWithDebInfo\COM_ProjectorLensDistortionOperation.obj
         bf_compositor.dir\RelWithDebInfo\COM_ScreenLensDistortionOperation.obj
         bf_compositor.dir\RelWithDebInfo\COM_PlaneDistortCommonOperation.obj
         bf_compositor.dir\RelWithDebInfo\COM_PlaneTrackOperation.obj
         bf_compositor.dir\RelWithDebInfo\COM_PlaneCornerPinOperation.obj
         bf_compositor.dir\RelWithDebInfo\COM_ConvolutionFilterOperation.obj
         bf_compositor.dir\RelWithDebInfo\COM_ConvolutionEdgeFilterOperation.obj
         bf_compositor.dir\RelWithDebInfo\COM_DespeckleOperation.obj
         bf_compositor.dir\RelWithDebInfo\COM_DilateErodeOperation.obj
         bf_compositor.dir\RelWithDebInfo\COM_InpaintOperation.obj
         bf_compositor.dir\RelWithDebInfo\COM_GlareThresholdOperation.obj
         bf_compositor.dir\RelWithDebInfo\COM_GlareBaseOperation.obj
         bf_compositor.dir\RelWithDebInfo\COM_GlareSimpleStarOperation.obj
         bf_compositor.dir\RelWithDebInfo\COM_GlareStreaksOperation.obj
         bf_compositor.dir\RelWithDebInfo\COM_GlareGhostOperation.obj
         bf_compositor.dir\RelWithDebInfo\COM_GlareFogGlowOperation.obj
         bf_compositor.dir\RelWithDebInfo\COM_SetSamplerOperation.obj
         bf_compositor.dir\RelWithDebInfo\COM_IDMaskOperation.obj
         bf_compositor.dir\RelWithDebInfo\COM_ConvertOperation.obj
         bf_compositor.dir\RelWithDebInfo\COM_DotproductOperation.obj
         bf_compositor.dir\RelWithDebInfo\COM_BoxMaskOperation.obj
         bf_compositor.dir\RelWithDebInfo\COM_EllipseMaskOperation.obj
         bf_compositor.dir\RelWithDebInfo\COM_MovieClipOperation.obj
         bf_compositor.dir\RelWithDebInfo\COM_ConvertColorProfileOperation.obj
         bf_compositor.dir\RelWithDebInfo\COM_AntiAliasOperation.obj
         bf_compositor.dir\RelWithDebInfo\COM_MaskOperation.obj
         bf_compositor.vcxproj -> D:\blenderDev\product\lib\RelWithDebInfo\bf_compositor.lib
     1>Done Building Project "D:\blenderDev\product\source\blender\compositor\bf_compositor.vcxproj" (Build target(s)).

Build succeeded.

Time Elapsed 00:02:19.75
