Build started 2016/4/2 9:24:40.
     1>Project "D:\blenderDev\product\intern\ghost\bf_intern_ghost.vcxproj" on node 2 (Build target(s)).
     1>CustomBuild:
         Building Custom Rule D:/blenderDev/blender/intern/ghost/CMakeLists.txt
         CMake does not need to re-run because D:\blenderDev\product\intern\ghost\CMakeFiles\generate.stamp is up-to-date.
       ClCompile:
         D:\Microsoft Visual Studio 12.0\VC\bin\x86_amd64\CL.exe /c /ID:\blenderDev\lib\win64_vc12\pthreads\include /ID:\blenderDev\blender\intern\ghost /I"D:\blenderDev\blender\intern\glew-mx" /ID:\blenderDev\blender\intern\string /ID:\blenderDev\blender\source\blender\imbuf /ID:\blenderDev\blender\source\blender\makesdna /ID:\blenderDev\blender\intern\utfconv /ID:\blenderDev\blender\extern\glew\include /ID:\blenderDev\lib\win64_vc12\wintab\include /Zi /nologo /W3 /WX- /MP /O2 /Ob1 /D WIN32 /D _WINDOWS /D NDEBUG /D WIN32 /D _CRT_NONSTDC_NO_DEPRECATE /D _CRT_SECURE_NO_DEPRECATE /D _SCL_SECURE_NO_DEPRECATE /D _CONSOLE /D _LIB /D _ALLOW_KEYWORD_MACROS /D _WIN32_WINNT=0x600 /D OIIO_STATIC_BUILD /D __SSE__ /D __MMX__ /D __SSE2__ /D __LITTLE_ENDIAN__ /D WITH_INPUT_NDOF /D WITH_INPUT_IME /D WITH_GLU /D WITH_GL_PROFILE_COMPAT /D GLEW_STATIC /D GLEW_NO_ES /D NDEBUG /D "CMAKE_INTDIR=\"RelWithDebInfo\"" /D _MBCS /Gm- /EHsc /MT /GS /fp:precise /Zc:wchar_t /Zc:forScope /GR /openmp /Fo"bf_intern_ghost.dir\RelWithDebInfo\\" /Fd"bf_intern_ghost.dir\RelWithDebInfo\vc120.pdb" /Gd /TP /wd4018 /wd4146 /wd4065 /wd4127 /wd4181 /wd4200 /wd4244 /wd4267 /wd4305 /wd4800 /errorReport:prompt /we4013 /we4431  /w34062 /J D:\blenderDev\blender\intern\ghost\intern\GHOST_Buttons.cpp "D:\blenderDev\blender\intern\ghost\intern\GHOST_C-api.cpp" D:\blenderDev\blender\intern\ghost\intern\GHOST_CallbackEventConsumer.cpp D:\blenderDev\blender\intern\ghost\intern\GHOST_Context.cpp D:\blenderDev\blender\intern\ghost\intern\GHOST_ContextNone.cpp D:\blenderDev\blender\intern\ghost\intern\GHOST_DisplayManager.cpp D:\blenderDev\blender\intern\ghost\intern\GHOST_EventManager.cpp D:\blenderDev\blender\intern\ghost\intern\GHOST_ISystem.cpp D:\blenderDev\blender\intern\ghost\intern\GHOST_ISystemPaths.cpp D:\blenderDev\blender\intern\ghost\intern\GHOST_ModifierKeys.cpp "D:\blenderDev\blender\intern\ghost\intern\GHOST_Path-api.cpp" D:\blenderDev\blender\intern\ghost\intern\GHOST_Rect.cpp D:\blenderDev\blender\intern\ghost\intern\GHOST_System.cpp D:\blenderDev\blender\intern\ghost\intern\GHOST_TimerManager.cpp D:\blenderDev\blender\intern\ghost\intern\GHOST_Window.cpp D:\blenderDev\blender\intern\ghost\intern\GHOST_WindowManager.cpp D:\blenderDev\blender\intern\ghost\intern\GHOST_NDOFManager.cpp D:\blenderDev\blender\intern\ghost\intern\GHOST_DisplayManagerWin32.cpp D:\blenderDev\blender\intern\ghost\intern\GHOST_SystemWin32.cpp D:\blenderDev\blender\intern\ghost\intern\GHOST_WindowWin32.cpp D:\blenderDev\blender\intern\ghost\intern\GHOST_DropTargetWin32.cpp D:\blenderDev\blender\intern\ghost\intern\GHOST_ContextWGL.cpp D:\blenderDev\blender\intern\ghost\intern\GHOST_ImeWin32.cpp D:\blenderDev\blender\intern\ghost\intern\GHOST_NDOFManagerWin32.cpp D:\blenderDev\blender\intern\ghost\intern\GHOST_SystemPathsWin32.cpp
         GHOST_Buttons.cpp
         GHOST_C-api.cpp
         GHOST_CallbackEventConsumer.cpp
         GHOST_Context.cpp
         GHOST_ContextNone.cpp
         GHOST_DisplayManager.cpp
         GHOST_EventManager.cpp
         GHOST_ISystem.cpp
         GHOST_ISystemPaths.cpp
         GHOST_ModifierKeys.cpp
         GHOST_Path-api.cpp
         GHOST_Rect.cpp
         GHOST_System.cpp
         GHOST_TimerManager.cpp
         GHOST_Window.cpp
         GHOST_WindowManager.cpp
         GHOST_NDOFManager.cpp
         GHOST_DisplayManagerWin32.cpp
         GHOST_SystemWin32.cpp
         GHOST_WindowWin32.cpp
         GHOST_DropTargetWin32.cpp
     1>C:\Program Files (x86)\Windows Kits\8.1\Include\um\multimon.h(185): warning C4996: 'GetVersionExA': was declared deprecated (D:\blenderDev\blender\intern\ghost\intern\GHOST_DisplayManagerWin32.cpp)
                 C:\Program Files (x86)\Windows Kits\8.1\Include\um\sysinfoapi.h(433) : see declaration of 'GetVersionExA'
         GHOST_ContextWGL.cpp
     1>D:\blenderDev\blender\intern\ghost\intern\GHOST_WindowWin32.cpp(101): warning C4996: 'GetVersionExA': was declared deprecated
                 C:\Program Files (x86)\Windows Kits\8.1\Include\um\sysinfoapi.h(433) : see declaration of 'GetVersionExA'
     1>D:\blenderDev\blender\intern\ghost\intern\GHOST_WindowWin32.cpp(103): warning C4996: 'GetVersionExA': was declared deprecated
                 C:\Program Files (x86)\Windows Kits\8.1\Include\um\sysinfoapi.h(433) : see declaration of 'GetVersionExA'
         GHOST_ImeWin32.cpp
         GHOST_NDOFManagerWin32.cpp
         GHOST_SystemPathsWin32.cpp
       Lib:
         D:\Microsoft Visual Studio 12.0\VC\bin\x86_amd64\Lib.exe /OUT:"D:\blenderDev\product\lib\RelWithDebInfo\bf_intern_ghost.lib" /NOLOGO /MACHINE:X64  /ignore:4221 bf_intern_ghost.dir\RelWithDebInfo\GHOST_Buttons.obj
         "bf_intern_ghost.dir\RelWithDebInfo\GHOST_C-api.obj"
         bf_intern_ghost.dir\RelWithDebInfo\GHOST_CallbackEventConsumer.obj
         bf_intern_ghost.dir\RelWithDebInfo\GHOST_Context.obj
         bf_intern_ghost.dir\RelWithDebInfo\GHOST_ContextNone.obj
         bf_intern_ghost.dir\RelWithDebInfo\GHOST_DisplayManager.obj
         bf_intern_ghost.dir\RelWithDebInfo\GHOST_EventManager.obj
         bf_intern_ghost.dir\RelWithDebInfo\GHOST_ISystem.obj
         bf_intern_ghost.dir\RelWithDebInfo\GHOST_ISystemPaths.obj
         bf_intern_ghost.dir\RelWithDebInfo\GHOST_ModifierKeys.obj
         "bf_intern_ghost.dir\RelWithDebInfo\GHOST_Path-api.obj"
         bf_intern_ghost.dir\RelWithDebInfo\GHOST_Rect.obj
         bf_intern_ghost.dir\RelWithDebInfo\GHOST_System.obj
         bf_intern_ghost.dir\RelWithDebInfo\GHOST_TimerManager.obj
         bf_intern_ghost.dir\RelWithDebInfo\GHOST_Window.obj
         bf_intern_ghost.dir\RelWithDebInfo\GHOST_WindowManager.obj
         bf_intern_ghost.dir\RelWithDebInfo\GHOST_NDOFManager.obj
         bf_intern_ghost.dir\RelWithDebInfo\GHOST_DisplayManagerWin32.obj
         bf_intern_ghost.dir\RelWithDebInfo\GHOST_SystemWin32.obj
         bf_intern_ghost.dir\RelWithDebInfo\GHOST_WindowWin32.obj
         bf_intern_ghost.dir\RelWithDebInfo\GHOST_DropTargetWin32.obj
         bf_intern_ghost.dir\RelWithDebInfo\GHOST_ContextWGL.obj
         bf_intern_ghost.dir\RelWithDebInfo\GHOST_ImeWin32.obj
         bf_intern_ghost.dir\RelWithDebInfo\GHOST_NDOFManagerWin32.obj
         bf_intern_ghost.dir\RelWithDebInfo\GHOST_SystemPathsWin32.obj
         bf_intern_ghost.vcxproj -> D:\blenderDev\product\lib\RelWithDebInfo\bf_intern_ghost.lib
     1>Done Building Project "D:\blenderDev\product\intern\ghost\bf_intern_ghost.vcxproj" (Build target(s)).

Build succeeded.

Time Elapsed 00:00:06.56
