Build started 2016/4/2 9:21:47.
     1>Project "D:\blenderDev\product\source\blender\editors\gpencil\bf_editor_gpencil.vcxproj" on node 5 (Build target(s)).
     1>CustomBuild:
         Building Custom Rule D:/blenderDev/blender/source/blender/editors/gpencil/CMakeLists.txt
         CMake does not need to re-run because D:\blenderDev\product\source\blender\editors\gpencil\CMakeFiles\generate.stamp is up-to-date.
       ClCompile:
         D:\Microsoft Visual Studio 12.0\VC\bin\x86_amd64\CL.exe /c /ID:\blenderDev\lib\win64_vc12\pthreads\include /ID:\blenderDev\blender\source\blender\editors\include /ID:\blenderDev\blender\source\blender\blenfont /ID:\blenderDev\blender\source\blender\blenkernel /ID:\blenderDev\blender\source\blender\blenlib /ID:\blenderDev\blender\source\blender\blentranslation /ID:\blenderDev\blender\source\blender\imbuf /ID:\blenderDev\blender\source\blender\gpu /ID:\blenderDev\blender\source\blender\makesdna /ID:\blenderDev\blender\source\blender\makesrna /ID:\blenderDev\blender\source\blender\windowmanager /ID:\blenderDev\blender\intern\guardedalloc /I"D:\blenderDev\blender\intern\glew-mx" /ID:\blenderDev\blender\extern\glew\include /Zi /nologo /W3 /WX- /MP /O2 /Ob1 /D WIN32 /D _WINDOWS /D NDEBUG /D WIN32 /D _CRT_NONSTDC_NO_DEPRECATE /D _CRT_SECURE_NO_DEPRECATE /D _SCL_SECURE_NO_DEPRECATE /D _CONSOLE /D _LIB /D _ALLOW_KEYWORD_MACROS /D _WIN32_WINNT=0x600 /D OIIO_STATIC_BUILD /D __SSE__ /D __MMX__ /D __SSE2__ /D __LITTLE_ENDIAN__ /D WITH_INTERNATIONAL /D WITH_GLU /D WITH_GL_PROFILE_COMPAT /D GLEW_STATIC /D GLEW_NO_ES /D NDEBUG /D "CMAKE_INTDIR=\"RelWithDebInfo\"" /D _MBCS /Gm- /MT /GS /fp:precise /Zc:wchar_t /Zc:forScope /openmp /Fo"bf_editor_gpencil.dir\RelWithDebInfo\\" /Fd"bf_editor_gpencil.dir\RelWithDebInfo\vc120.pdb" /Gd /TC /wd4018 /wd4146 /wd4065 /wd4127 /wd4181 /wd4200 /wd4244 /wd4267 /wd4305 /wd4800 /errorReport:prompt /we4013 /we4431  /w34062 /J D:\blenderDev\blender\source\blender\editors\gpencil\drawgpencil.c D:\blenderDev\blender\source\blender\editors\gpencil\editaction_gpencil.c D:\blenderDev\blender\source\blender\editors\gpencil\gpencil_brush.c D:\blenderDev\blender\source\blender\editors\gpencil\gpencil_convert.c D:\blenderDev\blender\source\blender\editors\gpencil\gpencil_data.c D:\blenderDev\blender\source\blender\editors\gpencil\gpencil_edit.c D:\blenderDev\blender\source\blender\editors\gpencil\gpencil_ops.c D:\blenderDev\blender\source\blender\editors\gpencil\gpencil_paint.c D:\blenderDev\blender\source\blender\editors\gpencil\gpencil_select.c D:\blenderDev\blender\source\blender\editors\gpencil\gpencil_undo.c D:\blenderDev\blender\source\blender\editors\gpencil\gpencil_utils.c
         drawgpencil.c
         editaction_gpencil.c
         gpencil_brush.c
         gpencil_convert.c
         gpencil_data.c
         gpencil_edit.c
         gpencil_ops.c
         gpencil_paint.c
         gpencil_select.c
         gpencil_undo.c
         gpencil_utils.c
       Lib:
         D:\Microsoft Visual Studio 12.0\VC\bin\x86_amd64\Lib.exe /OUT:"D:\blenderDev\product\lib\RelWithDebInfo\bf_editor_gpencil.lib" /NOLOGO /MACHINE:X64  /ignore:4221 bf_editor_gpencil.dir\RelWithDebInfo\drawgpencil.obj
         bf_editor_gpencil.dir\RelWithDebInfo\editaction_gpencil.obj
         bf_editor_gpencil.dir\RelWithDebInfo\gpencil_brush.obj
         bf_editor_gpencil.dir\RelWithDebInfo\gpencil_convert.obj
         bf_editor_gpencil.dir\RelWithDebInfo\gpencil_data.obj
         bf_editor_gpencil.dir\RelWithDebInfo\gpencil_edit.obj
         bf_editor_gpencil.dir\RelWithDebInfo\gpencil_ops.obj
         bf_editor_gpencil.dir\RelWithDebInfo\gpencil_paint.obj
         bf_editor_gpencil.dir\RelWithDebInfo\gpencil_select.obj
         bf_editor_gpencil.dir\RelWithDebInfo\gpencil_undo.obj
         bf_editor_gpencil.dir\RelWithDebInfo\gpencil_utils.obj
         bf_editor_gpencil.vcxproj -> D:\blenderDev\product\lib\RelWithDebInfo\bf_editor_gpencil.lib
     1>Done Building Project "D:\blenderDev\product\source\blender\editors\gpencil\bf_editor_gpencil.vcxproj" (Build target(s)).

Build succeeded.

Time Elapsed 00:00:05.49
