Build started 2016/4/2 8:23:22.
     1>Project "D:\blenderDev\product\source\blender\editors\space_node\bf_editor_space_node.vcxproj" on node 3 (Build target(s)).
     1>CustomBuild:
         Building Custom Rule D:/blenderDev/blender/source/blender/editors/space_node/CMakeLists.txt
         CMake does not need to re-run because D:\blenderDev\product\source\blender\editors\space_node\CMakeFiles\generate.stamp is up-to-date.
       ClCompile:
         D:\Microsoft Visual Studio 12.0\VC\bin\x86_amd64\CL.exe /c /ID:\blenderDev\lib\win64_vc12\pthreads\include /ID:\blenderDev\blender\source\blender\editors\include /ID:\blenderDev\blender\source\blender\blenfont /ID:\blenderDev\blender\source\blender\blenkernel /ID:\blenderDev\blender\source\blender\blenlib /ID:\blenderDev\blender\source\blender\blentranslation /ID:\blenderDev\blender\source\blender\imbuf /ID:\blenderDev\blender\source\blender\gpu /ID:\blenderDev\blender\source\blender\makesdna /ID:\blenderDev\blender\source\blender\makesrna /ID:\blenderDev\blender\source\blender\nodes /ID:\blenderDev\blender\source\blender\render\extern\include /ID:\blenderDev\blender\source\blender\windowmanager /ID:\blenderDev\blender\source\blender\compositor /ID:\blenderDev\blender\intern\guardedalloc /I"D:\blenderDev\blender\intern\glew-mx" /ID:\blenderDev\blender\extern\glew\include /Zi /nologo /W3 /WX- /MP /Od /Ob0 /D WIN32 /D _WINDOWS /D _DEBUG /D WIN32 /D _CRT_NONSTDC_NO_DEPRECATE /D _CRT_SECURE_NO_DEPRECATE /D _SCL_SECURE_NO_DEPRECATE /D _CONSOLE /D _LIB /D _ALLOW_KEYWORD_MACROS /D _WIN32_WINNT=0x600 /D OIIO_STATIC_BUILD /D __SSE__ /D __MMX__ /D __SSE2__ /D __LITTLE_ENDIAN__ /D WITH_INTERNATIONAL /D WITH_COMPOSITOR /D WITH_GLU /D WITH_GL_PROFILE_COMPAT /D GLEW_STATIC /D GLEW_NO_ES /D DEBUG /D _DEBUG /D "CMAKE_INTDIR=\"Debug\"" /D _MBCS /Gm- /RTC1 /MTd /GS /fp:precise /Zc:wchar_t /Zc:forScope /openmp /Fo"bf_editor_space_node.dir\Debug\\" /Fd"bf_editor_space_node.dir\Debug\vc120.pdb" /Gd /TC /wd4018 /wd4146 /wd4065 /wd4127 /wd4181 /wd4200 /wd4244 /wd4267 /wd4305 /wd4800 /errorReport:prompt /we4013 /we4431  /w34062 /J D:\blenderDev\blender\source\blender\editors\space_node\drawnode.c D:\blenderDev\blender\source\blender\editors\space_node\node_add.c D:\blenderDev\blender\source\blender\editors\space_node\node_buttons.c D:\blenderDev\blender\source\blender\editors\space_node\node_draw.c D:\blenderDev\blender\source\blender\editors\space_node\node_edit.c D:\blenderDev\blender\source\blender\editors\space_node\node_group.c D:\blenderDev\blender\source\blender\editors\space_node\node_ops.c D:\blenderDev\blender\source\blender\editors\space_node\node_relationships.c D:\blenderDev\blender\source\blender\editors\space_node\node_select.c D:\blenderDev\blender\source\blender\editors\space_node\node_templates.c D:\blenderDev\blender\source\blender\editors\space_node\node_toolbar.c D:\blenderDev\blender\source\blender\editors\space_node\node_view.c D:\blenderDev\blender\source\blender\editors\space_node\space_node.c
         drawnode.c
         node_add.c
         node_buttons.c
         node_draw.c
         node_edit.c
         node_group.c
         node_ops.c
         node_relationships.c
         node_select.c
         node_templates.c
         node_toolbar.c
         node_view.c
         space_node.c
       Lib:
         D:\Microsoft Visual Studio 12.0\VC\bin\x86_amd64\Lib.exe /OUT:"D:\blenderDev\product\lib\Debug\bf_editor_space_node.lib" /NOLOGO /MACHINE:X64  /ignore:4221 bf_editor_space_node.dir\Debug\drawnode.obj
         bf_editor_space_node.dir\Debug\node_add.obj
         bf_editor_space_node.dir\Debug\node_buttons.obj
         bf_editor_space_node.dir\Debug\node_draw.obj
         bf_editor_space_node.dir\Debug\node_edit.obj
         bf_editor_space_node.dir\Debug\node_group.obj
         bf_editor_space_node.dir\Debug\node_ops.obj
         bf_editor_space_node.dir\Debug\node_relationships.obj
         bf_editor_space_node.dir\Debug\node_select.obj
         bf_editor_space_node.dir\Debug\node_templates.obj
         bf_editor_space_node.dir\Debug\node_toolbar.obj
         bf_editor_space_node.dir\Debug\node_view.obj
         bf_editor_space_node.dir\Debug\space_node.obj
         bf_editor_space_node.vcxproj -> D:\blenderDev\product\lib\Debug\bf_editor_space_node.lib
     1>Done Building Project "D:\blenderDev\product\source\blender\editors\space_node\bf_editor_space_node.vcxproj" (Build target(s)).

Build succeeded.

Time Elapsed 00:00:01.14
