Build started 2016/4/2 8:28:59.
     1>Project "D:\blenderDev\product\source\gameengine\Rasterizer\RAS_OpenGLRasterizer\ge_oglrasterizer.vcxproj" on node 4 (Build target(s)).
     1>CustomBuild:
         Building Custom Rule D:/blenderDev/blender/source/gameengine/Rasterizer/RAS_OpenGLRasterizer/CMakeLists.txt
         CMake does not need to re-run because D:\blenderDev\product\source\gameengine\Rasterizer\RAS_OpenGLRasterizer\CMakeFiles\generate.stamp is up-to-date.
       ClCompile:
         D:\Microsoft Visual Studio 12.0\VC\bin\x86_amd64\CL.exe /c /ID:\blenderDev\lib\win64_vc12\pthreads\include /ID:\blenderDev\lib\win64_vc12\python\include\python3.5 /ID:\blenderDev\blender\source\gameengine\Rasterizer /ID:\blenderDev\blender\source\gameengine\BlenderRoutines /ID:\blenderDev\blender\source\gameengine\Expressions /ID:\blenderDev\blender\source\gameengine\GameLogic /ID:\blenderDev\blender\source\gameengine\Ketsji /ID:\blenderDev\blender\source\gameengine\Physics\common /ID:\blenderDev\blender\source\gameengine\SceneGraph /ID:\blenderDev\blender\source\blender\blenfont /ID:\blenderDev\blender\source\blender\blenkernel /ID:\blenderDev\blender\source\blender\blenlib /ID:\blenderDev\blender\source\blender\gpu /ID:\blenderDev\blender\source\blender\makesdna /ID:\blenderDev\blender\intern\container /I"D:\blenderDev\blender\intern\glew-mx" /ID:\blenderDev\blender\intern\string /ID:\blenderDev\blender\intern\moto\include /ID:\blenderDev\blender\extern\glew\include /Zi /nologo /W3 /WX- /MP /Od /Ob0 /D WIN32 /D _WINDOWS /D _DEBUG /D WIN32 /D _CRT_NONSTDC_NO_DEPRECATE /D _CRT_SECURE_NO_DEPRECATE /D _SCL_SECURE_NO_DEPRECATE /D _CONSOLE /D _LIB /D _ALLOW_KEYWORD_MACROS /D _WIN32_WINNT=0x600 /D OIIO_STATIC_BUILD /D __SSE__ /D __MMX__ /D __SSE2__ /D __LITTLE_ENDIAN__ /D WITH_PYTHON /D WITH_GLU /D WITH_GL_PROFILE_COMPAT /D GLEW_STATIC /D GLEW_NO_ES /D DEBUG /D _DEBUG /D "CMAKE_INTDIR=\"Debug\"" /D _MBCS /Gm- /EHsc /RTC1 /MTd /GS /fp:precise /Zc:wchar_t /Zc:forScope /GR /openmp /Fo"ge_oglrasterizer.dir\Debug\\" /Fd"ge_oglrasterizer.dir\Debug\vc120.pdb" /Gd /TP /wd4018 /wd4146 /wd4065 /wd4127 /wd4181 /wd4200 /wd4244 /wd4267 /wd4305 /wd4800 /errorReport:prompt /we4013 /we4431  /w34062 /J D:\blenderDev\blender\source\gameengine\Rasterizer\RAS_OpenGLRasterizer\RAS_ListRasterizer.cpp D:\blenderDev\blender\source\gameengine\Rasterizer\RAS_OpenGLRasterizer\RAS_OpenGLLight.cpp D:\blenderDev\blender\source\gameengine\Rasterizer\RAS_OpenGLRasterizer\RAS_OpenGLRasterizer.cpp D:\blenderDev\blender\source\gameengine\Rasterizer\RAS_OpenGLRasterizer\RAS_StorageVA.cpp D:\blenderDev\blender\source\gameengine\Rasterizer\RAS_OpenGLRasterizer\RAS_StorageVBO.cpp
         RAS_ListRasterizer.cpp
         RAS_OpenGLLight.cpp
         RAS_OpenGLRasterizer.cpp
         RAS_StorageVA.cpp
         RAS_StorageVBO.cpp
       Lib:
         D:\Microsoft Visual Studio 12.0\VC\bin\x86_amd64\Lib.exe /OUT:"D:\blenderDev\product\lib\Debug\ge_oglrasterizer.lib" /NOLOGO /MACHINE:X64  /ignore:4221 ge_oglrasterizer.dir\Debug\RAS_ListRasterizer.obj
         ge_oglrasterizer.dir\Debug\RAS_OpenGLLight.obj
         ge_oglrasterizer.dir\Debug\RAS_OpenGLRasterizer.obj
         ge_oglrasterizer.dir\Debug\RAS_StorageVA.obj
         ge_oglrasterizer.dir\Debug\RAS_StorageVBO.obj
         ge_oglrasterizer.vcxproj -> D:\blenderDev\product\lib\Debug\ge_oglrasterizer.lib
     1>Done Building Project "D:\blenderDev\product\source\gameengine\Rasterizer\RAS_OpenGLRasterizer\ge_oglrasterizer.vcxproj" (Build target(s)).

Build succeeded.

Time Elapsed 00:00:04.39
