Build started 2016/4/2 9:20:45.
     1>Project "D:\blenderDev\product\source\blender\makesdna\intern\makesdna.vcxproj" on node 2 (Build target(s)).
     1>CustomBuild:
         Building Custom Rule D:/blenderDev/blender/source/blender/makesdna/intern/CMakeLists.txt
         CMake does not need to re-run because D:\blenderDev\product\source\blender\makesdna\intern\CMakeFiles\generate.stamp is up-to-date.
       ClCompile:
         D:\Microsoft Visual Studio 12.0\VC\bin\x86_amd64\CL.exe /c /ID:\blenderDev\lib\win64_vc12\pthreads\include /ID:\blenderDev\blender\intern\guardedalloc /ID:\blenderDev\blender\intern\atomic /ID:\blenderDev\blender\source\blender\blenlib /ID:\blenderDev\blender\source\blender\makesdna /Zi /nologo /W3 /WX- /MP /O2 /Ob1 /D WIN32 /D _WINDOWS /D NDEBUG /D WIN32 /D _CRT_NONSTDC_NO_DEPRECATE /D _CRT_SECURE_NO_DEPRECATE /D _SCL_SECURE_NO_DEPRECATE /D _CONSOLE /D _LIB /D _ALLOW_KEYWORD_MACROS /D _WIN32_WINNT=0x600 /D OIIO_STATIC_BUILD /D __SSE__ /D __MMX__ /D __SSE2__ /D __LITTLE_ENDIAN__ /D WITH_FREESTYLE /D WITH_DNA_GHASH /D NDEBUG /D "CMAKE_INTDIR=\"RelWithDebInfo\"" /D _MBCS /Gm- /MT /GS /fp:precise /Zc:wchar_t /Zc:forScope /openmp /Fo"makesdna.dir\RelWithDebInfo\\" /Fd"makesdna.dir\RelWithDebInfo\vc120.pdb" /Gd /TC /wd4018 /wd4146 /wd4065 /wd4127 /wd4181 /wd4200 /wd4244 /wd4267 /wd4305 /wd4800 /errorReport:prompt /we4013 /we4431  /w34062 /J D:\blenderDev\blender\source\blender\makesdna\intern\makesdna.c D:\blenderDev\blender\intern\guardedalloc\intern\mallocn.c D:\blenderDev\blender\intern\guardedalloc\intern\mallocn_guarded_impl.c D:\blenderDev\blender\intern\guardedalloc\intern\mallocn_lockfree_impl.c D:\blenderDev\blender\intern\guardedalloc\intern\mmap_win.c
         makesdna.c
         mallocn.c
         mallocn_guarded_impl.c
         mallocn_lockfree_impl.c
         mmap_win.c
       Link:
         D:\Microsoft Visual Studio 12.0\VC\bin\x86_amd64\link.exe /ERRORREPORT:PROMPT /OUT:"D:\blenderDev\product\bin\RelWithDebInfo\makesdna.exe" /INCREMENTAL /NOLOGO /MANIFEST /MANIFESTUAC:"level='asInvoker' uiAccess='false'" /manifest:embed /DEBUG /PDB:"D:/blenderDev/product/bin/RelWithDebInfo/makesdna.pdb" /SUBSYSTEM:CONSOLE /TLBID:1 /DYNAMICBASE /NXCOMPAT /IMPLIB:"D:/blenderDev/product/bin/RelWithDebInfo/makesdna.lib" /MACHINE:X64 /SAFESEH:NO  /machine:x64 /debug makesdna.dir\RelWithDebInfo\makesdna.obj
         makesdna.dir\RelWithDebInfo\mallocn.obj
         makesdna.dir\RelWithDebInfo\mallocn_guarded_impl.obj
         makesdna.dir\RelWithDebInfo\mallocn_lockfree_impl.obj
         makesdna.dir\RelWithDebInfo\mmap_win.obj
         makesdna.vcxproj -> D:\blenderDev\product\bin\RelWithDebInfo\makesdna.exe
     1>Done Building Project "D:\blenderDev\product\source\blender\makesdna\intern\makesdna.vcxproj" (Build target(s)).

Build succeeded.

Time Elapsed 00:00:04.50
