Build started 2016/4/2 8:23:25.
     1>Project "D:\blenderDev\product\source\blender\editors\space_sequencer\bf_editor_space_sequencer.vcxproj" on node 3 (Build target(s)).
     1>CustomBuild:
         Building Custom Rule D:/blenderDev/blender/source/blender/editors/space_sequencer/CMakeLists.txt
         CMake does not need to re-run because D:\blenderDev\product\source\blender\editors\space_sequencer\CMakeFiles\generate.stamp is up-to-date.
       ClCompile:
         D:\Microsoft Visual Studio 12.0\VC\bin\x86_amd64\CL.exe /c /ID:\blenderDev\lib\win64_vc12\pthreads\include /ID:\blenderDev\blender\source\blender\editors\include /ID:\blenderDev\blender\source\blender\blenkernel /ID:\blenderDev\blender\source\blender\blenlib /ID:\blenderDev\blender\source\blender\blentranslation /ID:\blenderDev\blender\source\blender\imbuf /ID:\blenderDev\blender\source\blender\gpu /ID:\blenderDev\blender\source\blender\makesdna /ID:\blenderDev\blender\source\blender\makesrna /ID:\blenderDev\blender\source\blender\windowmanager /ID:\blenderDev\blender\intern\guardedalloc /I"D:\blenderDev\blender\intern\glew-mx" /ID:\blenderDev\blender\extern\glew\include /ID:\blenderDev\blender\intern\audaspace\intern /Zi /nologo /W3 /WX- /MP /Od /Ob0 /D WIN32 /D _WINDOWS /D _DEBUG /D WIN32 /D _CRT_NONSTDC_NO_DEPRECATE /D _CRT_SECURE_NO_DEPRECATE /D _SCL_SECURE_NO_DEPRECATE /D _CONSOLE /D _LIB /D _ALLOW_KEYWORD_MACROS /D _WIN32_WINNT=0x600 /D OIIO_STATIC_BUILD /D __SSE__ /D __MMX__ /D __SSE2__ /D __LITTLE_ENDIAN__ /D WITH_AUDASPACE /D "AUD_DEVICE_H=<AUD_C-API.h>" /D "AUD_SPECIAL_H=<AUD_C-API.h>" /D "AUD_SOUND_H=<AUD_C-API.h>" /D "AUD_HANDLE_H=<AUD_C-API.h>" /D "AUD_SEQUENCE_H=<AUD_C-API.h>" /D "AUD_TYPES_H=<AUD_Space.h>" /D WITH_INTERNATIONAL /D WITH_GLU /D WITH_GL_PROFILE_COMPAT /D GLEW_STATIC /D GLEW_NO_ES /D DEBUG /D _DEBUG /D "CMAKE_INTDIR=\"Debug\"" /D _MBCS /Gm- /RTC1 /MTd /GS /fp:precise /Zc:wchar_t /Zc:forScope /openmp /Fo"bf_editor_space_sequencer.dir\Debug\\" /Fd"bf_editor_space_sequencer.dir\Debug\vc120.pdb" /Gd /TC /wd4018 /wd4146 /wd4065 /wd4127 /wd4181 /wd4200 /wd4244 /wd4267 /wd4305 /wd4800 /errorReport:prompt /we4013 /we4431  /w34062 /J D:\blenderDev\blender\source\blender\editors\space_sequencer\sequencer_add.c D:\blenderDev\blender\source\blender\editors\space_sequencer\sequencer_buttons.c D:\blenderDev\blender\source\blender\editors\space_sequencer\sequencer_draw.c D:\blenderDev\blender\source\blender\editors\space_sequencer\sequencer_edit.c D:\blenderDev\blender\source\blender\editors\space_sequencer\sequencer_modifier.c D:\blenderDev\blender\source\blender\editors\space_sequencer\sequencer_ops.c D:\blenderDev\blender\source\blender\editors\space_sequencer\sequencer_preview.c D:\blenderDev\blender\source\blender\editors\space_sequencer\sequencer_scopes.c D:\blenderDev\blender\source\blender\editors\space_sequencer\sequencer_select.c D:\blenderDev\blender\source\blender\editors\space_sequencer\sequencer_view.c D:\blenderDev\blender\source\blender\editors\space_sequencer\space_sequencer.c
         sequencer_add.c
         sequencer_buttons.c
         sequencer_draw.c
         sequencer_edit.c
         sequencer_modifier.c
         sequencer_ops.c
         sequencer_preview.c
         sequencer_scopes.c
         sequencer_select.c
         sequencer_view.c
         space_sequencer.c
       Lib:
         D:\Microsoft Visual Studio 12.0\VC\bin\x86_amd64\Lib.exe /OUT:"D:\blenderDev\product\lib\Debug\bf_editor_space_sequencer.lib" /NOLOGO /MACHINE:X64  /ignore:4221 bf_editor_space_sequencer.dir\Debug\sequencer_add.obj
         bf_editor_space_sequencer.dir\Debug\sequencer_buttons.obj
         bf_editor_space_sequencer.dir\Debug\sequencer_draw.obj
         bf_editor_space_sequencer.dir\Debug\sequencer_edit.obj
         bf_editor_space_sequencer.dir\Debug\sequencer_modifier.obj
         bf_editor_space_sequencer.dir\Debug\sequencer_ops.obj
         bf_editor_space_sequencer.dir\Debug\sequencer_preview.obj
         bf_editor_space_sequencer.dir\Debug\sequencer_scopes.obj
         bf_editor_space_sequencer.dir\Debug\sequencer_select.obj
         bf_editor_space_sequencer.dir\Debug\sequencer_view.obj
         bf_editor_space_sequencer.dir\Debug\space_sequencer.obj
         bf_editor_space_sequencer.vcxproj -> D:\blenderDev\product\lib\Debug\bf_editor_space_sequencer.lib
     1>Done Building Project "D:\blenderDev\product\source\blender\editors\space_sequencer\bf_editor_space_sequencer.vcxproj" (Build target(s)).

Build succeeded.

Time Elapsed 00:00:00.78
