Build started 2016/4/2 9:26:13.
     1>Project "D:\blenderDev\product\source\blender\physics\bf_physics.vcxproj" on node 2 (Build target(s)).
     1>CustomBuild:
         Building Custom Rule D:/blenderDev/blender/source/blender/physics/CMakeLists.txt
         CMake does not need to re-run because D:\blenderDev\product\source\blender\physics\CMakeFiles\generate.stamp is up-to-date.
       ClCompile:
         D:\Microsoft Visual Studio 12.0\VC\bin\x86_amd64\CL.exe /c /ID:\blenderDev\lib\win64_vc12\pthreads\include /ID:\blenderDev\blender\source\blender\physics /ID:\blenderDev\blender\source\blender\physics\intern /ID:\blenderDev\blender\source\blender\blenlib /ID:\blenderDev\blender\source\blender\blenkernel /ID:\blenderDev\blender\source\blender\imbuf /ID:\blenderDev\blender\source\blender\makesdna /ID:\blenderDev\blender\intern\guardedalloc /ID:\blenderDev\blender\extern\Eigen3 /Zi /nologo /W3 /WX- /MP /O2 /Ob1 /D WIN32 /D _WINDOWS /D NDEBUG /D WIN32 /D _CRT_NONSTDC_NO_DEPRECATE /D _CRT_SECURE_NO_DEPRECATE /D _SCL_SECURE_NO_DEPRECATE /D _CONSOLE /D _LIB /D _ALLOW_KEYWORD_MACROS /D _WIN32_WINNT=0x600 /D OIIO_STATIC_BUILD /D __SSE__ /D __MMX__ /D __SSE2__ /D __LITTLE_ENDIAN__ /D NDEBUG /D "CMAKE_INTDIR=\"RelWithDebInfo\"" /D _MBCS /Gm- /EHsc /MT /GS /fp:precise /Zc:wchar_t /Zc:forScope /GR /openmp /Fo"bf_physics.dir\RelWithDebInfo\\" /Fd"bf_physics.dir\RelWithDebInfo\vc120.pdb" /Gd /TP /wd4018 /wd4146 /wd4065 /wd4127 /wd4181 /wd4200 /wd4244 /wd4267 /wd4305 /wd4800 /errorReport:prompt /we4013 /we4431  /w34062 /J D:\blenderDev\blender\source\blender\physics\intern\BPH_mass_spring.cpp D:\blenderDev\blender\source\blender\physics\intern\hair_volume.cpp D:\blenderDev\blender\source\blender\physics\intern\implicit_eigen.cpp
         BPH_mass_spring.cpp
         hair_volume.cpp
         implicit_eigen.cpp
         D:\Microsoft Visual Studio 12.0\VC\bin\x86_amd64\CL.exe /c /ID:\blenderDev\lib\win64_vc12\pthreads\include /ID:\blenderDev\blender\source\blender\physics /ID:\blenderDev\blender\source\blender\physics\intern /ID:\blenderDev\blender\source\blender\blenlib /ID:\blenderDev\blender\source\blender\blenkernel /ID:\blenderDev\blender\source\blender\imbuf /ID:\blenderDev\blender\source\blender\makesdna /ID:\blenderDev\blender\intern\guardedalloc /ID:\blenderDev\blender\extern\Eigen3 /Zi /nologo /W3 /WX- /MP /O2 /Ob1 /D WIN32 /D _WINDOWS /D NDEBUG /D WIN32 /D _CRT_NONSTDC_NO_DEPRECATE /D _CRT_SECURE_NO_DEPRECATE /D _SCL_SECURE_NO_DEPRECATE /D _CONSOLE /D _LIB /D _ALLOW_KEYWORD_MACROS /D _WIN32_WINNT=0x600 /D OIIO_STATIC_BUILD /D __SSE__ /D __MMX__ /D __SSE2__ /D __LITTLE_ENDIAN__ /D NDEBUG /D "CMAKE_INTDIR=\"RelWithDebInfo\"" /D _MBCS /Gm- /EHsc /MT /GS /fp:precise /Zc:wchar_t /Zc:forScope /GR /openmp /Fo"bf_physics.dir\RelWithDebInfo\\" /Fd"bf_physics.dir\RelWithDebInfo\vc120.pdb" /Gd /TC /wd4018 /wd4146 /wd4065 /wd4127 /wd4181 /wd4200 /wd4244 /wd4267 /wd4305 /wd4800 /errorReport:prompt /we4013 /we4431  /w34062 /J D:\blenderDev\blender\source\blender\physics\intern\implicit_blender.c
         implicit_blender.c
       Lib:
         D:\Microsoft Visual Studio 12.0\VC\bin\x86_amd64\Lib.exe /OUT:"D:\blenderDev\product\lib\RelWithDebInfo\bf_physics.lib" /NOLOGO /MACHINE:X64  /ignore:4221 bf_physics.dir\RelWithDebInfo\BPH_mass_spring.obj
         bf_physics.dir\RelWithDebInfo\hair_volume.obj
         bf_physics.dir\RelWithDebInfo\implicit_blender.obj
         bf_physics.dir\RelWithDebInfo\implicit_eigen.obj
         bf_physics.vcxproj -> D:\blenderDev\product\lib\RelWithDebInfo\bf_physics.lib
     1>Done Building Project "D:\blenderDev\product\source\blender\physics\bf_physics.vcxproj" (Build target(s)).

Build succeeded.

Time Elapsed 00:00:07.62
