Build started 2016/4/2 9:24:50.
     1>Project "D:\blenderDev\product\intern\iksolver\bf_intern_iksolver.vcxproj" on node 2 (Build target(s)).
     1>CustomBuild:
         Building Custom Rule D:/blenderDev/blender/intern/iksolver/CMakeLists.txt
         CMake does not need to re-run because D:\blenderDev\product\intern\iksolver\CMakeFiles\generate.stamp is up-to-date.
       ClCompile:
         D:\Microsoft Visual Studio 12.0\VC\bin\x86_amd64\CL.exe /c /ID:\blenderDev\lib\win64_vc12\pthreads\include /ID:\blenderDev\blender\intern\iksolver\intern /ID:\blenderDev\blender\intern\memutil /ID:\blenderDev\blender\extern\Eigen3 /Zi /nologo /W3 /WX- /MP /O2 /Ob1 /D WIN32 /D _WINDOWS /D NDEBUG /D WIN32 /D _CRT_NONSTDC_NO_DEPRECATE /D _CRT_SECURE_NO_DEPRECATE /D _SCL_SECURE_NO_DEPRECATE /D _CONSOLE /D _LIB /D _ALLOW_KEYWORD_MACROS /D _WIN32_WINNT=0x600 /D OIIO_STATIC_BUILD /D __SSE__ /D __MMX__ /D __SSE2__ /D __LITTLE_ENDIAN__ /D NDEBUG /D "CMAKE_INTDIR=\"RelWithDebInfo\"" /D _MBCS /Gm- /EHsc /MT /GS /fp:precise /Zc:wchar_t /Zc:forScope /GR /openmp /Fo"bf_intern_iksolver.dir\RelWithDebInfo\\" /Fd"bf_intern_iksolver.dir\RelWithDebInfo\vc120.pdb" /Gd /TP /wd4018 /wd4146 /wd4065 /wd4127 /wd4181 /wd4200 /wd4244 /wd4267 /wd4305 /wd4800 /errorReport:prompt /we4013 /we4431  /w34062 /J D:\blenderDev\blender\intern\iksolver\intern\IK_QJacobian.cpp D:\blenderDev\blender\intern\iksolver\intern\IK_QJacobianSolver.cpp D:\blenderDev\blender\intern\iksolver\intern\IK_QSegment.cpp D:\blenderDev\blender\intern\iksolver\intern\IK_QTask.cpp D:\blenderDev\blender\intern\iksolver\intern\IK_Solver.cpp
         IK_QJacobian.cpp
         IK_QJacobianSolver.cpp
         IK_QSegment.cpp
         IK_QTask.cpp
         IK_Solver.cpp
       Lib:
         D:\Microsoft Visual Studio 12.0\VC\bin\x86_amd64\Lib.exe /OUT:"D:\blenderDev\product\lib\RelWithDebInfo\bf_intern_iksolver.lib" /NOLOGO /MACHINE:X64  /ignore:4221 bf_intern_iksolver.dir\RelWithDebInfo\IK_QJacobian.obj
         bf_intern_iksolver.dir\RelWithDebInfo\IK_QJacobianSolver.obj
         bf_intern_iksolver.dir\RelWithDebInfo\IK_QSegment.obj
         bf_intern_iksolver.dir\RelWithDebInfo\IK_QTask.obj
         bf_intern_iksolver.dir\RelWithDebInfo\IK_Solver.obj
         bf_intern_iksolver.vcxproj -> D:\blenderDev\product\lib\RelWithDebInfo\bf_intern_iksolver.lib
     1>Done Building Project "D:\blenderDev\product\intern\iksolver\bf_intern_iksolver.vcxproj" (Build target(s)).

Build succeeded.

Time Elapsed 00:00:18.77
