Build started 2016/4/2 9:36:09.
     1>Project "D:\blenderDev\product\source\creator\locales.vcxproj" on node 2 (Build target(s)).
     1>CustomBuild:
         Building Custom Rule D:/blenderDev/blender/source/creator/CMakeLists.txt
         CMake does not need to re-run because D:\blenderDev\product\source\creator\CMakeFiles\generate.stamp is up-to-date.
         Generating ar.mo
         Generating ca.mo
         Generating cs.mo
         Generating de.mo
         Generating eo.mo
         Generating es.mo
         Generating es_ES.mo
         Generating eu.mo
         Generating fa.mo
         Generating fr.mo
         Generating he.mo
         Generating hi.mo
         Generating hr.mo
         Generating hu.mo
         Generating id.mo
         Generating it.mo
         Generating ja.mo
         Generating ko.mo
         Generating ky.mo
         Generating nl.mo
         Generating pl.mo
         Generating pt.mo
         Generating pt_BR.mo
         Generating ru.mo
         Generating sr.mo
         Generating sr@latin.mo
         Generating sv.mo
         Generating tr.mo
         Generating uk.mo
         Generating vi.mo
         Generating zh_CN.mo
         Generating zh_TW.mo
     1>Done Building Project "D:\blenderDev\product\source\creator\locales.vcxproj" (Build target(s)).

Build succeeded.

Time Elapsed 00:00:09.45
