Build started 2016/4/2 8:23:30.
     1>Project "D:\blenderDev\product\source\blender\freestyle\bf_freestyle.vcxproj" on node 5 (Build target(s)).
     1>CustomBuild:
         Building Custom Rule D:/blenderDev/blender/source/blender/freestyle/CMakeLists.txt
         CMake does not need to re-run because D:\blenderDev\product\source\blender\freestyle\CMakeFiles\generate.stamp is up-to-date.
       ClCompile:
         D:\Microsoft Visual Studio 12.0\VC\bin\x86_amd64\CL.exe /c /ID:\blenderDev\lib\win64_vc12\pthreads\include /ID:\blenderDev\blender\source\blender\freestyle /ID:\blenderDev\blender\source\blender\blenkernel /ID:\blenderDev\blender\source\blender\blenlib /ID:\blenderDev\blender\source\blender\blentranslation /ID:\blenderDev\blender\source\blender\imbuf /ID:\blenderDev\blender\source\blender\makesdna /ID:\blenderDev\blender\source\blender\makesrna /ID:\blenderDev\blender\source\blender\python /ID:\blenderDev\blender\source\blender\python\intern /ID:\blenderDev\blender\source\blender\render\extern\include /ID:\blenderDev\blender\source\blender\render\intern\include /ID:\blenderDev\blender\extern\glew\include /ID:\blenderDev\blender\intern\guardedalloc /ID:\blenderDev\lib\win64_vc12\python\include\python3.5 /Zi /nologo /W3 /WX- /MP /Od /Ob0 /D WIN32 /D _WINDOWS /D _DEBUG /D WIN32 /D _CRT_NONSTDC_NO_DEPRECATE /D _CRT_SECURE_NO_DEPRECATE /D _SCL_SECURE_NO_DEPRECATE /D _CONSOLE /D _LIB /D _ALLOW_KEYWORD_MACROS /D _WIN32_WINNT=0x600 /D OIIO_STATIC_BUILD /D __SSE__ /D __MMX__ /D __SSE2__ /D __LITTLE_ENDIAN__ /D WITH_FREESTYLE /D WITH_INTERNATIONAL /D DEBUG /D _DEBUG /D "CMAKE_INTDIR=\"Debug\"" /D _MBCS /Gm- /EHsc /RTC1 /MTd /GS /fp:precise /Zc:wchar_t /Zc:forScope /GR /openmp /Fo"bf_freestyle.dir\Debug\\" /Fd"bf_freestyle.dir\Debug\vc120.pdb" /Gd /TP /wd4018 /wd4146 /wd4065 /wd4127 /wd4181 /wd4200 /wd4244 /wd4267 /wd4305 /wd4800 /errorReport:prompt /we4013 /we4431  /w34062 /J D:\blenderDev\blender\source\blender\freestyle\intern\application\AppCanvas.cpp D:\blenderDev\blender\source\blender\freestyle\intern\application\AppConfig.cpp D:\blenderDev\blender\source\blender\freestyle\intern\application\AppView.cpp D:\blenderDev\blender\source\blender\freestyle\intern\application\Controller.cpp D:\blenderDev\blender\source\blender\freestyle\intern\blender_interface\BlenderFileLoader.cpp D:\blenderDev\blender\source\blender\freestyle\intern\blender_interface\BlenderStrokeRenderer.cpp D:\blenderDev\blender\source\blender\freestyle\intern\blender_interface\FRS_freestyle.cpp D:\blenderDev\blender\source\blender\freestyle\intern\geometry\Bezier.cpp D:\blenderDev\blender\source\blender\freestyle\intern\geometry\FastGrid.cpp D:\blenderDev\blender\source\blender\freestyle\intern\geometry\FitCurve.cpp D:\blenderDev\blender\source\blender\freestyle\intern\geometry\GeomCleaner.cpp D:\blenderDev\blender\source\blender\freestyle\intern\geometry\GeomUtils.cpp D:\blenderDev\blender\source\blender\freestyle\intern\geometry\Grid.cpp D:\blenderDev\blender\source\blender\freestyle\intern\geometry\GridHelpers.cpp D:\blenderDev\blender\source\blender\freestyle\intern\geometry\HashGrid.cpp D:\blenderDev\blender\source\blender\freestyle\intern\geometry\Noise.cpp D:\blenderDev\blender\source\blender\freestyle\intern\geometry\matrix_util.cpp D:\blenderDev\blender\source\blender\freestyle\intern\geometry\normal_cycle.cpp D:\blenderDev\blender\source\blender\freestyle\intern\image\GaussianFilter.cpp D:\blenderDev\blender\source\blender\freestyle\intern\image\ImagePyramid.cpp D:\blenderDev\blender\source\blender\freestyle\intern\python\BPy_BBox.cpp D:\blenderDev\blender\source\blender\freestyle\intern\python\BPy_BinaryPredicate0D.cpp D:\blenderDev\blender\source\blender\freestyle\intern\python\BPy_BinaryPredicate1D.cpp D:\blenderDev\blender\source\blender\freestyle\intern\python\BPy_ContextFunctions.cpp D:\blenderDev\blender\source\blender\freestyle\intern\python\BPy_Convert.cpp D:\blenderDev\blender\source\blender\freestyle\intern\python\BPy_Freestyle.cpp D:\blenderDev\blender\source\blender\freestyle\intern\python\BPy_FrsMaterial.cpp D:\blenderDev\blender\source\blender\freestyle\intern\python\BPy_FrsNoise.cpp D:\blenderDev\blender\source\blender\freestyle\intern\python\BPy_Id.cpp D:\blenderDev\blender\source\blender\freestyle\intern\python\BPy_IntegrationType.cpp D:\blenderDev\blender\source\blender\freestyle\intern\python\BPy_Interface0D.cpp D:\blenderDev\blender\source\blender\freestyle\intern\python\BPy_Interface1D.cpp D:\blenderDev\blender\source\blender\freestyle\intern\python\BPy_Iterator.cpp D:\blenderDev\blender\source\blender\freestyle\intern\python\BPy_MediumType.cpp D:\blenderDev\blender\source\blender\freestyle\intern\python\BPy_Nature.cpp D:\blenderDev\blender\source\blender\freestyle\intern\python\BPy_Operators.cpp D:\blenderDev\blender\source\blender\freestyle\intern\python\BPy_SShape.cpp D:\blenderDev\blender\source\blender\freestyle\intern\python\BPy_StrokeAttribute.cpp D:\blenderDev\blender\source\blender\freestyle\intern\python\BPy_StrokeShader.cpp D:\blenderDev\blender\source\blender\freestyle\intern\python\BPy_UnaryFunction0D.cpp D:\blenderDev\blender\source\blender\freestyle\intern\python\BPy_UnaryFunction1D.cpp D:\blenderDev\blender\source\blender\freestyle\intern\python\BPy_UnaryPredicate0D.cpp D:\blenderDev\blender\source\blender\freestyle\intern\python\BPy_UnaryPredicate1D.cpp D:\blenderDev\blender\source\blender\freestyle\intern\python\BPy_ViewMap.cpp D:\blenderDev\blender\source\blender\freestyle\intern\python\BPy_ViewShape.cpp D:\blenderDev\blender\source\blender\freestyle\intern\python\BinaryPredicate1D\BPy_FalseBP1D.cpp D:\blenderDev\blender\source\blender\freestyle\intern\python\BinaryPredicate1D\BPy_Length2DBP1D.cpp D:\blenderDev\blender\source\blender\freestyle\intern\python\BinaryPredicate1D\BPy_SameShapeIdBP1D.cpp D:\blenderDev\blender\source\blender\freestyle\intern\python\BinaryPredicate1D\BPy_TrueBP1D.cpp D:\blenderDev\blender\source\blender\freestyle\intern\python\BinaryPredicate1D\BPy_ViewMapGradientNormBP1D.cpp D:\blenderDev\blender\source\blender\freestyle\intern\python\Director.cpp D:\blenderDev\blender\source\blender\freestyle\intern\python\Interface0D\BPy_CurvePoint.cpp D:\blenderDev\blender\source\blender\freestyle\intern\python\Interface0D\BPy_SVertex.cpp D:\blenderDev\blender\source\blender\freestyle\intern\python\Interface0D\BPy_ViewVertex.cpp D:\blenderDev\blender\source\blender\freestyle\intern\python\Interface0D\CurvePoint\BPy_StrokeVertex.cpp D:\blenderDev\blender\source\blender\freestyle\intern\python\Interface0D\ViewVertex\BPy_NonTVertex.cpp D:\blenderDev\blender\source\blender\freestyle\intern\python\Interface0D\ViewVertex\BPy_TVertex.cpp D:\blenderDev\blender\source\blender\freestyle\intern\python\Interface1D\BPy_FEdge.cpp D:\blenderDev\blender\source\blender\freestyle\intern\python\Interface1D\BPy_FrsCurve.cpp D:\blenderDev\blender\source\blender\freestyle\intern\python\Interface1D\BPy_Stroke.cpp D:\blenderDev\blender\source\blender\freestyle\intern\python\Interface1D\BPy_ViewEdge.cpp D:\blenderDev\blender\source\blender\freestyle\intern\python\Interface1D\Curve\BPy_Chain.cpp D:\blenderDev\blender\source\blender\freestyle\intern\python\Interface1D\FEdge\BPy_FEdgeSharp.cpp D:\blenderDev\blender\source\blender\freestyle\intern\python\Interface1D\FEdge\BPy_FEdgeSmooth.cpp D:\blenderDev\blender\source\blender\freestyle\intern\python\Iterator\BPy_AdjacencyIterator.cpp D:\blenderDev\blender\source\blender\freestyle\intern\python\Iterator\BPy_ChainPredicateIterator.cpp D:\blenderDev\blender\source\blender\freestyle\intern\python\Iterator\BPy_ChainSilhouetteIterator.cpp D:\blenderDev\blender\source\blender\freestyle\intern\python\Iterator\BPy_ChainingIterator.cpp D:\blenderDev\blender\source\blender\freestyle\intern\python\Iterator\BPy_CurvePointIterator.cpp D:\blenderDev\blender\source\blender\freestyle\intern\python\Iterator\BPy_Interface0DIterator.cpp D:\blenderDev\blender\source\blender\freestyle\intern\python\Iterator\BPy_SVertexIterator.cpp D:\blenderDev\blender\source\blender\freestyle\intern\python\Iterator\BPy_StrokeVertexIterator.cpp D:\blenderDev\blender\source\blender\freestyle\intern\python\Iterator\BPy_ViewEdgeIterator.cpp D:\blenderDev\blender\source\blender\freestyle\intern\python\Iterator\BPy_orientedViewEdgeIterator.cpp D:\blenderDev\blender\source\blender\freestyle\intern\python\StrokeShader\BPy_BackboneStretcherShader.cpp D:\blenderDev\blender\source\blender\freestyle\intern\python\StrokeShader\BPy_BezierCurveShader.cpp D:\blenderDev\blender\source\blender\freestyle\intern\python\StrokeShader\BPy_BlenderTextureShader.cpp D:\blenderDev\blender\source\blender\freestyle\intern\python\StrokeShader\BPy_CalligraphicShader.cpp D:\blenderDev\blender\source\blender\freestyle\intern\python\StrokeShader\BPy_ColorNoiseShader.cpp D:\blenderDev\blender\source\blender\freestyle\intern\python\StrokeShader\BPy_ConstantColorShader.cpp D:\blenderDev\blender\source\blender\freestyle\intern\python\StrokeShader\BPy_ConstantThicknessShader.cpp D:\blenderDev\blender\source\blender\freestyle\intern\python\StrokeShader\BPy_ConstrainedIncreasingThicknessShader.cpp D:\blenderDev\blender\source\blender\freestyle\intern\python\StrokeShader\BPy_GuidingLinesShader.cpp D:\blenderDev\blender\source\blender\freestyle\intern\python\StrokeShader\BPy_IncreasingColorShader.cpp D:\blenderDev\blender\source\blender\freestyle\intern\python\StrokeShader\BPy_IncreasingThicknessShader.cpp D:\blenderDev\blender\source\blender\freestyle\intern\python\StrokeShader\BPy_PolygonalizationShader.cpp D:\blenderDev\blender\source\blender\freestyle\intern\python\StrokeShader\BPy_SamplingShader.cpp D:\blenderDev\blender\source\blender\freestyle\intern\python\StrokeShader\BPy_SmoothingShader.cpp D:\blenderDev\blender\source\blender\freestyle\intern\python\StrokeShader\BPy_SpatialNoiseShader.cpp D:\blenderDev\blender\source\blender\freestyle\intern\python\StrokeShader\BPy_StrokeTextureStepShader.cpp D:\blenderDev\blender\source\blender\freestyle\intern\python\StrokeShader\BPy_ThicknessNoiseShader.cpp D:\blenderDev\blender\source\blender\freestyle\intern\python\StrokeShader\BPy_TipRemoverShader.cpp D:\blenderDev\blender\source\blender\freestyle\intern\python\UnaryFunction0D\BPy_UnaryFunction0DDouble.cpp D:\blenderDev\blender\source\blender\freestyle\intern\python\UnaryFunction0D\BPy_UnaryFunction0DEdgeNature.cpp D:\blenderDev\blender\source\blender\freestyle\intern\python\UnaryFunction0D\BPy_UnaryFunction0DFloat.cpp D:\blenderDev\blender\source\blender\freestyle\intern\python\UnaryFunction0D\BPy_UnaryFunction0DId.cpp D:\blenderDev\blender\source\blender\freestyle\intern\python\UnaryFunction0D\BPy_UnaryFunction0DMaterial.cpp D:\blenderDev\blender\source\blender\freestyle\intern\python\UnaryFunction0D\BPy_UnaryFunction0DUnsigned.cpp D:\blenderDev\blender\source\blender\freestyle\intern\python\UnaryFunction0D\BPy_UnaryFunction0DVec2f.cpp D:\blenderDev\blender\source\blender\freestyle\intern\python\UnaryFunction0D\BPy_UnaryFunction0DVec3f.cpp D:\blenderDev\blender\source\blender\freestyle\intern\python\UnaryFunction0D\BPy_UnaryFunction0DVectorViewShape.cpp D:\blenderDev\blender\source\blender\freestyle\intern\python\UnaryFunction0D\BPy_UnaryFunction0DViewShape.cpp D:\blenderDev\blender\source\blender\freestyle\intern\python\UnaryFunction0D\UnaryFunction0D_Id\BPy_ShapeIdF0D.cpp D:\blenderDev\blender\source\blender\freestyle\intern\python\UnaryFunction0D\UnaryFunction0D_Material\BPy_MaterialF0D.cpp D:\blenderDev\blender\source\blender\freestyle\intern\python\UnaryFunction0D\UnaryFunction0D_Nature_EdgeNature\BPy_CurveNatureF0D.cpp D:\blenderDev\blender\source\blender\freestyle\intern\python\UnaryFunction0D\UnaryFunction0D_Vec2f\BPy_Normal2DF0D.cpp D:\blenderDev\blender\source\blender\freestyle\intern\python\UnaryFunction0D\UnaryFunction0D_Vec2f\BPy_VertexOrientation2DF0D.cpp D:\blenderDev\blender\source\blender\freestyle\intern\python\UnaryFunction0D\UnaryFunction0D_Vec3f\BPy_VertexOrientation3DF0D.cpp D:\blenderDev\blender\source\blender\freestyle\intern\python\UnaryFunction0D\UnaryFunction0D_ViewShape\BPy_GetOccludeeF0D.cpp D:\blenderDev\blender\source\blender\freestyle\intern\python\UnaryFunction0D\UnaryFunction0D_ViewShape\BPy_GetShapeF0D.cpp D:\blenderDev\blender\source\blender\freestyle\intern\python\UnaryFunction0D\UnaryFunction0D_double\BPy_Curvature2DAngleF0D.cpp D:\blenderDev\blender\source\blender\freestyle\intern\python\UnaryFunction0D\UnaryFunction0D_double\BPy_DensityF0D.cpp D:\blenderDev\blender\source\blender\freestyle\intern\python\UnaryFunction0D\UnaryFunction0D_double\BPy_GetProjectedXF0D.cpp D:\blenderDev\blender\source\blender\freestyle\intern\python\UnaryFunction0D\UnaryFunction0D_double\BPy_GetProjectedYF0D.cpp D:\blenderDev\blender\source\blender\freestyle\intern\python\UnaryFunction0D\UnaryFunction0D_double\BPy_GetProjectedZF0D.cpp D:\blenderDev\blender\source\blender\freestyle\intern\python\UnaryFunction0D\UnaryFunction0D_double\BPy_GetXF0D.cpp D:\blenderDev\blender\source\blender\freestyle\intern\python\UnaryFunction0D\UnaryFunction0D_double\BPy_GetYF0D.cpp D:\blenderDev\blender\source\blender\freestyle\intern\python\UnaryFunction0D\UnaryFunction0D_double\BPy_GetZF0D.cpp D:\blenderDev\blender\source\blender\freestyle\intern\python\UnaryFunction0D\UnaryFunction0D_double\BPy_LocalAverageDepthF0D.cpp D:\blenderDev\blender\source\blender\freestyle\intern\python\UnaryFunction0D\UnaryFunction0D_double\BPy_ZDiscontinuityF0D.cpp D:\blenderDev\blender\source\blender\freestyle\intern\python\UnaryFunction0D\UnaryFunction0D_float\BPy_GetCurvilinearAbscissaF0D.cpp D:\blenderDev\blender\source\blender\freestyle\intern\python\UnaryFunction0D\UnaryFunction0D_float\BPy_GetParameterF0D.cpp D:\blenderDev\blender\source\blender\freestyle\intern\python\UnaryFunction0D\UnaryFunction0D_float\BPy_GetViewMapGradientNormF0D.cpp D:\blenderDev\blender\source\blender\freestyle\intern\python\UnaryFunction0D\UnaryFunction0D_float\BPy_ReadCompleteViewMapPixelF0D.cpp D:\blenderDev\blender\source\blender\freestyle\intern\python\UnaryFunction0D\UnaryFunction0D_float\BPy_ReadMapPixelF0D.cpp D:\blenderDev\blender\source\blender\freestyle\intern\python\UnaryFunction0D\UnaryFunction0D_float\BPy_ReadSteerableViewMapPixelF0D.cpp D:\blenderDev\blender\source\blender\freestyle\intern\python\UnaryFunction0D\UnaryFunction0D_unsigned_int\BPy_QuantitativeInvisibilityF0D.cpp D:\blenderDev\blender\source\blender\freestyle\intern\python\UnaryFunction0D\UnaryFunction0D_vector_ViewShape\BPy_GetOccludersF0D.cpp D:\blenderDev\blender\source\blender\freestyle\intern\python\UnaryFunction1D\BPy_UnaryFunction1DDouble.cpp D:\blenderDev\blender\source\blender\freestyle\intern\python\UnaryFunction1D\BPy_UnaryFunction1DEdgeNature.cpp D:\blenderDev\blender\source\blender\freestyle\intern\python\UnaryFunction1D\BPy_UnaryFunction1DFloat.cpp D:\blenderDev\blender\source\blender\freestyle\intern\python\UnaryFunction1D\BPy_UnaryFunction1DUnsigned.cpp D:\blenderDev\blender\source\blender\freestyle\intern\python\UnaryFunction1D\BPy_UnaryFunction1DVec2f.cpp D:\blenderDev\blender\source\blender\freestyle\intern\python\UnaryFunction1D\BPy_UnaryFunction1DVec3f.cpp D:\blenderDev\blender\source\blender\freestyle\intern\python\UnaryFunction1D\BPy_UnaryFunction1DVectorViewShape.cpp D:\blenderDev\blender\source\blender\freestyle\intern\python\UnaryFunction1D\BPy_UnaryFunction1DVoid.cpp D:\blenderDev\blender\source\blender\freestyle\intern\python\UnaryFunction1D\UnaryFunction1D_Nature_EdgeNature\BPy_CurveNatureF1D.cpp D:\blenderDev\blender\source\blender\freestyle\intern\python\UnaryFunction1D\UnaryFunction1D_Vec2f\BPy_Normal2DF1D.cpp D:\blenderDev\blender\source\blender\freestyle\intern\python\UnaryFunction1D\UnaryFunction1D_Vec2f\BPy_Orientation2DF1D.cpp D:\blenderDev\blender\source\blender\freestyle\intern\python\UnaryFunction1D\UnaryFunction1D_Vec3f\BPy_Orientation3DF1D.cpp D:\blenderDev\blender\source\blender\freestyle\intern\python\UnaryFunction1D\UnaryFunction1D_double\BPy_Curvature2DAngleF1D.cpp D:\blenderDev\blender\source\blender\freestyle\intern\python\UnaryFunction1D\UnaryFunction1D_double\BPy_DensityF1D.cpp D:\blenderDev\blender\source\blender\freestyle\intern\python\UnaryFunction1D\UnaryFunction1D_double\BPy_GetCompleteViewMapDensityF1D.cpp D:\blenderDev\blender\source\blender\freestyle\intern\python\UnaryFunction1D\UnaryFunction1D_double\BPy_GetDirectionalViewMapDensityF1D.cpp D:\blenderDev\blender\source\blender\freestyle\intern\python\UnaryFunction1D\UnaryFunction1D_double\BPy_GetProjectedXF1D.cpp D:\blenderDev\blender\source\blender\freestyle\intern\python\UnaryFunction1D\UnaryFunction1D_double\BPy_GetProjectedYF1D.cpp D:\blenderDev\blender\source\blender\freestyle\intern\python\UnaryFunction1D\UnaryFunction1D_double\BPy_GetProjectedZF1D.cpp D:\blenderDev\blender\source\blender\freestyle\intern\python\UnaryFunction1D\UnaryFunction1D_double\BPy_GetSteerableViewMapDensityF1D.cpp D:\blenderDev\blender\source\blender\freestyle\intern\python\UnaryFunction1D\UnaryFunction1D_double\BPy_GetViewMapGradientNormF1D.cpp D:\blenderDev\blender\source\blender\freestyle\intern\python\UnaryFunction1D\UnaryFunction1D_double\BPy_GetXF1D.cpp D:\blenderDev\blender\source\blender\freestyle\intern\python\UnaryFunction1D\UnaryFunction1D_double\BPy_GetYF1D.cpp D:\blenderDev\blender\source\blender\freestyle\intern\python\UnaryFunction1D\UnaryFunction1D_double\BPy_GetZF1D.cpp D:\blenderDev\blender\source\blender\freestyle\intern\python\UnaryFunction1D\UnaryFunction1D_double\BPy_LocalAverageDepthF1D.cpp D:\blenderDev\blender\source\blender\freestyle\intern\python\UnaryFunction1D\UnaryFunction1D_double\BPy_ZDiscontinuityF1D.cpp D:\blenderDev\blender\source\blender\freestyle\intern\python\UnaryFunction1D\UnaryFunction1D_unsigned_int\BPy_QuantitativeInvisibilityF1D.cpp D:\blenderDev\blender\source\blender\freestyle\intern\python\UnaryFunction1D\UnaryFunction1D_vector_ViewShape\BPy_GetOccludeeF1D.cpp D:\blenderDev\blender\source\blender\freestyle\intern\python\UnaryFunction1D\UnaryFunction1D_vector_ViewShape\BPy_GetOccludersF1D.cpp D:\blenderDev\blender\source\blender\freestyle\intern\python\UnaryFunction1D\UnaryFunction1D_vector_ViewShape\BPy_GetShapeF1D.cpp D:\blenderDev\blender\source\blender\freestyle\intern\python\UnaryFunction1D\UnaryFunction1D_void\BPy_ChainingTimeStampF1D.cpp D:\blenderDev\blender\source\blender\freestyle\intern\python\UnaryFunction1D\UnaryFunction1D_void\BPy_IncrementChainingTimeStampF1D.cpp D:\blenderDev\blender\source\blender\freestyle\intern\python\UnaryFunction1D\UnaryFunction1D_void\BPy_TimeStampF1D.cpp D:\blenderDev\blender\source\blender\freestyle\intern\python\UnaryPredicate0D\BPy_FalseUP0D.cpp D:\blenderDev\blender\source\blender\freestyle\intern\python\UnaryPredicate0D\BPy_TrueUP0D.cpp D:\blenderDev\blender\source\blender\freestyle\intern\python\UnaryPredicate1D\BPy_ContourUP1D.cpp D:\blenderDev\blender\source\blender\freestyle\intern\python\UnaryPredicate1D\BPy_DensityLowerThanUP1D.cpp D:\blenderDev\blender\source\blender\freestyle\intern\python\UnaryPredicate1D\BPy_EqualToChainingTimeStampUP1D.cpp D:\blenderDev\blender\source\blender\freestyle\intern\python\UnaryPredicate1D\BPy_EqualToTimeStampUP1D.cpp D:\blenderDev\blender\source\blender\freestyle\intern\python\UnaryPredicate1D\BPy_ExternalContourUP1D.cpp D:\blenderDev\blender\source\blender\freestyle\intern\python\UnaryPredicate1D\BPy_FalseUP1D.cpp D:\blenderDev\blender\source\blender\freestyle\intern\python\UnaryPredicate1D\BPy_QuantitativeInvisibilityUP1D.cpp D:\blenderDev\blender\source\blender\freestyle\intern\python\UnaryPredicate1D\BPy_ShapeUP1D.cpp D:\blenderDev\blender\source\blender\freestyle\intern\python\UnaryPredicate1D\BPy_TrueUP1D.cpp D:\blenderDev\blender\source\blender\freestyle\intern\python\UnaryPredicate1D\BPy_WithinImageBoundaryUP1D.cpp D:\blenderDev\blender\source\blender\freestyle\intern\scene_graph\IndexedFaceSet.cpp D:\blenderDev\blender\source\blender\freestyle\intern\scene_graph\LineRep.cpp D:\blenderDev\blender\source\blender\freestyle\intern\scene_graph\NodeCamera.cpp D:\blenderDev\blender\source\blender\freestyle\intern\scene_graph\NodeDrawingStyle.cpp D:\blenderDev\blender\source\blender\freestyle\intern\scene_graph\NodeGroup.cpp D:\blenderDev\blender\source\blender\freestyle\intern\scene_graph\NodeLight.cpp D:\blenderDev\blender\source\blender\freestyle\intern\scene_graph\NodeSceneRenderLayer.cpp D:\blenderDev\blender\source\blender\freestyle\intern\scene_graph\NodeShape.cpp D:\blenderDev\blender\source\blender\freestyle\intern\scene_graph\NodeTransform.cpp D:\blenderDev\blender\source\blender\freestyle\intern\scene_graph\OrientedLineRep.cpp D:\blenderDev\blender\source\blender\freestyle\intern\scene_graph\Rep.cpp D:\blenderDev\blender\source\blender\freestyle\intern\scene_graph\SceneHash.cpp D:\blenderDev\blender\source\blender\freestyle\intern\scene_graph\ScenePrettyPrinter.cpp D:\blenderDev\blender\source\blender\freestyle\intern\scene_graph\SceneVisitor.cpp D:\blenderDev\blender\source\blender\freestyle\intern\scene_graph\TriangleRep.cpp D:\blenderDev\blender\source\blender\freestyle\intern\scene_graph\VertexRep.cpp D:\blenderDev\blender\source\blender\freestyle\intern\stroke\AdvancedFunctions0D.cpp D:\blenderDev\blender\source\blender\freestyle\intern\stroke\AdvancedFunctions1D.cpp D:\blenderDev\blender\source\blender\freestyle\intern\stroke\AdvancedStrokeShaders.cpp D:\blenderDev\blender\source\blender\freestyle\intern\stroke\BasicStrokeShaders.cpp D:\blenderDev\blender\source\blender\freestyle\intern\stroke\Canvas.cpp D:\blenderDev\blender\source\blender\freestyle\intern\stroke\Chain.cpp D:\blenderDev\blender\source\blender\freestyle\intern\stroke\ChainingIterators.cpp D:\blenderDev\blender\source\blender\freestyle\intern\stroke\ContextFunctions.cpp D:\blenderDev\blender\source\blender\freestyle\intern\stroke\Curve.cpp D:\blenderDev\blender\source\blender\freestyle\intern\stroke\Operators.cpp D:\blenderDev\blender\source\blender\freestyle\intern\stroke\PSStrokeRenderer.cpp D:\blenderDev\blender\source\blender\freestyle\intern\stroke\Predicates0D.cpp D:\blenderDev\blender\source\blender\freestyle\intern\stroke\Predicates1D.cpp D:\blenderDev\blender\source\blender\freestyle\intern\stroke\Stroke.cpp D:\blenderDev\blender\source\blender\freestyle\intern\stroke\StrokeIO.cpp D:\blenderDev\blender\source\blender\freestyle\intern\stroke\StrokeLayer.cpp D:\blenderDev\blender\source\blender\freestyle\intern\stroke\StrokeRenderer.cpp D:\blenderDev\blender\source\blender\freestyle\intern\stroke\StrokeRep.cpp D:\blenderDev\blender\source\blender\freestyle\intern\stroke\StrokeShader.cpp D:\blenderDev\blender\source\blender\freestyle\intern\stroke\StrokeTesselator.cpp D:\blenderDev\blender\source\blender\freestyle\intern\stroke\TextStrokeRenderer.cpp D:\blenderDev\blender\source\blender\freestyle\intern\system\BaseObject.cpp D:\blenderDev\blender\source\blender\freestyle\intern\system\Exception.cpp D:\blenderDev\blender\source\blender\freestyle\intern\system\Iterator.cpp D:\blenderDev\blender\source\blender\freestyle\intern\system\PseudoNoise.cpp D:\blenderDev\blender\source\blender\freestyle\intern\system\PythonInterpreter.cpp D:\blenderDev\blender\source\blender\freestyle\intern\system\RandGen.cpp D:\blenderDev\blender\source\blender\freestyle\intern\system\StringUtils.cpp D:\blenderDev\blender\source\blender\freestyle\intern\system\TimeStamp.cpp D:\blenderDev\blender\source\blender\freestyle\intern\view_map\ArbitraryGridDensityProvider.cpp D:\blenderDev\blender\source\blender\freestyle\intern\view_map\AverageAreaGridDensityProvider.cpp D:\blenderDev\blender\source\blender\freestyle\intern\view_map\BoxGrid.cpp D:\blenderDev\blender\source\blender\freestyle\intern\view_map\CulledOccluderSource.cpp D:\blenderDev\blender\source\blender\freestyle\intern\view_map\FEdgeXDetector.cpp D:\blenderDev\blender\source\blender\freestyle\intern\view_map\Functions0D.cpp D:\blenderDev\blender\source\blender\freestyle\intern\view_map\Functions1D.cpp D:\blenderDev\blender\source\blender\freestyle\intern\view_map\HeuristicGridDensityProviderFactory.cpp D:\blenderDev\blender\source\blender\freestyle\intern\view_map\Interface0D.cpp D:\blenderDev\blender\source\blender\freestyle\intern\view_map\Interface1D.cpp D:\blenderDev\blender\source\blender\freestyle\intern\view_map\OccluderSource.cpp D:\blenderDev\blender\source\blender\freestyle\intern\view_map\Pow23GridDensityProvider.cpp D:\blenderDev\blender\source\blender\freestyle\intern\view_map\Silhouette.cpp D:\blenderDev\blender\source\blender\freestyle\intern\view_map\SilhouetteGeomEngine.cpp D:\blenderDev\blender\source\blender\freestyle\intern\view_map\SphericalGrid.cpp D:\blenderDev\blender\source\blender\freestyle\intern\view_map\SteerableViewMap.cpp D:\blenderDev\blender\source\blender\freestyle\intern\view_map\ViewEdgeXBuilder.cpp D:\blenderDev\blender\source\blender\freestyle\intern\view_map\ViewMap.cpp D:\blenderDev\blender\source\blender\freestyle\intern\view_map\ViewMapBuilder.cpp D:\blenderDev\blender\source\blender\freestyle\intern\view_map\ViewMapIO.cpp D:\blenderDev\blender\source\blender\freestyle\intern\view_map\ViewMapTesselator.cpp D:\blenderDev\blender\source\blender\freestyle\intern\winged_edge\Curvature.cpp D:\blenderDev\blender\source\blender\freestyle\intern\winged_edge\WEdge.cpp D:\blenderDev\blender\source\blender\freestyle\intern\winged_edge\WFillGrid.cpp D:\blenderDev\blender\source\blender\freestyle\intern\winged_edge\WSFillGrid.cpp D:\blenderDev\blender\source\blender\freestyle\intern\winged_edge\WXEdge.cpp D:\blenderDev\blender\source\blender\freestyle\intern\winged_edge\WXEdgeBuilder.cpp D:\blenderDev\blender\source\blender\freestyle\intern\winged_edge\WingedEdgeBuilder.cpp
         AppCanvas.cpp
         AppConfig.cpp
         AppView.cpp
         Controller.cpp
     1>D:\blenderDev\blender\source\blender\blenkernel\BKE_main.h(57): warning C4200: nonstandard extension used : zero-sized array in struct/union (D:\blenderDev\blender\source\blender\freestyle\intern\application\AppView.cpp)
                 Cannot generate copy-ctor or copy-assignment operator when UDT contains a zero-sized array
     1>D:\blenderDev\blender\source\blender\blenkernel\BKE_main.h(57): warning C4200: nonstandard extension used : zero-sized array in struct/union (D:\blenderDev\blender\source\blender\freestyle\intern\application\AppCanvas.cpp)
                 Cannot generate copy-ctor or copy-assignment operator when UDT contains a zero-sized array
     1>D:\blenderDev\blender\source\blender\blenkernel\BKE_main.h(57): warning C4200: nonstandard extension used : zero-sized array in struct/union (D:\blenderDev\blender\source\blender\freestyle\intern\application\Controller.cpp)
                 Cannot generate copy-ctor or copy-assignment operator when UDT contains a zero-sized array
         BlenderFileLoader.cpp
     1>D:\blenderDev\blender\source\blender\blenkernel\BKE_main.h(57): warning C4200: nonstandard extension used : zero-sized array in struct/union (D:\blenderDev\blender\source\blender\freestyle\intern\blender_interface\BlenderFileLoader.cpp)
                 Cannot generate copy-ctor or copy-assignment operator when UDT contains a zero-sized array
         BlenderStrokeRenderer.cpp
         FRS_freestyle.cpp
         Bezier.cpp
     1>D:\blenderDev\blender\source\blender\blenkernel\BKE_main.h(57): warning C4200: nonstandard extension used : zero-sized array in struct/union (D:\blenderDev\blender\source\blender\freestyle\intern\blender_interface\BlenderStrokeRenderer.cpp)
                 Cannot generate copy-ctor or copy-assignment operator when UDT contains a zero-sized array
         FastGrid.cpp
     1>D:\blenderDev\blender\source\blender\blenkernel\BKE_main.h(57): warning C4200: nonstandard extension used : zero-sized array in struct/union (D:\blenderDev\blender\source\blender\freestyle\intern\blender_interface\FRS_freestyle.cpp)
                 Cannot generate copy-ctor or copy-assignment operator when UDT contains a zero-sized array
         FitCurve.cpp
         GeomCleaner.cpp
         GeomUtils.cpp
         Grid.cpp
         GridHelpers.cpp
         HashGrid.cpp
         Noise.cpp
         matrix_util.cpp
         normal_cycle.cpp
         GaussianFilter.cpp
         ImagePyramid.cpp
         BPy_BBox.cpp
         BPy_BinaryPredicate0D.cpp
         BPy_BinaryPredicate1D.cpp
         BPy_ContextFunctions.cpp
         BPy_Convert.cpp
         BPy_Freestyle.cpp
         BPy_FrsMaterial.cpp
         BPy_FrsNoise.cpp
         BPy_Id.cpp
         BPy_IntegrationType.cpp
         BPy_Interface0D.cpp
         BPy_Interface1D.cpp
         BPy_Iterator.cpp
         BPy_MediumType.cpp
         BPy_Nature.cpp
         BPy_Operators.cpp
         BPy_SShape.cpp
         BPy_StrokeAttribute.cpp
         BPy_StrokeShader.cpp
         BPy_UnaryFunction0D.cpp
         BPy_UnaryFunction1D.cpp
         BPy_UnaryPredicate0D.cpp
         BPy_UnaryPredicate1D.cpp
         BPy_ViewMap.cpp
         BPy_ViewShape.cpp
         BPy_FalseBP1D.cpp
         BPy_Length2DBP1D.cpp
         BPy_SameShapeIdBP1D.cpp
         BPy_TrueBP1D.cpp
         BPy_ViewMapGradientNormBP1D.cpp
         Director.cpp
         BPy_CurvePoint.cpp
         BPy_SVertex.cpp
         BPy_ViewVertex.cpp
         BPy_StrokeVertex.cpp
         BPy_NonTVertex.cpp
         BPy_TVertex.cpp
         BPy_FEdge.cpp
         BPy_FrsCurve.cpp
         BPy_Stroke.cpp
         BPy_ViewEdge.cpp
         BPy_Chain.cpp
         BPy_FEdgeSharp.cpp
         BPy_FEdgeSmooth.cpp
         BPy_AdjacencyIterator.cpp
         BPy_ChainPredicateIterator.cpp
         BPy_ChainSilhouetteIterator.cpp
         BPy_ChainingIterator.cpp
         BPy_CurvePointIterator.cpp
         BPy_Interface0DIterator.cpp
         BPy_SVertexIterator.cpp
         BPy_StrokeVertexIterator.cpp
         BPy_ViewEdgeIterator.cpp
         BPy_orientedViewEdgeIterator.cpp
         BPy_BackboneStretcherShader.cpp
         BPy_BezierCurveShader.cpp
         BPy_BlenderTextureShader.cpp
         BPy_CalligraphicShader.cpp
         BPy_ColorNoiseShader.cpp
         BPy_ConstantColorShader.cpp
         BPy_ConstantThicknessShader.cpp
         BPy_ConstrainedIncreasingThicknessShader.cpp
         BPy_GuidingLinesShader.cpp
         BPy_IncreasingColorShader.cpp
         BPy_IncreasingThicknessShader.cpp
         BPy_PolygonalizationShader.cpp
         BPy_SamplingShader.cpp
         BPy_SmoothingShader.cpp
         BPy_SpatialNoiseShader.cpp
         BPy_StrokeTextureStepShader.cpp
         BPy_ThicknessNoiseShader.cpp
         BPy_TipRemoverShader.cpp
         BPy_UnaryFunction0DDouble.cpp
         BPy_UnaryFunction0DEdgeNature.cpp
         BPy_UnaryFunction0DFloat.cpp
         BPy_UnaryFunction0DId.cpp
         BPy_UnaryFunction0DMaterial.cpp
         BPy_UnaryFunction0DUnsigned.cpp
         BPy_UnaryFunction0DVec2f.cpp
         BPy_UnaryFunction0DVec3f.cpp
         BPy_UnaryFunction0DVectorViewShape.cpp
         BPy_UnaryFunction0DViewShape.cpp
         BPy_ShapeIdF0D.cpp
         BPy_MaterialF0D.cpp
         BPy_CurveNatureF0D.cpp
         BPy_Normal2DF0D.cpp
         BPy_VertexOrientation2DF0D.cpp
         BPy_VertexOrientation3DF0D.cpp
         BPy_GetOccludeeF0D.cpp
         BPy_GetShapeF0D.cpp
         BPy_Curvature2DAngleF0D.cpp
         BPy_DensityF0D.cpp
         BPy_GetProjectedXF0D.cpp
         BPy_GetProjectedYF0D.cpp
         BPy_GetProjectedZF0D.cpp
         BPy_GetXF0D.cpp
         BPy_GetYF0D.cpp
         BPy_GetZF0D.cpp
         BPy_LocalAverageDepthF0D.cpp
         BPy_ZDiscontinuityF0D.cpp
         BPy_GetCurvilinearAbscissaF0D.cpp
         BPy_GetParameterF0D.cpp
         BPy_GetViewMapGradientNormF0D.cpp
         BPy_ReadCompleteViewMapPixelF0D.cpp
         BPy_ReadMapPixelF0D.cpp
         BPy_ReadSteerableViewMapPixelF0D.cpp
         BPy_QuantitativeInvisibilityF0D.cpp
         BPy_GetOccludersF0D.cpp
         BPy_UnaryFunction1DDouble.cpp
         BPy_UnaryFunction1DEdgeNature.cpp
         BPy_UnaryFunction1DFloat.cpp
         BPy_UnaryFunction1DUnsigned.cpp
         BPy_UnaryFunction1DVec2f.cpp
         BPy_UnaryFunction1DVec3f.cpp
         BPy_UnaryFunction1DVectorViewShape.cpp
         BPy_UnaryFunction1DVoid.cpp
         BPy_CurveNatureF1D.cpp
         BPy_Normal2DF1D.cpp
         BPy_Orientation2DF1D.cpp
         BPy_Orientation3DF1D.cpp
         BPy_Curvature2DAngleF1D.cpp
         BPy_DensityF1D.cpp
         BPy_GetCompleteViewMapDensityF1D.cpp
         BPy_GetDirectionalViewMapDensityF1D.cpp
         BPy_GetProjectedXF1D.cpp
         BPy_GetProjectedYF1D.cpp
         BPy_GetProjectedZF1D.cpp
         BPy_GetSteerableViewMapDensityF1D.cpp
         BPy_GetViewMapGradientNormF1D.cpp
         BPy_GetXF1D.cpp
         BPy_GetYF1D.cpp
         BPy_GetZF1D.cpp
         BPy_LocalAverageDepthF1D.cpp
         BPy_ZDiscontinuityF1D.cpp
         BPy_QuantitativeInvisibilityF1D.cpp
         BPy_GetOccludeeF1D.cpp
         BPy_GetOccludersF1D.cpp
         BPy_GetShapeF1D.cpp
         BPy_ChainingTimeStampF1D.cpp
         BPy_IncrementChainingTimeStampF1D.cpp
         BPy_TimeStampF1D.cpp
         BPy_FalseUP0D.cpp
         BPy_TrueUP0D.cpp
         BPy_ContourUP1D.cpp
         BPy_DensityLowerThanUP1D.cpp
         BPy_EqualToChainingTimeStampUP1D.cpp
         BPy_EqualToTimeStampUP1D.cpp
         BPy_ExternalContourUP1D.cpp
         BPy_FalseUP1D.cpp
         BPy_QuantitativeInvisibilityUP1D.cpp
         BPy_ShapeUP1D.cpp
         BPy_TrueUP1D.cpp
         BPy_WithinImageBoundaryUP1D.cpp
         IndexedFaceSet.cpp
         LineRep.cpp
         NodeCamera.cpp
         NodeDrawingStyle.cpp
         NodeGroup.cpp
         NodeLight.cpp
         NodeSceneRenderLayer.cpp
         NodeShape.cpp
         NodeTransform.cpp
         OrientedLineRep.cpp
         Rep.cpp
         SceneHash.cpp
         ScenePrettyPrinter.cpp
         SceneVisitor.cpp
         TriangleRep.cpp
         VertexRep.cpp
         AdvancedFunctions0D.cpp
         AdvancedFunctions1D.cpp
         AdvancedStrokeShaders.cpp
         BasicStrokeShaders.cpp
         Canvas.cpp
         Chain.cpp
         ChainingIterators.cpp
         ContextFunctions.cpp
         Curve.cpp
         Operators.cpp
         PSStrokeRenderer.cpp
         Predicates0D.cpp
         Predicates1D.cpp
         Stroke.cpp
         StrokeIO.cpp
         StrokeLayer.cpp
         StrokeRenderer.cpp
         StrokeRep.cpp
         StrokeShader.cpp
         StrokeTesselator.cpp
         TextStrokeRenderer.cpp
         BaseObject.cpp
         Exception.cpp
         Iterator.cpp
         PseudoNoise.cpp
         PythonInterpreter.cpp
         RandGen.cpp
         StringUtils.cpp
         TimeStamp.cpp
         ArbitraryGridDensityProvider.cpp
         AverageAreaGridDensityProvider.cpp
     1>D:\blenderDev\blender\source\blender\blenkernel\BKE_main.h(57): warning C4200: nonstandard extension used : zero-sized array in struct/union (D:\blenderDev\blender\source\blender\freestyle\intern\system\PythonInterpreter.cpp)
                 Cannot generate copy-ctor or copy-assignment operator when UDT contains a zero-sized array
         BoxGrid.cpp
         CulledOccluderSource.cpp
         FEdgeXDetector.cpp
         Functions0D.cpp
     1>D:\blenderDev\blender\source\blender\blenkernel\BKE_main.h(57): warning C4200: nonstandard extension used : zero-sized array in struct/union (D:\blenderDev\blender\source\blender\freestyle\intern\view_map\FEdgeXDetector.cpp)
                 Cannot generate copy-ctor or copy-assignment operator when UDT contains a zero-sized array
         Functions1D.cpp
         HeuristicGridDensityProviderFactory.cpp
         Interface0D.cpp
         Interface1D.cpp
         OccluderSource.cpp
         Pow23GridDensityProvider.cpp
         Silhouette.cpp
         SilhouetteGeomEngine.cpp
         SphericalGrid.cpp
         SteerableViewMap.cpp
         ViewEdgeXBuilder.cpp
         ViewMap.cpp
         ViewMapBuilder.cpp
         ViewMapIO.cpp
         ViewMapTesselator.cpp
         Curvature.cpp
     1>D:\blenderDev\blender\source\blender\blenkernel\BKE_main.h(57): warning C4200: nonstandard extension used : zero-sized array in struct/union (D:\blenderDev\blender\source\blender\freestyle\intern\view_map\ViewMapBuilder.cpp)
                 Cannot generate copy-ctor or copy-assignment operator when UDT contains a zero-sized array
         WEdge.cpp
         WFillGrid.cpp
         WSFillGrid.cpp
         WXEdge.cpp
         WXEdgeBuilder.cpp
         WingedEdgeBuilder.cpp
     1>D:\blenderDev\blender\source\blender\blenkernel\BKE_main.h(57): warning C4200: nonstandard extension used : zero-sized array in struct/union (D:\blenderDev\blender\source\blender\freestyle\intern\winged_edge\WingedEdgeBuilder.cpp)
                 Cannot generate copy-ctor or copy-assignment operator when UDT contains a zero-sized array
     1>D:\blenderDev\blender\source\blender\blenkernel\BKE_main.h(57): warning C4200: nonstandard extension used : zero-sized array in struct/union (D:\blenderDev\blender\source\blender\freestyle\intern\winged_edge\WXEdgeBuilder.cpp)
                 Cannot generate copy-ctor or copy-assignment operator when UDT contains a zero-sized array
       Lib:
         D:\Microsoft Visual Studio 12.0\VC\bin\x86_amd64\Lib.exe /OUT:"D:\blenderDev\product\lib\Debug\bf_freestyle.lib" /NOLOGO /MACHINE:X64  /ignore:4221 bf_freestyle.dir\Debug\AppCanvas.obj
         bf_freestyle.dir\Debug\AppConfig.obj
         bf_freestyle.dir\Debug\AppView.obj
         bf_freestyle.dir\Debug\Controller.obj
         bf_freestyle.dir\Debug\BlenderFileLoader.obj
         bf_freestyle.dir\Debug\BlenderStrokeRenderer.obj
         bf_freestyle.dir\Debug\FRS_freestyle.obj
         bf_freestyle.dir\Debug\Bezier.obj
         bf_freestyle.dir\Debug\FastGrid.obj
         bf_freestyle.dir\Debug\FitCurve.obj
         bf_freestyle.dir\Debug\GeomCleaner.obj
         bf_freestyle.dir\Debug\GeomUtils.obj
         bf_freestyle.dir\Debug\Grid.obj
         bf_freestyle.dir\Debug\GridHelpers.obj
         bf_freestyle.dir\Debug\HashGrid.obj
         bf_freestyle.dir\Debug\Noise.obj
         bf_freestyle.dir\Debug\matrix_util.obj
         bf_freestyle.dir\Debug\normal_cycle.obj
         bf_freestyle.dir\Debug\GaussianFilter.obj
         bf_freestyle.dir\Debug\ImagePyramid.obj
         bf_freestyle.dir\Debug\BPy_BBox.obj
         bf_freestyle.dir\Debug\BPy_BinaryPredicate0D.obj
         bf_freestyle.dir\Debug\BPy_BinaryPredicate1D.obj
         bf_freestyle.dir\Debug\BPy_ContextFunctions.obj
         bf_freestyle.dir\Debug\BPy_Convert.obj
         bf_freestyle.dir\Debug\BPy_Freestyle.obj
         bf_freestyle.dir\Debug\BPy_FrsMaterial.obj
         bf_freestyle.dir\Debug\BPy_FrsNoise.obj
         bf_freestyle.dir\Debug\BPy_Id.obj
         bf_freestyle.dir\Debug\BPy_IntegrationType.obj
         bf_freestyle.dir\Debug\BPy_Interface0D.obj
         bf_freestyle.dir\Debug\BPy_Interface1D.obj
         bf_freestyle.dir\Debug\BPy_Iterator.obj
         bf_freestyle.dir\Debug\BPy_MediumType.obj
         bf_freestyle.dir\Debug\BPy_Nature.obj
         bf_freestyle.dir\Debug\BPy_Operators.obj
         bf_freestyle.dir\Debug\BPy_SShape.obj
         bf_freestyle.dir\Debug\BPy_StrokeAttribute.obj
         bf_freestyle.dir\Debug\BPy_StrokeShader.obj
         bf_freestyle.dir\Debug\BPy_UnaryFunction0D.obj
         bf_freestyle.dir\Debug\BPy_UnaryFunction1D.obj
         bf_freestyle.dir\Debug\BPy_UnaryPredicate0D.obj
         bf_freestyle.dir\Debug\BPy_UnaryPredicate1D.obj
         bf_freestyle.dir\Debug\BPy_ViewMap.obj
         bf_freestyle.dir\Debug\BPy_ViewShape.obj
         bf_freestyle.dir\Debug\BPy_FalseBP1D.obj
         bf_freestyle.dir\Debug\BPy_Length2DBP1D.obj
         bf_freestyle.dir\Debug\BPy_SameShapeIdBP1D.obj
         bf_freestyle.dir\Debug\BPy_TrueBP1D.obj
         bf_freestyle.dir\Debug\BPy_ViewMapGradientNormBP1D.obj
         bf_freestyle.dir\Debug\Director.obj
         bf_freestyle.dir\Debug\BPy_CurvePoint.obj
         bf_freestyle.dir\Debug\BPy_SVertex.obj
         bf_freestyle.dir\Debug\BPy_ViewVertex.obj
         bf_freestyle.dir\Debug\BPy_StrokeVertex.obj
         bf_freestyle.dir\Debug\BPy_NonTVertex.obj
         bf_freestyle.dir\Debug\BPy_TVertex.obj
         bf_freestyle.dir\Debug\BPy_FEdge.obj
         bf_freestyle.dir\Debug\BPy_FrsCurve.obj
         bf_freestyle.dir\Debug\BPy_Stroke.obj
         bf_freestyle.dir\Debug\BPy_ViewEdge.obj
         bf_freestyle.dir\Debug\BPy_Chain.obj
         bf_freestyle.dir\Debug\BPy_FEdgeSharp.obj
         bf_freestyle.dir\Debug\BPy_FEdgeSmooth.obj
         bf_freestyle.dir\Debug\BPy_AdjacencyIterator.obj
         bf_freestyle.dir\Debug\BPy_ChainPredicateIterator.obj
         bf_freestyle.dir\Debug\BPy_ChainSilhouetteIterator.obj
         bf_freestyle.dir\Debug\BPy_ChainingIterator.obj
         bf_freestyle.dir\Debug\BPy_CurvePointIterator.obj
         bf_freestyle.dir\Debug\BPy_Interface0DIterator.obj
         bf_freestyle.dir\Debug\BPy_SVertexIterator.obj
         bf_freestyle.dir\Debug\BPy_StrokeVertexIterator.obj
         bf_freestyle.dir\Debug\BPy_ViewEdgeIterator.obj
         bf_freestyle.dir\Debug\BPy_orientedViewEdgeIterator.obj
         bf_freestyle.dir\Debug\BPy_BackboneStretcherShader.obj
         bf_freestyle.dir\Debug\BPy_BezierCurveShader.obj
         bf_freestyle.dir\Debug\BPy_BlenderTextureShader.obj
         bf_freestyle.dir\Debug\BPy_CalligraphicShader.obj
         bf_freestyle.dir\Debug\BPy_ColorNoiseShader.obj
         bf_freestyle.dir\Debug\BPy_ConstantColorShader.obj
         bf_freestyle.dir\Debug\BPy_ConstantThicknessShader.obj
         bf_freestyle.dir\Debug\BPy_ConstrainedIncreasingThicknessShader.obj
         bf_freestyle.dir\Debug\BPy_GuidingLinesShader.obj
         bf_freestyle.dir\Debug\BPy_IncreasingColorShader.obj
         bf_freestyle.dir\Debug\BPy_IncreasingThicknessShader.obj
         bf_freestyle.dir\Debug\BPy_PolygonalizationShader.obj
         bf_freestyle.dir\Debug\BPy_SamplingShader.obj
         bf_freestyle.dir\Debug\BPy_SmoothingShader.obj
         bf_freestyle.dir\Debug\BPy_SpatialNoiseShader.obj
         bf_freestyle.dir\Debug\BPy_StrokeTextureStepShader.obj
         bf_freestyle.dir\Debug\BPy_ThicknessNoiseShader.obj
         bf_freestyle.dir\Debug\BPy_TipRemoverShader.obj
         bf_freestyle.dir\Debug\BPy_UnaryFunction0DDouble.obj
         bf_freestyle.dir\Debug\BPy_UnaryFunction0DEdgeNature.obj
         bf_freestyle.dir\Debug\BPy_UnaryFunction0DFloat.obj
         bf_freestyle.dir\Debug\BPy_UnaryFunction0DId.obj
         bf_freestyle.dir\Debug\BPy_UnaryFunction0DMaterial.obj
         bf_freestyle.dir\Debug\BPy_UnaryFunction0DUnsigned.obj
         bf_freestyle.dir\Debug\BPy_UnaryFunction0DVec2f.obj
         bf_freestyle.dir\Debug\BPy_UnaryFunction0DVec3f.obj
         bf_freestyle.dir\Debug\BPy_UnaryFunction0DVectorViewShape.obj
         bf_freestyle.dir\Debug\BPy_UnaryFunction0DViewShape.obj
         bf_freestyle.dir\Debug\BPy_ShapeIdF0D.obj
         bf_freestyle.dir\Debug\BPy_MaterialF0D.obj
         bf_freestyle.dir\Debug\BPy_CurveNatureF0D.obj
         bf_freestyle.dir\Debug\BPy_Normal2DF0D.obj
         bf_freestyle.dir\Debug\BPy_VertexOrientation2DF0D.obj
         bf_freestyle.dir\Debug\BPy_VertexOrientation3DF0D.obj
         bf_freestyle.dir\Debug\BPy_GetOccludeeF0D.obj
         bf_freestyle.dir\Debug\BPy_GetShapeF0D.obj
         bf_freestyle.dir\Debug\BPy_Curvature2DAngleF0D.obj
         bf_freestyle.dir\Debug\BPy_DensityF0D.obj
         bf_freestyle.dir\Debug\BPy_GetProjectedXF0D.obj
         bf_freestyle.dir\Debug\BPy_GetProjectedYF0D.obj
         bf_freestyle.dir\Debug\BPy_GetProjectedZF0D.obj
         bf_freestyle.dir\Debug\BPy_GetXF0D.obj
         bf_freestyle.dir\Debug\BPy_GetYF0D.obj
         bf_freestyle.dir\Debug\BPy_GetZF0D.obj
         bf_freestyle.dir\Debug\BPy_LocalAverageDepthF0D.obj
         bf_freestyle.dir\Debug\BPy_ZDiscontinuityF0D.obj
         bf_freestyle.dir\Debug\BPy_GetCurvilinearAbscissaF0D.obj
         bf_freestyle.dir\Debug\BPy_GetParameterF0D.obj
         bf_freestyle.dir\Debug\BPy_GetViewMapGradientNormF0D.obj
         bf_freestyle.dir\Debug\BPy_ReadCompleteViewMapPixelF0D.obj
         bf_freestyle.dir\Debug\BPy_ReadMapPixelF0D.obj
         bf_freestyle.dir\Debug\BPy_ReadSteerableViewMapPixelF0D.obj
         bf_freestyle.dir\Debug\BPy_QuantitativeInvisibilityF0D.obj
         bf_freestyle.dir\Debug\BPy_GetOccludersF0D.obj
         bf_freestyle.dir\Debug\BPy_UnaryFunction1DDouble.obj
         bf_freestyle.dir\Debug\BPy_UnaryFunction1DEdgeNature.obj
         bf_freestyle.dir\Debug\BPy_UnaryFunction1DFloat.obj
         bf_freestyle.dir\Debug\BPy_UnaryFunction1DUnsigned.obj
         bf_freestyle.dir\Debug\BPy_UnaryFunction1DVec2f.obj
         bf_freestyle.dir\Debug\BPy_UnaryFunction1DVec3f.obj
         bf_freestyle.dir\Debug\BPy_UnaryFunction1DVectorViewShape.obj
         bf_freestyle.dir\Debug\BPy_UnaryFunction1DVoid.obj
         bf_freestyle.dir\Debug\BPy_CurveNatureF1D.obj
         bf_freestyle.dir\Debug\BPy_Normal2DF1D.obj
         bf_freestyle.dir\Debug\BPy_Orientation2DF1D.obj
         bf_freestyle.dir\Debug\BPy_Orientation3DF1D.obj
         bf_freestyle.dir\Debug\BPy_Curvature2DAngleF1D.obj
         bf_freestyle.dir\Debug\BPy_DensityF1D.obj
         bf_freestyle.dir\Debug\BPy_GetCompleteViewMapDensityF1D.obj
         bf_freestyle.dir\Debug\BPy_GetDirectionalViewMapDensityF1D.obj
         bf_freestyle.dir\Debug\BPy_GetProjectedXF1D.obj
         bf_freestyle.dir\Debug\BPy_GetProjectedYF1D.obj
         bf_freestyle.dir\Debug\BPy_GetProjectedZF1D.obj
         bf_freestyle.dir\Debug\BPy_GetSteerableViewMapDensityF1D.obj
         bf_freestyle.dir\Debug\BPy_GetViewMapGradientNormF1D.obj
         bf_freestyle.dir\Debug\BPy_GetXF1D.obj
         bf_freestyle.dir\Debug\BPy_GetYF1D.obj
         bf_freestyle.dir\Debug\BPy_GetZF1D.obj
         bf_freestyle.dir\Debug\BPy_LocalAverageDepthF1D.obj
         bf_freestyle.dir\Debug\BPy_ZDiscontinuityF1D.obj
         bf_freestyle.dir\Debug\BPy_QuantitativeInvisibilityF1D.obj
         bf_freestyle.dir\Debug\BPy_GetOccludeeF1D.obj
         bf_freestyle.dir\Debug\BPy_GetOccludersF1D.obj
         bf_freestyle.dir\Debug\BPy_GetShapeF1D.obj
         bf_freestyle.dir\Debug\BPy_ChainingTimeStampF1D.obj
         bf_freestyle.dir\Debug\BPy_IncrementChainingTimeStampF1D.obj
         bf_freestyle.dir\Debug\BPy_TimeStampF1D.obj
         bf_freestyle.dir\Debug\BPy_FalseUP0D.obj
         bf_freestyle.dir\Debug\BPy_TrueUP0D.obj
         bf_freestyle.dir\Debug\BPy_ContourUP1D.obj
         bf_freestyle.dir\Debug\BPy_DensityLowerThanUP1D.obj
         bf_freestyle.dir\Debug\BPy_EqualToChainingTimeStampUP1D.obj
         bf_freestyle.dir\Debug\BPy_EqualToTimeStampUP1D.obj
         bf_freestyle.dir\Debug\BPy_ExternalContourUP1D.obj
         bf_freestyle.dir\Debug\BPy_FalseUP1D.obj
         bf_freestyle.dir\Debug\BPy_QuantitativeInvisibilityUP1D.obj
         bf_freestyle.dir\Debug\BPy_ShapeUP1D.obj
         bf_freestyle.dir\Debug\BPy_TrueUP1D.obj
         bf_freestyle.dir\Debug\BPy_WithinImageBoundaryUP1D.obj
         bf_freestyle.dir\Debug\IndexedFaceSet.obj
         bf_freestyle.dir\Debug\LineRep.obj
         bf_freestyle.dir\Debug\NodeCamera.obj
         bf_freestyle.dir\Debug\NodeDrawingStyle.obj
         bf_freestyle.dir\Debug\NodeGroup.obj
         bf_freestyle.dir\Debug\NodeLight.obj
         bf_freestyle.dir\Debug\NodeSceneRenderLayer.obj
         bf_freestyle.dir\Debug\NodeShape.obj
         bf_freestyle.dir\Debug\NodeTransform.obj
         bf_freestyle.dir\Debug\OrientedLineRep.obj
         bf_freestyle.dir\Debug\Rep.obj
         bf_freestyle.dir\Debug\SceneHash.obj
         bf_freestyle.dir\Debug\ScenePrettyPrinter.obj
         bf_freestyle.dir\Debug\SceneVisitor.obj
         bf_freestyle.dir\Debug\TriangleRep.obj
         bf_freestyle.dir\Debug\VertexRep.obj
         bf_freestyle.dir\Debug\AdvancedFunctions0D.obj
         bf_freestyle.dir\Debug\AdvancedFunctions1D.obj
         bf_freestyle.dir\Debug\AdvancedStrokeShaders.obj
         bf_freestyle.dir\Debug\BasicStrokeShaders.obj
         bf_freestyle.dir\Debug\Canvas.obj
         bf_freestyle.dir\Debug\Chain.obj
         bf_freestyle.dir\Debug\ChainingIterators.obj
         bf_freestyle.dir\Debug\ContextFunctions.obj
         bf_freestyle.dir\Debug\Curve.obj
         bf_freestyle.dir\Debug\Operators.obj
         bf_freestyle.dir\Debug\PSStrokeRenderer.obj
         bf_freestyle.dir\Debug\Predicates0D.obj
         bf_freestyle.dir\Debug\Predicates1D.obj
         bf_freestyle.dir\Debug\Stroke.obj
         bf_freestyle.dir\Debug\StrokeIO.obj
         bf_freestyle.dir\Debug\StrokeLayer.obj
         bf_freestyle.dir\Debug\StrokeRenderer.obj
         bf_freestyle.dir\Debug\StrokeRep.obj
         bf_freestyle.dir\Debug\StrokeShader.obj
         bf_freestyle.dir\Debug\StrokeTesselator.obj
         bf_freestyle.dir\Debug\TextStrokeRenderer.obj
         bf_freestyle.dir\Debug\BaseObject.obj
         bf_freestyle.dir\Debug\Exception.obj
         bf_freestyle.dir\Debug\Iterator.obj
         bf_freestyle.dir\Debug\PseudoNoise.obj
         bf_freestyle.dir\Debug\PythonInterpreter.obj
         bf_freestyle.dir\Debug\RandGen.obj
         bf_freestyle.dir\Debug\StringUtils.obj
         bf_freestyle.dir\Debug\TimeStamp.obj
         bf_freestyle.dir\Debug\ArbitraryGridDensityProvider.obj
         bf_freestyle.dir\Debug\AverageAreaGridDensityProvider.obj
         bf_freestyle.dir\Debug\BoxGrid.obj
         bf_freestyle.dir\Debug\CulledOccluderSource.obj
         bf_freestyle.dir\Debug\FEdgeXDetector.obj
         bf_freestyle.dir\Debug\Functions0D.obj
         bf_freestyle.dir\Debug\Functions1D.obj
         bf_freestyle.dir\Debug\HeuristicGridDensityProviderFactory.obj
         bf_freestyle.dir\Debug\Interface0D.obj
         bf_freestyle.dir\Debug\Interface1D.obj
         bf_freestyle.dir\Debug\OccluderSource.obj
         bf_freestyle.dir\Debug\Pow23GridDensityProvider.obj
         bf_freestyle.dir\Debug\Silhouette.obj
         bf_freestyle.dir\Debug\SilhouetteGeomEngine.obj
         bf_freestyle.dir\Debug\SphericalGrid.obj
         bf_freestyle.dir\Debug\SteerableViewMap.obj
         bf_freestyle.dir\Debug\ViewEdgeXBuilder.obj
         bf_freestyle.dir\Debug\ViewMap.obj
         bf_freestyle.dir\Debug\ViewMapBuilder.obj
         bf_freestyle.dir\Debug\ViewMapIO.obj
         bf_freestyle.dir\Debug\ViewMapTesselator.obj
         bf_freestyle.dir\Debug\Curvature.obj
         bf_freestyle.dir\Debug\WEdge.obj
         bf_freestyle.dir\Debug\WFillGrid.obj
         bf_freestyle.dir\Debug\WSFillGrid.obj
         bf_freestyle.dir\Debug\WXEdge.obj
         bf_freestyle.dir\Debug\WXEdgeBuilder.obj
         bf_freestyle.dir\Debug\WingedEdgeBuilder.obj
         bf_freestyle.vcxproj -> D:\blenderDev\product\lib\Debug\bf_freestyle.lib
     1>Done Building Project "D:\blenderDev\product\source\blender\freestyle\bf_freestyle.vcxproj" (Build target(s)).

Build succeeded.

Time Elapsed 00:04:45.72
