Build started 2016/4/2 9:25:33.
     1>Project "D:\blenderDev\product\intern\opencolorio\bf_intern_opencolorio.vcxproj" on node 3 (Build target(s)).
     1>CustomBuild:
         Building Custom Rule D:/blenderDev/blender/intern/opencolorio/CMakeLists.txt
         CMake does not need to re-run because D:\blenderDev\product\intern\opencolorio\CMakeFiles\generate.stamp is up-to-date.
         Generating gpu_shader_display_transform.glsl.c
       ClCompile:
         D:\Microsoft Visual Studio 12.0\VC\bin\x86_amd64\CL.exe /c /ID:\blenderDev\lib\win64_vc12\pthreads\include /ID:\blenderDev\blender\intern\opencolorio /I"D:\blenderDev\blender\intern\glew-mx" /ID:\blenderDev\blender\intern\guardedalloc /ID:\blenderDev\blender\source\blender\blenlib /ID:\blenderDev\lib\win64_vc12\OpenColorIO\include /ID:\blenderDev\blender\extern\glew\include /ID:\blenderDev\lib\win64_vc12\boost\include /Zi /nologo /W3 /WX- /MP /O2 /Ob1 /D WIN32 /D _WINDOWS /D NDEBUG /D WIN32 /D _CRT_NONSTDC_NO_DEPRECATE /D _CRT_SECURE_NO_DEPRECATE /D _SCL_SECURE_NO_DEPRECATE /D _CONSOLE /D _LIB /D _ALLOW_KEYWORD_MACROS /D _WIN32_WINNT=0x600 /D OIIO_STATIC_BUILD /D __SSE__ /D __MMX__ /D __SSE2__ /D __LITTLE_ENDIAN__ /D WITH_OCIO /D WITH_GLU /D WITH_GL_PROFILE_COMPAT /D GLEW_STATIC /D GLEW_NO_ES /D NDEBUG /D "CMAKE_INTDIR=\"RelWithDebInfo\"" /D _MBCS /Gm- /EHsc /MT /GS /fp:precise /Zc:wchar_t /Zc:forScope /GR /openmp /Fo"bf_intern_opencolorio.dir\RelWithDebInfo\\" /Fd"bf_intern_opencolorio.dir\RelWithDebInfo\vc120.pdb" /Gd /TP /wd4018 /wd4146 /wd4065 /wd4127 /wd4181 /wd4200 /wd4244 /wd4267 /wd4305 /wd4800 /errorReport:prompt /we4013 /we4431  /w34062 /J D:\blenderDev\blender\intern\opencolorio\ocio_capi.cc D:\blenderDev\blender\intern\opencolorio\fallback_impl.cc D:\blenderDev\blender\intern\opencolorio\ocio_impl.cc D:\blenderDev\blender\intern\opencolorio\ocio_impl_glsl.cc
         ocio_capi.cc
         fallback_impl.cc
         ocio_impl.cc
         ocio_impl_glsl.cc
         D:\Microsoft Visual Studio 12.0\VC\bin\x86_amd64\CL.exe /c /ID:\blenderDev\lib\win64_vc12\pthreads\include /ID:\blenderDev\blender\intern\opencolorio /I"D:\blenderDev\blender\intern\glew-mx" /ID:\blenderDev\blender\intern\guardedalloc /ID:\blenderDev\blender\source\blender\blenlib /ID:\blenderDev\lib\win64_vc12\OpenColorIO\include /ID:\blenderDev\blender\extern\glew\include /ID:\blenderDev\lib\win64_vc12\boost\include /Zi /nologo /W3 /WX- /MP /O2 /Ob1 /D WIN32 /D _WINDOWS /D NDEBUG /D WIN32 /D _CRT_NONSTDC_NO_DEPRECATE /D _CRT_SECURE_NO_DEPRECATE /D _SCL_SECURE_NO_DEPRECATE /D _CONSOLE /D _LIB /D _ALLOW_KEYWORD_MACROS /D _WIN32_WINNT=0x600 /D OIIO_STATIC_BUILD /D __SSE__ /D __MMX__ /D __SSE2__ /D __LITTLE_ENDIAN__ /D WITH_OCIO /D WITH_GLU /D WITH_GL_PROFILE_COMPAT /D GLEW_STATIC /D GLEW_NO_ES /D NDEBUG /D "CMAKE_INTDIR=\"RelWithDebInfo\"" /D _MBCS /Gm- /EHsc /MT /GS /fp:precise /Zc:wchar_t /Zc:forScope /GR /openmp /Fo"bf_intern_opencolorio.dir\RelWithDebInfo\\" /Fd"bf_intern_opencolorio.dir\RelWithDebInfo\vc120.pdb" /Gd /TC /wd4018 /wd4146 /wd4065 /wd4127 /wd4181 /wd4200 /wd4244 /wd4267 /wd4305 /wd4800 /errorReport:prompt /we4013 /we4431  /w34062 /J gpu_shader_display_transform.glsl.c
         gpu_shader_display_transform.glsl.c
       Lib:
         D:\Microsoft Visual Studio 12.0\VC\bin\x86_amd64\Lib.exe /OUT:"D:\blenderDev\product\lib\RelWithDebInfo\bf_intern_opencolorio.lib" /NOLOGO /MACHINE:X64  /ignore:4221 bf_intern_opencolorio.dir\RelWithDebInfo\ocio_capi.obj
         bf_intern_opencolorio.dir\RelWithDebInfo\fallback_impl.obj
         bf_intern_opencolorio.dir\RelWithDebInfo\ocio_impl.obj
         bf_intern_opencolorio.dir\RelWithDebInfo\ocio_impl_glsl.obj
         bf_intern_opencolorio.dir\RelWithDebInfo\gpu_shader_display_transform.glsl.obj
         bf_intern_opencolorio.vcxproj -> D:\blenderDev\product\lib\RelWithDebInfo\bf_intern_opencolorio.lib
     1>Done Building Project "D:\blenderDev\product\intern\opencolorio\bf_intern_opencolorio.vcxproj" (Build target(s)).

Build succeeded.

Time Elapsed 00:00:02.64
