Build started 2016/4/3 16:34:09.
     1>Project "D:\blenderDev\product\source\blender\compositor\bf_compositor.vcxproj" on node 2 (Build target(s)).
     1>ClCompile:
         D:\Microsoft Visual Studio 12.0\VC\bin\x86_amd64\CL.exe /c /ID:\blenderDev\lib\win64_vc12\pthreads\include /ID:\blenderDev\blender\source\blender\compositor /ID:\blenderDev\blender\source\blender\compositor\intern /ID:\blenderDev\blender\source\blender\compositor\nodes /ID:\blenderDev\blender\source\blender\compositor\operations /ID:\blenderDev\blender\source\blender\blenkernel /ID:\blenderDev\blender\source\blender\blenlib /ID:\blenderDev\blender\source\blender\blentranslation /ID:\blenderDev\blender\source\blender\imbuf /ID:\blenderDev\blender\source\blender\makesdna /ID:\blenderDev\blender\source\blender\makesrna /ID:\blenderDev\blender\source\blender\windowmanager /ID:\blenderDev\blender\source\blender\nodes /ID:\blenderDev\blender\source\blender\nodes\composite /ID:\blenderDev\blender\source\blender\nodes\intern /ID:\blenderDev\blender\source\blender\render\extern\include /ID:\blenderDev\blender\source\blender\render\intern\include /ID:\blenderDev\blender\extern\clew\include /ID:\blenderDev\blender\intern\guardedalloc /ID:\blenderDev\blender\intern\atomic /ID:\blenderDev\product\source\blender\compositor\operations /Zi /nologo /W3 /WX- /MP /Od /Ob0 /D WIN32 /D _WINDOWS /D _DEBUG /D WIN32 /D _CRT_NONSTDC_NO_DEPRECATE /D _CRT_SECURE_NO_DEPRECATE /D _SCL_SECURE_NO_DEPRECATE /D _CONSOLE /D _LIB /D _ALLOW_KEYWORD_MACROS /D _WIN32_WINNT=0x600 /D OIIO_STATIC_BUILD /D __SSE__ /D __MMX__ /D __SSE2__ /D __LITTLE_ENDIAN__ /D CL_USE_DEPRECATED_OPENCL_1_1_APIS /D WITH_INTERNATIONAL /D DEBUG /D _DEBUG /D "CMAKE_INTDIR=\"Debug\"" /D _MBCS /Gm- /EHsc /RTC1 /MTd /GS /fp:precise /Zc:wchar_t /Zc:forScope /GR /openmp /Fo"bf_compositor.dir\Debug\\" /Fd"bf_compositor.dir\Debug\vc120.pdb" /Gd /TP /wd4018 /wd4146 /wd4065 /wd4127 /wd4181 /wd4200 /wd4244 /wd4267 /wd4305 /wd4800 /errorReport:prompt /we4013 /we4431  /w34062 /J D:\blenderDev\blender\source\blender\compositor\intern\COM_WorkScheduler.cpp
         COM_WorkScheduler.cpp
       Lib:
         D:\Microsoft Visual Studio 12.0\VC\bin\x86_amd64\Lib.exe /OUT:"D:\blenderDev\product\lib\Debug\bf_compositor.lib" /NOLOGO /MACHINE:X64  /ignore:4221 bf_compositor.dir\Debug\COM_compositor.obj
         bf_compositor.dir\Debug\COM_ExecutionSystem.obj
         bf_compositor.dir\Debug\COM_NodeConverter.obj
         bf_compositor.dir\Debug\COM_NodeOperationBuilder.obj
         bf_compositor.dir\Debug\COM_NodeGraph.obj
         bf_compositor.dir\Debug\COM_Converter.obj
         bf_compositor.dir\Debug\COM_ExecutionGroup.obj
         bf_compositor.dir\Debug\COM_Node.obj
         bf_compositor.dir\Debug\COM_NodeOperation.obj
         bf_compositor.dir\Debug\COM_SocketReader.obj
         bf_compositor.dir\Debug\COM_MemoryProxy.obj
         bf_compositor.dir\Debug\COM_MemoryBuffer.obj
         bf_compositor.dir\Debug\COM_WorkScheduler.obj
         bf_compositor.dir\Debug\COM_WorkPackage.obj
         bf_compositor.dir\Debug\COM_ChunkOrder.obj
         bf_compositor.dir\Debug\COM_ChunkOrderHotspot.obj
         bf_compositor.dir\Debug\COM_Device.obj
         bf_compositor.dir\Debug\COM_CPUDevice.obj
         bf_compositor.dir\Debug\COM_OpenCLDevice.obj
         bf_compositor.dir\Debug\COM_CompositorContext.obj
         bf_compositor.dir\Debug\COM_SingleThreadedOperation.obj
         bf_compositor.dir\Debug\COM_Debug.obj
         bf_compositor.dir\Debug\COM_QualityStepHelper.obj
         bf_compositor.dir\Debug\COM_SocketProxyNode.obj
         bf_compositor.dir\Debug\COM_RenderLayersNode.obj
         bf_compositor.dir\Debug\COM_ImageNode.obj
         bf_compositor.dir\Debug\COM_TextureNode.obj
         bf_compositor.dir\Debug\COM_BokehImageNode.obj
         bf_compositor.dir\Debug\COM_ColorNode.obj
         bf_compositor.dir\Debug\COM_ValueNode.obj
         bf_compositor.dir\Debug\COM_TimeNode.obj
         bf_compositor.dir\Debug\COM_SwitchNode.obj
         bf_compositor.dir\Debug\COM_SwitchViewNode.obj
         bf_compositor.dir\Debug\COM_MovieClipNode.obj
         bf_compositor.dir\Debug\COM_OutputFileNode.obj
         bf_compositor.dir\Debug\COM_MaskNode.obj
         bf_compositor.dir\Debug\COM_CompositorNode.obj
         bf_compositor.dir\Debug\COM_ViewerNode.obj
         bf_compositor.dir\Debug\COM_SplitViewerNode.obj
         bf_compositor.dir\Debug\COM_ViewLevelsNode.obj
         bf_compositor.dir\Debug\COM_CalculateStandardDeviationOperation.obj
         bf_compositor.dir\Debug\COM_CalculateMeanOperation.obj
         bf_compositor.dir\Debug\COM_TranslateNode.obj
         bf_compositor.dir\Debug\COM_ScaleNode.obj
         bf_compositor.dir\Debug\COM_RotateNode.obj
         bf_compositor.dir\Debug\COM_FlipNode.obj
         bf_compositor.dir\Debug\COM_MapUVNode.obj
         bf_compositor.dir\Debug\COM_DisplaceNode.obj
         bf_compositor.dir\Debug\COM_DifferenceMatteNode.obj
         bf_compositor.dir\Debug\COM_LuminanceMatteNode.obj
         bf_compositor.dir\Debug\COM_DistanceMatteNode.obj
         bf_compositor.dir\Debug\COM_ChromaMatteNode.obj
         bf_compositor.dir\Debug\COM_ColorMatteNode.obj
         bf_compositor.dir\Debug\COM_ChannelMatteNode.obj
         bf_compositor.dir\Debug\COM_LensDistortionNode.obj
         bf_compositor.dir\Debug\COM_GlareNode.obj
         bf_compositor.dir\Debug\COM_SunBeamsNode.obj
         bf_compositor.dir\Debug\COM_SunBeamsOperation.obj
         bf_compositor.dir\Debug\COM_CornerPinNode.obj
         bf_compositor.dir\Debug\COM_PlaneTrackDeformNode.obj
         bf_compositor.dir\Debug\COM_CropNode.obj
         bf_compositor.dir\Debug\COM_CropOperation.obj
         bf_compositor.dir\Debug\COM_TransformNode.obj
         bf_compositor.dir\Debug\COM_Stabilize2dNode.obj
         bf_compositor.dir\Debug\COM_MovieDistortionNode.obj
         bf_compositor.dir\Debug\COM_DefocusNode.obj
         bf_compositor.dir\Debug\COM_VectorCurveNode.obj
         bf_compositor.dir\Debug\COM_ColorCurveNode.obj
         bf_compositor.dir\Debug\COM_ColorToBWNode.obj
         bf_compositor.dir\Debug\COM_ColorRampNode.obj
         bf_compositor.dir\Debug\COM_MixNode.obj
         bf_compositor.dir\Debug\COM_AlphaOverNode.obj
         bf_compositor.dir\Debug\COM_ZCombineNode.obj
         bf_compositor.dir\Debug\COM_BrightnessNode.obj
         bf_compositor.dir\Debug\COM_ColorBalanceNode.obj
         bf_compositor.dir\Debug\COM_InvertNode.obj
         bf_compositor.dir\Debug\COM_GammaNode.obj
         bf_compositor.dir\Debug\COM_SetAlphaNode.obj
         bf_compositor.dir\Debug\COM_ConvertAlphaNode.obj
         bf_compositor.dir\Debug\COM_HueSaturationValueNode.obj
         bf_compositor.dir\Debug\COM_HueSaturationValueCorrectNode.obj
         bf_compositor.dir\Debug\COM_ColorCorrectionNode.obj
         bf_compositor.dir\Debug\COM_TonemapNode.obj
         bf_compositor.dir\Debug\COM_TonemapOperation.obj
         bf_compositor.dir\Debug\COM_IDMaskNode.obj
         bf_compositor.dir\Debug\COM_SeparateColorNode.obj
         bf_compositor.dir\Debug\COM_CombineColorNode.obj
         bf_compositor.dir\Debug\COM_NormalNode.obj
         bf_compositor.dir\Debug\COM_NormalizeNode.obj
         bf_compositor.dir\Debug\COM_MathNode.obj
         bf_compositor.dir\Debug\COM_MapValueNode.obj
         bf_compositor.dir\Debug\COM_MapRangeNode.obj
         bf_compositor.dir\Debug\COM_NormalizeOperation.obj
         bf_compositor.dir\Debug\COM_PixelateNode.obj
         bf_compositor.dir\Debug\COM_PixelateOperation.obj
         bf_compositor.dir\Debug\COM_BilateralBlurNode.obj
         bf_compositor.dir\Debug\COM_BilateralBlurOperation.obj
         bf_compositor.dir\Debug\COM_VectorBlurNode.obj
         bf_compositor.dir\Debug\COM_VectorBlurOperation.obj
         bf_compositor.dir\Debug\COM_FilterNode.obj
         bf_compositor.dir\Debug\COM_DespeckleNode.obj
         bf_compositor.dir\Debug\COM_DilateErodeNode.obj
         bf_compositor.dir\Debug\COM_InpaintNode.obj
         bf_compositor.dir\Debug\COM_BlurNode.obj
         bf_compositor.dir\Debug\COM_BokehBlurNode.obj
         bf_compositor.dir\Debug\COM_DirectionalBlurNode.obj
         bf_compositor.dir\Debug\COM_GaussianAlphaXBlurOperation.obj
         bf_compositor.dir\Debug\COM_GaussianAlphaYBlurOperation.obj
         bf_compositor.dir\Debug\COM_GaussianXBlurOperation.obj
         bf_compositor.dir\Debug\COM_GaussianYBlurOperation.obj
         bf_compositor.dir\Debug\COM_GaussianBokehBlurOperation.obj
         bf_compositor.dir\Debug\COM_BokehBlurOperation.obj
         bf_compositor.dir\Debug\COM_VariableSizeBokehBlurOperation.obj
         bf_compositor.dir\Debug\COM_FastGaussianBlurOperation.obj
         bf_compositor.dir\Debug\COM_BlurBaseOperation.obj
         bf_compositor.dir\Debug\COM_DirectionalBlurOperation.obj
         bf_compositor.dir\Debug\COM_MovieClipAttributeOperation.obj
         bf_compositor.dir\Debug\COM_MovieDistortionOperation.obj
         bf_compositor.dir\Debug\COM_GammaCorrectOperation.obj
         bf_compositor.dir\Debug\COM_BoxMaskNode.obj
         bf_compositor.dir\Debug\COM_EllipseMaskNode.obj
         bf_compositor.dir\Debug\COM_ColorSpillNode.obj
         bf_compositor.dir\Debug\COM_DoubleEdgeMaskNode.obj
         bf_compositor.dir\Debug\COM_DoubleEdgeMaskOperation.obj
         bf_compositor.dir\Debug\COM_KeyingScreenNode.obj
         bf_compositor.dir\Debug\COM_KeyingScreenOperation.obj
         bf_compositor.dir\Debug\COM_TrackPositionNode.obj
         bf_compositor.dir\Debug\COM_TrackPositionOperation.obj
         bf_compositor.dir\Debug\COM_KeyingNode.obj
         bf_compositor.dir\Debug\COM_KeyingOperation.obj
         bf_compositor.dir\Debug\COM_KeyingBlurOperation.obj
         bf_compositor.dir\Debug\COM_KeyingDespillOperation.obj
         bf_compositor.dir\Debug\COM_KeyingClipOperation.obj
         bf_compositor.dir\Debug\COM_ColorSpillOperation.obj
         bf_compositor.dir\Debug\COM_RenderLayersProg.obj
         bf_compositor.dir\Debug\COM_ImageOperation.obj
         bf_compositor.dir\Debug\COM_MultilayerImageOperation.obj
         bf_compositor.dir\Debug\COM_TextureOperation.obj
         bf_compositor.dir\Debug\COM_BokehImageOperation.obj
         bf_compositor.dir\Debug\COM_SocketProxyOperation.obj
         bf_compositor.dir\Debug\COM_CompositorOperation.obj
         bf_compositor.dir\Debug\COM_OutputFileOperation.obj
         bf_compositor.dir\Debug\COM_OutputFileMultiViewOperation.obj
         bf_compositor.dir\Debug\COM_ViewerOperation.obj
         bf_compositor.dir\Debug\COM_PreviewOperation.obj
         bf_compositor.dir\Debug\COM_SplitOperation.obj
         bf_compositor.dir\Debug\COM_ConvertDepthToRadiusOperation.obj
         bf_compositor.dir\Debug\COM_ZCombineOperation.obj
         bf_compositor.dir\Debug\COM_ChangeHSVOperation.obj
         bf_compositor.dir\Debug\COM_ColorCurveOperation.obj
         bf_compositor.dir\Debug\COM_ColorRampOperation.obj
         bf_compositor.dir\Debug\COM_VectorCurveOperation.obj
         bf_compositor.dir\Debug\COM_CurveBaseOperation.obj
         bf_compositor.dir\Debug\COM_HueSaturationValueCorrectOperation.obj
         bf_compositor.dir\Debug\COM_DifferenceMatteOperation.obj
         bf_compositor.dir\Debug\COM_LuminanceMatteOperation.obj
         bf_compositor.dir\Debug\COM_DistanceRGBMatteOperation.obj
         bf_compositor.dir\Debug\COM_DistanceYCCMatteOperation.obj
         bf_compositor.dir\Debug\COM_ChromaMatteOperation.obj
         bf_compositor.dir\Debug\COM_ColorMatteOperation.obj
         bf_compositor.dir\Debug\COM_ChannelMatteOperation.obj
         bf_compositor.dir\Debug\COM_ReadBufferOperation.obj
         bf_compositor.dir\Debug\COM_WriteBufferOperation.obj
         bf_compositor.dir\Debug\COM_MixOperation.obj
         bf_compositor.dir\Debug\COM_BrightnessOperation.obj
         bf_compositor.dir\Debug\COM_GammaOperation.obj
         bf_compositor.dir\Debug\COM_ColorCorrectionOperation.obj
         bf_compositor.dir\Debug\COM_SetValueOperation.obj
         bf_compositor.dir\Debug\COM_SetColorOperation.obj
         bf_compositor.dir\Debug\COM_SetVectorOperation.obj
         bf_compositor.dir\Debug\COM_MathBaseOperation.obj
         bf_compositor.dir\Debug\COM_AlphaOverMixedOperation.obj
         bf_compositor.dir\Debug\COM_AlphaOverPremultiplyOperation.obj
         bf_compositor.dir\Debug\COM_AlphaOverKeyOperation.obj
         bf_compositor.dir\Debug\COM_ColorBalanceLGGOperation.obj
         bf_compositor.dir\Debug\COM_ColorBalanceASCCDLOperation.obj
         bf_compositor.dir\Debug\COM_InvertOperation.obj
         bf_compositor.dir\Debug\COM_SetAlphaOperation.obj
         bf_compositor.dir\Debug\COM_MapValueOperation.obj
         bf_compositor.dir\Debug\COM_MapRangeOperation.obj
         bf_compositor.dir\Debug\COM_TranslateOperation.obj
         bf_compositor.dir\Debug\COM_WrapOperation.obj
         bf_compositor.dir\Debug\COM_RotateOperation.obj
         bf_compositor.dir\Debug\COM_ScaleOperation.obj
         bf_compositor.dir\Debug\COM_MapUVOperation.obj
         bf_compositor.dir\Debug\COM_DisplaceOperation.obj
         bf_compositor.dir\Debug\COM_DisplaceSimpleOperation.obj
         bf_compositor.dir\Debug\COM_FlipOperation.obj
         bf_compositor.dir\Debug\COM_ProjectorLensDistortionOperation.obj
         bf_compositor.dir\Debug\COM_ScreenLensDistortionOperation.obj
         bf_compositor.dir\Debug\COM_PlaneDistortCommonOperation.obj
         bf_compositor.dir\Debug\COM_PlaneTrackOperation.obj
         bf_compositor.dir\Debug\COM_PlaneCornerPinOperation.obj
         bf_compositor.dir\Debug\COM_ConvolutionFilterOperation.obj
         bf_compositor.dir\Debug\COM_ConvolutionEdgeFilterOperation.obj
         bf_compositor.dir\Debug\COM_DespeckleOperation.obj
         bf_compositor.dir\Debug\COM_DilateErodeOperation.obj
         bf_compositor.dir\Debug\COM_InpaintOperation.obj
         bf_compositor.dir\Debug\COM_GlareThresholdOperation.obj
         bf_compositor.dir\Debug\COM_GlareBaseOperation.obj
         bf_compositor.dir\Debug\COM_GlareSimpleStarOperation.obj
         bf_compositor.dir\Debug\COM_GlareStreaksOperation.obj
         bf_compositor.dir\Debug\COM_GlareGhostOperation.obj
         bf_compositor.dir\Debug\COM_GlareFogGlowOperation.obj
         bf_compositor.dir\Debug\COM_SetSamplerOperation.obj
         bf_compositor.dir\Debug\COM_IDMaskOperation.obj
         bf_compositor.dir\Debug\COM_ConvertOperation.obj
         bf_compositor.dir\Debug\COM_DotproductOperation.obj
         bf_compositor.dir\Debug\COM_BoxMaskOperation.obj
         bf_compositor.dir\Debug\COM_EllipseMaskOperation.obj
         bf_compositor.dir\Debug\COM_MovieClipOperation.obj
         bf_compositor.dir\Debug\COM_ConvertColorProfileOperation.obj
         bf_compositor.dir\Debug\COM_AntiAliasOperation.obj
         bf_compositor.dir\Debug\COM_MaskOperation.obj
         bf_compositor.vcxproj -> D:\blenderDev\product\lib\Debug\bf_compositor.lib
     1>Done Building Project "D:\blenderDev\product\source\blender\compositor\bf_compositor.vcxproj" (Build target(s)).

Build succeeded.

Time Elapsed 00:00:19.65
