Build started 2016/4/2 8:28:57.
     1>Project "D:\blenderDev\product\source\gameengine\Ketsji\KXNetwork\ge_logic_network.vcxproj" on node 2 (Build target(s)).
     1>CustomBuild:
         Building Custom Rule D:/blenderDev/blender/source/gameengine/Ketsji/KXNetwork/CMakeLists.txt
         CMake does not need to re-run because D:\blenderDev\product\source\gameengine\Ketsji\KXNetwork\CMakeFiles\generate.stamp is up-to-date.
       ClCompile:
         D:\Microsoft Visual Studio 12.0\VC\bin\x86_amd64\CL.exe /c /ID:\blenderDev\lib\win64_vc12\pthreads\include /ID:\blenderDev\lib\win64_vc12\python\include\python3.5 /ID:\blenderDev\blender\source\gameengine\Ketsji\KXNetwork /ID:\blenderDev\blender\source\gameengine\Ketsji /ID:\blenderDev\blender\source\gameengine\Expressions /ID:\blenderDev\blender\source\gameengine\GameLogic /ID:\blenderDev\blender\source\gameengine\Network /ID:\blenderDev\blender\source\gameengine\SceneGraph /ID:\blenderDev\blender\source\blender\blenlib /ID:\blenderDev\blender\intern\container /ID:\blenderDev\blender\intern\string /ID:\blenderDev\blender\intern\moto\include /Zi /nologo /W3 /WX- /MP /Od /Ob0 /D WIN32 /D _WINDOWS /D _DEBUG /D WIN32 /D _CRT_NONSTDC_NO_DEPRECATE /D _CRT_SECURE_NO_DEPRECATE /D _SCL_SECURE_NO_DEPRECATE /D _CONSOLE /D _LIB /D _ALLOW_KEYWORD_MACROS /D _WIN32_WINNT=0x600 /D OIIO_STATIC_BUILD /D __SSE__ /D __MMX__ /D __SSE2__ /D __LITTLE_ENDIAN__ /D WITH_PYTHON /D DEBUG /D _DEBUG /D "CMAKE_INTDIR=\"Debug\"" /D _MBCS /Gm- /EHsc /RTC1 /MTd /GS /fp:precise /Zc:wchar_t /Zc:forScope /GR /openmp /Fo"ge_logic_network.dir\Debug\\" /Fd"ge_logic_network.dir\Debug\vc120.pdb" /Gd /TP /wd4018 /wd4146 /wd4065 /wd4127 /wd4181 /wd4200 /wd4244 /wd4267 /wd4305 /wd4800 /errorReport:prompt /we4013 /we4431  /w34062 /J D:\blenderDev\blender\source\gameengine\Ketsji\KXNetwork\KX_NetworkEventManager.cpp D:\blenderDev\blender\source\gameengine\Ketsji\KXNetwork\KX_NetworkMessageActuator.cpp D:\blenderDev\blender\source\gameengine\Ketsji\KXNetwork\KX_NetworkMessageSensor.cpp D:\blenderDev\blender\source\gameengine\Ketsji\KXNetwork\KX_NetworkObjectActuator.cpp D:\blenderDev\blender\source\gameengine\Ketsji\KXNetwork\KX_NetworkObjectSensor.cpp
         KX_NetworkEventManager.cpp
         KX_NetworkMessageActuator.cpp
         KX_NetworkMessageSensor.cpp
         KX_NetworkObjectActuator.cpp
         KX_NetworkObjectSensor.cpp
       Lib:
         D:\Microsoft Visual Studio 12.0\VC\bin\x86_amd64\Lib.exe /OUT:"D:\blenderDev\product\lib\Debug\ge_logic_network.lib" /NOLOGO /MACHINE:X64  /ignore:4221 ge_logic_network.dir\Debug\KX_NetworkEventManager.obj
         ge_logic_network.dir\Debug\KX_NetworkMessageActuator.obj
         ge_logic_network.dir\Debug\KX_NetworkMessageSensor.obj
         ge_logic_network.dir\Debug\KX_NetworkObjectActuator.obj
         ge_logic_network.dir\Debug\KX_NetworkObjectSensor.obj
         ge_logic_network.vcxproj -> D:\blenderDev\product\lib\Debug\ge_logic_network.lib
     1>Done Building Project "D:\blenderDev\product\source\gameengine\Ketsji\KXNetwork\ge_logic_network.vcxproj" (Build target(s)).

Build succeeded.

Time Elapsed 00:00:01.95
