Build started 2016/4/2 9:22:35.
     1>Project "D:\blenderDev\product\source\blender\imbuf\intern\cineon\bf_imbuf_cineon.vcxproj" on node 2 (Build target(s)).
     1>CustomBuild:
         Building Custom Rule D:/blenderDev/blender/source/blender/imbuf/intern/cineon/CMakeLists.txt
         CMake does not need to re-run because D:\blenderDev\product\source\blender\imbuf\intern\cineon\CMakeFiles\generate.stamp is up-to-date.
       ClCompile:
         D:\Microsoft Visual Studio 12.0\VC\bin\x86_amd64\CL.exe /c /ID:\blenderDev\lib\win64_vc12\pthreads\include /ID:\blenderDev\blender\source\blender\imbuf\intern\cineon /ID:\blenderDev\blender\source\blender\imbuf\intern /ID:\blenderDev\blender\source\blender\imbuf /ID:\blenderDev\blender\source\blender\blenkernel /ID:\blenderDev\blender\source\blender\blenlib /ID:\blenderDev\blender\source\blender\makesdna /ID:\blenderDev\blender\intern\guardedalloc /Zi /nologo /W3 /WX- /MP /O2 /Ob1 /D WIN32 /D _WINDOWS /D NDEBUG /D WIN32 /D _CRT_NONSTDC_NO_DEPRECATE /D _CRT_SECURE_NO_DEPRECATE /D _SCL_SECURE_NO_DEPRECATE /D _CONSOLE /D _LIB /D _ALLOW_KEYWORD_MACROS /D _WIN32_WINNT=0x600 /D OIIO_STATIC_BUILD /D __SSE__ /D __MMX__ /D __SSE2__ /D __LITTLE_ENDIAN__ /D WITH_CINEON /D NDEBUG /D "CMAKE_INTDIR=\"RelWithDebInfo\"" /D _MBCS /Gm- /MT /GS /fp:precise /Zc:wchar_t /Zc:forScope /openmp /Fo"bf_imbuf_cineon.dir\RelWithDebInfo\\" /Fd"bf_imbuf_cineon.dir\RelWithDebInfo\vc120.pdb" /Gd /TC /wd4018 /wd4146 /wd4065 /wd4127 /wd4181 /wd4200 /wd4244 /wd4267 /wd4305 /wd4800 /errorReport:prompt /we4013 /we4431  /w34062 /J D:\blenderDev\blender\source\blender\imbuf\intern\cineon\cineon_dpx.c D:\blenderDev\blender\source\blender\imbuf\intern\cineon\cineonlib.c D:\blenderDev\blender\source\blender\imbuf\intern\cineon\dpxlib.c D:\blenderDev\blender\source\blender\imbuf\intern\cineon\logImageCore.c D:\blenderDev\blender\source\blender\imbuf\intern\cineon\logmemfile.c
         cineon_dpx.c
         cineonlib.c
         dpxlib.c
         logImageCore.c
         logmemfile.c
       Lib:
         D:\Microsoft Visual Studio 12.0\VC\bin\x86_amd64\Lib.exe /OUT:"D:\blenderDev\product\lib\RelWithDebInfo\bf_imbuf_cineon.lib" /NOLOGO /MACHINE:X64  /ignore:4221 bf_imbuf_cineon.dir\RelWithDebInfo\cineon_dpx.obj
         bf_imbuf_cineon.dir\RelWithDebInfo\cineonlib.obj
         bf_imbuf_cineon.dir\RelWithDebInfo\dpxlib.obj
         bf_imbuf_cineon.dir\RelWithDebInfo\logImageCore.obj
         bf_imbuf_cineon.dir\RelWithDebInfo\logmemfile.obj
         bf_imbuf_cineon.vcxproj -> D:\blenderDev\product\lib\RelWithDebInfo\bf_imbuf_cineon.lib
     1>Done Building Project "D:\blenderDev\product\source\blender\imbuf\intern\cineon\bf_imbuf_cineon.vcxproj" (Build target(s)).

Build succeeded.

Time Elapsed 00:00:00.82
