Build started 2016/4/2 9:26:20.
     1>Project "D:\blenderDev\product\source\blender\render\bf_render.vcxproj" on node 5 (Build target(s)).
     1>CustomBuild:
         Building Custom Rule D:/blenderDev/blender/source/blender/render/CMakeLists.txt
         CMake does not need to re-run because D:\blenderDev\product\source\blender\render\CMakeFiles\generate.stamp is up-to-date.
       ClCompile:
         D:\Microsoft Visual Studio 12.0\VC\bin\x86_amd64\CL.exe /c /ID:\blenderDev\lib\win64_vc12\pthreads\include /ID:\blenderDev\blender\source\blender\render\extern\include /ID:\blenderDev\blender\source\blender\render\intern\include /ID:\blenderDev\blender\source\blender\blenkernel /ID:\blenderDev\blender\source\blender\blenlib /ID:\blenderDev\blender\source\blender\blentranslation /ID:\blenderDev\blender\source\blender\imbuf /ID:\blenderDev\blender\source\blender\depsgraph /ID:\blenderDev\blender\source\blender\makesdna /ID:\blenderDev\blender\source\blender\makesrna /ID:\blenderDev\blender\source\blender\physics /ID:\blenderDev\blender\intern\guardedalloc /ID:\blenderDev\blender\intern\mikktspace /ID:\blenderDev\blender\intern\smoke\extern /ID:\blenderDev\blender\source\blender\python /ID:\blenderDev\blender\source\blender\freestyle /Zi /nologo /W3 /WX- /MP /O2 /Ob1 /D WIN32 /D _WINDOWS /D NDEBUG /D WIN32 /D _CRT_NONSTDC_NO_DEPRECATE /D _CRT_SECURE_NO_DEPRECATE /D _SCL_SECURE_NO_DEPRECATE /D _CONSOLE /D _LIB /D _ALLOW_KEYWORD_MACROS /D _WIN32_WINNT=0x600 /D OIIO_STATIC_BUILD /D __SSE__ /D __MMX__ /D __SSE2__ /D __LITTLE_ENDIAN__ /D WITH_PYTHON /D WITH_OPENEXR /D WITH_SMOKE /D WITH_FREESTYLE /D WITH_GAMEENGINE /D WITH_INTERNATIONAL /D NDEBUG /D "CMAKE_INTDIR=\"RelWithDebInfo\"" /D _MBCS /Gm- /EHsc /MT /GS /fp:precise /Zc:wchar_t /Zc:forScope /GR /openmp /Fo"bf_render.dir\RelWithDebInfo\\" /Fd"bf_render.dir\RelWithDebInfo\vc120.pdb" /Gd /TP /wd4018 /wd4146 /wd4065 /wd4127 /wd4181 /wd4200 /wd4244 /wd4267 /wd4305 /wd4800 /errorReport:prompt /we4013 /we4431  /w34062 /J D:\blenderDev\blender\source\blender\render\intern\raytrace\rayobject.cpp D:\blenderDev\blender\source\blender\render\intern\raytrace\rayobject_empty.cpp D:\blenderDev\blender\source\blender\render\intern\raytrace\rayobject_octree.cpp D:\blenderDev\blender\source\blender\render\intern\raytrace\rayobject_raycounter.cpp D:\blenderDev\blender\source\blender\render\intern\raytrace\rayobject_svbvh.cpp D:\blenderDev\blender\source\blender\render\intern\raytrace\rayobject_instance.cpp D:\blenderDev\blender\source\blender\render\intern\raytrace\rayobject_qbvh.cpp D:\blenderDev\blender\source\blender\render\intern\raytrace\rayobject_rtbuild.cpp D:\blenderDev\blender\source\blender\render\intern\raytrace\rayobject_vbvh.cpp
         rayobject.cpp
         rayobject_empty.cpp
         rayobject_octree.cpp
         rayobject_raycounter.cpp
         rayobject_svbvh.cpp
         rayobject_instance.cpp
     1>D:\blenderDev\blender\source\blender\blenkernel\BKE_main.h(57): warning C4200: nonstandard extension used : zero-sized array in struct/union (D:\blenderDev\blender\source\blender\render\intern\raytrace\rayobject.cpp)
                 Cannot generate copy-ctor or copy-assignment operator when UDT contains a zero-sized array
         rayobject_qbvh.cpp
         rayobject_rtbuild.cpp
         rayobject_vbvh.cpp
         D:\Microsoft Visual Studio 12.0\VC\bin\x86_amd64\CL.exe /c /ID:\blenderDev\lib\win64_vc12\pthreads\include /ID:\blenderDev\blender\source\blender\render\extern\include /ID:\blenderDev\blender\source\blender\render\intern\include /ID:\blenderDev\blender\source\blender\blenkernel /ID:\blenderDev\blender\source\blender\blenlib /ID:\blenderDev\blender\source\blender\blentranslation /ID:\blenderDev\blender\source\blender\imbuf /ID:\blenderDev\blender\source\blender\depsgraph /ID:\blenderDev\blender\source\blender\makesdna /ID:\blenderDev\blender\source\blender\makesrna /ID:\blenderDev\blender\source\blender\physics /ID:\blenderDev\blender\intern\guardedalloc /ID:\blenderDev\blender\intern\mikktspace /ID:\blenderDev\blender\intern\smoke\extern /ID:\blenderDev\blender\source\blender\python /ID:\blenderDev\blender\source\blender\freestyle /Zi /nologo /W3 /WX- /MP /O2 /Ob1 /D WIN32 /D _WINDOWS /D NDEBUG /D WIN32 /D _CRT_NONSTDC_NO_DEPRECATE /D _CRT_SECURE_NO_DEPRECATE /D _SCL_SECURE_NO_DEPRECATE /D _CONSOLE /D _LIB /D _ALLOW_KEYWORD_MACROS /D _WIN32_WINNT=0x600 /D OIIO_STATIC_BUILD /D __SSE__ /D __MMX__ /D __SSE2__ /D __LITTLE_ENDIAN__ /D WITH_PYTHON /D WITH_OPENEXR /D WITH_SMOKE /D WITH_FREESTYLE /D WITH_GAMEENGINE /D WITH_INTERNATIONAL /D NDEBUG /D "CMAKE_INTDIR=\"RelWithDebInfo\"" /D _MBCS /Gm- /EHsc /MT /GS /fp:precise /Zc:wchar_t /Zc:forScope /GR /openmp /Fo"bf_render.dir\RelWithDebInfo\\" /Fd"bf_render.dir\RelWithDebInfo\vc120.pdb" /Gd /TC /wd4018 /wd4146 /wd4065 /wd4127 /wd4181 /wd4200 /wd4244 /wd4267 /wd4305 /wd4800 /errorReport:prompt /we4013 /we4431  /w34062 /J D:\blenderDev\blender\source\blender\render\intern\source\bake.c D:\blenderDev\blender\source\blender\render\intern\source\bake_api.c D:\blenderDev\blender\source\blender\render\intern\source\convertblender.c D:\blenderDev\blender\source\blender\render\intern\source\envmap.c D:\blenderDev\blender\source\blender\render\intern\source\external_engine.c D:\blenderDev\blender\source\blender\render\intern\source\imagetexture.c D:\blenderDev\blender\source\blender\render\intern\source\initrender.c D:\blenderDev\blender\source\blender\render\intern\source\multires_bake.c D:\blenderDev\blender\source\blender\render\intern\source\occlusion.c D:\blenderDev\blender\source\blender\render\intern\source\pipeline.c D:\blenderDev\blender\source\blender\render\intern\source\pixelblending.c D:\blenderDev\blender\source\blender\render\intern\source\pixelshading.c D:\blenderDev\blender\source\blender\render\intern\source\pointdensity.c D:\blenderDev\blender\source\blender\render\intern\source\rayshade.c D:\blenderDev\blender\source\blender\render\intern\source\rendercore.c D:\blenderDev\blender\source\blender\render\intern\source\render_result.c D:\blenderDev\blender\source\blender\render\intern\source\render_texture.c D:\blenderDev\blender\source\blender\render\intern\source\renderdatabase.c D:\blenderDev\blender\source\blender\render\intern\source\shadbuf.c D:\blenderDev\blender\source\blender\render\intern\source\shadeinput.c D:\blenderDev\blender\source\blender\render\intern\source\shadeoutput.c D:\blenderDev\blender\source\blender\render\intern\source\sss.c D:\blenderDev\blender\source\blender\render\intern\source\strand.c D:\blenderDev\blender\source\blender\render\intern\source\sunsky.c D:\blenderDev\blender\source\blender\render\intern\source\texture_ocean.c D:\blenderDev\blender\source\blender\render\intern\source\volume_precache.c D:\blenderDev\blender\source\blender\render\intern\source\volumetric.c D:\blenderDev\blender\source\blender\render\intern\source\voxeldata.c D:\blenderDev\blender\source\blender\render\intern\source\zbuf.c
         bake.c
         bake_api.c
         convertblender.c
         envmap.c
         external_engine.c
         imagetexture.c
         initrender.c
         multires_bake.c
         occlusion.c
         pipeline.c
         pixelblending.c
         pixelshading.c
         pointdensity.c
         rayshade.c
         rendercore.c
         render_result.c
         render_texture.c
         renderdatabase.c
         shadbuf.c
         shadeinput.c
         shadeoutput.c
         sss.c
         strand.c
         sunsky.c
         texture_ocean.c
         volume_precache.c
         volumetric.c
         voxeldata.c
         zbuf.c
       Lib:
         D:\Microsoft Visual Studio 12.0\VC\bin\x86_amd64\Lib.exe /OUT:"D:\blenderDev\product\lib\RelWithDebInfo\bf_render.lib" /NOLOGO /MACHINE:X64  /ignore:4221 bf_render.dir\RelWithDebInfo\rayobject.obj
         bf_render.dir\RelWithDebInfo\rayobject_empty.obj
         bf_render.dir\RelWithDebInfo\rayobject_octree.obj
         bf_render.dir\RelWithDebInfo\rayobject_raycounter.obj
         bf_render.dir\RelWithDebInfo\rayobject_svbvh.obj
         bf_render.dir\RelWithDebInfo\rayobject_instance.obj
         bf_render.dir\RelWithDebInfo\rayobject_qbvh.obj
         bf_render.dir\RelWithDebInfo\rayobject_rtbuild.obj
         bf_render.dir\RelWithDebInfo\rayobject_vbvh.obj
         bf_render.dir\RelWithDebInfo\bake.obj
         bf_render.dir\RelWithDebInfo\bake_api.obj
         bf_render.dir\RelWithDebInfo\convertblender.obj
         bf_render.dir\RelWithDebInfo\envmap.obj
         bf_render.dir\RelWithDebInfo\external_engine.obj
         bf_render.dir\RelWithDebInfo\imagetexture.obj
         bf_render.dir\RelWithDebInfo\initrender.obj
         bf_render.dir\RelWithDebInfo\multires_bake.obj
         bf_render.dir\RelWithDebInfo\occlusion.obj
         bf_render.dir\RelWithDebInfo\pipeline.obj
         bf_render.dir\RelWithDebInfo\pixelblending.obj
         bf_render.dir\RelWithDebInfo\pixelshading.obj
         bf_render.dir\RelWithDebInfo\pointdensity.obj
         bf_render.dir\RelWithDebInfo\rayshade.obj
         bf_render.dir\RelWithDebInfo\rendercore.obj
         bf_render.dir\RelWithDebInfo\render_result.obj
         bf_render.dir\RelWithDebInfo\render_texture.obj
         bf_render.dir\RelWithDebInfo\renderdatabase.obj
         bf_render.dir\RelWithDebInfo\shadbuf.obj
         bf_render.dir\RelWithDebInfo\shadeinput.obj
         bf_render.dir\RelWithDebInfo\shadeoutput.obj
         bf_render.dir\RelWithDebInfo\sss.obj
         bf_render.dir\RelWithDebInfo\strand.obj
         bf_render.dir\RelWithDebInfo\sunsky.obj
         bf_render.dir\RelWithDebInfo\texture_ocean.obj
         bf_render.dir\RelWithDebInfo\volume_precache.obj
         bf_render.dir\RelWithDebInfo\volumetric.obj
         bf_render.dir\RelWithDebInfo\voxeldata.obj
         bf_render.dir\RelWithDebInfo\zbuf.obj
         bf_render.vcxproj -> D:\blenderDev\product\lib\RelWithDebInfo\bf_render.lib
     1>Done Building Project "D:\blenderDev\product\source\blender\render\bf_render.vcxproj" (Build target(s)).

Build succeeded.

Time Elapsed 00:00:12.80
