Build started 2016/4/2 8:22:13.
     1>Project "D:\blenderDev\product\source\blender\bmesh\bf_bmesh.vcxproj" on node 4 (Build target(s)).
     1>CustomBuild:
         Building Custom Rule D:/blenderDev/blender/source/blender/bmesh/CMakeLists.txt
         CMake does not need to re-run because D:\blenderDev\product\source\blender\bmesh\CMakeFiles\generate.stamp is up-to-date.
       ClCompile:
         D:\Microsoft Visual Studio 12.0\VC\bin\x86_amd64\CL.exe /c /ID:\blenderDev\lib\win64_vc12\pthreads\include /ID:\blenderDev\blender\source\blender\bmesh /ID:\blenderDev\blender\source\blender\blenkernel /ID:\blenderDev\blender\source\blender\blenlib /ID:\blenderDev\blender\source\blender\blentranslation /ID:\blenderDev\blender\source\blender\makesdna /ID:\blenderDev\blender\intern\guardedalloc /ID:\blenderDev\blender\intern\eigen /ID:\blenderDev\blender\extern\rangetree /ID:\blenderDev\blender\extern\bullet2\src /Zi /nologo /W3 /WX /MP /Od /Ob0 /D WIN32 /D _WINDOWS /D _DEBUG /D WIN32 /D _CRT_NONSTDC_NO_DEPRECATE /D _CRT_SECURE_NO_DEPRECATE /D _SCL_SECURE_NO_DEPRECATE /D _CONSOLE /D _LIB /D _ALLOW_KEYWORD_MACROS /D _WIN32_WINNT=0x600 /D OIIO_STATIC_BUILD /D __SSE__ /D __MMX__ /D __SSE2__ /D __LITTLE_ENDIAN__ /D WITH_BULLET /D WITH_INTERNATIONAL /D WITH_FREESTYLE /D DEBUG /D _DEBUG /D "CMAKE_INTDIR=\"Debug\"" /D _MBCS /Gm- /RTC1 /MTd /GS /fp:precise /Zc:wchar_t /Zc:forScope /openmp /Fo"bf_bmesh.dir\Debug\\" /Fd"bf_bmesh.dir\Debug\vc120.pdb" /Gd /TC /wd4018 /wd4146 /wd4065 /wd4127 /wd4181 /wd4200 /wd4244 /wd4267 /wd4305 /wd4800 /wd4101 /errorReport:prompt /we4013 /we4431  /w34062 /J D:\blenderDev\blender\source\blender\bmesh\operators\bmo_beautify.c D:\blenderDev\blender\source\blender\bmesh\operators\bmo_bevel.c D:\blenderDev\blender\source\blender\bmesh\operators\bmo_bisect_plane.c D:\blenderDev\blender\source\blender\bmesh\operators\bmo_bridge.c D:\blenderDev\blender\source\blender\bmesh\operators\bmo_connect.c D:\blenderDev\blender\source\blender\bmesh\operators\bmo_connect_concave.c D:\blenderDev\blender\source\blender\bmesh\operators\bmo_connect_nonplanar.c D:\blenderDev\blender\source\blender\bmesh\operators\bmo_connect_pair.c D:\blenderDev\blender\source\blender\bmesh\operators\bmo_create.c D:\blenderDev\blender\source\blender\bmesh\operators\bmo_dissolve.c D:\blenderDev\blender\source\blender\bmesh\operators\bmo_dupe.c D:\blenderDev\blender\source\blender\bmesh\operators\bmo_edgenet.c D:\blenderDev\blender\source\blender\bmesh\operators\bmo_extrude.c D:\blenderDev\blender\source\blender\bmesh\operators\bmo_fill_attribute.c D:\blenderDev\blender\source\blender\bmesh\operators\bmo_fill_edgeloop.c D:\blenderDev\blender\source\blender\bmesh\operators\bmo_fill_grid.c D:\blenderDev\blender\source\blender\bmesh\operators\bmo_fill_holes.c D:\blenderDev\blender\source\blender\bmesh\operators\bmo_hull.c D:\blenderDev\blender\source\blender\bmesh\operators\bmo_inset.c D:\blenderDev\blender\source\blender\bmesh\operators\bmo_join_triangles.c D:\blenderDev\blender\source\blender\bmesh\operators\bmo_mesh_conv.c D:\blenderDev\blender\source\blender\bmesh\operators\bmo_mirror.c D:\blenderDev\blender\source\blender\bmesh\operators\bmo_normals.c D:\blenderDev\blender\source\blender\bmesh\operators\bmo_offset_edgeloops.c D:\blenderDev\blender\source\blender\bmesh\operators\bmo_planar_faces.c D:\blenderDev\blender\source\blender\bmesh\operators\bmo_poke.c D:\blenderDev\blender\source\blender\bmesh\operators\bmo_primitive.c D:\blenderDev\blender\source\blender\bmesh\operators\bmo_removedoubles.c D:\blenderDev\blender\source\blender\bmesh\operators\bmo_similar.c D:\blenderDev\blender\source\blender\bmesh\operators\bmo_smooth_laplacian.c D:\blenderDev\blender\source\blender\bmesh\operators\bmo_split_edges.c D:\blenderDev\blender\source\blender\bmesh\operators\bmo_subdivide.c D:\blenderDev\blender\source\blender\bmesh\operators\bmo_subdivide_edgering.c D:\blenderDev\blender\source\blender\bmesh\operators\bmo_symmetrize.c D:\blenderDev\blender\source\blender\bmesh\operators\bmo_triangulate.c D:\blenderDev\blender\source\blender\bmesh\operators\bmo_unsubdivide.c D:\blenderDev\blender\source\blender\bmesh\operators\bmo_utils.c D:\blenderDev\blender\source\blender\bmesh\operators\bmo_wireframe.c D:\blenderDev\blender\source\blender\bmesh\intern\bmesh_callback_generic.c D:\blenderDev\blender\source\blender\bmesh\intern\bmesh_construct.c D:\blenderDev\blender\source\blender\bmesh\intern\bmesh_core.c D:\blenderDev\blender\source\blender\bmesh\intern\bmesh_edgeloop.c D:\blenderDev\blender\source\blender\bmesh\intern\bmesh_delete.c D:\blenderDev\blender\source\blender\bmesh\intern\bmesh_interp.c D:\blenderDev\blender\source\blender\bmesh\intern\bmesh_iterators.c D:\blenderDev\blender\source\blender\bmesh\intern\bmesh_log.c D:\blenderDev\blender\source\blender\bmesh\intern\bmesh_marking.c D:\blenderDev\blender\source\blender\bmesh\intern\bmesh_mesh.c D:\blenderDev\blender\source\blender\bmesh\intern\bmesh_mesh_conv.c D:\blenderDev\blender\source\blender\bmesh\intern\bmesh_mesh_validate.c D:\blenderDev\blender\source\blender\bmesh\intern\bmesh_mods.c D:\blenderDev\blender\source\blender\bmesh\intern\bmesh_opdefines.c D:\blenderDev\blender\source\blender\bmesh\intern\bmesh_operators.c D:\blenderDev\blender\source\blender\bmesh\intern\bmesh_polygon.c D:\blenderDev\blender\source\blender\bmesh\intern\bmesh_polygon_edgenet.c D:\blenderDev\blender\source\blender\bmesh\intern\bmesh_queries.c D:\blenderDev\blender\source\blender\bmesh\intern\bmesh_structure.c D:\blenderDev\blender\source\blender\bmesh\intern\bmesh_walkers.c D:\blenderDev\blender\source\blender\bmesh\intern\bmesh_walkers_impl.c D:\blenderDev\blender\source\blender\bmesh\tools\bmesh_beautify.c D:\blenderDev\blender\source\blender\bmesh\tools\bmesh_bevel.c D:\blenderDev\blender\source\blender\bmesh\tools\bmesh_bisect_plane.c D:\blenderDev\blender\source\blender\bmesh\tools\bmesh_decimate_collapse.c D:\blenderDev\blender\source\blender\bmesh\tools\bmesh_decimate_dissolve.c D:\blenderDev\blender\source\blender\bmesh\tools\bmesh_decimate_unsubdivide.c D:\blenderDev\blender\source\blender\bmesh\tools\bmesh_edgenet.c D:\blenderDev\blender\source\blender\bmesh\tools\bmesh_edgesplit.c D:\blenderDev\blender\source\blender\bmesh\tools\bmesh_intersect.c D:\blenderDev\blender\source\blender\bmesh\tools\bmesh_path.c D:\blenderDev\blender\source\blender\bmesh\tools\bmesh_region_match.c D:\blenderDev\blender\source\blender\bmesh\tools\bmesh_triangulate.c D:\blenderDev\blender\source\blender\bmesh\tools\bmesh_wireframe.c
         bmo_beautify.c
         bmo_bevel.c
         bmo_bisect_plane.c
         bmo_bridge.c
         bmo_connect.c
         bmo_connect_concave.c
         bmo_connect_nonplanar.c
         bmo_connect_pair.c
         bmo_create.c
         bmo_dissolve.c
         bmo_dupe.c
         bmo_edgenet.c
         bmo_extrude.c
         bmo_fill_attribute.c
         bmo_fill_edgeloop.c
         bmo_fill_grid.c
         bmo_fill_holes.c
         bmo_hull.c
         bmo_inset.c
         bmo_join_triangles.c
         bmo_mesh_conv.c
         bmo_mirror.c
         bmo_normals.c
         bmo_offset_edgeloops.c
         bmo_planar_faces.c
         bmo_poke.c
         bmo_primitive.c
         bmo_removedoubles.c
         bmo_similar.c
         bmo_smooth_laplacian.c
         bmo_split_edges.c
         bmo_subdivide.c
         bmo_subdivide_edgering.c
         bmo_symmetrize.c
         bmo_triangulate.c
         bmo_unsubdivide.c
         bmo_utils.c
         bmo_wireframe.c
         bmesh_callback_generic.c
         bmesh_construct.c
         bmesh_core.c
         bmesh_edgeloop.c
         bmesh_delete.c
         bmesh_interp.c
         bmesh_iterators.c
         bmesh_log.c
         bmesh_marking.c
         bmesh_mesh.c
         bmesh_mesh_conv.c
         bmesh_mesh_validate.c
         bmesh_mods.c
         bmesh_opdefines.c
         bmesh_operators.c
         bmesh_polygon.c
         bmesh_polygon_edgenet.c
         bmesh_queries.c
         bmesh_structure.c
         bmesh_walkers.c
         bmesh_walkers_impl.c
         bmesh_beautify.c
         bmesh_bevel.c
         bmesh_bisect_plane.c
         bmesh_decimate_collapse.c
         bmesh_decimate_dissolve.c
         bmesh_decimate_unsubdivide.c
         bmesh_edgenet.c
         bmesh_edgesplit.c
         bmesh_intersect.c
         bmesh_path.c
         bmesh_region_match.c
         bmesh_triangulate.c
         bmesh_wireframe.c
       Lib:
         D:\Microsoft Visual Studio 12.0\VC\bin\x86_amd64\Lib.exe /OUT:"D:\blenderDev\product\lib\Debug\bf_bmesh.lib" /NOLOGO /MACHINE:X64  /ignore:4221 bf_bmesh.dir\Debug\bmo_beautify.obj
         bf_bmesh.dir\Debug\bmo_bevel.obj
         bf_bmesh.dir\Debug\bmo_bisect_plane.obj
         bf_bmesh.dir\Debug\bmo_bridge.obj
         bf_bmesh.dir\Debug\bmo_connect.obj
         bf_bmesh.dir\Debug\bmo_connect_concave.obj
         bf_bmesh.dir\Debug\bmo_connect_nonplanar.obj
         bf_bmesh.dir\Debug\bmo_connect_pair.obj
         bf_bmesh.dir\Debug\bmo_create.obj
         bf_bmesh.dir\Debug\bmo_dissolve.obj
         bf_bmesh.dir\Debug\bmo_dupe.obj
         bf_bmesh.dir\Debug\bmo_edgenet.obj
         bf_bmesh.dir\Debug\bmo_extrude.obj
         bf_bmesh.dir\Debug\bmo_fill_attribute.obj
         bf_bmesh.dir\Debug\bmo_fill_edgeloop.obj
         bf_bmesh.dir\Debug\bmo_fill_grid.obj
         bf_bmesh.dir\Debug\bmo_fill_holes.obj
         bf_bmesh.dir\Debug\bmo_hull.obj
         bf_bmesh.dir\Debug\bmo_inset.obj
         bf_bmesh.dir\Debug\bmo_join_triangles.obj
         bf_bmesh.dir\Debug\bmo_mesh_conv.obj
         bf_bmesh.dir\Debug\bmo_mirror.obj
         bf_bmesh.dir\Debug\bmo_normals.obj
         bf_bmesh.dir\Debug\bmo_offset_edgeloops.obj
         bf_bmesh.dir\Debug\bmo_planar_faces.obj
         bf_bmesh.dir\Debug\bmo_poke.obj
         bf_bmesh.dir\Debug\bmo_primitive.obj
         bf_bmesh.dir\Debug\bmo_removedoubles.obj
         bf_bmesh.dir\Debug\bmo_similar.obj
         bf_bmesh.dir\Debug\bmo_smooth_laplacian.obj
         bf_bmesh.dir\Debug\bmo_split_edges.obj
         bf_bmesh.dir\Debug\bmo_subdivide.obj
         bf_bmesh.dir\Debug\bmo_subdivide_edgering.obj
         bf_bmesh.dir\Debug\bmo_symmetrize.obj
         bf_bmesh.dir\Debug\bmo_triangulate.obj
         bf_bmesh.dir\Debug\bmo_unsubdivide.obj
         bf_bmesh.dir\Debug\bmo_utils.obj
         bf_bmesh.dir\Debug\bmo_wireframe.obj
         bf_bmesh.dir\Debug\bmesh_callback_generic.obj
         bf_bmesh.dir\Debug\bmesh_construct.obj
         bf_bmesh.dir\Debug\bmesh_core.obj
         bf_bmesh.dir\Debug\bmesh_edgeloop.obj
         bf_bmesh.dir\Debug\bmesh_delete.obj
         bf_bmesh.dir\Debug\bmesh_interp.obj
         bf_bmesh.dir\Debug\bmesh_iterators.obj
         bf_bmesh.dir\Debug\bmesh_log.obj
         bf_bmesh.dir\Debug\bmesh_marking.obj
         bf_bmesh.dir\Debug\bmesh_mesh.obj
         bf_bmesh.dir\Debug\bmesh_mesh_conv.obj
         bf_bmesh.dir\Debug\bmesh_mesh_validate.obj
         bf_bmesh.dir\Debug\bmesh_mods.obj
         bf_bmesh.dir\Debug\bmesh_opdefines.obj
         bf_bmesh.dir\Debug\bmesh_operators.obj
         bf_bmesh.dir\Debug\bmesh_polygon.obj
         bf_bmesh.dir\Debug\bmesh_polygon_edgenet.obj
         bf_bmesh.dir\Debug\bmesh_queries.obj
         bf_bmesh.dir\Debug\bmesh_structure.obj
         bf_bmesh.dir\Debug\bmesh_walkers.obj
         bf_bmesh.dir\Debug\bmesh_walkers_impl.obj
         bf_bmesh.dir\Debug\bmesh_beautify.obj
         bf_bmesh.dir\Debug\bmesh_bevel.obj
         bf_bmesh.dir\Debug\bmesh_bisect_plane.obj
         bf_bmesh.dir\Debug\bmesh_decimate_collapse.obj
         bf_bmesh.dir\Debug\bmesh_decimate_dissolve.obj
         bf_bmesh.dir\Debug\bmesh_decimate_unsubdivide.obj
         bf_bmesh.dir\Debug\bmesh_edgenet.obj
         bf_bmesh.dir\Debug\bmesh_edgesplit.obj
         bf_bmesh.dir\Debug\bmesh_intersect.obj
         bf_bmesh.dir\Debug\bmesh_path.obj
         bf_bmesh.dir\Debug\bmesh_region_match.obj
         bf_bmesh.dir\Debug\bmesh_triangulate.obj
         bf_bmesh.dir\Debug\bmesh_wireframe.obj
         bf_bmesh.vcxproj -> D:\blenderDev\product\lib\Debug\bf_bmesh.lib
     1>Done Building Project "D:\blenderDev\product\source\blender\bmesh\bf_bmesh.vcxproj" (Build target(s)).

Build succeeded.

Time Elapsed 00:00:06.33
