Build started 2016/4/2 8:23:07.
     1>Project "D:\blenderDev\product\source\blender\editors\sculpt_paint\bf_editor_sculpt_paint.vcxproj" on node 3 (Build target(s)).
     1>CustomBuild:
         Building Custom Rule D:/blenderDev/blender/source/blender/editors/sculpt_paint/CMakeLists.txt
         CMake does not need to re-run because D:\blenderDev\product\source\blender\editors\sculpt_paint\CMakeFiles\generate.stamp is up-to-date.
       ClCompile:
         D:\Microsoft Visual Studio 12.0\VC\bin\x86_amd64\CL.exe /c /ID:\blenderDev\lib\win64_vc12\pthreads\include /ID:\blenderDev\blender\source\blender\editors\include /ID:\blenderDev\blender\source\blender\editors\uvedit /ID:\blenderDev\blender\source\blender\blenkernel /ID:\blenderDev\blender\source\blender\blenlib /ID:\blenderDev\blender\source\blender\blentranslation /ID:\blenderDev\blender\source\blender\bmesh /ID:\blenderDev\blender\source\blender\gpu /ID:\blenderDev\blender\source\blender\imbuf /ID:\blenderDev\blender\source\blender\makesdna /ID:\blenderDev\blender\source\blender\makesrna /ID:\blenderDev\blender\source\blender\render\extern\include /ID:\blenderDev\blender\source\blender\windowmanager /ID:\blenderDev\blender\intern\guardedalloc /I"D:\blenderDev\blender\intern\glew-mx" /ID:\blenderDev\blender\extern\glew\include /Zi /nologo /W3 /WX- /MP /Od /Ob0 /D WIN32 /D _WINDOWS /D _DEBUG /D WIN32 /D _CRT_NONSTDC_NO_DEPRECATE /D _CRT_SECURE_NO_DEPRECATE /D _SCL_SECURE_NO_DEPRECATE /D _CONSOLE /D _LIB /D _ALLOW_KEYWORD_MACROS /D _WIN32_WINNT=0x600 /D OIIO_STATIC_BUILD /D __SSE__ /D __MMX__ /D __SSE2__ /D __LITTLE_ENDIAN__ /D WITH_INTERNATIONAL /D WITH_GLU /D WITH_GL_PROFILE_COMPAT /D GLEW_STATIC /D GLEW_NO_ES /D DEBUG /D _DEBUG /D "CMAKE_INTDIR=\"Debug\"" /D _MBCS /Gm- /RTC1 /MTd /GS /fp:precise /Zc:wchar_t /Zc:forScope /openmp /Fo"bf_editor_sculpt_paint.dir\Debug\\" /Fd"bf_editor_sculpt_paint.dir\Debug\vc120.pdb" /Gd /TC /wd4018 /wd4146 /wd4065 /wd4127 /wd4181 /wd4200 /wd4244 /wd4267 /wd4305 /wd4800 /errorReport:prompt /we4013 /we4431  /w34062 /J D:\blenderDev\blender\source\blender\editors\sculpt_paint\paint_cursor.c D:\blenderDev\blender\source\blender\editors\sculpt_paint\paint_curve.c D:\blenderDev\blender\source\blender\editors\sculpt_paint\paint_hide.c D:\blenderDev\blender\source\blender\editors\sculpt_paint\paint_image.c D:\blenderDev\blender\source\blender\editors\sculpt_paint\paint_image_2d.c D:\blenderDev\blender\source\blender\editors\sculpt_paint\paint_image_proj.c D:\blenderDev\blender\source\blender\editors\sculpt_paint\paint_mask.c D:\blenderDev\blender\source\blender\editors\sculpt_paint\paint_ops.c D:\blenderDev\blender\source\blender\editors\sculpt_paint\paint_stroke.c D:\blenderDev\blender\source\blender\editors\sculpt_paint\paint_undo.c D:\blenderDev\blender\source\blender\editors\sculpt_paint\paint_utils.c D:\blenderDev\blender\source\blender\editors\sculpt_paint\paint_vertex.c D:\blenderDev\blender\source\blender\editors\sculpt_paint\paint_vertex_proj.c D:\blenderDev\blender\source\blender\editors\sculpt_paint\sculpt.c D:\blenderDev\blender\source\blender\editors\sculpt_paint\sculpt_undo.c D:\blenderDev\blender\source\blender\editors\sculpt_paint\sculpt_uv.c
         paint_cursor.c
         paint_curve.c
         paint_hide.c
         paint_image.c
         paint_image_2d.c
         paint_image_proj.c
         paint_mask.c
         paint_ops.c
         paint_stroke.c
         paint_undo.c
         paint_utils.c
         paint_vertex.c
         paint_vertex_proj.c
         sculpt.c
         sculpt_undo.c
         sculpt_uv.c
       Lib:
         D:\Microsoft Visual Studio 12.0\VC\bin\x86_amd64\Lib.exe /OUT:"D:\blenderDev\product\lib\Debug\bf_editor_sculpt_paint.lib" /NOLOGO /MACHINE:X64  /ignore:4221 bf_editor_sculpt_paint.dir\Debug\paint_cursor.obj
         bf_editor_sculpt_paint.dir\Debug\paint_curve.obj
         bf_editor_sculpt_paint.dir\Debug\paint_hide.obj
         bf_editor_sculpt_paint.dir\Debug\paint_image.obj
         bf_editor_sculpt_paint.dir\Debug\paint_image_2d.obj
         bf_editor_sculpt_paint.dir\Debug\paint_image_proj.obj
         bf_editor_sculpt_paint.dir\Debug\paint_mask.obj
         bf_editor_sculpt_paint.dir\Debug\paint_ops.obj
         bf_editor_sculpt_paint.dir\Debug\paint_stroke.obj
         bf_editor_sculpt_paint.dir\Debug\paint_undo.obj
         bf_editor_sculpt_paint.dir\Debug\paint_utils.obj
         bf_editor_sculpt_paint.dir\Debug\paint_vertex.obj
         bf_editor_sculpt_paint.dir\Debug\paint_vertex_proj.obj
         bf_editor_sculpt_paint.dir\Debug\sculpt.obj
         bf_editor_sculpt_paint.dir\Debug\sculpt_undo.obj
         bf_editor_sculpt_paint.dir\Debug\sculpt_uv.obj
         bf_editor_sculpt_paint.vcxproj -> D:\blenderDev\product\lib\Debug\bf_editor_sculpt_paint.lib
     1>Done Building Project "D:\blenderDev\product\source\blender\editors\sculpt_paint\bf_editor_sculpt_paint.vcxproj" (Build target(s)).

Build succeeded.

Time Elapsed 00:00:01.72
