Build started 2016/4/3 16:34:29.
     1>Project "D:\blenderDev\product\source\blender\makesrna\intern\makesrna.vcxproj" on node 2 (Build target(s)).
     1>Link:
         D:\Microsoft Visual Studio 12.0\VC\bin\x86_amd64\link.exe /ERRORREPORT:PROMPT /OUT:"D:\blenderDev\product\bin\Debug\makesrna.exe" /INCREMENTAL /NOLOGO ..\..\..\..\lib\Debug\bf_dna.lib ..\..\..\..\lib\Debug\bf_dna_blenlib.lib /MANIFEST /MANIFESTUAC:"level='asInvoker' uiAccess='false'" /manifest:embed /DEBUG /PDB:"D:/blenderDev/product/bin/Debug/makesrna.pdb" /SUBSYSTEM:CONSOLE /TLBID:1 /DYNAMICBASE /NXCOMPAT /IMPLIB:"D:/blenderDev/product/bin/Debug/makesrna.lib" /MACHINE:X64 /SAFESEH:NO  /machine:x64 /debug makesrna.dir\Debug\makesrna.obj
         makesrna.dir\Debug\rna_define.obj
         makesrna.dir\Debug\rna_ID.obj
         makesrna.dir\Debug\rna_action.obj
         makesrna.dir\Debug\rna_actuator.obj
         makesrna.dir\Debug\rna_animation.obj
         makesrna.dir\Debug\rna_animviz.obj
         makesrna.dir\Debug\rna_armature.obj
         makesrna.dir\Debug\rna_boid.obj
         makesrna.dir\Debug\rna_brush.obj
         makesrna.dir\Debug\rna_camera.obj
         makesrna.dir\Debug\rna_cloth.obj
         makesrna.dir\Debug\rna_color.obj
         makesrna.dir\Debug\rna_constraint.obj
         makesrna.dir\Debug\rna_context.obj
         makesrna.dir\Debug\rna_controller.obj
         makesrna.dir\Debug\rna_curve.obj
         makesrna.dir\Debug\rna_depsgraph.obj
         makesrna.dir\Debug\rna_dynamicpaint.obj
         makesrna.dir\Debug\rna_fcurve.obj
         makesrna.dir\Debug\rna_fluidsim.obj
         makesrna.dir\Debug\rna_gpencil.obj
         makesrna.dir\Debug\rna_group.obj
         makesrna.dir\Debug\rna_image.obj
         makesrna.dir\Debug\rna_key.obj
         makesrna.dir\Debug\rna_lamp.obj
         makesrna.dir\Debug\rna_lattice.obj
         makesrna.dir\Debug\rna_linestyle.obj
         makesrna.dir\Debug\rna_main.obj
         makesrna.dir\Debug\rna_mask.obj
         makesrna.dir\Debug\rna_material.obj
         makesrna.dir\Debug\rna_mesh.obj
         makesrna.dir\Debug\rna_meta.obj
         makesrna.dir\Debug\rna_modifier.obj
         makesrna.dir\Debug\rna_movieclip.obj
         makesrna.dir\Debug\rna_nla.obj
         makesrna.dir\Debug\rna_nodetree.obj
         makesrna.dir\Debug\rna_object.obj
         makesrna.dir\Debug\rna_object_force.obj
         makesrna.dir\Debug\rna_packedfile.obj
         makesrna.dir\Debug\rna_palette.obj
         makesrna.dir\Debug\rna_particle.obj
         makesrna.dir\Debug\rna_pose.obj
         makesrna.dir\Debug\rna_property.obj
         makesrna.dir\Debug\rna_render.obj
         makesrna.dir\Debug\rna_rigidbody.obj
         makesrna.dir\Debug\rna_rna.obj
         makesrna.dir\Debug\rna_scene.obj
         makesrna.dir\Debug\rna_screen.obj
         makesrna.dir\Debug\rna_sculpt_paint.obj
         makesrna.dir\Debug\rna_sensor.obj
         makesrna.dir\Debug\rna_sequencer.obj
         makesrna.dir\Debug\rna_smoke.obj
         makesrna.dir\Debug\rna_sound.obj
         makesrna.dir\Debug\rna_space.obj
         makesrna.dir\Debug\rna_speaker.obj
         makesrna.dir\Debug\rna_test.obj
         makesrna.dir\Debug\rna_text.obj
         makesrna.dir\Debug\rna_texture.obj
         makesrna.dir\Debug\rna_timeline.obj
         makesrna.dir\Debug\rna_tracking.obj
         makesrna.dir\Debug\rna_ui.obj
         makesrna.dir\Debug\rna_userdef.obj
         makesrna.dir\Debug\rna_vfont.obj
         makesrna.dir\Debug\rna_wm.obj
         makesrna.dir\Debug\rna_world.obj
         makesrna.dir\Debug\rna_action_api.obj
         makesrna.dir\Debug\rna_actuator_api.obj
         makesrna.dir\Debug\rna_animation_api.obj
         makesrna.dir\Debug\rna_armature_api.obj
         makesrna.dir\Debug\rna_camera_api.obj
         makesrna.dir\Debug\rna_controller_api.obj
         makesrna.dir\Debug\rna_curve_api.obj
         makesrna.dir\Debug\rna_fcurve_api.obj
         makesrna.dir\Debug\rna_image_api.obj
         makesrna.dir\Debug\rna_lattice_api.obj
         makesrna.dir\Debug\rna_main_api.obj
         makesrna.dir\Debug\rna_material_api.obj
         makesrna.dir\Debug\rna_mesh_api.obj
         makesrna.dir\Debug\rna_meta_api.obj
         makesrna.dir\Debug\rna_texture_api.obj
         makesrna.dir\Debug\rna_object_api.obj
         makesrna.dir\Debug\rna_pose_api.obj
         makesrna.dir\Debug\rna_scene_api.obj
         makesrna.dir\Debug\rna_sensor_api.obj
         makesrna.dir\Debug\rna_sequencer_api.obj
         makesrna.dir\Debug\rna_sound_api.obj
         makesrna.dir\Debug\rna_space_api.obj
         makesrna.dir\Debug\rna_text_api.obj
         makesrna.dir\Debug\rna_ui_api.obj
         makesrna.dir\Debug\rna_vfont_api.obj
         makesrna.dir\Debug\rna_wm_api.obj
         makesrna.dir\Debug\mallocn.obj
         makesrna.dir\Debug\mallocn_guarded_impl.obj
         makesrna.dir\Debug\mallocn_lockfree_impl.obj
         makesrna.dir\Debug\mmap_win.obj
         makesrna.vcxproj -> D:\blenderDev\product\bin\Debug\makesrna.exe
     1>Done Building Project "D:\blenderDev\product\source\blender\makesrna\intern\makesrna.vcxproj" (Build target(s)).

Build succeeded.

Time Elapsed 00:00:05.59
