Build started 2016/4/2 8:23:28.
     1>Project "D:\blenderDev\product\source\blender\editors\space_view3d\bf_editor_space_view3d.vcxproj" on node 4 (Build target(s)).
     1>CustomBuild:
         Building Custom Rule D:/blenderDev/blender/source/blender/editors/space_view3d/CMakeLists.txt
         CMake does not need to re-run because D:\blenderDev\product\source\blender\editors\space_view3d\CMakeFiles\generate.stamp is up-to-date.
       ClCompile:
         D:\Microsoft Visual Studio 12.0\VC\bin\x86_amd64\CL.exe /c /ID:\blenderDev\lib\win64_vc12\pthreads\include /ID:\blenderDev\blender\source\blender\python /ID:\blenderDev\blender\source\blender\editors\include /ID:\blenderDev\blender\source\blender\blenfont /ID:\blenderDev\blender\source\blender\blenkernel /ID:\blenderDev\blender\source\blender\blenlib /ID:\blenderDev\blender\source\blender\blentranslation /ID:\blenderDev\blender\source\blender\bmesh /ID:\blenderDev\blender\source\blender\gpu /ID:\blenderDev\blender\source\blender\imbuf /ID:\blenderDev\blender\source\blender\makesdna /ID:\blenderDev\blender\source\blender\makesrna /ID:\blenderDev\blender\source\blender\render\extern\include /ID:\blenderDev\blender\source\blender\windowmanager /ID:\blenderDev\blender\source\blender\depsgraph /ID:\blenderDev\blender\intern\guardedalloc /I"D:\blenderDev\blender\intern\glew-mx" /ID:\blenderDev\blender\intern\smoke\extern /ID:\blenderDev\blender\source\gameengine\BlenderRoutines /ID:\blenderDev\blender\extern\glew\include /Zi /nologo /W3 /WX- /MP /Od /Ob0 /D WIN32 /D _WINDOWS /D _DEBUG /D WIN32 /D _CRT_NONSTDC_NO_DEPRECATE /D _CRT_SECURE_NO_DEPRECATE /D _SCL_SECURE_NO_DEPRECATE /D _CONSOLE /D _LIB /D _ALLOW_KEYWORD_MACROS /D _WIN32_WINNT=0x600 /D OIIO_STATIC_BUILD /D __SSE__ /D __MMX__ /D __SSE2__ /D __LITTLE_ENDIAN__ /D WITH_PYTHON /D WITH_GAMEENGINE /D WITH_GLU /D WITH_GL_PROFILE_COMPAT /D GLEW_STATIC /D GLEW_NO_ES /D WITH_INTERNATIONAL /D WITH_FREESTYLE /D WITH_LEGACY_DEPSGRAPH /D DEBUG /D _DEBUG /D "CMAKE_INTDIR=\"Debug\"" /D _MBCS /Gm- /RTC1 /MTd /GS /fp:precise /Zc:wchar_t /Zc:forScope /openmp /Fo"bf_editor_space_view3d.dir\Debug\\" /Fd"bf_editor_space_view3d.dir\Debug\vc120.pdb" /Gd /TC /wd4018 /wd4146 /wd4065 /wd4127 /wd4181 /wd4200 /wd4244 /wd4267 /wd4305 /wd4800 /errorReport:prompt /we4013 /we4431  /w34062 /J D:\blenderDev\blender\source\blender\editors\space_view3d\drawanimviz.c D:\blenderDev\blender\source\blender\editors\space_view3d\drawarmature.c D:\blenderDev\blender\source\blender\editors\space_view3d\drawmesh.c D:\blenderDev\blender\source\blender\editors\space_view3d\drawobject.c D:\blenderDev\blender\source\blender\editors\space_view3d\drawsimdebug.c D:\blenderDev\blender\source\blender\editors\space_view3d\drawvolume.c D:\blenderDev\blender\source\blender\editors\space_view3d\space_view3d.c D:\blenderDev\blender\source\blender\editors\space_view3d\view3d_buttons.c D:\blenderDev\blender\source\blender\editors\space_view3d\view3d_camera_control.c D:\blenderDev\blender\source\blender\editors\space_view3d\view3d_draw.c D:\blenderDev\blender\source\blender\editors\space_view3d\view3d_edit.c D:\blenderDev\blender\source\blender\editors\space_view3d\view3d_fly.c D:\blenderDev\blender\source\blender\editors\space_view3d\view3d_walk.c D:\blenderDev\blender\source\blender\editors\space_view3d\view3d_header.c D:\blenderDev\blender\source\blender\editors\space_view3d\view3d_iterators.c D:\blenderDev\blender\source\blender\editors\space_view3d\view3d_ops.c D:\blenderDev\blender\source\blender\editors\space_view3d\view3d_project.c D:\blenderDev\blender\source\blender\editors\space_view3d\view3d_ruler.c D:\blenderDev\blender\source\blender\editors\space_view3d\view3d_select.c D:\blenderDev\blender\source\blender\editors\space_view3d\view3d_snap.c D:\blenderDev\blender\source\blender\editors\space_view3d\view3d_toolbar.c D:\blenderDev\blender\source\blender\editors\space_view3d\view3d_view.c
         drawanimviz.c
         drawarmature.c
         drawmesh.c
         drawobject.c
         drawsimdebug.c
         drawvolume.c
         space_view3d.c
         view3d_buttons.c
         view3d_camera_control.c
         view3d_draw.c
         view3d_edit.c
         view3d_fly.c
         view3d_walk.c
         view3d_header.c
         view3d_iterators.c
         view3d_ops.c
         view3d_project.c
         view3d_ruler.c
         view3d_select.c
         view3d_snap.c
         view3d_toolbar.c
         view3d_view.c
       Lib:
         D:\Microsoft Visual Studio 12.0\VC\bin\x86_amd64\Lib.exe /OUT:"D:\blenderDev\product\lib\Debug\bf_editor_space_view3d.lib" /NOLOGO /MACHINE:X64  /ignore:4221 bf_editor_space_view3d.dir\Debug\drawanimviz.obj
         bf_editor_space_view3d.dir\Debug\drawarmature.obj
         bf_editor_space_view3d.dir\Debug\drawmesh.obj
         bf_editor_space_view3d.dir\Debug\drawobject.obj
         bf_editor_space_view3d.dir\Debug\drawsimdebug.obj
         bf_editor_space_view3d.dir\Debug\drawvolume.obj
         bf_editor_space_view3d.dir\Debug\space_view3d.obj
         bf_editor_space_view3d.dir\Debug\view3d_buttons.obj
         bf_editor_space_view3d.dir\Debug\view3d_camera_control.obj
         bf_editor_space_view3d.dir\Debug\view3d_draw.obj
         bf_editor_space_view3d.dir\Debug\view3d_edit.obj
         bf_editor_space_view3d.dir\Debug\view3d_fly.obj
         bf_editor_space_view3d.dir\Debug\view3d_walk.obj
         bf_editor_space_view3d.dir\Debug\view3d_header.obj
         bf_editor_space_view3d.dir\Debug\view3d_iterators.obj
         bf_editor_space_view3d.dir\Debug\view3d_ops.obj
         bf_editor_space_view3d.dir\Debug\view3d_project.obj
         bf_editor_space_view3d.dir\Debug\view3d_ruler.obj
         bf_editor_space_view3d.dir\Debug\view3d_select.obj
         bf_editor_space_view3d.dir\Debug\view3d_snap.obj
         bf_editor_space_view3d.dir\Debug\view3d_toolbar.obj
         bf_editor_space_view3d.dir\Debug\view3d_view.obj
         bf_editor_space_view3d.vcxproj -> D:\blenderDev\product\lib\Debug\bf_editor_space_view3d.lib
     1>Done Building Project "D:\blenderDev\product\source\blender\editors\space_view3d\bf_editor_space_view3d.vcxproj" (Build target(s)).

Build succeeded.

Time Elapsed 00:00:03.35
